[0.122s] Invoking command in '/home/super/f1tenth_ws/build/ackermann_mux': CMAKE_PREFIX_PATH=${CMAKE_PREFIX_PATH}:/home/super/f1tenth_ws/install/f1tenth_stack:/home/super/f1tenth_ws/install/joy_teleop:/home/super/f1tenth_ws/install/mouse_teleop:/home/super/f1tenth_ws/install/key_teleop:/opt/ros/foxy /usr/bin/cmake --build /home/super/f1tenth_ws/build/ackermann_mux -- -j6 -l6
[0.744s] [100%] Built target ackermann_mux
[1.266s] Invoked command in '/home/super/f1tenth_ws/build/ackermann_mux' returned '0': CMAKE_PREFIX_PATH=${CMAKE_PREFIX_PATH}:/home/super/f1tenth_ws/install/f1tenth_stack:/home/super/f1tenth_ws/install/joy_teleop:/home/super/f1tenth_ws/install/mouse_teleop:/home/super/f1tenth_ws/install/key_teleop:/opt/ros/foxy /usr/bin/cmake --build /home/super/f1tenth_ws/build/ackermann_mux -- -j6 -l6
[1.409s] Invoking command in '/home/super/f1tenth_ws/build/ackermann_mux': CMAKE_PREFIX_PATH=${CMAKE_PREFIX_PATH}:/home/super/f1tenth_ws/install/f1tenth_stack:/home/super/f1tenth_ws/install/joy_teleop:/home/super/f1tenth_ws/install/mouse_teleop:/home/super/f1tenth_ws/install/key_teleop:/opt/ros/foxy /usr/bin/cmake --install /home/super/f1tenth_ws/build/ackermann_mux
[1.433s] -- Install configuration: ""
[1.433s] -- Up-to-date: /home/super/f1tenth_ws/install/ackermann_mux/lib/ackermann_mux/ackermann_mux
[1.434s] -- Up-to-date: /home/super/f1tenth_ws/install/ackermann_mux/share/ackermann_mux/launch
[1.435s] -- Up-to-date: /home/super/f1tenth_ws/install/ackermann_mux/share/ackermann_mux/launch/ackermann_mux_launch.py
[1.436s] -- Up-to-date: /home/super/f1tenth_ws/install/ackermann_mux/share/ackermann_mux/config
[1.436s] -- Up-to-date: /home/super/f1tenth_ws/install/ackermann_mux/share/ackermann_mux/config/ackermann_mux_locks.yaml
[1.437s] -- Up-to-date: /home/super/f1tenth_ws/install/ackermann_mux/share/ackermann_mux/config/ackermann_mux_topics.yaml
[1.437s] -- Up-to-date: /home/super/f1tenth_ws/install/ackermann_mux/share/ackermann_mux/config/joystick.yaml
[1.440s] -- Up-to-date: /home/super/f1tenth_ws/install/ackermann_mux/include
[1.440s] -- Up-to-date: /home/super/f1tenth_ws/install/ackermann_mux/include/ackermann_mux
[1.441s] -- Up-to-date: /home/super/f1tenth_ws/install/ackermann_mux/include/ackermann_mux/utils.hpp
[1.442s] -- Up-to-date: /home/super/f1tenth_ws/install/ackermann_mux/include/ackermann_mux/ackermann_mux.hpp
[1.443s] -- Up-to-date: /home/super/f1tenth_ws/install/ackermann_mux/include/ackermann_mux/params_helpers.hpp
[1.443s] -- Up-to-date: /home/super/f1tenth_ws/install/ackermann_mux/include/ackermann_mux/topic_handle.hpp
[1.443s] -- Up-to-date: /home/super/f1tenth_ws/install/ackermann_mux/include/ackermann_mux/ackermann_mux_diagnostics_status.hpp
[1.444s] -- Up-to-date: /home/super/f1tenth_ws/install/ackermann_mux/include/ackermann_mux/ackermann_mux_diagnostics.hpp
[1.444s] -- Up-to-date: /home/super/f1tenth_ws/install/ackermann_mux/share/ament_index/resource_index/package_run_dependencies/ackermann_mux
[1.444s] -- Up-to-date: /home/super/f1tenth_ws/install/ackermann_mux/share/ament_index/resource_index/parent_prefix_path/ackermann_mux
[1.444s] -- Up-to-date: /home/super/f1tenth_ws/install/ackermann_mux/share/ackermann_mux/environment/ament_prefix_path.sh
[1.445s] -- Up-to-date: /home/super/f1tenth_ws/install/ackermann_mux/share/ackermann_mux/environment/ament_prefix_path.dsv
[1.445s] -- Up-to-date: /home/super/f1tenth_ws/install/ackermann_mux/share/ackermann_mux/environment/path.sh
[1.446s] -- Up-to-date: /home/super/f1tenth_ws/install/ackermann_mux/share/ackermann_mux/environment/path.dsv
[1.446s] -- Up-to-date: /home/super/f1tenth_ws/install/ackermann_mux/share/ackermann_mux/local_setup.bash
[1.446s] -- Up-to-date: /home/super/f1tenth_ws/install/ackermann_mux/share/ackermann_mux/local_setup.sh
[1.446s] -- Up-to-date: /home/super/f1tenth_ws/install/ackermann_mux/share/ackermann_mux/local_setup.zsh
[1.447s] -- Up-to-date: /home/super/f1tenth_ws/install/ackermann_mux/share/ackermann_mux/local_setup.dsv
[1.448s] -- Installing: /home/super/f1tenth_ws/install/ackermann_mux/share/ackermann_mux/package.dsv
[1.448s] -- Up-to-date: /home/super/f1tenth_ws/install/ackermann_mux/share/ament_index/resource_index/packages/ackermann_mux
[1.449s] -- Up-to-date: /home/super/f1tenth_ws/install/ackermann_mux/share/ackermann_mux/cmake/ament_cmake_export_include_directories-extras.cmake
[1.449s] -- Up-to-date: /home/super/f1tenth_ws/install/ackermann_mux/share/ackermann_mux/cmake/ament_cmake_export_dependencies-extras.cmake
[1.449s] -- Up-to-date: /home/super/f1tenth_ws/install/ackermann_mux/share/ackermann_mux/cmake/ackermann_muxConfig.cmake
[1.449s] -- Up-to-date: /home/super/f1tenth_ws/install/ackermann_mux/share/ackermann_mux/cmake/ackermann_muxConfig-version.cmake
[1.449s] -- Up-to-date: /home/super/f1tenth_ws/install/ackermann_mux/share/ackermann_mux/package.xml
[1.463s] Invoked command in '/home/super/f1tenth_ws/build/ackermann_mux' returned '0': CMAKE_PREFIX_PATH=${CMAKE_PREFIX_PATH}:/home/super/f1tenth_ws/install/f1tenth_stack:/home/super/f1tenth_ws/install/joy_teleop:/home/super/f1tenth_ws/install/mouse_teleop:/home/super/f1tenth_ws/install/key_teleop:/opt/ros/foxy /usr/bin/cmake --install /home/super/f1tenth_ws/build/ackermann_mux
