[0.033s] Invoking command in '/home/super/f1tenth_ws/build/teleop_tools': AMENT_PREFIX_PATH=/home/super/f1tenth_ws/install/joy_teleop:/home/super/f1tenth_ws/install/teleop_tools_msgs:/home/super/f1tenth_ws/install/key_teleop:${AMENT_PREFIX_PATH} CMAKE_PREFIX_PATH=/home/super/f1tenth_ws/install/teleop_tools_msgs:/opt/ros/foxy LD_LIBRARY_PATH=/home/super/f1tenth_ws/install/teleop_tools_msgs/lib:${LD_LIBRARY_PATH} PYTHONPATH=/home/super/f1tenth_ws/install/joy_teleop/lib/python3.8/site-packages:/home/super/f1tenth_ws/install/teleop_tools_msgs/lib/python3.8/site-packages:/home/super/f1tenth_ws/install/key_teleop/lib/python3.8/site-packages:${PYTHONPATH} /usr/bin/cmake /home/super/f1tenth_ws/src/f1tenth_system/teleop_tools/teleop_tools -DCMAKE_INSTALL_PREFIX=/home/super/f1tenth_ws/install/teleop_tools
[0.086s] -- Found ament_cmake: 0.9.12 (/opt/ros/foxy/share/ament_cmake/cmake)
[0.140s] -- Found PythonInterp: /usr/bin/python3 (found suitable version "3.8.10", minimum required is "3") 
[0.141s] -- Using PYTHON_EXECUTABLE: /usr/bin/python3
[0.740s] -- Configuring done
[0.744s] -- Generating done
[0.745s] -- Build files have been written to: /home/super/f1tenth_ws/build/teleop_tools
[0.756s] Invoked command in '/home/super/f1tenth_ws/build/teleop_tools' returned '0': AMENT_PREFIX_PATH=/home/super/f1tenth_ws/install/joy_teleop:/home/super/f1tenth_ws/install/teleop_tools_msgs:/home/super/f1tenth_ws/install/key_teleop:${AMENT_PREFIX_PATH} CMAKE_PREFIX_PATH=/home/super/f1tenth_ws/install/teleop_tools_msgs:/opt/ros/foxy LD_LIBRARY_PATH=/home/super/f1tenth_ws/install/teleop_tools_msgs/lib:${LD_LIBRARY_PATH} PYTHONPATH=/home/super/f1tenth_ws/install/joy_teleop/lib/python3.8/site-packages:/home/super/f1tenth_ws/install/teleop_tools_msgs/lib/python3.8/site-packages:/home/super/f1tenth_ws/install/key_teleop/lib/python3.8/site-packages:${PYTHONPATH} /usr/bin/cmake /home/super/f1tenth_ws/src/f1tenth_system/teleop_tools/teleop_tools -DCMAKE_INSTALL_PREFIX=/home/super/f1tenth_ws/install/teleop_tools
[0.764s] Invoking command in '/home/super/f1tenth_ws/build/teleop_tools': AMENT_PREFIX_PATH=/home/super/f1tenth_ws/install/joy_teleop:/home/super/f1tenth_ws/install/teleop_tools_msgs:/home/super/f1tenth_ws/install/key_teleop:${AMENT_PREFIX_PATH} CMAKE_PREFIX_PATH=/home/super/f1tenth_ws/install/teleop_tools_msgs:/opt/ros/foxy LD_LIBRARY_PATH=/home/super/f1tenth_ws/install/teleop_tools_msgs/lib:${LD_LIBRARY_PATH} PYTHONPATH=/home/super/f1tenth_ws/install/joy_teleop/lib/python3.8/site-packages:/home/super/f1tenth_ws/install/teleop_tools_msgs/lib/python3.8/site-packages:/home/super/f1tenth_ws/install/key_teleop/lib/python3.8/site-packages:${PYTHONPATH} /usr/bin/cmake --build /home/super/f1tenth_ws/build/teleop_tools -- -j6 -l6
[0.860s] Invoked command in '/home/super/f1tenth_ws/build/teleop_tools' returned '0': AMENT_PREFIX_PATH=/home/super/f1tenth_ws/install/joy_teleop:/home/super/f1tenth_ws/install/teleop_tools_msgs:/home/super/f1tenth_ws/install/key_teleop:${AMENT_PREFIX_PATH} CMAKE_PREFIX_PATH=/home/super/f1tenth_ws/install/teleop_tools_msgs:/opt/ros/foxy LD_LIBRARY_PATH=/home/super/f1tenth_ws/install/teleop_tools_msgs/lib:${LD_LIBRARY_PATH} PYTHONPATH=/home/super/f1tenth_ws/install/joy_teleop/lib/python3.8/site-packages:/home/super/f1tenth_ws/install/teleop_tools_msgs/lib/python3.8/site-packages:/home/super/f1tenth_ws/install/key_teleop/lib/python3.8/site-packages:${PYTHONPATH} /usr/bin/cmake --build /home/super/f1tenth_ws/build/teleop_tools -- -j6 -l6
[0.924s] Invoking command in '/home/super/f1tenth_ws/build/teleop_tools': AMENT_PREFIX_PATH=/home/super/f1tenth_ws/install/joy_teleop:/home/super/f1tenth_ws/install/teleop_tools_msgs:/home/super/f1tenth_ws/install/key_teleop:${AMENT_PREFIX_PATH} CMAKE_PREFIX_PATH=/home/super/f1tenth_ws/install/teleop_tools_msgs:/opt/ros/foxy LD_LIBRARY_PATH=/home/super/f1tenth_ws/install/teleop_tools_msgs/lib:${LD_LIBRARY_PATH} PYTHONPATH=/home/super/f1tenth_ws/install/joy_teleop/lib/python3.8/site-packages:/home/super/f1tenth_ws/install/teleop_tools_msgs/lib/python3.8/site-packages:/home/super/f1tenth_ws/install/key_teleop/lib/python3.8/site-packages:${PYTHONPATH} /usr/bin/cmake --install /home/super/f1tenth_ws/build/teleop_tools
[0.945s] -- Install configuration: ""
[0.946s] -- Installing: /home/super/f1tenth_ws/install/teleop_tools/share/ament_index/resource_index/package_run_dependencies/teleop_tools
[0.946s] -- Installing: /home/super/f1tenth_ws/install/teleop_tools/share/ament_index/resource_index/parent_prefix_path/teleop_tools
[0.946s] -- Installing: /home/super/f1tenth_ws/install/teleop_tools/share/teleop_tools/environment/ament_prefix_path.sh
[0.947s] -- Installing: /home/super/f1tenth_ws/install/teleop_tools/share/teleop_tools/environment/ament_prefix_path.dsv
[0.947s] -- Installing: /home/super/f1tenth_ws/install/teleop_tools/share/teleop_tools/environment/path.sh
[0.947s] -- Installing: /home/super/f1tenth_ws/install/teleop_tools/share/teleop_tools/environment/path.dsv
[0.947s] -- Installing: /home/super/f1tenth_ws/install/teleop_tools/share/teleop_tools/local_setup.bash
[0.948s] -- Installing: /home/super/f1tenth_ws/install/teleop_tools/share/teleop_tools/local_setup.sh
[0.948s] -- Installing: /home/super/f1tenth_ws/install/teleop_tools/share/teleop_tools/local_setup.zsh
[0.948s] -- Installing: /home/super/f1tenth_ws/install/teleop_tools/share/teleop_tools/local_setup.dsv
[0.949s] -- Installing: /home/super/f1tenth_ws/install/teleop_tools/share/teleop_tools/package.dsv
[0.949s] -- Installing: /home/super/f1tenth_ws/install/teleop_tools/share/ament_index/resource_index/packages/teleop_tools
[0.949s] -- Installing: /home/super/f1tenth_ws/install/teleop_tools/share/teleop_tools/cmake/teleop_toolsConfig.cmake
[0.950s] -- Installing: /home/super/f1tenth_ws/install/teleop_tools/share/teleop_tools/cmake/teleop_toolsConfig-version.cmake
[0.950s] -- Installing: /home/super/f1tenth_ws/install/teleop_tools/share/teleop_tools/package.xml
[0.957s] Invoked command in '/home/super/f1tenth_ws/build/teleop_tools' returned '0': AMENT_PREFIX_PATH=/home/super/f1tenth_ws/install/joy_teleop:/home/super/f1tenth_ws/install/teleop_tools_msgs:/home/super/f1tenth_ws/install/key_teleop:${AMENT_PREFIX_PATH} CMAKE_PREFIX_PATH=/home/super/f1tenth_ws/install/teleop_tools_msgs:/opt/ros/foxy LD_LIBRARY_PATH=/home/super/f1tenth_ws/install/teleop_tools_msgs/lib:${LD_LIBRARY_PATH} PYTHONPATH=/home/super/f1tenth_ws/install/joy_teleop/lib/python3.8/site-packages:/home/super/f1tenth_ws/install/teleop_tools_msgs/lib/python3.8/site-packages:/home/super/f1tenth_ws/install/key_teleop/lib/python3.8/site-packages:${PYTHONPATH} /usr/bin/cmake --install /home/super/f1tenth_ws/build/teleop_tools
