[0.288s] Invoking command in '/home/super/f1tenth_ws/build/pure_pursuit': CMAKE_PREFIX_PATH=${CMAKE_PREFIX_PATH}:/home/super/f1tenth_ws/install/f1tenth_stack:/home/super/f1tenth_ws/install/joy_teleop:/home/super/f1tenth_ws/install/mouse_teleop:/home/super/f1tenth_ws/install/key_teleop:/opt/ros/foxy /usr/bin/cmake --build /home/super/f1tenth_ws/build/pure_pursuit -- -j6 -l6
[0.532s] [100%] Built target pure_pursuit_node
[0.642s] Invoked command in '/home/super/f1tenth_ws/build/pure_pursuit' returned '0': CMAKE_PREFIX_PATH=${CMAKE_PREFIX_PATH}:/home/super/f1tenth_ws/install/f1tenth_stack:/home/super/f1tenth_ws/install/joy_teleop:/home/super/f1tenth_ws/install/mouse_teleop:/home/super/f1tenth_ws/install/key_teleop:/opt/ros/foxy /usr/bin/cmake --build /home/super/f1tenth_ws/build/pure_pursuit -- -j6 -l6
[1.306s] Invoking command in '/home/super/f1tenth_ws/build/pure_pursuit': CMAKE_PREFIX_PATH=${CMAKE_PREFIX_PATH}:/home/super/f1tenth_ws/install/f1tenth_stack:/home/super/f1tenth_ws/install/joy_teleop:/home/super/f1tenth_ws/install/mouse_teleop:/home/super/f1tenth_ws/install/key_teleop:/opt/ros/foxy /usr/bin/cmake --install /home/super/f1tenth_ws/build/pure_pursuit
[1.395s] -- Install configuration: ""
[1.396s] -- Up-to-date: /home/super/f1tenth_ws/install/pure_pursuit/lib/pure_pursuit/pure_pursuit_node
[1.397s] -- Up-to-date: /home/super/f1tenth_ws/install/pure_pursuit/share/pure_pursuit/environment/pythonpath.sh
[1.400s] -- Up-to-date: /home/super/f1tenth_ws/install/pure_pursuit/share/pure_pursuit/environment/pythonpath.dsv
[1.400s] -- Up-to-date: /home/super/f1tenth_ws/install/pure_pursuit/lib/python3.8/site-packages/pure_pursuit
[1.400s] -- Up-to-date: /home/super/f1tenth_ws/install/pure_pursuit/lib/python3.8/site-packages/pure_pursuit/__init__.py
[1.414s] Listing '/home/super/f1tenth_ws/install/pure_pursuit/lib/python3.8/site-packages/pure_pursuit'...
[1.442s] -- Up-to-date: /home/super/f1tenth_ws/install/pure_pursuit/lib/pure_pursuit/pure_pursuit_node.py
[1.444s] -- Up-to-date: /home/super/f1tenth_ws/install/pure_pursuit/lib/pure_pursuit/waypoint_logger.py
[1.444s] -- Up-to-date: /home/super/f1tenth_ws/install/pure_pursuit/share/ament_index/resource_index/package_run_dependencies/pure_pursuit
[1.444s] -- Up-to-date: /home/super/f1tenth_ws/install/pure_pursuit/share/ament_index/resource_index/parent_prefix_path/pure_pursuit
[1.444s] -- Up-to-date: /home/super/f1tenth_ws/install/pure_pursuit/share/pure_pursuit/environment/ament_prefix_path.sh
[1.444s] -- Up-to-date: /home/super/f1tenth_ws/install/pure_pursuit/share/pure_pursuit/environment/ament_prefix_path.dsv
[1.445s] -- Up-to-date: /home/super/f1tenth_ws/install/pure_pursuit/share/pure_pursuit/environment/path.sh
[1.445s] -- Up-to-date: /home/super/f1tenth_ws/install/pure_pursuit/share/pure_pursuit/environment/path.dsv
[1.445s] -- Up-to-date: /home/super/f1tenth_ws/install/pure_pursuit/share/pure_pursuit/local_setup.bash
[1.445s] -- Up-to-date: /home/super/f1tenth_ws/install/pure_pursuit/share/pure_pursuit/local_setup.sh
[1.445s] -- Up-to-date: /home/super/f1tenth_ws/install/pure_pursuit/share/pure_pursuit/local_setup.zsh
[1.446s] -- Up-to-date: /home/super/f1tenth_ws/install/pure_pursuit/share/pure_pursuit/local_setup.dsv
[1.446s] -- Installing: /home/super/f1tenth_ws/install/pure_pursuit/share/pure_pursuit/package.dsv
[1.446s] -- Up-to-date: /home/super/f1tenth_ws/install/pure_pursuit/share/ament_index/resource_index/packages/pure_pursuit
[1.446s] -- Up-to-date: /home/super/f1tenth_ws/install/pure_pursuit/share/pure_pursuit/cmake/pure_pursuitConfig.cmake
[1.446s] -- Up-to-date: /home/super/f1tenth_ws/install/pure_pursuit/share/pure_pursuit/cmake/pure_pursuitConfig-version.cmake
[1.446s] -- Up-to-date: /home/super/f1tenth_ws/install/pure_pursuit/share/pure_pursuit/package.xml
[1.541s] Invoked command in '/home/super/f1tenth_ws/build/pure_pursuit' returned '0': CMAKE_PREFIX_PATH=${CMAKE_PREFIX_PATH}:/home/super/f1tenth_ws/install/f1tenth_stack:/home/super/f1tenth_ws/install/joy_teleop:/home/super/f1tenth_ws/install/mouse_teleop:/home/super/f1tenth_ws/install/key_teleop:/opt/ros/foxy /usr/bin/cmake --install /home/super/f1tenth_ws/build/pure_pursuit
