[0.189s] Invoking command in '/home/super/f1tenth_ws/build/teleop_tools_msgs': CMAKE_PREFIX_PATH=${CMAKE_PREFIX_PATH}:/home/super/f1tenth_ws/install/f1tenth_stack:/home/super/f1tenth_ws/install/joy_teleop:/home/super/f1tenth_ws/install/particle_filter:/home/super/f1tenth_ws/install/mouse_teleop:/home/super/f1tenth_ws/install/key_teleop:/opt/ros/foxy /usr/bin/cmake --build /home/super/f1tenth_ws/build/teleop_tools_msgs -- -j6 -l6
[1.808s] [  3%] Built target teleop_tools_msgs__cpp
[1.809s] [ 12%] Built target teleop_tools_msgs__rosidl_generator_c
[1.810s] [ 22%] Built target teleop_tools_msgs__rosidl_typesupport_introspection_cpp
[1.810s] [ 32%] Built target teleop_tools_msgs__rosidl_typesupport_introspection_c
[1.811s] [ 45%] Built target teleop_tools_msgs__rosidl_typesupport_cpp
[1.812s] [ 51%] Built target teleop_tools_msgs__rosidl_typesupport_c
[1.814s] [ 61%] Built target teleop_tools_msgs__rosidl_typesupport_fastrtps_cpp
[1.814s] [ 70%] Built target teleop_tools_msgs__rosidl_typesupport_fastrtps_c
[1.814s] [ 70%] Built target teleop_tools_msgs
[2.044s] [ 74%] Built target teleop_tools_msgs__py
[2.299s] [ 80%] Built target teleop_tools_msgs__python
[2.735s] [ 87%] Built target teleop_tools_msgs__rosidl_typesupport_fastrtps_c__pyext
[2.741s] [ 93%] Built target teleop_tools_msgs__rosidl_typesupport_introspection_c__pyext
[2.755s] [100%] Built target teleop_tools_msgs__rosidl_typesupport_c__pyext
[2.794s] Invoked command in '/home/super/f1tenth_ws/build/teleop_tools_msgs' returned '0': CMAKE_PREFIX_PATH=${CMAKE_PREFIX_PATH}:/home/super/f1tenth_ws/install/f1tenth_stack:/home/super/f1tenth_ws/install/joy_teleop:/home/super/f1tenth_ws/install/particle_filter:/home/super/f1tenth_ws/install/mouse_teleop:/home/super/f1tenth_ws/install/key_teleop:/opt/ros/foxy /usr/bin/cmake --build /home/super/f1tenth_ws/build/teleop_tools_msgs -- -j6 -l6
[3.133s] Invoking command in '/home/super/f1tenth_ws/build/teleop_tools_msgs': CMAKE_PREFIX_PATH=${CMAKE_PREFIX_PATH}:/home/super/f1tenth_ws/install/f1tenth_stack:/home/super/f1tenth_ws/install/joy_teleop:/home/super/f1tenth_ws/install/particle_filter:/home/super/f1tenth_ws/install/mouse_teleop:/home/super/f1tenth_ws/install/key_teleop:/opt/ros/foxy /usr/bin/cmake --install /home/super/f1tenth_ws/build/teleop_tools_msgs
[3.332s] -- Install configuration: ""
[3.332s] -- Up-to-date: /home/super/f1tenth_ws/install/teleop_tools_msgs/share/ament_index/resource_index/rosidl_interfaces/teleop_tools_msgs
[3.337s] -- Up-to-date: /home/super/f1tenth_ws/install/teleop_tools_msgs/include/teleop_tools_msgs
[3.337s] -- Up-to-date: /home/super/f1tenth_ws/install/teleop_tools_msgs/include/teleop_tools_msgs/msg
[3.338s] -- Up-to-date: /home/super/f1tenth_ws/install/teleop_tools_msgs/include/teleop_tools_msgs/msg/rosidl_generator_c__visibility_control.h
[3.338s] -- Up-to-date: /home/super/f1tenth_ws/install/teleop_tools_msgs/include/teleop_tools_msgs/action
[3.338s] -- Up-to-date: /home/super/f1tenth_ws/install/teleop_tools_msgs/include/teleop_tools_msgs/action/increment.h
[3.338s] -- Up-to-date: /home/super/f1tenth_ws/install/teleop_tools_msgs/include/teleop_tools_msgs/action/detail
[3.338s] -- Up-to-date: /home/super/f1tenth_ws/install/teleop_tools_msgs/include/teleop_tools_msgs/action/detail/increment__functions.h
[3.338s] -- Up-to-date: /home/super/f1tenth_ws/install/teleop_tools_msgs/include/teleop_tools_msgs/action/detail/increment__struct.h
[3.338s] -- Up-to-date: /home/super/f1tenth_ws/install/teleop_tools_msgs/include/teleop_tools_msgs/action/detail/increment__type_support.h
[3.339s] -- Up-to-date: /home/super/f1tenth_ws/install/teleop_tools_msgs/include/teleop_tools_msgs/action/detail/increment__functions.c
[3.340s] -- Up-to-date: /home/super/f1tenth_ws/install/teleop_tools_msgs/share/teleop_tools_msgs/environment/library_path.sh
[3.340s] -- Up-to-date: /home/super/f1tenth_ws/install/teleop_tools_msgs/share/teleop_tools_msgs/environment/library_path.dsv
[3.343s] -- Up-to-date: /home/super/f1tenth_ws/install/teleop_tools_msgs/lib/libteleop_tools_msgs__rosidl_generator_c.so
[3.344s] -- Up-to-date: /home/super/f1tenth_ws/install/teleop_tools_msgs/include/teleop_tools_msgs
[3.345s] -- Up-to-date: /home/super/f1tenth_ws/install/teleop_tools_msgs/include/teleop_tools_msgs/msg
[3.345s] -- Up-to-date: /home/super/f1tenth_ws/install/teleop_tools_msgs/include/teleop_tools_msgs/msg/rosidl_typesupport_fastrtps_c__visibility_control.h
[3.345s] -- Up-to-date: /home/super/f1tenth_ws/install/teleop_tools_msgs/include/teleop_tools_msgs/action
[3.345s] -- Up-to-date: /home/super/f1tenth_ws/install/teleop_tools_msgs/include/teleop_tools_msgs/action/detail
[3.345s] -- Up-to-date: /home/super/f1tenth_ws/install/teleop_tools_msgs/include/teleop_tools_msgs/action/detail/increment__rosidl_typesupport_fastrtps_c.h
[3.346s] -- Up-to-date: /home/super/f1tenth_ws/install/teleop_tools_msgs/lib/libteleop_tools_msgs__rosidl_typesupport_fastrtps_c.so
[3.347s] -- Up-to-date: /home/super/f1tenth_ws/install/teleop_tools_msgs/include/teleop_tools_msgs
[3.347s] -- Up-to-date: /home/super/f1tenth_ws/install/teleop_tools_msgs/include/teleop_tools_msgs/msg
[3.347s] -- Up-to-date: /home/super/f1tenth_ws/install/teleop_tools_msgs/include/teleop_tools_msgs/msg/rosidl_typesupport_fastrtps_cpp__visibility_control.h
[3.347s] -- Up-to-date: /home/super/f1tenth_ws/install/teleop_tools_msgs/include/teleop_tools_msgs/action
[3.347s] -- Up-to-date: /home/super/f1tenth_ws/install/teleop_tools_msgs/include/teleop_tools_msgs/action/detail
[3.348s] -- Up-to-date: /home/super/f1tenth_ws/install/teleop_tools_msgs/include/teleop_tools_msgs/action/detail/increment__rosidl_typesupport_fastrtps_cpp.hpp
[3.348s] -- Up-to-date: /home/super/f1tenth_ws/install/teleop_tools_msgs/include/teleop_tools_msgs/action/detail/dds_fastrtps
[3.350s] -- Up-to-date: /home/super/f1tenth_ws/install/teleop_tools_msgs/lib/libteleop_tools_msgs__rosidl_typesupport_fastrtps_cpp.so
[3.350s] -- Up-to-date: /home/super/f1tenth_ws/install/teleop_tools_msgs/include/teleop_tools_msgs
[3.350s] -- Up-to-date: /home/super/f1tenth_ws/install/teleop_tools_msgs/include/teleop_tools_msgs/msg
[3.353s] -- Up-to-date: /home/super/f1tenth_ws/install/teleop_tools_msgs/include/teleop_tools_msgs/msg/rosidl_typesupport_introspection_c__visibility_control.h
[3.353s] -- Up-to-date: /home/super/f1tenth_ws/install/teleop_tools_msgs/include/teleop_tools_msgs/action
[3.353s] -- Up-to-date: /home/super/f1tenth_ws/install/teleop_tools_msgs/include/teleop_tools_msgs/action/detail
[3.353s] -- Up-to-date: /home/super/f1tenth_ws/install/teleop_tools_msgs/include/teleop_tools_msgs/action/detail/increment__type_support.c
[3.354s] -- Up-to-date: /home/super/f1tenth_ws/install/teleop_tools_msgs/include/teleop_tools_msgs/action/detail/increment__rosidl_typesupport_introspection_c.h
[3.354s] -- Up-to-date: /home/super/f1tenth_ws/install/teleop_tools_msgs/lib/libteleop_tools_msgs__rosidl_typesupport_introspection_c.so
[3.380s] -- Up-to-date: /home/super/f1tenth_ws/install/teleop_tools_msgs/lib/libteleop_tools_msgs__rosidl_typesupport_c.so
[3.381s] -- Up-to-date: /home/super/f1tenth_ws/install/teleop_tools_msgs/include/teleop_tools_msgs
[3.381s] -- Up-to-date: /home/super/f1tenth_ws/install/teleop_tools_msgs/include/teleop_tools_msgs/msg
[3.382s] -- Up-to-date: /home/super/f1tenth_ws/install/teleop_tools_msgs/include/teleop_tools_msgs/msg/rosidl_generator_cpp__visibility_control.hpp
[3.382s] -- Up-to-date: /home/super/f1tenth_ws/install/teleop_tools_msgs/include/teleop_tools_msgs/action
[3.382s] -- Up-to-date: /home/super/f1tenth_ws/install/teleop_tools_msgs/include/teleop_tools_msgs/action/increment.hpp
[3.382s] -- Up-to-date: /home/super/f1tenth_ws/install/teleop_tools_msgs/include/teleop_tools_msgs/action/detail
[3.382s] -- Up-to-date: /home/super/f1tenth_ws/install/teleop_tools_msgs/include/teleop_tools_msgs/action/detail/increment__builder.hpp
[3.383s] -- Up-to-date: /home/super/f1tenth_ws/install/teleop_tools_msgs/include/teleop_tools_msgs/action/detail/increment__traits.hpp
[3.383s] -- Up-to-date: /home/super/f1tenth_ws/install/teleop_tools_msgs/include/teleop_tools_msgs/action/detail/increment__struct.hpp
[3.383s] -- Up-to-date: /home/super/f1tenth_ws/install/teleop_tools_msgs/include/teleop_tools_msgs/action/detail/increment__type_support.hpp
[3.383s] -- Up-to-date: /home/super/f1tenth_ws/install/teleop_tools_msgs/include/teleop_tools_msgs
[3.383s] -- Up-to-date: /home/super/f1tenth_ws/install/teleop_tools_msgs/include/teleop_tools_msgs/action
[3.383s] -- Up-to-date: /home/super/f1tenth_ws/install/teleop_tools_msgs/include/teleop_tools_msgs/action/detail
[3.384s] -- Up-to-date: /home/super/f1tenth_ws/install/teleop_tools_msgs/include/teleop_tools_msgs/action/detail/increment__type_support.cpp
[3.384s] -- Up-to-date: /home/super/f1tenth_ws/install/teleop_tools_msgs/include/teleop_tools_msgs/action/detail/increment__rosidl_typesupport_introspection_cpp.hpp
[3.384s] -- Up-to-date: /home/super/f1tenth_ws/install/teleop_tools_msgs/lib/libteleop_tools_msgs__rosidl_typesupport_introspection_cpp.so
[3.384s] -- Up-to-date: /home/super/f1tenth_ws/install/teleop_tools_msgs/lib/libteleop_tools_msgs__rosidl_typesupport_cpp.so
[3.384s] -- Up-to-date: /home/super/f1tenth_ws/install/teleop_tools_msgs/share/teleop_tools_msgs/environment/pythonpath.sh
[3.384s] -- Up-to-date: /home/super/f1tenth_ws/install/teleop_tools_msgs/share/teleop_tools_msgs/environment/pythonpath.dsv
[3.384s] -- Up-to-date: /home/super/f1tenth_ws/install/teleop_tools_msgs/lib/python3.8/site-packages/teleop_tools_msgs/__init__.py
[3.832s] -- Up-to-date: /home/super/f1tenth_ws/install/teleop_tools_msgs/lib/python3.8/site-packages/teleop_tools_msgs/action
[3.832s] -- Up-to-date: /home/super/f1tenth_ws/install/teleop_tools_msgs/lib/python3.8/site-packages/teleop_tools_msgs/action/_increment_s.c
[3.832s] -- Up-to-date: /home/super/f1tenth_ws/install/teleop_tools_msgs/lib/python3.8/site-packages/teleop_tools_msgs/action/__init__.py
[3.832s] -- Up-to-date: /home/super/f1tenth_ws/install/teleop_tools_msgs/lib/python3.8/site-packages/teleop_tools_msgs/action/_increment.py
[3.836s] -- Up-to-date: /home/super/f1tenth_ws/install/teleop_tools_msgs/lib/python3.8/site-packages/teleop_tools_msgs/teleop_tools_msgs_s__rosidl_typesupport_fastrtps_c.cpython-38-aarch64-linux-gnu.so
[3.842s] -- Up-to-date: /home/super/f1tenth_ws/install/teleop_tools_msgs/lib/python3.8/site-packages/teleop_tools_msgs/teleop_tools_msgs_s__rosidl_typesupport_introspection_c.cpython-38-aarch64-linux-gnu.so
[3.847s] -- Up-to-date: /home/super/f1tenth_ws/install/teleop_tools_msgs/lib/python3.8/site-packages/teleop_tools_msgs/teleop_tools_msgs_s__rosidl_typesupport_c.cpython-38-aarch64-linux-gnu.so
[3.855s] -- Up-to-date: /home/super/f1tenth_ws/install/teleop_tools_msgs/lib/libteleop_tools_msgs__python.so
[3.860s] -- Up-to-date: /home/super/f1tenth_ws/install/teleop_tools_msgs/share/teleop_tools_msgs/action/Increment.idl
[3.861s] -- Up-to-date: /home/super/f1tenth_ws/install/teleop_tools_msgs/share/teleop_tools_msgs/action/Increment.action
[3.861s] -- Up-to-date: /home/super/f1tenth_ws/install/teleop_tools_msgs/share/ament_index/resource_index/package_run_dependencies/teleop_tools_msgs
[3.862s] -- Up-to-date: /home/super/f1tenth_ws/install/teleop_tools_msgs/share/ament_index/resource_index/parent_prefix_path/teleop_tools_msgs
[3.867s] -- Up-to-date: /home/super/f1tenth_ws/install/teleop_tools_msgs/share/teleop_tools_msgs/environment/ament_prefix_path.sh
[3.868s] -- Up-to-date: /home/super/f1tenth_ws/install/teleop_tools_msgs/share/teleop_tools_msgs/environment/ament_prefix_path.dsv
[3.868s] -- Up-to-date: /home/super/f1tenth_ws/install/teleop_tools_msgs/share/teleop_tools_msgs/environment/path.sh
[3.868s] -- Up-to-date: /home/super/f1tenth_ws/install/teleop_tools_msgs/share/teleop_tools_msgs/environment/path.dsv
[3.868s] -- Up-to-date: /home/super/f1tenth_ws/install/teleop_tools_msgs/share/teleop_tools_msgs/local_setup.bash
[3.869s] -- Up-to-date: /home/super/f1tenth_ws/install/teleop_tools_msgs/share/teleop_tools_msgs/local_setup.sh
[3.869s] -- Up-to-date: /home/super/f1tenth_ws/install/teleop_tools_msgs/share/teleop_tools_msgs/local_setup.zsh
[3.870s] -- Up-to-date: /home/super/f1tenth_ws/install/teleop_tools_msgs/share/teleop_tools_msgs/local_setup.dsv
[3.871s] -- Installing: /home/super/f1tenth_ws/install/teleop_tools_msgs/share/teleop_tools_msgs/package.dsv
[4.033s] -- Up-to-date: /home/super/f1tenth_ws/install/teleop_tools_msgs/share/ament_index/resource_index/packages/teleop_tools_msgs
[4.038s] -- Up-to-date: /home/super/f1tenth_ws/install/teleop_tools_msgs/share/teleop_tools_msgs/cmake/teleop_tools_msgs__rosidl_generator_cExport.cmake
[4.038s] -- Up-to-date: /home/super/f1tenth_ws/install/teleop_tools_msgs/share/teleop_tools_msgs/cmake/teleop_tools_msgs__rosidl_generator_cExport-noconfig.cmake
[4.047s] -- Up-to-date: /home/super/f1tenth_ws/install/teleop_tools_msgs/share/teleop_tools_msgs/cmake/teleop_tools_msgs__rosidl_typesupport_introspection_cExport.cmake
[4.047s] -- Up-to-date: /home/super/f1tenth_ws/install/teleop_tools_msgs/share/teleop_tools_msgs/cmake/teleop_tools_msgs__rosidl_typesupport_introspection_cExport-noconfig.cmake
[4.062s] -- Up-to-date: /home/super/f1tenth_ws/install/teleop_tools_msgs/share/teleop_tools_msgs/cmake/teleop_tools_msgs__rosidl_typesupport_cExport.cmake
[4.062s] -- Up-to-date: /home/super/f1tenth_ws/install/teleop_tools_msgs/share/teleop_tools_msgs/cmake/teleop_tools_msgs__rosidl_typesupport_cExport-noconfig.cmake
[4.062s] -- Up-to-date: /home/super/f1tenth_ws/install/teleop_tools_msgs/share/teleop_tools_msgs/cmake/teleop_tools_msgs__rosidl_generator_cppExport.cmake
[4.063s] -- Up-to-date: /home/super/f1tenth_ws/install/teleop_tools_msgs/share/teleop_tools_msgs/cmake/teleop_tools_msgs__rosidl_typesupport_introspection_cppExport.cmake
[4.063s] -- Up-to-date: /home/super/f1tenth_ws/install/teleop_tools_msgs/share/teleop_tools_msgs/cmake/teleop_tools_msgs__rosidl_typesupport_introspection_cppExport-noconfig.cmake
[4.067s] -- Up-to-date: /home/super/f1tenth_ws/install/teleop_tools_msgs/share/teleop_tools_msgs/cmake/teleop_tools_msgs__rosidl_typesupport_cppExport.cmake
[4.078s] -- Up-to-date: /home/super/f1tenth_ws/install/teleop_tools_msgs/share/teleop_tools_msgs/cmake/teleop_tools_msgs__rosidl_typesupport_cppExport-noconfig.cmake
[4.079s] -- Up-to-date: /home/super/f1tenth_ws/install/teleop_tools_msgs/share/teleop_tools_msgs/cmake/rosidl_cmake-extras.cmake
[4.079s] -- Up-to-date: /home/super/f1tenth_ws/install/teleop_tools_msgs/share/teleop_tools_msgs/cmake/ament_cmake_export_dependencies-extras.cmake
[4.079s] -- Up-to-date: /home/super/f1tenth_ws/install/teleop_tools_msgs/share/teleop_tools_msgs/cmake/ament_cmake_export_libraries-extras.cmake
[4.079s] -- Up-to-date: /home/super/f1tenth_ws/install/teleop_tools_msgs/share/teleop_tools_msgs/cmake/ament_cmake_export_targets-extras.cmake
[4.079s] -- Up-to-date: /home/super/f1tenth_ws/install/teleop_tools_msgs/share/teleop_tools_msgs/cmake/ament_cmake_export_include_directories-extras.cmake
[4.080s] -- Up-to-date: /home/super/f1tenth_ws/install/teleop_tools_msgs/share/teleop_tools_msgs/cmake/rosidl_cmake_export_typesupport_libraries-extras.cmake
[4.080s] -- Up-to-date: /home/super/f1tenth_ws/install/teleop_tools_msgs/share/teleop_tools_msgs/cmake/rosidl_cmake_export_typesupport_targets-extras.cmake
[4.080s] -- Up-to-date: /home/super/f1tenth_ws/install/teleop_tools_msgs/share/teleop_tools_msgs/cmake/teleop_tools_msgsConfig.cmake
[4.080s] -- Up-to-date: /home/super/f1tenth_ws/install/teleop_tools_msgs/share/teleop_tools_msgs/cmake/teleop_tools_msgsConfig-version.cmake
[4.080s] -- Up-to-date: /home/super/f1tenth_ws/install/teleop_tools_msgs/share/teleop_tools_msgs/package.xml
[4.081s] Invoked command in '/home/super/f1tenth_ws/build/teleop_tools_msgs' returned '0': CMAKE_PREFIX_PATH=${CMAKE_PREFIX_PATH}:/home/super/f1tenth_ws/install/f1tenth_stack:/home/super/f1tenth_ws/install/joy_teleop:/home/super/f1tenth_ws/install/particle_filter:/home/super/f1tenth_ws/install/mouse_teleop:/home/super/f1tenth_ws/install/key_teleop:/opt/ros/foxy /usr/bin/cmake --install /home/super/f1tenth_ws/build/teleop_tools_msgs
