[0.165s] Invoking command in '/home/super/f1tenth_ws/build/vesc_msgs': CMAKE_PREFIX_PATH=${CMAKE_PREFIX_PATH}:/home/super/f1tenth_ws/install/f1tenth_stack:/home/super/f1tenth_ws/install/joy_teleop:/home/super/f1tenth_ws/install/particle_filter:/home/super/f1tenth_ws/install/mouse_teleop:/home/super/f1tenth_ws/install/key_teleop:/opt/ros/foxy /usr/bin/cmake --build /home/super/f1tenth_ws/build/vesc_msgs -- -j6 -l6
[2.112s] [ 10%] Built target vesc_msgs__rosidl_generator_c
[2.115s] [ 12%] Built target vesc_msgs__cpp
[2.115s] [ 23%] Built target vesc_msgs__rosidl_typesupport_c
[2.116s] [ 34%] Built target vesc_msgs__rosidl_typesupport_cpp
[2.120s] [ 45%] Built target vesc_msgs__rosidl_typesupport_introspection_c
[2.121s] [ 56%] Built target vesc_msgs__rosidl_typesupport_introspection_cpp
[2.122s] [ 67%] Built target vesc_msgs__rosidl_typesupport_fastrtps_cpp
[2.122s] [ 78%] Built target vesc_msgs__rosidl_typesupport_fastrtps_c
[2.122s] [ 78%] Built target vesc_msgs
[2.122s] [ 80%] Built target vesc_msgs__py
[2.123s] [ 89%] Built target vesc_msgs__python
[2.125s] [ 92%] Built target vesc_msgs__rosidl_typesupport_c__pyext
[2.126s] [ 96%] Built target vesc_msgs__rosidl_typesupport_introspection_c__pyext
[2.126s] [100%] Built target vesc_msgs__rosidl_typesupport_fastrtps_c__pyext
[2.134s] Invoked command in '/home/super/f1tenth_ws/build/vesc_msgs' returned '0': CMAKE_PREFIX_PATH=${CMAKE_PREFIX_PATH}:/home/super/f1tenth_ws/install/f1tenth_stack:/home/super/f1tenth_ws/install/joy_teleop:/home/super/f1tenth_ws/install/particle_filter:/home/super/f1tenth_ws/install/mouse_teleop:/home/super/f1tenth_ws/install/key_teleop:/opt/ros/foxy /usr/bin/cmake --build /home/super/f1tenth_ws/build/vesc_msgs -- -j6 -l6
[2.269s] Invoking command in '/home/super/f1tenth_ws/build/vesc_msgs': CMAKE_PREFIX_PATH=${CMAKE_PREFIX_PATH}:/home/super/f1tenth_ws/install/f1tenth_stack:/home/super/f1tenth_ws/install/joy_teleop:/home/super/f1tenth_ws/install/particle_filter:/home/super/f1tenth_ws/install/mouse_teleop:/home/super/f1tenth_ws/install/key_teleop:/opt/ros/foxy /usr/bin/cmake --install /home/super/f1tenth_ws/build/vesc_msgs
[2.285s] -- Install configuration: ""
[2.285s] -- Up-to-date: /home/super/f1tenth_ws/install/vesc_msgs/share/ament_index/resource_index/rosidl_interfaces/vesc_msgs
[2.285s] -- Up-to-date: /home/super/f1tenth_ws/install/vesc_msgs/include/vesc_msgs
[2.286s] -- Up-to-date: /home/super/f1tenth_ws/install/vesc_msgs/include/vesc_msgs/msg
[2.286s] -- Up-to-date: /home/super/f1tenth_ws/install/vesc_msgs/include/vesc_msgs/msg/rosidl_generator_c__visibility_control.h
[2.286s] -- Up-to-date: /home/super/f1tenth_ws/install/vesc_msgs/include/vesc_msgs/msg/vesc_imu_stamped.h
[2.287s] -- Up-to-date: /home/super/f1tenth_ws/install/vesc_msgs/include/vesc_msgs/msg/vesc_imu.h
[2.287s] -- Up-to-date: /home/super/f1tenth_ws/install/vesc_msgs/include/vesc_msgs/msg/detail
[2.287s] -- Up-to-date: /home/super/f1tenth_ws/install/vesc_msgs/include/vesc_msgs/msg/detail/vesc_imu__type_support.h
[2.287s] -- Up-to-date: /home/super/f1tenth_ws/install/vesc_msgs/include/vesc_msgs/msg/detail/vesc_state__type_support.h
[2.287s] -- Up-to-date: /home/super/f1tenth_ws/install/vesc_msgs/include/vesc_msgs/msg/detail/vesc_state__struct.h
[2.288s] -- Up-to-date: /home/super/f1tenth_ws/install/vesc_msgs/include/vesc_msgs/msg/detail/vesc_imu__struct.h
[2.288s] -- Up-to-date: /home/super/f1tenth_ws/install/vesc_msgs/include/vesc_msgs/msg/detail/vesc_state_stamped__type_support.h
[2.288s] -- Up-to-date: /home/super/f1tenth_ws/install/vesc_msgs/include/vesc_msgs/msg/detail/vesc_state_stamped__functions.h
[2.288s] -- Up-to-date: /home/super/f1tenth_ws/install/vesc_msgs/include/vesc_msgs/msg/detail/vesc_state__functions.c
[2.288s] -- Up-to-date: /home/super/f1tenth_ws/install/vesc_msgs/include/vesc_msgs/msg/detail/vesc_imu_stamped__struct.h
[2.288s] -- Up-to-date: /home/super/f1tenth_ws/install/vesc_msgs/include/vesc_msgs/msg/detail/vesc_imu_stamped__type_support.h
[2.289s] -- Up-to-date: /home/super/f1tenth_ws/install/vesc_msgs/include/vesc_msgs/msg/detail/vesc_state_stamped__functions.c
[2.289s] -- Up-to-date: /home/super/f1tenth_ws/install/vesc_msgs/include/vesc_msgs/msg/detail/vesc_imu__functions.c
[2.289s] -- Up-to-date: /home/super/f1tenth_ws/install/vesc_msgs/include/vesc_msgs/msg/detail/vesc_state__functions.h
[2.289s] -- Up-to-date: /home/super/f1tenth_ws/install/vesc_msgs/include/vesc_msgs/msg/detail/vesc_imu_stamped__functions.h
[2.289s] -- Up-to-date: /home/super/f1tenth_ws/install/vesc_msgs/include/vesc_msgs/msg/detail/vesc_imu__functions.h
[2.289s] -- Up-to-date: /home/super/f1tenth_ws/install/vesc_msgs/include/vesc_msgs/msg/detail/vesc_imu_stamped__functions.c
[2.289s] -- Up-to-date: /home/super/f1tenth_ws/install/vesc_msgs/include/vesc_msgs/msg/detail/vesc_state_stamped__struct.h
[2.290s] -- Up-to-date: /home/super/f1tenth_ws/install/vesc_msgs/include/vesc_msgs/msg/vesc_state.h
[2.290s] -- Up-to-date: /home/super/f1tenth_ws/install/vesc_msgs/include/vesc_msgs/msg/vesc_state_stamped.h
[2.290s] -- Up-to-date: /home/super/f1tenth_ws/install/vesc_msgs/share/vesc_msgs/environment/library_path.sh
[2.290s] -- Up-to-date: /home/super/f1tenth_ws/install/vesc_msgs/share/vesc_msgs/environment/library_path.dsv
[2.291s] -- Up-to-date: /home/super/f1tenth_ws/install/vesc_msgs/lib/libvesc_msgs__rosidl_generator_c.so
[2.291s] -- Up-to-date: /home/super/f1tenth_ws/install/vesc_msgs/include/vesc_msgs
[2.291s] -- Up-to-date: /home/super/f1tenth_ws/install/vesc_msgs/include/vesc_msgs/msg
[2.291s] -- Up-to-date: /home/super/f1tenth_ws/install/vesc_msgs/include/vesc_msgs/msg/detail
[2.291s] -- Up-to-date: /home/super/f1tenth_ws/install/vesc_msgs/include/vesc_msgs/msg/detail/vesc_imu__rosidl_typesupport_fastrtps_c.h
[2.292s] -- Up-to-date: /home/super/f1tenth_ws/install/vesc_msgs/include/vesc_msgs/msg/detail/vesc_state_stamped__rosidl_typesupport_fastrtps_c.h
[2.292s] -- Up-to-date: /home/super/f1tenth_ws/install/vesc_msgs/include/vesc_msgs/msg/detail/vesc_state__rosidl_typesupport_fastrtps_c.h
[2.292s] -- Up-to-date: /home/super/f1tenth_ws/install/vesc_msgs/include/vesc_msgs/msg/detail/vesc_imu_stamped__rosidl_typesupport_fastrtps_c.h
[2.292s] -- Up-to-date: /home/super/f1tenth_ws/install/vesc_msgs/include/vesc_msgs/msg/rosidl_typesupport_fastrtps_c__visibility_control.h
[2.292s] -- Up-to-date: /home/super/f1tenth_ws/install/vesc_msgs/lib/libvesc_msgs__rosidl_typesupport_fastrtps_c.so
[2.292s] -- Up-to-date: /home/super/f1tenth_ws/install/vesc_msgs/include/vesc_msgs
[2.292s] -- Up-to-date: /home/super/f1tenth_ws/install/vesc_msgs/include/vesc_msgs/msg
[2.293s] -- Up-to-date: /home/super/f1tenth_ws/install/vesc_msgs/include/vesc_msgs/msg/detail
[2.293s] -- Up-to-date: /home/super/f1tenth_ws/install/vesc_msgs/include/vesc_msgs/msg/detail/vesc_state__rosidl_typesupport_fastrtps_cpp.hpp
[2.293s] -- Up-to-date: /home/super/f1tenth_ws/install/vesc_msgs/include/vesc_msgs/msg/detail/vesc_imu__rosidl_typesupport_fastrtps_cpp.hpp
[2.293s] -- Up-to-date: /home/super/f1tenth_ws/install/vesc_msgs/include/vesc_msgs/msg/detail/dds_fastrtps
[2.293s] -- Up-to-date: /home/super/f1tenth_ws/install/vesc_msgs/include/vesc_msgs/msg/detail/vesc_imu_stamped__rosidl_typesupport_fastrtps_cpp.hpp
[2.293s] -- Up-to-date: /home/super/f1tenth_ws/install/vesc_msgs/include/vesc_msgs/msg/detail/vesc_state_stamped__rosidl_typesupport_fastrtps_cpp.hpp
[2.294s] -- Up-to-date: /home/super/f1tenth_ws/install/vesc_msgs/include/vesc_msgs/msg/rosidl_typesupport_fastrtps_cpp__visibility_control.h
[2.294s] -- Up-to-date: /home/super/f1tenth_ws/install/vesc_msgs/lib/libvesc_msgs__rosidl_typesupport_fastrtps_cpp.so
[2.294s] -- Up-to-date: /home/super/f1tenth_ws/install/vesc_msgs/include/vesc_msgs
[2.294s] -- Up-to-date: /home/super/f1tenth_ws/install/vesc_msgs/include/vesc_msgs/msg
[2.294s] -- Up-to-date: /home/super/f1tenth_ws/install/vesc_msgs/include/vesc_msgs/msg/rosidl_typesupport_introspection_c__visibility_control.h
[2.294s] -- Up-to-date: /home/super/f1tenth_ws/install/vesc_msgs/include/vesc_msgs/msg/detail
[2.294s] -- Up-to-date: /home/super/f1tenth_ws/install/vesc_msgs/include/vesc_msgs/msg/detail/vesc_state_stamped__type_support.c
[2.295s] -- Up-to-date: /home/super/f1tenth_ws/install/vesc_msgs/include/vesc_msgs/msg/detail/vesc_state__rosidl_typesupport_introspection_c.h
[2.295s] -- Up-to-date: /home/super/f1tenth_ws/install/vesc_msgs/include/vesc_msgs/msg/detail/vesc_state__type_support.c
[2.295s] -- Up-to-date: /home/super/f1tenth_ws/install/vesc_msgs/include/vesc_msgs/msg/detail/vesc_imu_stamped__rosidl_typesupport_introspection_c.h
[2.295s] -- Up-to-date: /home/super/f1tenth_ws/install/vesc_msgs/include/vesc_msgs/msg/detail/vesc_imu__rosidl_typesupport_introspection_c.h
[2.295s] -- Up-to-date: /home/super/f1tenth_ws/install/vesc_msgs/include/vesc_msgs/msg/detail/vesc_state_stamped__rosidl_typesupport_introspection_c.h
[2.295s] -- Up-to-date: /home/super/f1tenth_ws/install/vesc_msgs/include/vesc_msgs/msg/detail/vesc_imu__type_support.c
[2.295s] -- Up-to-date: /home/super/f1tenth_ws/install/vesc_msgs/include/vesc_msgs/msg/detail/vesc_imu_stamped__type_support.c
[2.295s] -- Up-to-date: /home/super/f1tenth_ws/install/vesc_msgs/lib/libvesc_msgs__rosidl_typesupport_introspection_c.so
[2.296s] -- Up-to-date: /home/super/f1tenth_ws/install/vesc_msgs/lib/libvesc_msgs__rosidl_typesupport_c.so
[2.296s] -- Up-to-date: /home/super/f1tenth_ws/install/vesc_msgs/include/vesc_msgs
[2.296s] -- Up-to-date: /home/super/f1tenth_ws/install/vesc_msgs/include/vesc_msgs/msg
[2.296s] -- Up-to-date: /home/super/f1tenth_ws/install/vesc_msgs/include/vesc_msgs/msg/vesc_state.hpp
[2.302s] -- Up-to-date: /home/super/f1tenth_ws/install/vesc_msgs/include/vesc_msgs/msg/vesc_imu.hpp
[2.302s] -- Up-to-date: /home/super/f1tenth_ws/install/vesc_msgs/include/vesc_msgs/msg/vesc_state_stamped.hpp
[2.302s] -- Up-to-date: /home/super/f1tenth_ws/install/vesc_msgs/include/vesc_msgs/msg/vesc_imu_stamped.hpp
[2.302s] -- Up-to-date: /home/super/f1tenth_ws/install/vesc_msgs/include/vesc_msgs/msg/detail
[2.303s] -- Up-to-date: /home/super/f1tenth_ws/install/vesc_msgs/include/vesc_msgs/msg/detail/vesc_state__type_support.hpp
[2.303s] -- Up-to-date: /home/super/f1tenth_ws/install/vesc_msgs/include/vesc_msgs/msg/detail/vesc_state__builder.hpp
[2.303s] -- Up-to-date: /home/super/f1tenth_ws/install/vesc_msgs/include/vesc_msgs/msg/detail/vesc_state__traits.hpp
[2.303s] -- Up-to-date: /home/super/f1tenth_ws/install/vesc_msgs/include/vesc_msgs/msg/detail/vesc_imu_stamped__type_support.hpp
[2.303s] -- Up-to-date: /home/super/f1tenth_ws/install/vesc_msgs/include/vesc_msgs/msg/detail/vesc_imu_stamped__struct.hpp
[2.303s] -- Up-to-date: /home/super/f1tenth_ws/install/vesc_msgs/include/vesc_msgs/msg/detail/vesc_imu_stamped__traits.hpp
[2.305s] -- Up-to-date: /home/super/f1tenth_ws/install/vesc_msgs/include/vesc_msgs/msg/detail/vesc_imu__builder.hpp
[2.306s] -- Up-to-date: /home/super/f1tenth_ws/install/vesc_msgs/include/vesc_msgs/msg/detail/vesc_state_stamped__traits.hpp
[2.306s] -- Up-to-date: /home/super/f1tenth_ws/install/vesc_msgs/include/vesc_msgs/msg/detail/vesc_state_stamped__builder.hpp
[2.306s] -- Up-to-date: /home/super/f1tenth_ws/install/vesc_msgs/include/vesc_msgs/msg/detail/vesc_imu_stamped__builder.hpp
[2.306s] -- Up-to-date: /home/super/f1tenth_ws/install/vesc_msgs/include/vesc_msgs/msg/detail/vesc_imu__traits.hpp
[2.306s] -- Up-to-date: /home/super/f1tenth_ws/install/vesc_msgs/include/vesc_msgs/msg/detail/vesc_state_stamped__type_support.hpp
[2.306s] -- Up-to-date: /home/super/f1tenth_ws/install/vesc_msgs/include/vesc_msgs/msg/detail/vesc_state_stamped__struct.hpp
[2.306s] -- Up-to-date: /home/super/f1tenth_ws/install/vesc_msgs/include/vesc_msgs/msg/detail/vesc_state__struct.hpp
[2.307s] -- Up-to-date: /home/super/f1tenth_ws/install/vesc_msgs/include/vesc_msgs/msg/detail/vesc_imu__type_support.hpp
[2.307s] -- Up-to-date: /home/super/f1tenth_ws/install/vesc_msgs/include/vesc_msgs/msg/detail/vesc_imu__struct.hpp
[2.307s] -- Up-to-date: /home/super/f1tenth_ws/install/vesc_msgs/include/vesc_msgs/msg/rosidl_generator_cpp__visibility_control.hpp
[2.307s] -- Up-to-date: /home/super/f1tenth_ws/install/vesc_msgs/include/vesc_msgs
[2.307s] -- Up-to-date: /home/super/f1tenth_ws/install/vesc_msgs/include/vesc_msgs/msg
[2.307s] -- Up-to-date: /home/super/f1tenth_ws/install/vesc_msgs/include/vesc_msgs/msg/detail
[2.307s] -- Up-to-date: /home/super/f1tenth_ws/install/vesc_msgs/include/vesc_msgs/msg/detail/vesc_state__type_support.cpp
[2.308s] -- Up-to-date: /home/super/f1tenth_ws/install/vesc_msgs/include/vesc_msgs/msg/detail/vesc_state_stamped__type_support.cpp
[2.308s] -- Up-to-date: /home/super/f1tenth_ws/install/vesc_msgs/include/vesc_msgs/msg/detail/vesc_imu__rosidl_typesupport_introspection_cpp.hpp
[2.308s] -- Up-to-date: /home/super/f1tenth_ws/install/vesc_msgs/include/vesc_msgs/msg/detail/vesc_imu_stamped__rosidl_typesupport_introspection_cpp.hpp
[2.308s] -- Up-to-date: /home/super/f1tenth_ws/install/vesc_msgs/include/vesc_msgs/msg/detail/vesc_imu_stamped__type_support.cpp
[2.308s] -- Up-to-date: /home/super/f1tenth_ws/install/vesc_msgs/include/vesc_msgs/msg/detail/vesc_state_stamped__rosidl_typesupport_introspection_cpp.hpp
[2.308s] -- Up-to-date: /home/super/f1tenth_ws/install/vesc_msgs/include/vesc_msgs/msg/detail/vesc_state__rosidl_typesupport_introspection_cpp.hpp
[2.308s] -- Up-to-date: /home/super/f1tenth_ws/install/vesc_msgs/include/vesc_msgs/msg/detail/vesc_imu__type_support.cpp
[2.308s] -- Up-to-date: /home/super/f1tenth_ws/install/vesc_msgs/lib/libvesc_msgs__rosidl_typesupport_introspection_cpp.so
[2.309s] -- Up-to-date: /home/super/f1tenth_ws/install/vesc_msgs/lib/libvesc_msgs__rosidl_typesupport_cpp.so
[2.309s] -- Up-to-date: /home/super/f1tenth_ws/install/vesc_msgs/share/vesc_msgs/environment/pythonpath.sh
[2.309s] -- Up-to-date: /home/super/f1tenth_ws/install/vesc_msgs/share/vesc_msgs/environment/pythonpath.dsv
[2.309s] -- Up-to-date: /home/super/f1tenth_ws/install/vesc_msgs/lib/python3.8/site-packages/vesc_msgs/__init__.py
[2.384s] -- Up-to-date: /home/super/f1tenth_ws/install/vesc_msgs/lib/python3.8/site-packages/vesc_msgs/msg
[2.384s] -- Up-to-date: /home/super/f1tenth_ws/install/vesc_msgs/lib/python3.8/site-packages/vesc_msgs/msg/_vesc_imu_s.c
[2.384s] -- Up-to-date: /home/super/f1tenth_ws/install/vesc_msgs/lib/python3.8/site-packages/vesc_msgs/msg/_vesc_imu_stamped_s.c
[2.385s] -- Up-to-date: /home/super/f1tenth_ws/install/vesc_msgs/lib/python3.8/site-packages/vesc_msgs/msg/_vesc_state_stamped.py
[2.386s] -- Up-to-date: /home/super/f1tenth_ws/install/vesc_msgs/lib/python3.8/site-packages/vesc_msgs/msg/__init__.py
[2.386s] -- Up-to-date: /home/super/f1tenth_ws/install/vesc_msgs/lib/python3.8/site-packages/vesc_msgs/msg/_vesc_state.py
[2.386s] -- Up-to-date: /home/super/f1tenth_ws/install/vesc_msgs/lib/python3.8/site-packages/vesc_msgs/msg/_vesc_imu_stamped.py
[2.386s] -- Up-to-date: /home/super/f1tenth_ws/install/vesc_msgs/lib/python3.8/site-packages/vesc_msgs/msg/_vesc_imu.py
[2.388s] -- Up-to-date: /home/super/f1tenth_ws/install/vesc_msgs/lib/python3.8/site-packages/vesc_msgs/msg/_vesc_state_stamped_s.c
[2.388s] -- Up-to-date: /home/super/f1tenth_ws/install/vesc_msgs/lib/python3.8/site-packages/vesc_msgs/msg/_vesc_state_s.c
[2.395s] -- Up-to-date: /home/super/f1tenth_ws/install/vesc_msgs/lib/python3.8/site-packages/vesc_msgs/vesc_msgs_s__rosidl_typesupport_fastrtps_c.cpython-38-aarch64-linux-gnu.so
[2.395s] -- Up-to-date: /home/super/f1tenth_ws/install/vesc_msgs/lib/python3.8/site-packages/vesc_msgs/vesc_msgs_s__rosidl_typesupport_introspection_c.cpython-38-aarch64-linux-gnu.so
[2.395s] -- Up-to-date: /home/super/f1tenth_ws/install/vesc_msgs/lib/python3.8/site-packages/vesc_msgs/vesc_msgs_s__rosidl_typesupport_c.cpython-38-aarch64-linux-gnu.so
[2.396s] -- Up-to-date: /home/super/f1tenth_ws/install/vesc_msgs/lib/libvesc_msgs__python.so
[2.396s] -- Up-to-date: /home/super/f1tenth_ws/install/vesc_msgs/share/vesc_msgs/msg/VescState.idl
[2.396s] -- Up-to-date: /home/super/f1tenth_ws/install/vesc_msgs/share/vesc_msgs/msg/VescStateStamped.idl
[2.396s] -- Up-to-date: /home/super/f1tenth_ws/install/vesc_msgs/share/vesc_msgs/msg/VescImu.idl
[2.396s] -- Up-to-date: /home/super/f1tenth_ws/install/vesc_msgs/share/vesc_msgs/msg/VescImuStamped.idl
[2.396s] -- Up-to-date: /home/super/f1tenth_ws/install/vesc_msgs/share/vesc_msgs/msg/VescState.msg
[2.397s] -- Up-to-date: /home/super/f1tenth_ws/install/vesc_msgs/share/vesc_msgs/msg/VescStateStamped.msg
[2.397s] -- Up-to-date: /home/super/f1tenth_ws/install/vesc_msgs/share/vesc_msgs/msg/VescImu.msg
[2.397s] -- Up-to-date: /home/super/f1tenth_ws/install/vesc_msgs/share/vesc_msgs/msg/VescImuStamped.msg
[2.397s] -- Up-to-date: /home/super/f1tenth_ws/install/vesc_msgs/share/ament_index/resource_index/package_run_dependencies/vesc_msgs
[2.397s] -- Up-to-date: /home/super/f1tenth_ws/install/vesc_msgs/share/ament_index/resource_index/parent_prefix_path/vesc_msgs
[2.401s] -- Up-to-date: /home/super/f1tenth_ws/install/vesc_msgs/share/vesc_msgs/environment/ament_prefix_path.sh
[2.412s] -- Up-to-date: /home/super/f1tenth_ws/install/vesc_msgs/share/vesc_msgs/environment/ament_prefix_path.dsv
[2.412s] -- Up-to-date: /home/super/f1tenth_ws/install/vesc_msgs/share/vesc_msgs/environment/path.sh
[2.412s] -- Up-to-date: /home/super/f1tenth_ws/install/vesc_msgs/share/vesc_msgs/environment/path.dsv
[2.412s] -- Up-to-date: /home/super/f1tenth_ws/install/vesc_msgs/share/vesc_msgs/local_setup.bash
[2.412s] -- Up-to-date: /home/super/f1tenth_ws/install/vesc_msgs/share/vesc_msgs/local_setup.sh
[2.413s] -- Up-to-date: /home/super/f1tenth_ws/install/vesc_msgs/share/vesc_msgs/local_setup.zsh
[2.413s] -- Up-to-date: /home/super/f1tenth_ws/install/vesc_msgs/share/vesc_msgs/local_setup.dsv
[2.413s] -- Installing: /home/super/f1tenth_ws/install/vesc_msgs/share/vesc_msgs/package.dsv
[2.413s] -- Up-to-date: /home/super/f1tenth_ws/install/vesc_msgs/share/ament_index/resource_index/packages/vesc_msgs
[2.413s] -- Up-to-date: /home/super/f1tenth_ws/install/vesc_msgs/share/vesc_msgs/cmake/vesc_msgs__rosidl_generator_cExport.cmake
[2.413s] -- Up-to-date: /home/super/f1tenth_ws/install/vesc_msgs/share/vesc_msgs/cmake/vesc_msgs__rosidl_generator_cExport-noconfig.cmake
[2.414s] -- Up-to-date: /home/super/f1tenth_ws/install/vesc_msgs/share/vesc_msgs/cmake/vesc_msgs__rosidl_typesupport_introspection_cExport.cmake
[2.414s] -- Up-to-date: /home/super/f1tenth_ws/install/vesc_msgs/share/vesc_msgs/cmake/vesc_msgs__rosidl_typesupport_introspection_cExport-noconfig.cmake
[2.414s] -- Up-to-date: /home/super/f1tenth_ws/install/vesc_msgs/share/vesc_msgs/cmake/vesc_msgs__rosidl_typesupport_cExport.cmake
[2.414s] -- Up-to-date: /home/super/f1tenth_ws/install/vesc_msgs/share/vesc_msgs/cmake/vesc_msgs__rosidl_typesupport_cExport-noconfig.cmake
[2.414s] -- Up-to-date: /home/super/f1tenth_ws/install/vesc_msgs/share/vesc_msgs/cmake/vesc_msgs__rosidl_generator_cppExport.cmake
[2.414s] -- Up-to-date: /home/super/f1tenth_ws/install/vesc_msgs/share/vesc_msgs/cmake/vesc_msgs__rosidl_typesupport_introspection_cppExport.cmake
[2.414s] -- Up-to-date: /home/super/f1tenth_ws/install/vesc_msgs/share/vesc_msgs/cmake/vesc_msgs__rosidl_typesupport_introspection_cppExport-noconfig.cmake
[2.415s] -- Up-to-date: /home/super/f1tenth_ws/install/vesc_msgs/share/vesc_msgs/cmake/vesc_msgs__rosidl_typesupport_cppExport.cmake
[2.415s] -- Up-to-date: /home/super/f1tenth_ws/install/vesc_msgs/share/vesc_msgs/cmake/vesc_msgs__rosidl_typesupport_cppExport-noconfig.cmake
[2.415s] -- Up-to-date: /home/super/f1tenth_ws/install/vesc_msgs/share/vesc_msgs/cmake/rosidl_cmake-extras.cmake
[2.415s] -- Up-to-date: /home/super/f1tenth_ws/install/vesc_msgs/share/vesc_msgs/cmake/ament_cmake_export_dependencies-extras.cmake
[2.415s] -- Up-to-date: /home/super/f1tenth_ws/install/vesc_msgs/share/vesc_msgs/cmake/ament_cmake_export_libraries-extras.cmake
[2.415s] -- Up-to-date: /home/super/f1tenth_ws/install/vesc_msgs/share/vesc_msgs/cmake/ament_cmake_export_targets-extras.cmake
[2.415s] -- Up-to-date: /home/super/f1tenth_ws/install/vesc_msgs/share/vesc_msgs/cmake/ament_cmake_export_include_directories-extras.cmake
[2.416s] -- Up-to-date: /home/super/f1tenth_ws/install/vesc_msgs/share/vesc_msgs/cmake/rosidl_cmake_export_typesupport_libraries-extras.cmake
[2.416s] -- Up-to-date: /home/super/f1tenth_ws/install/vesc_msgs/share/vesc_msgs/cmake/rosidl_cmake_export_typesupport_targets-extras.cmake
[2.416s] -- Up-to-date: /home/super/f1tenth_ws/install/vesc_msgs/share/vesc_msgs/cmake/vesc_msgsConfig.cmake
[2.416s] -- Up-to-date: /home/super/f1tenth_ws/install/vesc_msgs/share/vesc_msgs/cmake/vesc_msgsConfig-version.cmake
[2.416s] -- Up-to-date: /home/super/f1tenth_ws/install/vesc_msgs/share/vesc_msgs/package.xml
[2.416s] Invoked command in '/home/super/f1tenth_ws/build/vesc_msgs' returned '0': CMAKE_PREFIX_PATH=${CMAKE_PREFIX_PATH}:/home/super/f1tenth_ws/install/f1tenth_stack:/home/super/f1tenth_ws/install/joy_teleop:/home/super/f1tenth_ws/install/particle_filter:/home/super/f1tenth_ws/install/mouse_teleop:/home/super/f1tenth_ws/install/key_teleop:/opt/ros/foxy /usr/bin/cmake --install /home/super/f1tenth_ws/build/vesc_msgs
