[2.678s] Invoking command in '/home/super/f1tenth_ws/src/f1tenth_system/teleop_tools/key_teleop': PYTHONPATH=/home/super/f1tenth_ws/build/key_teleop/prefix_override:/home/super/f1tenth_ws/install/key_teleop/lib/python3.8/site-packages:${PYTHONPATH} /usr/bin/python3 -W ignore:setup.py install is deprecated setup.py egg_info --egg-base ../../../../build/key_teleop build --build-base /home/super/f1tenth_ws/build/key_teleop/build install --record /home/super/f1tenth_ws/build/key_teleop/install.log --install-scripts $base/lib/key_teleop --single-version-externally-managed install_data
[3.162s] running egg_info
[3.164s] writing ../../../../build/key_teleop/key_teleop.egg-info/PKG-INFO
[3.166s] writing dependency_links to ../../../../build/key_teleop/key_teleop.egg-info/dependency_links.txt
[3.174s] writing entry points to ../../../../build/key_teleop/key_teleop.egg-info/entry_points.txt
[3.174s] writing requirements to ../../../../build/key_teleop/key_teleop.egg-info/requires.txt
[3.175s] writing top-level names to ../../../../build/key_teleop/key_teleop.egg-info/top_level.txt
[3.246s] reading manifest file '../../../../build/key_teleop/key_teleop.egg-info/SOURCES.txt'
[3.246s] writing manifest file '../../../../build/key_teleop/key_teleop.egg-info/SOURCES.txt'
[3.247s] running build
[3.248s] running build_py
[3.249s] running install
[3.249s] running install_lib
[3.252s] running install_data
[3.253s] running install_egg_info
[3.257s] removing '/home/super/f1tenth_ws/install/key_teleop/lib/python3.8/site-packages/key_teleop-0.3.0-py3.8.egg-info' (and everything under it)
[3.257s] Copying ../../../../build/key_teleop/key_teleop.egg-info to /home/super/f1tenth_ws/install/key_teleop/lib/python3.8/site-packages/key_teleop-0.3.0-py3.8.egg-info
[3.259s] running install_scripts
[3.304s] Installing key_teleop script to /home/super/f1tenth_ws/install/key_teleop/lib/key_teleop
[3.309s] writing list of installed files to '/home/super/f1tenth_ws/build/key_teleop/install.log'
[3.386s] Invoked command in '/home/super/f1tenth_ws/src/f1tenth_system/teleop_tools/key_teleop' returned '0': PYTHONPATH=/home/super/f1tenth_ws/build/key_teleop/prefix_override:/home/super/f1tenth_ws/install/key_teleop/lib/python3.8/site-packages:${PYTHONPATH} /usr/bin/python3 -W ignore:setup.py install is deprecated setup.py egg_info --egg-base ../../../../build/key_teleop build --build-base /home/super/f1tenth_ws/build/key_teleop/build install --record /home/super/f1tenth_ws/build/key_teleop/install.log --install-scripts $base/lib/key_teleop --single-version-externally-managed install_data
