[2.192s] Invoking command in '/home/super/f1tenth_ws/src/f1tenth_system/teleop_tools/key_teleop': PYTHONPATH=/home/super/f1tenth_ws/build/key_teleop/prefix_override:/home/super/f1tenth_ws/install/key_teleop/lib/python3.8/site-packages:${PYTHONPATH} /usr/bin/python3 -W ignore:setup.py install is deprecated setup.py egg_info --egg-base ../../../../build/key_teleop build --build-base /home/super/f1tenth_ws/build/key_teleop/build install --record /home/super/f1tenth_ws/build/key_teleop/install.log --install-scripts $base/lib/key_teleop --single-version-externally-managed install_data
[2.696s] running egg_info
[2.696s] writing ../../../../build/key_teleop/key_teleop.egg-info/PKG-INFO
[2.698s] writing dependency_links to ../../../../build/key_teleop/key_teleop.egg-info/dependency_links.txt
[2.698s] writing entry points to ../../../../build/key_teleop/key_teleop.egg-info/entry_points.txt
[2.699s] writing requirements to ../../../../build/key_teleop/key_teleop.egg-info/requires.txt
[2.700s] writing top-level names to ../../../../build/key_teleop/key_teleop.egg-info/top_level.txt
[2.778s] reading manifest file '../../../../build/key_teleop/key_teleop.egg-info/SOURCES.txt'
[2.778s] writing manifest file '../../../../build/key_teleop/key_teleop.egg-info/SOURCES.txt'
[2.779s] running build
[2.779s] running build_py
[2.779s] running install
[2.780s] running install_lib
[2.783s] running install_data
[2.784s] running install_egg_info
[2.788s] removing '/home/super/f1tenth_ws/install/key_teleop/lib/python3.8/site-packages/key_teleop-0.3.0-py3.8.egg-info' (and everything under it)
[2.789s] Copying ../../../../build/key_teleop/key_teleop.egg-info to /home/super/f1tenth_ws/install/key_teleop/lib/python3.8/site-packages/key_teleop-0.3.0-py3.8.egg-info
[2.792s] running install_scripts
[2.835s] Installing key_teleop script to /home/super/f1tenth_ws/install/key_teleop/lib/key_teleop
[2.836s] writing list of installed files to '/home/super/f1tenth_ws/build/key_teleop/install.log'
[2.946s] Invoked command in '/home/super/f1tenth_ws/src/f1tenth_system/teleop_tools/key_teleop' returned '0': PYTHONPATH=/home/super/f1tenth_ws/build/key_teleop/prefix_override:/home/super/f1tenth_ws/install/key_teleop/lib/python3.8/site-packages:${PYTHONPATH} /usr/bin/python3 -W ignore:setup.py install is deprecated setup.py egg_info --egg-base ../../../../build/key_teleop build --build-base /home/super/f1tenth_ws/build/key_teleop/build install --record /home/super/f1tenth_ws/build/key_teleop/install.log --install-scripts $base/lib/key_teleop --single-version-externally-managed install_data
