[3.703s] Invoking command in '/home/super/f1tenth_ws/src/f1tenth_system/teleop_tools/key_teleop': PYTHONPATH=/home/super/f1tenth_ws/build/key_teleop/prefix_override:/home/super/f1tenth_ws/install/key_teleop/lib/python3.8/site-packages:${PYTHONPATH} /usr/bin/python3 -W ignore:setup.py install is deprecated setup.py egg_info --egg-base ../../../../build/key_teleop build --build-base /home/super/f1tenth_ws/build/key_teleop/build install --record /home/super/f1tenth_ws/build/key_teleop/install.log --install-scripts $base/lib/key_teleop --single-version-externally-managed install_data
[4.545s] running egg_info
[4.546s] writing ../../../../build/key_teleop/key_teleop.egg-info/PKG-INFO
[4.549s] writing dependency_links to ../../../../build/key_teleop/key_teleop.egg-info/dependency_links.txt
[4.549s] writing entry points to ../../../../build/key_teleop/key_teleop.egg-info/entry_points.txt
[4.549s] writing requirements to ../../../../build/key_teleop/key_teleop.egg-info/requires.txt
[4.549s] writing top-level names to ../../../../build/key_teleop/key_teleop.egg-info/top_level.txt
[4.675s] reading manifest file '../../../../build/key_teleop/key_teleop.egg-info/SOURCES.txt'
[4.679s] writing manifest file '../../../../build/key_teleop/key_teleop.egg-info/SOURCES.txt'
[4.680s] running build
[4.680s] running build_py
[4.680s] running install
[4.690s] running install_lib
[4.696s] running install_data
[4.697s] running install_egg_info
[4.703s] removing '/home/super/f1tenth_ws/install/key_teleop/lib/python3.8/site-packages/key_teleop-0.3.0-py3.8.egg-info' (and everything under it)
[4.708s] Copying ../../../../build/key_teleop/key_teleop.egg-info to /home/super/f1tenth_ws/install/key_teleop/lib/python3.8/site-packages/key_teleop-0.3.0-py3.8.egg-info
[4.709s] running install_scripts
[4.773s] Installing key_teleop script to /home/super/f1tenth_ws/install/key_teleop/lib/key_teleop
[4.774s] writing list of installed files to '/home/super/f1tenth_ws/build/key_teleop/install.log'
[4.962s] Invoked command in '/home/super/f1tenth_ws/src/f1tenth_system/teleop_tools/key_teleop' returned '0': PYTHONPATH=/home/super/f1tenth_ws/build/key_teleop/prefix_override:/home/super/f1tenth_ws/install/key_teleop/lib/python3.8/site-packages:${PYTHONPATH} /usr/bin/python3 -W ignore:setup.py install is deprecated setup.py egg_info --egg-base ../../../../build/key_teleop build --build-base /home/super/f1tenth_ws/build/key_teleop/build install --record /home/super/f1tenth_ws/build/key_teleop/install.log --install-scripts $base/lib/key_teleop --single-version-externally-managed install_data
