[1.581s] Invoking command in '/home/super/f1tenth_ws/src/f1tenth_system/f1tenth_stack': AMENT_PREFIX_PATH=/home/super/f1tenth_ws/install/joy_teleop:/home/super/f1tenth_ws/install/pure_pursuit:/home/super/f1tenth_ws/install/particle_filter:/home/super/f1tenth_ws/install/f1tenth_stack:/home/super/f1tenth_ws/install/vesc:/home/super/f1tenth_ws/install/vesc_driver:/home/super/f1tenth_ws/install/vesc_ackermann:/home/super/f1tenth_ws/install/vesc_msgs:/home/super/f1tenth_ws/install/teleop_tools:/home/super/f1tenth_ws/install/teleop_tools_msgs:/home/super/f1tenth_ws/install/mouse_teleop:/home/super/f1tenth_ws/install/key_teleop:/home/super/f1tenth_ws/install/ackermann_mux:/opt/ros/foxy CMAKE_PREFIX_PATH=/home/super/f1tenth_ws/install/vesc:/home/super/f1tenth_ws/install/vesc_driver:/home/super/f1tenth_ws/install/vesc_ackermann:/home/super/f1tenth_ws/install/vesc_msgs:/home/super/f1tenth_ws/install/teleop_tools_msgs:/home/super/f1tenth_ws/install/ackermann_mux:/home/super/f1tenth_ws/install/pure_pursuit:/home/super/f1tenth_ws/install/teleop_tools PYTHONPATH=/home/super/f1tenth_ws/build/f1tenth_stack/prefix_override:/home/super/f1tenth_ws/install/f1tenth_stack/lib/python3.8/site-packages:/home/super/f1tenth_ws/install/joy_teleop/lib/python3.8/site-packages:/home/super/f1tenth_ws/install/vesc_msgs/lib/python3.8/site-packages:/home/super/f1tenth_ws/install/teleop_tools_msgs/lib/python3.8/site-packages:/home/super/f1tenth_ws/install/pure_pursuit/lib/python3.8/site-packages:/home/super/f1tenth_ws/install/particle_filter/lib/python3.8/site-packages:/home/super/f1tenth_ws/install/f1tenth_stack/lib/python3.8/site-packages:/home/super/f1tenth_ws/install/mouse_teleop/lib/python3.8/site-packages:/home/super/f1tenth_ws/install/key_teleop/lib/python3.8/site-packages:/opt/ros/foxy/lib/python3.8/site-packages /usr/bin/python3 -W ignore:setup.py install is deprecated setup.py egg_info --egg-base ../../../build/f1tenth_stack build --build-base /home/super/f1tenth_ws/build/f1tenth_stack/build install --record /home/super/f1tenth_ws/build/f1tenth_stack/install.log --install-scripts $base/lib/f1tenth_stack --single-version-externally-managed install_data
[2.080s] running egg_info
[2.082s] writing ../../../build/f1tenth_stack/f1tenth_stack.egg-info/PKG-INFO
[2.082s] writing dependency_links to ../../../build/f1tenth_stack/f1tenth_stack.egg-info/dependency_links.txt
[2.083s] writing entry points to ../../../build/f1tenth_stack/f1tenth_stack.egg-info/entry_points.txt
[2.083s] writing requirements to ../../../build/f1tenth_stack/f1tenth_stack.egg-info/requires.txt
[2.084s] writing top-level names to ../../../build/f1tenth_stack/f1tenth_stack.egg-info/top_level.txt
[2.180s] reading manifest file '../../../build/f1tenth_stack/f1tenth_stack.egg-info/SOURCES.txt'
[2.186s] writing manifest file '../../../build/f1tenth_stack/f1tenth_stack.egg-info/SOURCES.txt'
[2.186s] running build
[2.186s] running build_py
[2.187s] running install
[2.187s] running install_lib
[2.196s] running install_data
[2.197s] running install_egg_info
[2.201s] removing '/home/super/f1tenth_ws/install/f1tenth_stack/lib/python3.8/site-packages/f1tenth_stack-0.0.1-py3.8.egg-info' (and everything under it)
[2.202s] Copying ../../../build/f1tenth_stack/f1tenth_stack.egg-info to /home/super/f1tenth_ws/install/f1tenth_stack/lib/python3.8/site-packages/f1tenth_stack-0.0.1-py3.8.egg-info
[2.204s] running install_scripts
[2.262s] Installing tf_publisher script to /home/super/f1tenth_ws/install/f1tenth_stack/lib/f1tenth_stack
[2.263s] Installing throttle_interpolator script to /home/super/f1tenth_ws/install/f1tenth_stack/lib/f1tenth_stack
[2.263s] writing list of installed files to '/home/super/f1tenth_ws/build/f1tenth_stack/install.log'
[2.346s] Invoked command in '/home/super/f1tenth_ws/src/f1tenth_system/f1tenth_stack' returned '0': AMENT_PREFIX_PATH=/home/super/f1tenth_ws/install/joy_teleop:/home/super/f1tenth_ws/install/pure_pursuit:/home/super/f1tenth_ws/install/particle_filter:/home/super/f1tenth_ws/install/f1tenth_stack:/home/super/f1tenth_ws/install/vesc:/home/super/f1tenth_ws/install/vesc_driver:/home/super/f1tenth_ws/install/vesc_ackermann:/home/super/f1tenth_ws/install/vesc_msgs:/home/super/f1tenth_ws/install/teleop_tools:/home/super/f1tenth_ws/install/teleop_tools_msgs:/home/super/f1tenth_ws/install/mouse_teleop:/home/super/f1tenth_ws/install/key_teleop:/home/super/f1tenth_ws/install/ackermann_mux:/opt/ros/foxy CMAKE_PREFIX_PATH=/home/super/f1tenth_ws/install/vesc:/home/super/f1tenth_ws/install/vesc_driver:/home/super/f1tenth_ws/install/vesc_ackermann:/home/super/f1tenth_ws/install/vesc_msgs:/home/super/f1tenth_ws/install/teleop_tools_msgs:/home/super/f1tenth_ws/install/ackermann_mux:/home/super/f1tenth_ws/install/pure_pursuit:/home/super/f1tenth_ws/install/teleop_tools PYTHONPATH=/home/super/f1tenth_ws/build/f1tenth_stack/prefix_override:/home/super/f1tenth_ws/install/f1tenth_stack/lib/python3.8/site-packages:/home/super/f1tenth_ws/install/joy_teleop/lib/python3.8/site-packages:/home/super/f1tenth_ws/install/vesc_msgs/lib/python3.8/site-packages:/home/super/f1tenth_ws/install/teleop_tools_msgs/lib/python3.8/site-packages:/home/super/f1tenth_ws/install/pure_pursuit/lib/python3.8/site-packages:/home/super/f1tenth_ws/install/particle_filter/lib/python3.8/site-packages:/home/super/f1tenth_ws/install/f1tenth_stack/lib/python3.8/site-packages:/home/super/f1tenth_ws/install/mouse_teleop/lib/python3.8/site-packages:/home/super/f1tenth_ws/install/key_teleop/lib/python3.8/site-packages:/opt/ros/foxy/lib/python3.8/site-packages /usr/bin/python3 -W ignore:setup.py install is deprecated setup.py egg_info --egg-base ../../../build/f1tenth_stack build --build-base /home/super/f1tenth_ws/build/f1tenth_stack/build install --record /home/super/f1tenth_ws/build/f1tenth_stack/install.log --install-scripts $base/lib/f1tenth_stack --single-version-externally-managed install_data
