[0.088s] Invoking command in '/home/super/f1tenth_ws/build/vesc_driver': AMENT_PREFIX_PATH=/home/super/f1tenth_ws/install/vesc_msgs:${AMENT_PREFIX_PATH} CMAKE_PREFIX_PATH=/home/super/f1tenth_ws/install/vesc_msgs:/opt/ros/foxy LD_LIBRARY_PATH=/home/super/f1tenth_ws/install/vesc_msgs/lib:${LD_LIBRARY_PATH} PYTHONPATH=/home/super/f1tenth_ws/install/vesc_msgs/lib/python3.8/site-packages:${PYTHONPATH} /usr/bin/cmake /home/super/f1tenth_ws/src/f1tenth_system/vesc/vesc_driver -DCMAKE_INSTALL_PREFIX=/home/super/f1tenth_ws/install/vesc_driver
[0.328s] -- The C compiler identification is GNU 9.4.0
[0.539s] -- The CXX compiler identification is GNU 9.4.0
[0.548s] -- Check for working C compiler: /usr/bin/cc
[0.813s] -- Check for working C compiler: /usr/bin/cc -- works
[0.822s] -- Detecting C compiler ABI info
[1.341s] -- Detecting C compiler ABI info - done
[1.363s] -- Detecting C compile features
[1.364s] -- Detecting C compile features - done
[1.376s] -- Check for working CXX compiler: /usr/bin/c++
[1.633s] -- Check for working CXX compiler: /usr/bin/c++ -- works
[1.637s] -- Detecting CXX compiler ABI info
[1.897s] -- Detecting CXX compiler ABI info - done
[1.918s] -- Detecting CXX compile features
[1.919s] -- Detecting CXX compile features - done
[1.923s] -- Found ament_cmake_auto: 0.9.12 (/opt/ros/foxy/share/ament_cmake_auto/cmake)
[1.985s] -- Found PythonInterp: /usr/bin/python3 (found suitable version "3.8.10", minimum required is "3") 
[1.986s] -- Using PYTHON_EXECUTABLE: /usr/bin/python3
[2.799s] -- Using all available rosidl_typesupport_c: rosidl_typesupport_fastrtps_c;rosidl_typesupport_introspection_c
[2.811s] -- Found rosidl_adapter: 1.3.1 (/opt/ros/foxy/share/rosidl_adapter/cmake)
[2.977s] -- Found OpenSSL: /usr/lib/aarch64-linux-gnu/libcrypto.so (found version "1.1.1f")  
[3.035s] -- Found FastRTPS: /opt/ros/foxy/include  
[3.187s] -- Using all available rosidl_typesupport_cpp: rosidl_typesupport_fastrtps_cpp;rosidl_typesupport_introspection_cpp
[3.517s] -- Found rmw_implementation_cmake: 1.0.4 (/opt/ros/foxy/share/rmw_implementation_cmake/cmake)
[3.520s] -- Using RMW implementation 'rmw_fastrtps_cpp' as default
[3.522s] -- Looking for pthread.h
[3.770s] -- Looking for pthread.h - found
[3.771s] -- Performing Test CMAKE_HAVE_LIBC_PTHREAD
[4.177s] -- Performing Test CMAKE_HAVE_LIBC_PTHREAD - Failed
[4.177s] -- Looking for pthread_create in pthreads
[4.536s] -- Looking for pthread_create in pthreads - not found
[4.536s] -- Looking for pthread_create in pthread
[4.784s] -- Looking for pthread_create in pthread - found
[4.786s] -- Found Threads: TRUE  
[7.938s] -- Found ament_lint_auto: 0.9.8 (/opt/ros/foxy/share/ament_lint_auto/cmake)
[7.974s] -- Added test 'copyright' to check source files copyright and LICENSE
[7.977s] -- Added test 'cppcheck' to perform static code analysis on C / C++ code
[7.978s] -- Configured cppcheck include dirs: /home/super/f1tenth_ws/src/f1tenth_system/vesc/vesc_driver/include
[7.978s] -- Configured cppcheck exclude dirs and/or files: 
[7.981s] -- Added test 'cpplint' to check C / C++ code against the Google style
[7.981s] -- Configured cpplint exclude dirs and/or files: 
[7.982s] -- Added test 'flake8' to check Python code syntax and style conventions
[7.983s] -- Added test 'lint_cmake' to check CMake code style
[7.984s] -- Added test 'pep257' to check Python code against some of the style conventions in PEP 257
[7.987s] -- Added test 'uncrustify' to check C / C++ code style
[7.987s] -- Configured uncrustify additional arguments: 
[7.988s] -- Added test 'xmllint' to check XML markup files
[8.002s] -- Configuring done
[8.274s] -- Generating done
[8.278s] -- Build files have been written to: /home/super/f1tenth_ws/build/vesc_driver
[8.319s] Invoked command in '/home/super/f1tenth_ws/build/vesc_driver' returned '0': AMENT_PREFIX_PATH=/home/super/f1tenth_ws/install/vesc_msgs:${AMENT_PREFIX_PATH} CMAKE_PREFIX_PATH=/home/super/f1tenth_ws/install/vesc_msgs:/opt/ros/foxy LD_LIBRARY_PATH=/home/super/f1tenth_ws/install/vesc_msgs/lib:${LD_LIBRARY_PATH} PYTHONPATH=/home/super/f1tenth_ws/install/vesc_msgs/lib/python3.8/site-packages:${PYTHONPATH} /usr/bin/cmake /home/super/f1tenth_ws/src/f1tenth_system/vesc/vesc_driver -DCMAKE_INSTALL_PREFIX=/home/super/f1tenth_ws/install/vesc_driver
[8.326s] Invoking command in '/home/super/f1tenth_ws/build/vesc_driver': AMENT_PREFIX_PATH=/home/super/f1tenth_ws/install/vesc_msgs:${AMENT_PREFIX_PATH} CMAKE_PREFIX_PATH=/home/super/f1tenth_ws/install/vesc_msgs:/opt/ros/foxy LD_LIBRARY_PATH=/home/super/f1tenth_ws/install/vesc_msgs/lib:${LD_LIBRARY_PATH} PYTHONPATH=/home/super/f1tenth_ws/install/vesc_msgs/lib/python3.8/site-packages:${PYTHONPATH} /usr/bin/cmake --build /home/super/f1tenth_ws/build/vesc_driver -- -j6 -l6
[8.459s] [35m[1mScanning dependencies of target vesc_driver[0m
[8.469s] [35m[1mScanning dependencies of target vesc_driver_node[0m
[8.550s] [ 10%] [32mBuilding CXX object CMakeFiles/vesc_driver_node.dir/rclcpp_components/node_main_vesc_driver_node.cpp.o[0m
[8.942s] [ 20%] [32mBuilding CXX object CMakeFiles/vesc_driver.dir/src/vesc_interface.cpp.o[0m
[8.943s] [ 30%] [32mBuilding CXX object CMakeFiles/vesc_driver.dir/src/vesc_driver.cpp.o[0m
[8.989s] [ 40%] [32mBuilding CXX object CMakeFiles/vesc_driver.dir/src/vesc_packet_factory.cpp.o[0m
[9.015s] [ 50%] [32mBuilding CXX object CMakeFiles/vesc_driver.dir/src/vesc_packet.cpp.o[0m
[16.906s] [ 60%] [32m[1mLinking CXX executable vesc_driver_node[0m
[17.358s] [ 60%] Built target vesc_driver_node
[27.694s] [ 70%] [32m[1mLinking CXX shared library libvesc_driver.so[0m
[29.145s] [ 70%] Built target vesc_driver
[29.169s] [35m[1mScanning dependencies of target vesc_device_namer[0m
[29.333s] [ 90%] [32mBuilding CXX object CMakeFiles/vesc_device_namer.dir/src/vesc_device_uuid_lookup.cpp.o[0m
[29.333s] [ 90%] [32mBuilding CXX object CMakeFiles/vesc_device_namer.dir/src/vesc_device_namer.cpp.o[0m
[30.694s] [100%] [32m[1mLinking CXX executable vesc_device_namer[0m
[31.185s] [100%] Built target vesc_device_namer
[31.352s] Invoked command in '/home/super/f1tenth_ws/build/vesc_driver' returned '0': AMENT_PREFIX_PATH=/home/super/f1tenth_ws/install/vesc_msgs:${AMENT_PREFIX_PATH} CMAKE_PREFIX_PATH=/home/super/f1tenth_ws/install/vesc_msgs:/opt/ros/foxy LD_LIBRARY_PATH=/home/super/f1tenth_ws/install/vesc_msgs/lib:${LD_LIBRARY_PATH} PYTHONPATH=/home/super/f1tenth_ws/install/vesc_msgs/lib/python3.8/site-packages:${PYTHONPATH} /usr/bin/cmake --build /home/super/f1tenth_ws/build/vesc_driver -- -j6 -l6
[31.422s] Invoking command in '/home/super/f1tenth_ws/build/vesc_driver': AMENT_PREFIX_PATH=/home/super/f1tenth_ws/install/vesc_msgs:${AMENT_PREFIX_PATH} CMAKE_PREFIX_PATH=/home/super/f1tenth_ws/install/vesc_msgs:/opt/ros/foxy LD_LIBRARY_PATH=/home/super/f1tenth_ws/install/vesc_msgs/lib:${LD_LIBRARY_PATH} PYTHONPATH=/home/super/f1tenth_ws/install/vesc_msgs/lib/python3.8/site-packages:${PYTHONPATH} /usr/bin/cmake --install /home/super/f1tenth_ws/build/vesc_driver
[31.447s] -- Install configuration: ""
[31.447s] -- Installing: /home/super/f1tenth_ws/install/vesc_driver/lib/vesc_driver/vesc_driver_node
[31.448s] -- Set runtime path of "/home/super/f1tenth_ws/install/vesc_driver/lib/vesc_driver/vesc_driver_node" to ""
[31.448s] -- Installing: /home/super/f1tenth_ws/install/vesc_driver/include
[31.448s] -- Installing: /home/super/f1tenth_ws/install/vesc_driver/include/vesc_driver
[31.448s] -- Installing: /home/super/f1tenth_ws/install/vesc_driver/include/vesc_driver/vesc_packet.hpp
[31.449s] -- Installing: /home/super/f1tenth_ws/install/vesc_driver/include/vesc_driver/datatypes.hpp
[31.449s] -- Installing: /home/super/f1tenth_ws/install/vesc_driver/include/vesc_driver/vesc_device_uuid_lookup.hpp
[31.449s] -- Installing: /home/super/f1tenth_ws/install/vesc_driver/include/vesc_driver/vesc_packet_factory.hpp
[31.449s] -- Installing: /home/super/f1tenth_ws/install/vesc_driver/include/vesc_driver/vesc_interface.hpp
[31.450s] -- Installing: /home/super/f1tenth_ws/install/vesc_driver/include/vesc_driver/crc.hpp
[31.450s] -- Installing: /home/super/f1tenth_ws/install/vesc_driver/include/vesc_driver/vesc_driver.hpp
[31.450s] -- Installing: /home/super/f1tenth_ws/install/vesc_driver/share/vesc_driver/environment/library_path.sh
[31.450s] -- Installing: /home/super/f1tenth_ws/install/vesc_driver/share/vesc_driver/environment/library_path.dsv
[31.451s] -- Installing: /home/super/f1tenth_ws/install/vesc_driver/lib/libvesc_driver.so
[31.460s] -- Set runtime path of "/home/super/f1tenth_ws/install/vesc_driver/lib/libvesc_driver.so" to ""
[31.461s] -- Installing: /home/super/f1tenth_ws/install/vesc_driver/lib/vesc_driver/vesc_device_namer
[31.461s] -- Set runtime path of "/home/super/f1tenth_ws/install/vesc_driver/lib/vesc_driver/vesc_device_namer" to ""
[31.462s] -- Installing: /home/super/f1tenth_ws/install/vesc_driver/share/vesc_driver/launch
[31.462s] -- Installing: /home/super/f1tenth_ws/install/vesc_driver/share/vesc_driver/launch/vesc_driver_node.launch.py
[31.622s] -- Installing: /home/super/f1tenth_ws/install/vesc_driver/share/vesc_driver/params
[31.622s] -- Installing: /home/super/f1tenth_ws/install/vesc_driver/share/vesc_driver/params/vesc_config.yaml
[31.622s] -- Installing: /home/super/f1tenth_ws/install/vesc_driver/share/ament_index/resource_index/package_run_dependencies/vesc_driver
[31.623s] -- Installing: /home/super/f1tenth_ws/install/vesc_driver/share/ament_index/resource_index/parent_prefix_path/vesc_driver
[31.623s] -- Installing: /home/super/f1tenth_ws/install/vesc_driver/share/vesc_driver/environment/ament_prefix_path.sh
[31.623s] -- Installing: /home/super/f1tenth_ws/install/vesc_driver/share/vesc_driver/environment/ament_prefix_path.dsv
[31.624s] -- Installing: /home/super/f1tenth_ws/install/vesc_driver/share/vesc_driver/environment/path.sh
[31.624s] -- Installing: /home/super/f1tenth_ws/install/vesc_driver/share/vesc_driver/environment/path.dsv
[31.624s] -- Installing: /home/super/f1tenth_ws/install/vesc_driver/share/vesc_driver/local_setup.bash
[31.625s] -- Installing: /home/super/f1tenth_ws/install/vesc_driver/share/vesc_driver/local_setup.sh
[31.625s] -- Installing: /home/super/f1tenth_ws/install/vesc_driver/share/vesc_driver/local_setup.zsh
[31.625s] -- Installing: /home/super/f1tenth_ws/install/vesc_driver/share/vesc_driver/local_setup.dsv
[31.625s] -- Installing: /home/super/f1tenth_ws/install/vesc_driver/share/vesc_driver/package.dsv
[31.626s] -- Installing: /home/super/f1tenth_ws/install/vesc_driver/share/ament_index/resource_index/packages/vesc_driver
[31.626s] -- Installing: /home/super/f1tenth_ws/install/vesc_driver/share/ament_index/resource_index/rclcpp_components/vesc_driver
[31.626s] -- Installing: /home/super/f1tenth_ws/install/vesc_driver/share/vesc_driver/cmake/ament_cmake_export_dependencies-extras.cmake
[31.627s] -- Installing: /home/super/f1tenth_ws/install/vesc_driver/share/vesc_driver/cmake/ament_cmake_export_include_directories-extras.cmake
[31.627s] -- Installing: /home/super/f1tenth_ws/install/vesc_driver/share/vesc_driver/cmake/ament_cmake_export_libraries-extras.cmake
[31.627s] -- Installing: /home/super/f1tenth_ws/install/vesc_driver/share/vesc_driver/cmake/vesc_driverConfig.cmake
[31.628s] -- Installing: /home/super/f1tenth_ws/install/vesc_driver/share/vesc_driver/cmake/vesc_driverConfig-version.cmake
[31.628s] -- Installing: /home/super/f1tenth_ws/install/vesc_driver/share/vesc_driver/package.xml
[31.635s] Invoked command in '/home/super/f1tenth_ws/build/vesc_driver' returned '0': AMENT_PREFIX_PATH=/home/super/f1tenth_ws/install/vesc_msgs:${AMENT_PREFIX_PATH} CMAKE_PREFIX_PATH=/home/super/f1tenth_ws/install/vesc_msgs:/opt/ros/foxy LD_LIBRARY_PATH=/home/super/f1tenth_ws/install/vesc_msgs/lib:${LD_LIBRARY_PATH} PYTHONPATH=/home/super/f1tenth_ws/install/vesc_msgs/lib/python3.8/site-packages:${PYTHONPATH} /usr/bin/cmake --install /home/super/f1tenth_ws/build/vesc_driver
