[0.644s] Invoking command in '/home/super/f1tenth_ws/build/vesc_msgs': CMAKE_PREFIX_PATH=${CMAKE_PREFIX_PATH}:/home/super/f1tenth_ws/install/f1tenth_stack:/home/super/f1tenth_ws/install/joy_teleop:/home/super/f1tenth_ws/install/particle_filter:/home/super/f1tenth_ws/install/mouse_teleop:/home/super/f1tenth_ws/install/key_teleop:/opt/ros/foxy /usr/bin/cmake --build /home/super/f1tenth_ws/build/vesc_msgs -- -j6 -l6
[2.580s] [  1%] Built target vesc_msgs__cpp
[2.581s] [ 12%] Built target vesc_msgs__rosidl_generator_c
[2.582s] [ 23%] Built target vesc_msgs__rosidl_typesupport_introspection_cpp
[2.582s] [ 45%] Built target vesc_msgs__rosidl_typesupport_cpp
[2.583s] [ 56%] Built target vesc_msgs__rosidl_typesupport_introspection_c
[2.583s] [ 56%] Built target vesc_msgs__rosidl_typesupport_fastrtps_cpp
[2.584s] [ 67%] Built target vesc_msgs__rosidl_typesupport_c
[2.585s] [ 78%] Built target vesc_msgs__rosidl_typesupport_fastrtps_c
[2.585s] [ 78%] Built target vesc_msgs
[2.791s] [ 80%] Built target vesc_msgs__py
[2.902s] [ 89%] Built target vesc_msgs__python
[3.046s] [ 92%] Built target vesc_msgs__rosidl_typesupport_c__pyext
[3.201s] [ 96%] Built target vesc_msgs__rosidl_typesupport_fastrtps_c__pyext
[3.230s] [100%] Built target vesc_msgs__rosidl_typesupport_introspection_c__pyext
[3.281s] Invoked command in '/home/super/f1tenth_ws/build/vesc_msgs' returned '0': CMAKE_PREFIX_PATH=${CMAKE_PREFIX_PATH}:/home/super/f1tenth_ws/install/f1tenth_stack:/home/super/f1tenth_ws/install/joy_teleop:/home/super/f1tenth_ws/install/particle_filter:/home/super/f1tenth_ws/install/mouse_teleop:/home/super/f1tenth_ws/install/key_teleop:/opt/ros/foxy /usr/bin/cmake --build /home/super/f1tenth_ws/build/vesc_msgs -- -j6 -l6
[3.589s] Invoking command in '/home/super/f1tenth_ws/build/vesc_msgs': CMAKE_PREFIX_PATH=${CMAKE_PREFIX_PATH}:/home/super/f1tenth_ws/install/f1tenth_stack:/home/super/f1tenth_ws/install/joy_teleop:/home/super/f1tenth_ws/install/particle_filter:/home/super/f1tenth_ws/install/mouse_teleop:/home/super/f1tenth_ws/install/key_teleop:/opt/ros/foxy /usr/bin/cmake --install /home/super/f1tenth_ws/build/vesc_msgs
[3.696s] -- Install configuration: ""
[3.696s] -- Up-to-date: /home/super/f1tenth_ws/install/vesc_msgs/share/ament_index/resource_index/rosidl_interfaces/vesc_msgs
[3.696s] -- Up-to-date: /home/super/f1tenth_ws/install/vesc_msgs/include/vesc_msgs
[3.697s] -- Up-to-date: /home/super/f1tenth_ws/install/vesc_msgs/include/vesc_msgs/msg
[3.697s] -- Up-to-date: /home/super/f1tenth_ws/install/vesc_msgs/include/vesc_msgs/msg/rosidl_generator_c__visibility_control.h
[3.697s] -- Up-to-date: /home/super/f1tenth_ws/install/vesc_msgs/include/vesc_msgs/msg/vesc_imu_stamped.h
[3.697s] -- Up-to-date: /home/super/f1tenth_ws/install/vesc_msgs/include/vesc_msgs/msg/vesc_imu.h
[3.697s] -- Up-to-date: /home/super/f1tenth_ws/install/vesc_msgs/include/vesc_msgs/msg/detail
[3.697s] -- Up-to-date: /home/super/f1tenth_ws/install/vesc_msgs/include/vesc_msgs/msg/detail/vesc_imu__type_support.h
[3.697s] -- Up-to-date: /home/super/f1tenth_ws/install/vesc_msgs/include/vesc_msgs/msg/detail/vesc_state__type_support.h
[3.698s] -- Up-to-date: /home/super/f1tenth_ws/install/vesc_msgs/include/vesc_msgs/msg/detail/vesc_state__struct.h
[3.698s] -- Up-to-date: /home/super/f1tenth_ws/install/vesc_msgs/include/vesc_msgs/msg/detail/vesc_imu__struct.h
[3.698s] -- Up-to-date: /home/super/f1tenth_ws/install/vesc_msgs/include/vesc_msgs/msg/detail/vesc_state_stamped__type_support.h
[3.698s] -- Up-to-date: /home/super/f1tenth_ws/install/vesc_msgs/include/vesc_msgs/msg/detail/vesc_state_stamped__functions.h
[3.698s] -- Up-to-date: /home/super/f1tenth_ws/install/vesc_msgs/include/vesc_msgs/msg/detail/vesc_state__functions.c
[3.698s] -- Up-to-date: /home/super/f1tenth_ws/install/vesc_msgs/include/vesc_msgs/msg/detail/vesc_imu_stamped__struct.h
[3.698s] -- Up-to-date: /home/super/f1tenth_ws/install/vesc_msgs/include/vesc_msgs/msg/detail/vesc_imu_stamped__type_support.h
[3.699s] -- Up-to-date: /home/super/f1tenth_ws/install/vesc_msgs/include/vesc_msgs/msg/detail/vesc_state_stamped__functions.c
[3.699s] -- Up-to-date: /home/super/f1tenth_ws/install/vesc_msgs/include/vesc_msgs/msg/detail/vesc_imu__functions.c
[3.699s] -- Up-to-date: /home/super/f1tenth_ws/install/vesc_msgs/include/vesc_msgs/msg/detail/vesc_state__functions.h
[3.699s] -- Up-to-date: /home/super/f1tenth_ws/install/vesc_msgs/include/vesc_msgs/msg/detail/vesc_imu_stamped__functions.h
[3.700s] -- Up-to-date: /home/super/f1tenth_ws/install/vesc_msgs/include/vesc_msgs/msg/detail/vesc_imu__functions.h
[3.700s] -- Up-to-date: /home/super/f1tenth_ws/install/vesc_msgs/include/vesc_msgs/msg/detail/vesc_imu_stamped__functions.c
[3.700s] -- Up-to-date: /home/super/f1tenth_ws/install/vesc_msgs/include/vesc_msgs/msg/detail/vesc_state_stamped__struct.h
[3.700s] -- Up-to-date: /home/super/f1tenth_ws/install/vesc_msgs/include/vesc_msgs/msg/vesc_state.h
[3.700s] -- Up-to-date: /home/super/f1tenth_ws/install/vesc_msgs/include/vesc_msgs/msg/vesc_state_stamped.h
[3.701s] -- Up-to-date: /home/super/f1tenth_ws/install/vesc_msgs/share/vesc_msgs/environment/library_path.sh
[3.701s] -- Up-to-date: /home/super/f1tenth_ws/install/vesc_msgs/share/vesc_msgs/environment/library_path.dsv
[3.701s] -- Up-to-date: /home/super/f1tenth_ws/install/vesc_msgs/lib/libvesc_msgs__rosidl_generator_c.so
[3.701s] -- Up-to-date: /home/super/f1tenth_ws/install/vesc_msgs/include/vesc_msgs
[3.702s] -- Up-to-date: /home/super/f1tenth_ws/install/vesc_msgs/include/vesc_msgs/msg
[3.702s] -- Up-to-date: /home/super/f1tenth_ws/install/vesc_msgs/include/vesc_msgs/msg/detail
[3.702s] -- Up-to-date: /home/super/f1tenth_ws/install/vesc_msgs/include/vesc_msgs/msg/detail/vesc_imu__rosidl_typesupport_fastrtps_c.h
[3.704s] -- Up-to-date: /home/super/f1tenth_ws/install/vesc_msgs/include/vesc_msgs/msg/detail/vesc_state_stamped__rosidl_typesupport_fastrtps_c.h
[3.704s] -- Up-to-date: /home/super/f1tenth_ws/install/vesc_msgs/include/vesc_msgs/msg/detail/vesc_state__rosidl_typesupport_fastrtps_c.h
[3.704s] -- Up-to-date: /home/super/f1tenth_ws/install/vesc_msgs/include/vesc_msgs/msg/detail/vesc_imu_stamped__rosidl_typesupport_fastrtps_c.h
[3.704s] -- Up-to-date: /home/super/f1tenth_ws/install/vesc_msgs/include/vesc_msgs/msg/rosidl_typesupport_fastrtps_c__visibility_control.h
[3.705s] -- Up-to-date: /home/super/f1tenth_ws/install/vesc_msgs/lib/libvesc_msgs__rosidl_typesupport_fastrtps_c.so
[3.706s] -- Up-to-date: /home/super/f1tenth_ws/install/vesc_msgs/include/vesc_msgs
[3.706s] -- Up-to-date: /home/super/f1tenth_ws/install/vesc_msgs/include/vesc_msgs/msg
[3.707s] -- Up-to-date: /home/super/f1tenth_ws/install/vesc_msgs/include/vesc_msgs/msg/detail
[3.707s] -- Up-to-date: /home/super/f1tenth_ws/install/vesc_msgs/include/vesc_msgs/msg/detail/vesc_state__rosidl_typesupport_fastrtps_cpp.hpp
[3.708s] -- Up-to-date: /home/super/f1tenth_ws/install/vesc_msgs/include/vesc_msgs/msg/detail/vesc_imu__rosidl_typesupport_fastrtps_cpp.hpp
[3.709s] -- Up-to-date: /home/super/f1tenth_ws/install/vesc_msgs/include/vesc_msgs/msg/detail/dds_fastrtps
[3.711s] -- Up-to-date: /home/super/f1tenth_ws/install/vesc_msgs/include/vesc_msgs/msg/detail/vesc_imu_stamped__rosidl_typesupport_fastrtps_cpp.hpp
[3.711s] -- Up-to-date: /home/super/f1tenth_ws/install/vesc_msgs/include/vesc_msgs/msg/detail/vesc_state_stamped__rosidl_typesupport_fastrtps_cpp.hpp
[3.712s] -- Up-to-date: /home/super/f1tenth_ws/install/vesc_msgs/include/vesc_msgs/msg/rosidl_typesupport_fastrtps_cpp__visibility_control.h
[3.723s] -- Up-to-date: /home/super/f1tenth_ws/install/vesc_msgs/lib/libvesc_msgs__rosidl_typesupport_fastrtps_cpp.so
[3.724s] -- Up-to-date: /home/super/f1tenth_ws/install/vesc_msgs/include/vesc_msgs
[3.725s] -- Up-to-date: /home/super/f1tenth_ws/install/vesc_msgs/include/vesc_msgs/msg
[3.725s] -- Up-to-date: /home/super/f1tenth_ws/install/vesc_msgs/include/vesc_msgs/msg/rosidl_typesupport_introspection_c__visibility_control.h
[3.725s] -- Up-to-date: /home/super/f1tenth_ws/install/vesc_msgs/include/vesc_msgs/msg/detail
[3.726s] -- Up-to-date: /home/super/f1tenth_ws/install/vesc_msgs/include/vesc_msgs/msg/detail/vesc_state_stamped__type_support.c
[3.726s] -- Up-to-date: /home/super/f1tenth_ws/install/vesc_msgs/include/vesc_msgs/msg/detail/vesc_state__rosidl_typesupport_introspection_c.h
[3.727s] -- Up-to-date: /home/super/f1tenth_ws/install/vesc_msgs/include/vesc_msgs/msg/detail/vesc_state__type_support.c
[3.727s] -- Up-to-date: /home/super/f1tenth_ws/install/vesc_msgs/include/vesc_msgs/msg/detail/vesc_imu_stamped__rosidl_typesupport_introspection_c.h
[3.727s] -- Up-to-date: /home/super/f1tenth_ws/install/vesc_msgs/include/vesc_msgs/msg/detail/vesc_imu__rosidl_typesupport_introspection_c.h
[3.727s] -- Up-to-date: /home/super/f1tenth_ws/install/vesc_msgs/include/vesc_msgs/msg/detail/vesc_state_stamped__rosidl_typesupport_introspection_c.h
[3.727s] -- Up-to-date: /home/super/f1tenth_ws/install/vesc_msgs/include/vesc_msgs/msg/detail/vesc_imu__type_support.c
[3.728s] -- Up-to-date: /home/super/f1tenth_ws/install/vesc_msgs/include/vesc_msgs/msg/detail/vesc_imu_stamped__type_support.c
[3.729s] -- Up-to-date: /home/super/f1tenth_ws/install/vesc_msgs/lib/libvesc_msgs__rosidl_typesupport_introspection_c.so
[3.732s] -- Up-to-date: /home/super/f1tenth_ws/install/vesc_msgs/lib/libvesc_msgs__rosidl_typesupport_c.so
[3.733s] -- Up-to-date: /home/super/f1tenth_ws/install/vesc_msgs/include/vesc_msgs
[3.734s] -- Up-to-date: /home/super/f1tenth_ws/install/vesc_msgs/include/vesc_msgs/msg
[3.734s] -- Up-to-date: /home/super/f1tenth_ws/install/vesc_msgs/include/vesc_msgs/msg/vesc_state.hpp
[3.734s] -- Up-to-date: /home/super/f1tenth_ws/install/vesc_msgs/include/vesc_msgs/msg/vesc_imu.hpp
[3.734s] -- Up-to-date: /home/super/f1tenth_ws/install/vesc_msgs/include/vesc_msgs/msg/vesc_state_stamped.hpp
[3.734s] -- Up-to-date: /home/super/f1tenth_ws/install/vesc_msgs/include/vesc_msgs/msg/vesc_imu_stamped.hpp
[3.734s] -- Up-to-date: /home/super/f1tenth_ws/install/vesc_msgs/include/vesc_msgs/msg/detail
[3.734s] -- Up-to-date: /home/super/f1tenth_ws/install/vesc_msgs/include/vesc_msgs/msg/detail/vesc_state__type_support.hpp
[3.735s] -- Up-to-date: /home/super/f1tenth_ws/install/vesc_msgs/include/vesc_msgs/msg/detail/vesc_state__builder.hpp
[3.735s] -- Up-to-date: /home/super/f1tenth_ws/install/vesc_msgs/include/vesc_msgs/msg/detail/vesc_state__traits.hpp
[3.735s] -- Up-to-date: /home/super/f1tenth_ws/install/vesc_msgs/include/vesc_msgs/msg/detail/vesc_imu_stamped__type_support.hpp
[3.735s] -- Up-to-date: /home/super/f1tenth_ws/install/vesc_msgs/include/vesc_msgs/msg/detail/vesc_imu_stamped__struct.hpp
[3.735s] -- Up-to-date: /home/super/f1tenth_ws/install/vesc_msgs/include/vesc_msgs/msg/detail/vesc_imu_stamped__traits.hpp
[3.735s] -- Up-to-date: /home/super/f1tenth_ws/install/vesc_msgs/include/vesc_msgs/msg/detail/vesc_imu__builder.hpp
[3.735s] -- Up-to-date: /home/super/f1tenth_ws/install/vesc_msgs/include/vesc_msgs/msg/detail/vesc_state_stamped__traits.hpp
[3.736s] -- Up-to-date: /home/super/f1tenth_ws/install/vesc_msgs/include/vesc_msgs/msg/detail/vesc_state_stamped__builder.hpp
[3.736s] -- Up-to-date: /home/super/f1tenth_ws/install/vesc_msgs/include/vesc_msgs/msg/detail/vesc_imu_stamped__builder.hpp
[3.736s] -- Up-to-date: /home/super/f1tenth_ws/install/vesc_msgs/include/vesc_msgs/msg/detail/vesc_imu__traits.hpp
[3.736s] -- Up-to-date: /home/super/f1tenth_ws/install/vesc_msgs/include/vesc_msgs/msg/detail/vesc_state_stamped__type_support.hpp
[3.736s] -- Up-to-date: /home/super/f1tenth_ws/install/vesc_msgs/include/vesc_msgs/msg/detail/vesc_state_stamped__struct.hpp
[3.736s] -- Up-to-date: /home/super/f1tenth_ws/install/vesc_msgs/include/vesc_msgs/msg/detail/vesc_state__struct.hpp
[3.736s] -- Up-to-date: /home/super/f1tenth_ws/install/vesc_msgs/include/vesc_msgs/msg/detail/vesc_imu__type_support.hpp
[3.741s] -- Up-to-date: /home/super/f1tenth_ws/install/vesc_msgs/include/vesc_msgs/msg/detail/vesc_imu__struct.hpp
[3.741s] -- Up-to-date: /home/super/f1tenth_ws/install/vesc_msgs/include/vesc_msgs/msg/rosidl_generator_cpp__visibility_control.hpp
[3.743s] -- Up-to-date: /home/super/f1tenth_ws/install/vesc_msgs/include/vesc_msgs
[3.745s] -- Up-to-date: /home/super/f1tenth_ws/install/vesc_msgs/include/vesc_msgs/msg
[3.745s] -- Up-to-date: /home/super/f1tenth_ws/install/vesc_msgs/include/vesc_msgs/msg/detail
[3.745s] -- Up-to-date: /home/super/f1tenth_ws/install/vesc_msgs/include/vesc_msgs/msg/detail/vesc_state__type_support.cpp
[3.746s] -- Up-to-date: /home/super/f1tenth_ws/install/vesc_msgs/include/vesc_msgs/msg/detail/vesc_state_stamped__type_support.cpp
[3.746s] -- Up-to-date: /home/super/f1tenth_ws/install/vesc_msgs/include/vesc_msgs/msg/detail/vesc_imu__rosidl_typesupport_introspection_cpp.hpp
[3.746s] -- Up-to-date: /home/super/f1tenth_ws/install/vesc_msgs/include/vesc_msgs/msg/detail/vesc_imu_stamped__rosidl_typesupport_introspection_cpp.hpp
[3.746s] -- Up-to-date: /home/super/f1tenth_ws/install/vesc_msgs/include/vesc_msgs/msg/detail/vesc_imu_stamped__type_support.cpp
[3.746s] -- Up-to-date: /home/super/f1tenth_ws/install/vesc_msgs/include/vesc_msgs/msg/detail/vesc_state_stamped__rosidl_typesupport_introspection_cpp.hpp
[3.746s] -- Up-to-date: /home/super/f1tenth_ws/install/vesc_msgs/include/vesc_msgs/msg/detail/vesc_state__rosidl_typesupport_introspection_cpp.hpp
[3.747s] -- Up-to-date: /home/super/f1tenth_ws/install/vesc_msgs/include/vesc_msgs/msg/detail/vesc_imu__type_support.cpp
[3.747s] -- Up-to-date: /home/super/f1tenth_ws/install/vesc_msgs/lib/libvesc_msgs__rosidl_typesupport_introspection_cpp.so
[3.747s] -- Up-to-date: /home/super/f1tenth_ws/install/vesc_msgs/lib/libvesc_msgs__rosidl_typesupport_cpp.so
[3.747s] -- Up-to-date: /home/super/f1tenth_ws/install/vesc_msgs/share/vesc_msgs/environment/pythonpath.sh
[3.747s] -- Up-to-date: /home/super/f1tenth_ws/install/vesc_msgs/share/vesc_msgs/environment/pythonpath.dsv
[3.747s] -- Up-to-date: /home/super/f1tenth_ws/install/vesc_msgs/lib/python3.8/site-packages/vesc_msgs/__init__.py
[3.842s] -- Up-to-date: /home/super/f1tenth_ws/install/vesc_msgs/lib/python3.8/site-packages/vesc_msgs/msg
[3.842s] -- Up-to-date: /home/super/f1tenth_ws/install/vesc_msgs/lib/python3.8/site-packages/vesc_msgs/msg/_vesc_imu_s.c
[3.843s] -- Up-to-date: /home/super/f1tenth_ws/install/vesc_msgs/lib/python3.8/site-packages/vesc_msgs/msg/_vesc_imu_stamped_s.c
[3.843s] -- Up-to-date: /home/super/f1tenth_ws/install/vesc_msgs/lib/python3.8/site-packages/vesc_msgs/msg/_vesc_state_stamped.py
[3.844s] -- Up-to-date: /home/super/f1tenth_ws/install/vesc_msgs/lib/python3.8/site-packages/vesc_msgs/msg/__init__.py
[3.844s] -- Up-to-date: /home/super/f1tenth_ws/install/vesc_msgs/lib/python3.8/site-packages/vesc_msgs/msg/_vesc_state.py
[3.844s] -- Up-to-date: /home/super/f1tenth_ws/install/vesc_msgs/lib/python3.8/site-packages/vesc_msgs/msg/_vesc_imu_stamped.py
[3.845s] -- Up-to-date: /home/super/f1tenth_ws/install/vesc_msgs/lib/python3.8/site-packages/vesc_msgs/msg/_vesc_imu.py
[3.845s] -- Up-to-date: /home/super/f1tenth_ws/install/vesc_msgs/lib/python3.8/site-packages/vesc_msgs/msg/_vesc_state_stamped_s.c
[3.846s] -- Up-to-date: /home/super/f1tenth_ws/install/vesc_msgs/lib/python3.8/site-packages/vesc_msgs/msg/_vesc_state_s.c
[3.851s] -- Up-to-date: /home/super/f1tenth_ws/install/vesc_msgs/lib/python3.8/site-packages/vesc_msgs/vesc_msgs_s__rosidl_typesupport_fastrtps_c.cpython-38-aarch64-linux-gnu.so
[3.855s] -- Up-to-date: /home/super/f1tenth_ws/install/vesc_msgs/lib/python3.8/site-packages/vesc_msgs/vesc_msgs_s__rosidl_typesupport_introspection_c.cpython-38-aarch64-linux-gnu.so
[3.859s] -- Up-to-date: /home/super/f1tenth_ws/install/vesc_msgs/lib/python3.8/site-packages/vesc_msgs/vesc_msgs_s__rosidl_typesupport_c.cpython-38-aarch64-linux-gnu.so
[3.876s] -- Up-to-date: /home/super/f1tenth_ws/install/vesc_msgs/lib/libvesc_msgs__python.so
[3.881s] -- Up-to-date: /home/super/f1tenth_ws/install/vesc_msgs/share/vesc_msgs/msg/VescState.idl
[3.882s] -- Up-to-date: /home/super/f1tenth_ws/install/vesc_msgs/share/vesc_msgs/msg/VescStateStamped.idl
[3.882s] -- Up-to-date: /home/super/f1tenth_ws/install/vesc_msgs/share/vesc_msgs/msg/VescImu.idl
[3.883s] -- Up-to-date: /home/super/f1tenth_ws/install/vesc_msgs/share/vesc_msgs/msg/VescImuStamped.idl
[3.883s] -- Up-to-date: /home/super/f1tenth_ws/install/vesc_msgs/share/vesc_msgs/msg/VescState.msg
[3.883s] -- Up-to-date: /home/super/f1tenth_ws/install/vesc_msgs/share/vesc_msgs/msg/VescStateStamped.msg
[3.883s] -- Up-to-date: /home/super/f1tenth_ws/install/vesc_msgs/share/vesc_msgs/msg/VescImu.msg
[3.884s] -- Up-to-date: /home/super/f1tenth_ws/install/vesc_msgs/share/vesc_msgs/msg/VescImuStamped.msg
[3.884s] -- Up-to-date: /home/super/f1tenth_ws/install/vesc_msgs/share/ament_index/resource_index/package_run_dependencies/vesc_msgs
[3.884s] -- Up-to-date: /home/super/f1tenth_ws/install/vesc_msgs/share/ament_index/resource_index/parent_prefix_path/vesc_msgs
[3.884s] -- Up-to-date: /home/super/f1tenth_ws/install/vesc_msgs/share/vesc_msgs/environment/ament_prefix_path.sh
[3.884s] -- Up-to-date: /home/super/f1tenth_ws/install/vesc_msgs/share/vesc_msgs/environment/ament_prefix_path.dsv
[3.884s] -- Up-to-date: /home/super/f1tenth_ws/install/vesc_msgs/share/vesc_msgs/environment/path.sh
[3.884s] -- Up-to-date: /home/super/f1tenth_ws/install/vesc_msgs/share/vesc_msgs/environment/path.dsv
[3.885s] -- Up-to-date: /home/super/f1tenth_ws/install/vesc_msgs/share/vesc_msgs/local_setup.bash
[3.885s] -- Up-to-date: /home/super/f1tenth_ws/install/vesc_msgs/share/vesc_msgs/local_setup.sh
[3.885s] -- Up-to-date: /home/super/f1tenth_ws/install/vesc_msgs/share/vesc_msgs/local_setup.zsh
[3.885s] -- Up-to-date: /home/super/f1tenth_ws/install/vesc_msgs/share/vesc_msgs/local_setup.dsv
[3.886s] -- Installing: /home/super/f1tenth_ws/install/vesc_msgs/share/vesc_msgs/package.dsv
[3.914s] -- Up-to-date: /home/super/f1tenth_ws/install/vesc_msgs/share/ament_index/resource_index/packages/vesc_msgs
[3.916s] -- Up-to-date: /home/super/f1tenth_ws/install/vesc_msgs/share/vesc_msgs/cmake/vesc_msgs__rosidl_generator_cExport.cmake
[3.916s] -- Up-to-date: /home/super/f1tenth_ws/install/vesc_msgs/share/vesc_msgs/cmake/vesc_msgs__rosidl_generator_cExport-noconfig.cmake
[3.929s] -- Up-to-date: /home/super/f1tenth_ws/install/vesc_msgs/share/vesc_msgs/cmake/vesc_msgs__rosidl_typesupport_introspection_cExport.cmake
[3.930s] -- Up-to-date: /home/super/f1tenth_ws/install/vesc_msgs/share/vesc_msgs/cmake/vesc_msgs__rosidl_typesupport_introspection_cExport-noconfig.cmake
[3.942s] -- Up-to-date: /home/super/f1tenth_ws/install/vesc_msgs/share/vesc_msgs/cmake/vesc_msgs__rosidl_typesupport_cExport.cmake
[3.942s] -- Up-to-date: /home/super/f1tenth_ws/install/vesc_msgs/share/vesc_msgs/cmake/vesc_msgs__rosidl_typesupport_cExport-noconfig.cmake
[3.946s] -- Up-to-date: /home/super/f1tenth_ws/install/vesc_msgs/share/vesc_msgs/cmake/vesc_msgs__rosidl_generator_cppExport.cmake
[3.954s] -- Up-to-date: /home/super/f1tenth_ws/install/vesc_msgs/share/vesc_msgs/cmake/vesc_msgs__rosidl_typesupport_introspection_cppExport.cmake
[3.954s] -- Up-to-date: /home/super/f1tenth_ws/install/vesc_msgs/share/vesc_msgs/cmake/vesc_msgs__rosidl_typesupport_introspection_cppExport-noconfig.cmake
[4.071s] -- Up-to-date: /home/super/f1tenth_ws/install/vesc_msgs/share/vesc_msgs/cmake/vesc_msgs__rosidl_typesupport_cppExport.cmake
[4.071s] -- Up-to-date: /home/super/f1tenth_ws/install/vesc_msgs/share/vesc_msgs/cmake/vesc_msgs__rosidl_typesupport_cppExport-noconfig.cmake
[4.072s] -- Up-to-date: /home/super/f1tenth_ws/install/vesc_msgs/share/vesc_msgs/cmake/rosidl_cmake-extras.cmake
[4.072s] -- Up-to-date: /home/super/f1tenth_ws/install/vesc_msgs/share/vesc_msgs/cmake/ament_cmake_export_dependencies-extras.cmake
[4.072s] -- Up-to-date: /home/super/f1tenth_ws/install/vesc_msgs/share/vesc_msgs/cmake/ament_cmake_export_libraries-extras.cmake
[4.072s] -- Up-to-date: /home/super/f1tenth_ws/install/vesc_msgs/share/vesc_msgs/cmake/ament_cmake_export_targets-extras.cmake
[4.076s] -- Up-to-date: /home/super/f1tenth_ws/install/vesc_msgs/share/vesc_msgs/cmake/ament_cmake_export_include_directories-extras.cmake
[4.076s] -- Up-to-date: /home/super/f1tenth_ws/install/vesc_msgs/share/vesc_msgs/cmake/rosidl_cmake_export_typesupport_libraries-extras.cmake
[4.076s] -- Up-to-date: /home/super/f1tenth_ws/install/vesc_msgs/share/vesc_msgs/cmake/rosidl_cmake_export_typesupport_targets-extras.cmake
[4.077s] -- Up-to-date: /home/super/f1tenth_ws/install/vesc_msgs/share/vesc_msgs/cmake/vesc_msgsConfig.cmake
[4.077s] -- Up-to-date: /home/super/f1tenth_ws/install/vesc_msgs/share/vesc_msgs/cmake/vesc_msgsConfig-version.cmake
[4.077s] -- Up-to-date: /home/super/f1tenth_ws/install/vesc_msgs/share/vesc_msgs/package.xml
[4.108s] Invoked command in '/home/super/f1tenth_ws/build/vesc_msgs' returned '0': CMAKE_PREFIX_PATH=${CMAKE_PREFIX_PATH}:/home/super/f1tenth_ws/install/f1tenth_stack:/home/super/f1tenth_ws/install/joy_teleop:/home/super/f1tenth_ws/install/particle_filter:/home/super/f1tenth_ws/install/mouse_teleop:/home/super/f1tenth_ws/install/key_teleop:/opt/ros/foxy /usr/bin/cmake --install /home/super/f1tenth_ws/build/vesc_msgs
