[0.147s] Invoking command in '/home/super/f1tenth_ws/build/vesc_msgs': CMAKE_PREFIX_PATH=${CMAKE_PREFIX_PATH}:/home/super/f1tenth_ws/install/f1tenth_stack:/home/super/f1tenth_ws/install/joy_teleop:/home/super/f1tenth_ws/install/mouse_teleop:/home/super/f1tenth_ws/install/key_teleop:/opt/ros/foxy /usr/bin/cmake --build /home/super/f1tenth_ws/build/vesc_msgs -- -j6 -l6
[0.798s] [ 10%] Built target vesc_msgs__rosidl_generator_c
[0.802s] [ 12%] Built target vesc_msgs__cpp
[0.806s] [ 23%] Built target vesc_msgs__rosidl_typesupport_c
[0.807s] [ 34%] Built target vesc_msgs__rosidl_typesupport_cpp
[0.807s] [ 45%] Built target vesc_msgs__rosidl_typesupport_introspection_c
[0.807s] [ 56%] Built target vesc_msgs__rosidl_typesupport_fastrtps_cpp
[0.807s] [ 67%] Built target vesc_msgs__rosidl_typesupport_introspection_cpp
[0.808s] [ 78%] Built target vesc_msgs__rosidl_typesupport_fastrtps_c
[0.808s] [ 78%] Built target vesc_msgs
[0.808s] [ 80%] Built target vesc_msgs__py
[0.808s] [ 89%] Built target vesc_msgs__python
[0.808s] [ 92%] Built target vesc_msgs__rosidl_typesupport_c__pyext
[0.809s] [100%] Built target vesc_msgs__rosidl_typesupport_introspection_c__pyext
[0.809s] [100%] Built target vesc_msgs__rosidl_typesupport_fastrtps_c__pyext
[1.343s] Invoked command in '/home/super/f1tenth_ws/build/vesc_msgs' returned '0': CMAKE_PREFIX_PATH=${CMAKE_PREFIX_PATH}:/home/super/f1tenth_ws/install/f1tenth_stack:/home/super/f1tenth_ws/install/joy_teleop:/home/super/f1tenth_ws/install/mouse_teleop:/home/super/f1tenth_ws/install/key_teleop:/opt/ros/foxy /usr/bin/cmake --build /home/super/f1tenth_ws/build/vesc_msgs -- -j6 -l6
[1.774s] Invoking command in '/home/super/f1tenth_ws/build/vesc_msgs': CMAKE_PREFIX_PATH=${CMAKE_PREFIX_PATH}:/home/super/f1tenth_ws/install/f1tenth_stack:/home/super/f1tenth_ws/install/joy_teleop:/home/super/f1tenth_ws/install/mouse_teleop:/home/super/f1tenth_ws/install/key_teleop:/opt/ros/foxy /usr/bin/cmake --install /home/super/f1tenth_ws/build/vesc_msgs
[1.787s] -- Install configuration: ""
[1.787s] -- Up-to-date: /home/super/f1tenth_ws/install/vesc_msgs/share/ament_index/resource_index/rosidl_interfaces/vesc_msgs
[1.793s] -- Up-to-date: /home/super/f1tenth_ws/install/vesc_msgs/include/vesc_msgs
[1.793s] -- Up-to-date: /home/super/f1tenth_ws/install/vesc_msgs/include/vesc_msgs/msg
[1.793s] -- Up-to-date: /home/super/f1tenth_ws/install/vesc_msgs/include/vesc_msgs/msg/rosidl_generator_c__visibility_control.h
[1.794s] -- Up-to-date: /home/super/f1tenth_ws/install/vesc_msgs/include/vesc_msgs/msg/vesc_imu_stamped.h
[1.794s] -- Up-to-date: /home/super/f1tenth_ws/install/vesc_msgs/include/vesc_msgs/msg/vesc_imu.h
[1.794s] -- Up-to-date: /home/super/f1tenth_ws/install/vesc_msgs/include/vesc_msgs/msg/detail
[1.794s] -- Up-to-date: /home/super/f1tenth_ws/install/vesc_msgs/include/vesc_msgs/msg/detail/vesc_imu__type_support.h
[1.795s] -- Up-to-date: /home/super/f1tenth_ws/install/vesc_msgs/include/vesc_msgs/msg/detail/vesc_state__type_support.h
[1.795s] -- Up-to-date: /home/super/f1tenth_ws/install/vesc_msgs/include/vesc_msgs/msg/detail/vesc_state__struct.h
[1.795s] -- Up-to-date: /home/super/f1tenth_ws/install/vesc_msgs/include/vesc_msgs/msg/detail/vesc_imu__struct.h
[1.795s] -- Up-to-date: /home/super/f1tenth_ws/install/vesc_msgs/include/vesc_msgs/msg/detail/vesc_state_stamped__type_support.h
[1.795s] -- Up-to-date: /home/super/f1tenth_ws/install/vesc_msgs/include/vesc_msgs/msg/detail/vesc_state_stamped__functions.h
[1.795s] -- Up-to-date: /home/super/f1tenth_ws/install/vesc_msgs/include/vesc_msgs/msg/detail/vesc_state__functions.c
[1.796s] -- Up-to-date: /home/super/f1tenth_ws/install/vesc_msgs/include/vesc_msgs/msg/detail/vesc_imu_stamped__struct.h
[1.796s] -- Up-to-date: /home/super/f1tenth_ws/install/vesc_msgs/include/vesc_msgs/msg/detail/vesc_imu_stamped__type_support.h
[1.797s] -- Up-to-date: /home/super/f1tenth_ws/install/vesc_msgs/include/vesc_msgs/msg/detail/vesc_state_stamped__functions.c
[1.797s] -- Up-to-date: /home/super/f1tenth_ws/install/vesc_msgs/include/vesc_msgs/msg/detail/vesc_imu__functions.c
[1.797s] -- Up-to-date: /home/super/f1tenth_ws/install/vesc_msgs/include/vesc_msgs/msg/detail/vesc_state__functions.h
[1.797s] -- Up-to-date: /home/super/f1tenth_ws/install/vesc_msgs/include/vesc_msgs/msg/detail/vesc_imu_stamped__functions.h
[1.797s] -- Up-to-date: /home/super/f1tenth_ws/install/vesc_msgs/include/vesc_msgs/msg/detail/vesc_imu__functions.h
[1.798s] -- Up-to-date: /home/super/f1tenth_ws/install/vesc_msgs/include/vesc_msgs/msg/detail/vesc_imu_stamped__functions.c
[1.798s] -- Up-to-date: /home/super/f1tenth_ws/install/vesc_msgs/include/vesc_msgs/msg/detail/vesc_state_stamped__struct.h
[1.798s] -- Up-to-date: /home/super/f1tenth_ws/install/vesc_msgs/include/vesc_msgs/msg/vesc_state.h
[1.798s] -- Up-to-date: /home/super/f1tenth_ws/install/vesc_msgs/include/vesc_msgs/msg/vesc_state_stamped.h
[1.798s] -- Up-to-date: /home/super/f1tenth_ws/install/vesc_msgs/share/vesc_msgs/environment/library_path.sh
[1.798s] -- Up-to-date: /home/super/f1tenth_ws/install/vesc_msgs/share/vesc_msgs/environment/library_path.dsv
[1.798s] -- Up-to-date: /home/super/f1tenth_ws/install/vesc_msgs/lib/libvesc_msgs__rosidl_generator_c.so
[1.799s] -- Up-to-date: /home/super/f1tenth_ws/install/vesc_msgs/include/vesc_msgs
[1.799s] -- Up-to-date: /home/super/f1tenth_ws/install/vesc_msgs/include/vesc_msgs/msg
[1.799s] -- Up-to-date: /home/super/f1tenth_ws/install/vesc_msgs/include/vesc_msgs/msg/detail
[1.799s] -- Up-to-date: /home/super/f1tenth_ws/install/vesc_msgs/include/vesc_msgs/msg/detail/vesc_imu__rosidl_typesupport_fastrtps_c.h
[1.799s] -- Up-to-date: /home/super/f1tenth_ws/install/vesc_msgs/include/vesc_msgs/msg/detail/vesc_state_stamped__rosidl_typesupport_fastrtps_c.h
[1.799s] -- Up-to-date: /home/super/f1tenth_ws/install/vesc_msgs/include/vesc_msgs/msg/detail/vesc_state__rosidl_typesupport_fastrtps_c.h
[1.799s] -- Up-to-date: /home/super/f1tenth_ws/install/vesc_msgs/include/vesc_msgs/msg/detail/vesc_imu_stamped__rosidl_typesupport_fastrtps_c.h
[1.800s] -- Up-to-date: /home/super/f1tenth_ws/install/vesc_msgs/include/vesc_msgs/msg/rosidl_typesupport_fastrtps_c__visibility_control.h
[1.800s] -- Up-to-date: /home/super/f1tenth_ws/install/vesc_msgs/lib/libvesc_msgs__rosidl_typesupport_fastrtps_c.so
[1.800s] -- Up-to-date: /home/super/f1tenth_ws/install/vesc_msgs/include/vesc_msgs
[1.800s] -- Up-to-date: /home/super/f1tenth_ws/install/vesc_msgs/include/vesc_msgs/msg
[1.800s] -- Up-to-date: /home/super/f1tenth_ws/install/vesc_msgs/include/vesc_msgs/msg/detail
[1.800s] -- Up-to-date: /home/super/f1tenth_ws/install/vesc_msgs/include/vesc_msgs/msg/detail/vesc_state__rosidl_typesupport_fastrtps_cpp.hpp
[1.802s] -- Up-to-date: /home/super/f1tenth_ws/install/vesc_msgs/include/vesc_msgs/msg/detail/vesc_imu__rosidl_typesupport_fastrtps_cpp.hpp
[1.802s] -- Up-to-date: /home/super/f1tenth_ws/install/vesc_msgs/include/vesc_msgs/msg/detail/dds_fastrtps
[1.802s] -- Up-to-date: /home/super/f1tenth_ws/install/vesc_msgs/include/vesc_msgs/msg/detail/vesc_imu_stamped__rosidl_typesupport_fastrtps_cpp.hpp
[1.802s] -- Up-to-date: /home/super/f1tenth_ws/install/vesc_msgs/include/vesc_msgs/msg/detail/vesc_state_stamped__rosidl_typesupport_fastrtps_cpp.hpp
[1.803s] -- Up-to-date: /home/super/f1tenth_ws/install/vesc_msgs/include/vesc_msgs/msg/rosidl_typesupport_fastrtps_cpp__visibility_control.h
[1.803s] -- Up-to-date: /home/super/f1tenth_ws/install/vesc_msgs/lib/libvesc_msgs__rosidl_typesupport_fastrtps_cpp.so
[1.803s] -- Up-to-date: /home/super/f1tenth_ws/install/vesc_msgs/include/vesc_msgs
[1.803s] -- Up-to-date: /home/super/f1tenth_ws/install/vesc_msgs/include/vesc_msgs/msg
[1.803s] -- Up-to-date: /home/super/f1tenth_ws/install/vesc_msgs/include/vesc_msgs/msg/rosidl_typesupport_introspection_c__visibility_control.h
[1.803s] -- Up-to-date: /home/super/f1tenth_ws/install/vesc_msgs/include/vesc_msgs/msg/detail
[1.803s] -- Up-to-date: /home/super/f1tenth_ws/install/vesc_msgs/include/vesc_msgs/msg/detail/vesc_state_stamped__type_support.c
[1.804s] -- Up-to-date: /home/super/f1tenth_ws/install/vesc_msgs/include/vesc_msgs/msg/detail/vesc_state__rosidl_typesupport_introspection_c.h
[1.804s] -- Up-to-date: /home/super/f1tenth_ws/install/vesc_msgs/include/vesc_msgs/msg/detail/vesc_state__type_support.c
[1.804s] -- Up-to-date: /home/super/f1tenth_ws/install/vesc_msgs/include/vesc_msgs/msg/detail/vesc_imu_stamped__rosidl_typesupport_introspection_c.h
[1.804s] -- Up-to-date: /home/super/f1tenth_ws/install/vesc_msgs/include/vesc_msgs/msg/detail/vesc_imu__rosidl_typesupport_introspection_c.h
[1.804s] -- Up-to-date: /home/super/f1tenth_ws/install/vesc_msgs/include/vesc_msgs/msg/detail/vesc_state_stamped__rosidl_typesupport_introspection_c.h
[1.804s] -- Up-to-date: /home/super/f1tenth_ws/install/vesc_msgs/include/vesc_msgs/msg/detail/vesc_imu__type_support.c
[1.804s] -- Up-to-date: /home/super/f1tenth_ws/install/vesc_msgs/include/vesc_msgs/msg/detail/vesc_imu_stamped__type_support.c
[1.809s] -- Up-to-date: /home/super/f1tenth_ws/install/vesc_msgs/lib/libvesc_msgs__rosidl_typesupport_introspection_c.so
[1.810s] -- Up-to-date: /home/super/f1tenth_ws/install/vesc_msgs/lib/libvesc_msgs__rosidl_typesupport_c.so
[1.811s] -- Up-to-date: /home/super/f1tenth_ws/install/vesc_msgs/include/vesc_msgs
[1.811s] -- Up-to-date: /home/super/f1tenth_ws/install/vesc_msgs/include/vesc_msgs/msg
[1.811s] -- Up-to-date: /home/super/f1tenth_ws/install/vesc_msgs/include/vesc_msgs/msg/vesc_state.hpp
[1.811s] -- Up-to-date: /home/super/f1tenth_ws/install/vesc_msgs/include/vesc_msgs/msg/vesc_imu.hpp
[1.811s] -- Up-to-date: /home/super/f1tenth_ws/install/vesc_msgs/include/vesc_msgs/msg/vesc_state_stamped.hpp
[1.811s] -- Up-to-date: /home/super/f1tenth_ws/install/vesc_msgs/include/vesc_msgs/msg/vesc_imu_stamped.hpp
[1.811s] -- Up-to-date: /home/super/f1tenth_ws/install/vesc_msgs/include/vesc_msgs/msg/detail
[1.812s] -- Up-to-date: /home/super/f1tenth_ws/install/vesc_msgs/include/vesc_msgs/msg/detail/vesc_state__type_support.hpp
[1.812s] -- Up-to-date: /home/super/f1tenth_ws/install/vesc_msgs/include/vesc_msgs/msg/detail/vesc_state__builder.hpp
[1.812s] -- Up-to-date: /home/super/f1tenth_ws/install/vesc_msgs/include/vesc_msgs/msg/detail/vesc_state__traits.hpp
[1.812s] -- Up-to-date: /home/super/f1tenth_ws/install/vesc_msgs/include/vesc_msgs/msg/detail/vesc_imu_stamped__type_support.hpp
[1.812s] -- Up-to-date: /home/super/f1tenth_ws/install/vesc_msgs/include/vesc_msgs/msg/detail/vesc_imu_stamped__struct.hpp
[1.812s] -- Up-to-date: /home/super/f1tenth_ws/install/vesc_msgs/include/vesc_msgs/msg/detail/vesc_imu_stamped__traits.hpp
[1.812s] -- Up-to-date: /home/super/f1tenth_ws/install/vesc_msgs/include/vesc_msgs/msg/detail/vesc_imu__builder.hpp
[1.813s] -- Up-to-date: /home/super/f1tenth_ws/install/vesc_msgs/include/vesc_msgs/msg/detail/vesc_state_stamped__traits.hpp
[1.813s] -- Up-to-date: /home/super/f1tenth_ws/install/vesc_msgs/include/vesc_msgs/msg/detail/vesc_state_stamped__builder.hpp
[1.813s] -- Up-to-date: /home/super/f1tenth_ws/install/vesc_msgs/include/vesc_msgs/msg/detail/vesc_imu_stamped__builder.hpp
[1.813s] -- Up-to-date: /home/super/f1tenth_ws/install/vesc_msgs/include/vesc_msgs/msg/detail/vesc_imu__traits.hpp
[1.813s] -- Up-to-date: /home/super/f1tenth_ws/install/vesc_msgs/include/vesc_msgs/msg/detail/vesc_state_stamped__type_support.hpp
[1.813s] -- Up-to-date: /home/super/f1tenth_ws/install/vesc_msgs/include/vesc_msgs/msg/detail/vesc_state_stamped__struct.hpp
[1.813s] -- Up-to-date: /home/super/f1tenth_ws/install/vesc_msgs/include/vesc_msgs/msg/detail/vesc_state__struct.hpp
[1.814s] -- Up-to-date: /home/super/f1tenth_ws/install/vesc_msgs/include/vesc_msgs/msg/detail/vesc_imu__type_support.hpp
[1.814s] -- Up-to-date: /home/super/f1tenth_ws/install/vesc_msgs/include/vesc_msgs/msg/detail/vesc_imu__struct.hpp
[1.814s] -- Up-to-date: /home/super/f1tenth_ws/install/vesc_msgs/include/vesc_msgs/msg/rosidl_generator_cpp__visibility_control.hpp
[1.814s] -- Up-to-date: /home/super/f1tenth_ws/install/vesc_msgs/include/vesc_msgs
[1.814s] -- Up-to-date: /home/super/f1tenth_ws/install/vesc_msgs/include/vesc_msgs/msg
[1.814s] -- Up-to-date: /home/super/f1tenth_ws/install/vesc_msgs/include/vesc_msgs/msg/detail
[1.814s] -- Up-to-date: /home/super/f1tenth_ws/install/vesc_msgs/include/vesc_msgs/msg/detail/vesc_state__type_support.cpp
[1.815s] -- Up-to-date: /home/super/f1tenth_ws/install/vesc_msgs/include/vesc_msgs/msg/detail/vesc_state_stamped__type_support.cpp
[1.815s] -- Up-to-date: /home/super/f1tenth_ws/install/vesc_msgs/include/vesc_msgs/msg/detail/vesc_imu__rosidl_typesupport_introspection_cpp.hpp
[1.815s] -- Up-to-date: /home/super/f1tenth_ws/install/vesc_msgs/include/vesc_msgs/msg/detail/vesc_imu_stamped__rosidl_typesupport_introspection_cpp.hpp
[1.815s] -- Up-to-date: /home/super/f1tenth_ws/install/vesc_msgs/include/vesc_msgs/msg/detail/vesc_imu_stamped__type_support.cpp
[1.815s] -- Up-to-date: /home/super/f1tenth_ws/install/vesc_msgs/include/vesc_msgs/msg/detail/vesc_state_stamped__rosidl_typesupport_introspection_cpp.hpp
[1.815s] -- Up-to-date: /home/super/f1tenth_ws/install/vesc_msgs/include/vesc_msgs/msg/detail/vesc_state__rosidl_typesupport_introspection_cpp.hpp
[1.815s] -- Up-to-date: /home/super/f1tenth_ws/install/vesc_msgs/include/vesc_msgs/msg/detail/vesc_imu__type_support.cpp
[1.815s] -- Up-to-date: /home/super/f1tenth_ws/install/vesc_msgs/lib/libvesc_msgs__rosidl_typesupport_introspection_cpp.so
[1.816s] -- Up-to-date: /home/super/f1tenth_ws/install/vesc_msgs/lib/libvesc_msgs__rosidl_typesupport_cpp.so
[1.816s] -- Up-to-date: /home/super/f1tenth_ws/install/vesc_msgs/share/vesc_msgs/environment/pythonpath.sh
[1.816s] -- Up-to-date: /home/super/f1tenth_ws/install/vesc_msgs/share/vesc_msgs/environment/pythonpath.dsv
[1.816s] -- Up-to-date: /home/super/f1tenth_ws/install/vesc_msgs/lib/python3.8/site-packages/vesc_msgs/__init__.py
[1.901s] -- Up-to-date: /home/super/f1tenth_ws/install/vesc_msgs/lib/python3.8/site-packages/vesc_msgs/msg
[1.901s] -- Up-to-date: /home/super/f1tenth_ws/install/vesc_msgs/lib/python3.8/site-packages/vesc_msgs/msg/_vesc_imu_s.c
[1.901s] -- Up-to-date: /home/super/f1tenth_ws/install/vesc_msgs/lib/python3.8/site-packages/vesc_msgs/msg/_vesc_imu_stamped_s.c
[1.901s] -- Up-to-date: /home/super/f1tenth_ws/install/vesc_msgs/lib/python3.8/site-packages/vesc_msgs/msg/_vesc_state_stamped.py
[1.902s] -- Up-to-date: /home/super/f1tenth_ws/install/vesc_msgs/lib/python3.8/site-packages/vesc_msgs/msg/__init__.py
[1.902s] -- Up-to-date: /home/super/f1tenth_ws/install/vesc_msgs/lib/python3.8/site-packages/vesc_msgs/msg/_vesc_state.py
[1.902s] -- Up-to-date: /home/super/f1tenth_ws/install/vesc_msgs/lib/python3.8/site-packages/vesc_msgs/msg/_vesc_imu_stamped.py
[1.902s] -- Up-to-date: /home/super/f1tenth_ws/install/vesc_msgs/lib/python3.8/site-packages/vesc_msgs/msg/_vesc_imu.py
[1.902s] -- Up-to-date: /home/super/f1tenth_ws/install/vesc_msgs/lib/python3.8/site-packages/vesc_msgs/msg/_vesc_state_stamped_s.c
[1.902s] -- Up-to-date: /home/super/f1tenth_ws/install/vesc_msgs/lib/python3.8/site-packages/vesc_msgs/msg/_vesc_state_s.c
[1.902s] -- Up-to-date: /home/super/f1tenth_ws/install/vesc_msgs/lib/python3.8/site-packages/vesc_msgs/vesc_msgs_s__rosidl_typesupport_fastrtps_c.cpython-38-aarch64-linux-gnu.so
[1.905s] -- Up-to-date: /home/super/f1tenth_ws/install/vesc_msgs/lib/python3.8/site-packages/vesc_msgs/vesc_msgs_s__rosidl_typesupport_introspection_c.cpython-38-aarch64-linux-gnu.so
[1.905s] -- Up-to-date: /home/super/f1tenth_ws/install/vesc_msgs/lib/python3.8/site-packages/vesc_msgs/vesc_msgs_s__rosidl_typesupport_c.cpython-38-aarch64-linux-gnu.so
[1.905s] -- Up-to-date: /home/super/f1tenth_ws/install/vesc_msgs/lib/libvesc_msgs__python.so
[1.906s] -- Up-to-date: /home/super/f1tenth_ws/install/vesc_msgs/share/vesc_msgs/msg/VescState.idl
[1.906s] -- Up-to-date: /home/super/f1tenth_ws/install/vesc_msgs/share/vesc_msgs/msg/VescStateStamped.idl
[1.906s] -- Up-to-date: /home/super/f1tenth_ws/install/vesc_msgs/share/vesc_msgs/msg/VescImu.idl
[1.906s] -- Up-to-date: /home/super/f1tenth_ws/install/vesc_msgs/share/vesc_msgs/msg/VescImuStamped.idl
[1.906s] -- Up-to-date: /home/super/f1tenth_ws/install/vesc_msgs/share/vesc_msgs/msg/VescState.msg
[1.906s] -- Up-to-date: /home/super/f1tenth_ws/install/vesc_msgs/share/vesc_msgs/msg/VescStateStamped.msg
[1.906s] -- Up-to-date: /home/super/f1tenth_ws/install/vesc_msgs/share/vesc_msgs/msg/VescImu.msg
[1.907s] -- Up-to-date: /home/super/f1tenth_ws/install/vesc_msgs/share/vesc_msgs/msg/VescImuStamped.msg
[1.907s] -- Up-to-date: /home/super/f1tenth_ws/install/vesc_msgs/share/ament_index/resource_index/package_run_dependencies/vesc_msgs
[1.907s] -- Up-to-date: /home/super/f1tenth_ws/install/vesc_msgs/share/ament_index/resource_index/parent_prefix_path/vesc_msgs
[1.907s] -- Up-to-date: /home/super/f1tenth_ws/install/vesc_msgs/share/vesc_msgs/environment/ament_prefix_path.sh
[1.907s] -- Up-to-date: /home/super/f1tenth_ws/install/vesc_msgs/share/vesc_msgs/environment/ament_prefix_path.dsv
[1.908s] -- Up-to-date: /home/super/f1tenth_ws/install/vesc_msgs/share/vesc_msgs/environment/path.sh
[1.908s] -- Up-to-date: /home/super/f1tenth_ws/install/vesc_msgs/share/vesc_msgs/environment/path.dsv
[1.908s] -- Up-to-date: /home/super/f1tenth_ws/install/vesc_msgs/share/vesc_msgs/local_setup.bash
[1.908s] -- Up-to-date: /home/super/f1tenth_ws/install/vesc_msgs/share/vesc_msgs/local_setup.sh
[1.908s] -- Up-to-date: /home/super/f1tenth_ws/install/vesc_msgs/share/vesc_msgs/local_setup.zsh
[1.909s] -- Up-to-date: /home/super/f1tenth_ws/install/vesc_msgs/share/vesc_msgs/local_setup.dsv
[1.909s] -- Installing: /home/super/f1tenth_ws/install/vesc_msgs/share/vesc_msgs/package.dsv
[1.909s] -- Up-to-date: /home/super/f1tenth_ws/install/vesc_msgs/share/ament_index/resource_index/packages/vesc_msgs
[1.909s] -- Up-to-date: /home/super/f1tenth_ws/install/vesc_msgs/share/vesc_msgs/cmake/vesc_msgs__rosidl_generator_cExport.cmake
[1.912s] -- Up-to-date: /home/super/f1tenth_ws/install/vesc_msgs/share/vesc_msgs/cmake/vesc_msgs__rosidl_generator_cExport-noconfig.cmake
[1.912s] -- Up-to-date: /home/super/f1tenth_ws/install/vesc_msgs/share/vesc_msgs/cmake/vesc_msgs__rosidl_typesupport_introspection_cExport.cmake
[1.912s] -- Up-to-date: /home/super/f1tenth_ws/install/vesc_msgs/share/vesc_msgs/cmake/vesc_msgs__rosidl_typesupport_introspection_cExport-noconfig.cmake
[1.912s] -- Up-to-date: /home/super/f1tenth_ws/install/vesc_msgs/share/vesc_msgs/cmake/vesc_msgs__rosidl_typesupport_cExport.cmake
[1.912s] -- Up-to-date: /home/super/f1tenth_ws/install/vesc_msgs/share/vesc_msgs/cmake/vesc_msgs__rosidl_typesupport_cExport-noconfig.cmake
[1.913s] -- Up-to-date: /home/super/f1tenth_ws/install/vesc_msgs/share/vesc_msgs/cmake/vesc_msgs__rosidl_generator_cppExport.cmake
[1.913s] -- Up-to-date: /home/super/f1tenth_ws/install/vesc_msgs/share/vesc_msgs/cmake/vesc_msgs__rosidl_typesupport_introspection_cppExport.cmake
[1.913s] -- Up-to-date: /home/super/f1tenth_ws/install/vesc_msgs/share/vesc_msgs/cmake/vesc_msgs__rosidl_typesupport_introspection_cppExport-noconfig.cmake
[1.913s] -- Up-to-date: /home/super/f1tenth_ws/install/vesc_msgs/share/vesc_msgs/cmake/vesc_msgs__rosidl_typesupport_cppExport.cmake
[1.913s] -- Up-to-date: /home/super/f1tenth_ws/install/vesc_msgs/share/vesc_msgs/cmake/vesc_msgs__rosidl_typesupport_cppExport-noconfig.cmake
[1.914s] -- Up-to-date: /home/super/f1tenth_ws/install/vesc_msgs/share/vesc_msgs/cmake/rosidl_cmake-extras.cmake
[1.914s] -- Up-to-date: /home/super/f1tenth_ws/install/vesc_msgs/share/vesc_msgs/cmake/ament_cmake_export_dependencies-extras.cmake
[1.914s] -- Up-to-date: /home/super/f1tenth_ws/install/vesc_msgs/share/vesc_msgs/cmake/ament_cmake_export_libraries-extras.cmake
[1.915s] -- Up-to-date: /home/super/f1tenth_ws/install/vesc_msgs/share/vesc_msgs/cmake/ament_cmake_export_targets-extras.cmake
[1.915s] -- Up-to-date: /home/super/f1tenth_ws/install/vesc_msgs/share/vesc_msgs/cmake/ament_cmake_export_include_directories-extras.cmake
[1.923s] -- Up-to-date: /home/super/f1tenth_ws/install/vesc_msgs/share/vesc_msgs/cmake/rosidl_cmake_export_typesupport_libraries-extras.cmake
[1.923s] -- Up-to-date: /home/super/f1tenth_ws/install/vesc_msgs/share/vesc_msgs/cmake/rosidl_cmake_export_typesupport_targets-extras.cmake
[1.923s] -- Up-to-date: /home/super/f1tenth_ws/install/vesc_msgs/share/vesc_msgs/cmake/vesc_msgsConfig.cmake
[1.923s] -- Up-to-date: /home/super/f1tenth_ws/install/vesc_msgs/share/vesc_msgs/cmake/vesc_msgsConfig-version.cmake
[1.923s] -- Up-to-date: /home/super/f1tenth_ws/install/vesc_msgs/share/vesc_msgs/package.xml
[1.969s] Invoked command in '/home/super/f1tenth_ws/build/vesc_msgs' returned '0': CMAKE_PREFIX_PATH=${CMAKE_PREFIX_PATH}:/home/super/f1tenth_ws/install/f1tenth_stack:/home/super/f1tenth_ws/install/joy_teleop:/home/super/f1tenth_ws/install/mouse_teleop:/home/super/f1tenth_ws/install/key_teleop:/opt/ros/foxy /usr/bin/cmake --install /home/super/f1tenth_ws/build/vesc_msgs
