[1.284s] Invoking command in '/home/super/f1tenth_ws/build/pure_pursuit': CMAKE_PREFIX_PATH=${CMAKE_PREFIX_PATH}:/home/super/f1tenth_ws/install/f1tenth_stack:/home/super/f1tenth_ws/install/joy_teleop:/home/super/f1tenth_ws/install/mouse_teleop:/home/super/f1tenth_ws/install/key_teleop:/opt/ros/foxy /usr/bin/cmake /home/super/f1tenth_ws/src/PurePursuit/src/pure_pursuit -DCMAKE_INSTALL_PREFIX=/home/super/f1tenth_ws/install/pure_pursuit
[2.308s] -- The C compiler identification is GNU 9.4.0
[2.886s] -- The CXX compiler identification is GNU 9.4.0
[3.087s] -- Check for working C compiler: /usr/bin/cc
[3.553s] -- Check for working C compiler: /usr/bin/cc -- works
[3.674s] -- Detecting C compiler ABI info
[3.976s] -- Detecting C compiler ABI info - done
[4.074s] -- Detecting C compile features
[4.243s] -- Detecting C compile features - done
[4.253s] -- Check for working CXX compiler: /usr/bin/c++
[4.643s] -- Check for working CXX compiler: /usr/bin/c++ -- works
[4.645s] -- Detecting CXX compiler ABI info
[4.929s] -- Detecting CXX compiler ABI info - done
[4.961s] -- Detecting CXX compile features
[4.962s] -- Detecting CXX compile features - done
[5.070s] -- Found ament_cmake: 0.9.12 (/opt/ros/foxy/share/ament_cmake/cmake)
[5.349s] -- Found PythonInterp: /usr/bin/python3 (found suitable version "3.8.10", minimum required is "3") 
[5.353s] -- Using PYTHON_EXECUTABLE: /usr/bin/python3
[6.289s] -- Found rclcpp: 2.4.3 (/opt/ros/foxy/share/rclcpp/cmake)
[6.674s] -- Using all available rosidl_typesupport_c: rosidl_typesupport_fastrtps_c;rosidl_typesupport_introspection_c
[6.700s] -- Found rosidl_adapter: 1.3.1 (/opt/ros/foxy/share/rosidl_adapter/cmake)
[7.452s] -- Found OpenSSL: /usr/lib/aarch64-linux-gnu/libcrypto.so (found version "1.1.1f")  
[7.689s] -- Found FastRTPS: /opt/ros/foxy/include  
[8.101s] -- Using all available rosidl_typesupport_cpp: rosidl_typesupport_fastrtps_cpp;rosidl_typesupport_introspection_cpp
[8.783s] -- Found rmw_implementation_cmake: 1.0.4 (/opt/ros/foxy/share/rmw_implementation_cmake/cmake)
[8.794s] -- Using RMW implementation 'rmw_fastrtps_cpp' as default
[8.803s] -- Looking for pthread.h
[9.318s] -- Looking for pthread.h - found
[9.318s] -- Performing Test CMAKE_HAVE_LIBC_PTHREAD
[9.774s] -- Performing Test CMAKE_HAVE_LIBC_PTHREAD - Failed
[9.775s] -- Looking for pthread_create in pthreads
[10.387s] -- Looking for pthread_create in pthreads - not found
[10.387s] -- Looking for pthread_create in pthread
[10.675s] -- Looking for pthread_create in pthread - found
[10.677s] -- Found Threads: TRUE  
[12.530s] -- Found rclpy: 1.0.13 (/opt/ros/foxy/share/rclpy/cmake)
[12.539s] -- Found geometry_msgs: 2.0.5 (/opt/ros/foxy/share/geometry_msgs/cmake)
[12.798s] -- Found nav_msgs: 2.0.5 (/opt/ros/foxy/share/nav_msgs/cmake)
[13.126s] -- Found ackermann_msgs: 2.0.2 (/opt/ros/foxy/share/ackermann_msgs/cmake)
[13.375s] -- Found sensor_msgs: 2.0.5 (/opt/ros/foxy/share/sensor_msgs/cmake)
[13.711s] -- Found visualization_msgs: 2.0.5 (/opt/ros/foxy/share/visualization_msgs/cmake)
[14.063s] -- Found tf2_ros: 0.13.14 (/opt/ros/foxy/share/tf2_ros/cmake)
[16.593s] -- Found ament_lint_auto: 0.9.8 (/opt/ros/foxy/share/ament_lint_auto/cmake)
[17.031s] -- Added test 'copyright' to check source files copyright and LICENSE
[17.035s] -- Added test 'cppcheck' to perform static code analysis on C / C++ code
[17.036s] -- Configured cppcheck include dirs: /home/super/f1tenth_ws/src/PurePursuit/src/pure_pursuit/include
[17.036s] -- Configured cppcheck exclude dirs and/or files: 
[17.038s] -- Added test 'cpplint' to check C / C++ code against the Google style
[17.039s] -- Configured cpplint exclude dirs and/or files: 
[17.041s] -- Added test 'flake8' to check Python code syntax and style conventions
[17.042s] -- Added test 'lint_cmake' to check CMake code style
[17.044s] -- Added test 'pep257' to check Python code against some of the style conventions in PEP 257
[17.052s] -- Added test 'uncrustify' to check C / C++ code style
[17.053s] -- Configured uncrustify additional arguments: 
[17.053s] -- Added test 'xmllint' to check XML markup files
[17.069s] -- Configuring done
[17.269s] -- Generating done
[17.273s] -- Build files have been written to: /home/super/f1tenth_ws/build/pure_pursuit
[17.323s] Invoked command in '/home/super/f1tenth_ws/build/pure_pursuit' returned '0': CMAKE_PREFIX_PATH=${CMAKE_PREFIX_PATH}:/home/super/f1tenth_ws/install/f1tenth_stack:/home/super/f1tenth_ws/install/joy_teleop:/home/super/f1tenth_ws/install/mouse_teleop:/home/super/f1tenth_ws/install/key_teleop:/opt/ros/foxy /usr/bin/cmake /home/super/f1tenth_ws/src/PurePursuit/src/pure_pursuit -DCMAKE_INSTALL_PREFIX=/home/super/f1tenth_ws/install/pure_pursuit
[17.339s] Invoking command in '/home/super/f1tenth_ws/build/pure_pursuit': CMAKE_PREFIX_PATH=${CMAKE_PREFIX_PATH}:/home/super/f1tenth_ws/install/f1tenth_stack:/home/super/f1tenth_ws/install/joy_teleop:/home/super/f1tenth_ws/install/mouse_teleop:/home/super/f1tenth_ws/install/key_teleop:/opt/ros/foxy /usr/bin/cmake --build /home/super/f1tenth_ws/build/pure_pursuit -- -j6 -l6
[17.489s] [35m[1mScanning dependencies of target pure_pursuit_node[0m
[18.261s] [ 50%] [32mBuilding CXX object CMakeFiles/pure_pursuit_node.dir/src/pure_pursuit_node.cpp.o[0m
[23.494s] [01m[K/home/super/f1tenth_ws/src/PurePursuit/src/pure_pursuit/src/pure_pursuit_node.cpp:213:72:[m[K [01;35m[Kwarning: [m[K‘[01m[Knav_msgs::msg::Odometry_<std::allocator<void> >::ConstPtr[m[K’ is deprecated [[01;35m[K-Wdeprecated-declarations[m[K]
[23.495s]   213 |     void pose_callback(const nav_msgs::msg::Odometry::ConstPtr pose_msg[01;35m[K)[m[K
[23.495s]       |                                                                        [01;35m[K^[m[K
[23.495s] In file included from [01m[K/opt/ros/foxy/include/nav_msgs/msg/odometry.hpp:7[m[K,
[23.495s]                  from [01m[K/home/super/f1tenth_ws/src/PurePursuit/src/pure_pursuit/src/pure_pursuit_node.cpp:10[m[K:
[23.495s] [01m[K/opt/ros/foxy/include/nav_msgs/msg/detail/odometry__struct.hpp:145:5:[m[K [01;36m[Knote: [m[Kdeclared here
[23.495s]   145 |     [01;36m[KConstPtr[m[K;
[23.496s]       |     [01;36m[K^~~~~~~~[m[K
[23.643s] [01m[K/home/super/f1tenth_ws/src/PurePursuit/src/pure_pursuit/src/pure_pursuit_node.cpp:[m[K In member function ‘[01m[Kvoid PurePursuit::pose_callback(nav_msgs::msg::Odometry_<std::allocator<void> >::ConstPtr)[m[K’:
[23.643s] [01m[K/home/super/f1tenth_ws/src/PurePursuit/src/pure_pursuit/src/pure_pursuit_node.cpp:226:16:[m[K [01;35m[Kwarning: [m[Kunused variable ‘[01m[Kdx_trans[m[K’ [[01;35m[K-Wunused-variable[m[K]
[23.644s]   226 |         double [01;35m[Kdx_trans[m[K = dx*cos(yaw) + dy*sin(yaw);
[23.644s]       |                [01;35m[K^~~~~~~~[m[K
[37.867s] [100%] [32m[1mLinking CXX executable pure_pursuit_node[0m
[40.827s] [100%] Built target pure_pursuit_node
[41.000s] Invoked command in '/home/super/f1tenth_ws/build/pure_pursuit' returned '0': CMAKE_PREFIX_PATH=${CMAKE_PREFIX_PATH}:/home/super/f1tenth_ws/install/f1tenth_stack:/home/super/f1tenth_ws/install/joy_teleop:/home/super/f1tenth_ws/install/mouse_teleop:/home/super/f1tenth_ws/install/key_teleop:/opt/ros/foxy /usr/bin/cmake --build /home/super/f1tenth_ws/build/pure_pursuit -- -j6 -l6
[41.079s] Invoking command in '/home/super/f1tenth_ws/build/pure_pursuit': CMAKE_PREFIX_PATH=${CMAKE_PREFIX_PATH}:/home/super/f1tenth_ws/install/f1tenth_stack:/home/super/f1tenth_ws/install/joy_teleop:/home/super/f1tenth_ws/install/mouse_teleop:/home/super/f1tenth_ws/install/key_teleop:/opt/ros/foxy /usr/bin/cmake --install /home/super/f1tenth_ws/build/pure_pursuit
[41.112s] -- Install configuration: ""
[41.113s] -- Installing: /home/super/f1tenth_ws/install/pure_pursuit/lib/pure_pursuit/pure_pursuit_node
[41.121s] -- Set runtime path of "/home/super/f1tenth_ws/install/pure_pursuit/lib/pure_pursuit/pure_pursuit_node" to ""
[41.121s] -- Installing: /home/super/f1tenth_ws/install/pure_pursuit/share/pure_pursuit/environment/pythonpath.sh
[41.122s] -- Installing: /home/super/f1tenth_ws/install/pure_pursuit/share/pure_pursuit/environment/pythonpath.dsv
[41.122s] -- Installing: /home/super/f1tenth_ws/install/pure_pursuit/lib/python3.8/site-packages/pure_pursuit
[41.123s] -- Installing: /home/super/f1tenth_ws/install/pure_pursuit/lib/python3.8/site-packages/pure_pursuit/__init__.py
[41.202s] Listing '/home/super/f1tenth_ws/install/pure_pursuit/lib/python3.8/site-packages/pure_pursuit'...
[41.202s] Compiling '/home/super/f1tenth_ws/install/pure_pursuit/lib/python3.8/site-packages/pure_pursuit/__init__.py'...
[41.218s] -- Installing: /home/super/f1tenth_ws/install/pure_pursuit/lib/pure_pursuit/pure_pursuit_node.py
[41.381s] -- Installing: /home/super/f1tenth_ws/install/pure_pursuit/lib/pure_pursuit/waypoint_logger.py
[41.382s] -- Installing: /home/super/f1tenth_ws/install/pure_pursuit/share/ament_index/resource_index/package_run_dependencies/pure_pursuit
[41.382s] -- Installing: /home/super/f1tenth_ws/install/pure_pursuit/share/ament_index/resource_index/parent_prefix_path/pure_pursuit
[41.383s] -- Installing: /home/super/f1tenth_ws/install/pure_pursuit/share/pure_pursuit/environment/ament_prefix_path.sh
[41.384s] -- Installing: /home/super/f1tenth_ws/install/pure_pursuit/share/pure_pursuit/environment/ament_prefix_path.dsv
[41.384s] -- Installing: /home/super/f1tenth_ws/install/pure_pursuit/share/pure_pursuit/environment/path.sh
[41.384s] -- Installing: /home/super/f1tenth_ws/install/pure_pursuit/share/pure_pursuit/environment/path.dsv
[41.385s] -- Installing: /home/super/f1tenth_ws/install/pure_pursuit/share/pure_pursuit/local_setup.bash
[41.385s] -- Installing: /home/super/f1tenth_ws/install/pure_pursuit/share/pure_pursuit/local_setup.sh
[41.386s] -- Installing: /home/super/f1tenth_ws/install/pure_pursuit/share/pure_pursuit/local_setup.zsh
[41.387s] -- Installing: /home/super/f1tenth_ws/install/pure_pursuit/share/pure_pursuit/local_setup.dsv
[41.388s] -- Installing: /home/super/f1tenth_ws/install/pure_pursuit/share/pure_pursuit/package.dsv
[41.388s] -- Installing: /home/super/f1tenth_ws/install/pure_pursuit/share/ament_index/resource_index/packages/pure_pursuit
[41.388s] -- Installing: /home/super/f1tenth_ws/install/pure_pursuit/share/pure_pursuit/cmake/pure_pursuitConfig.cmake
[41.388s] -- Installing: /home/super/f1tenth_ws/install/pure_pursuit/share/pure_pursuit/cmake/pure_pursuitConfig-version.cmake
[41.388s] -- Installing: /home/super/f1tenth_ws/install/pure_pursuit/share/pure_pursuit/package.xml
[41.398s] Invoked command in '/home/super/f1tenth_ws/build/pure_pursuit' returned '0': CMAKE_PREFIX_PATH=${CMAKE_PREFIX_PATH}:/home/super/f1tenth_ws/install/f1tenth_stack:/home/super/f1tenth_ws/install/joy_teleop:/home/super/f1tenth_ws/install/mouse_teleop:/home/super/f1tenth_ws/install/key_teleop:/opt/ros/foxy /usr/bin/cmake --install /home/super/f1tenth_ws/build/pure_pursuit
