[0.063s] Invoking command in '/home/super/f1tenth_ws/build/vesc_ackermann': CMAKE_PREFIX_PATH=/home/super/f1tenth_ws/install/vesc_msgs:/home/super/f1tenth_ws/install/vesc:/home/super/f1tenth_ws/install/vesc_driver:/home/super/f1tenth_ws/install/vesc_ackermann:/home/super/f1tenth_ws/install/teleop_tools:/home/super/f1tenth_ws/install/teleop_tools_msgs:/home/super/f1tenth_ws/install/ackermann_mux:/home/super/f1tenth_ws/install/f1tenth_stack:/home/super/f1tenth_ws/install/joy_teleop:/home/super/f1tenth_ws/install/mouse_teleop:/home/super/f1tenth_ws/install/key_teleop:/opt/ros/foxy LD_LIBRARY_PATH=/home/super/f1tenth_ws/install/vesc_msgs/lib:/home/super/f1tenth_ws/install/vesc_driver/lib:/home/super/f1tenth_ws/install/vesc_ackermann/lib:/home/super/f1tenth_ws/install/teleop_tools_msgs/lib:/opt/ros/foxy/opt/yaml_cpp_vendor/lib:/opt/ros/foxy/opt/rviz_ogre_vendor/lib:/opt/ros/foxy/lib/aarch64-linux-gnu:/opt/ros/foxy/lib PYTHONPATH=/home/super/f1tenth_ws/install/vesc_msgs/lib/python3.8/site-packages:/home/super/f1tenth_ws/install/f1tenth_stack/lib/python3.8/site-packages:/home/super/f1tenth_ws/install/joy_teleop/lib/python3.8/site-packages:/home/super/f1tenth_ws/install/teleop_tools_msgs/lib/python3.8/site-packages:/home/super/f1tenth_ws/install/mouse_teleop/lib/python3.8/site-packages:/home/super/f1tenth_ws/install/key_teleop/lib/python3.8/site-packages:/opt/ros/foxy/lib/python3.8/site-packages /usr/bin/cmake --build /home/super/f1tenth_ws/build/vesc_ackermann -- -j6 -l6
[0.327s] [ 28%] Built target vesc_to_odom_node
[0.364s] [ 57%] Built target ackermann_to_vesc_node
[0.377s] [100%] Built target vesc_ackermann
[0.406s] Invoked command in '/home/super/f1tenth_ws/build/vesc_ackermann' returned '0': CMAKE_PREFIX_PATH=/home/super/f1tenth_ws/install/vesc_msgs:/home/super/f1tenth_ws/install/vesc:/home/super/f1tenth_ws/install/vesc_driver:/home/super/f1tenth_ws/install/vesc_ackermann:/home/super/f1tenth_ws/install/teleop_tools:/home/super/f1tenth_ws/install/teleop_tools_msgs:/home/super/f1tenth_ws/install/ackermann_mux:/home/super/f1tenth_ws/install/f1tenth_stack:/home/super/f1tenth_ws/install/joy_teleop:/home/super/f1tenth_ws/install/mouse_teleop:/home/super/f1tenth_ws/install/key_teleop:/opt/ros/foxy LD_LIBRARY_PATH=/home/super/f1tenth_ws/install/vesc_msgs/lib:/home/super/f1tenth_ws/install/vesc_driver/lib:/home/super/f1tenth_ws/install/vesc_ackermann/lib:/home/super/f1tenth_ws/install/teleop_tools_msgs/lib:/opt/ros/foxy/opt/yaml_cpp_vendor/lib:/opt/ros/foxy/opt/rviz_ogre_vendor/lib:/opt/ros/foxy/lib/aarch64-linux-gnu:/opt/ros/foxy/lib PYTHONPATH=/home/super/f1tenth_ws/install/vesc_msgs/lib/python3.8/site-packages:/home/super/f1tenth_ws/install/f1tenth_stack/lib/python3.8/site-packages:/home/super/f1tenth_ws/install/joy_teleop/lib/python3.8/site-packages:/home/super/f1tenth_ws/install/teleop_tools_msgs/lib/python3.8/site-packages:/home/super/f1tenth_ws/install/mouse_teleop/lib/python3.8/site-packages:/home/super/f1tenth_ws/install/key_teleop/lib/python3.8/site-packages:/opt/ros/foxy/lib/python3.8/site-packages /usr/bin/cmake --build /home/super/f1tenth_ws/build/vesc_ackermann -- -j6 -l6
[0.526s] Invoking command in '/home/super/f1tenth_ws/build/vesc_ackermann': CMAKE_PREFIX_PATH=/home/super/f1tenth_ws/install/vesc_msgs:/home/super/f1tenth_ws/install/vesc:/home/super/f1tenth_ws/install/vesc_driver:/home/super/f1tenth_ws/install/vesc_ackermann:/home/super/f1tenth_ws/install/teleop_tools:/home/super/f1tenth_ws/install/teleop_tools_msgs:/home/super/f1tenth_ws/install/ackermann_mux:/home/super/f1tenth_ws/install/f1tenth_stack:/home/super/f1tenth_ws/install/joy_teleop:/home/super/f1tenth_ws/install/mouse_teleop:/home/super/f1tenth_ws/install/key_teleop:/opt/ros/foxy LD_LIBRARY_PATH=/home/super/f1tenth_ws/install/vesc_msgs/lib:/home/super/f1tenth_ws/install/vesc_driver/lib:/home/super/f1tenth_ws/install/vesc_ackermann/lib:/home/super/f1tenth_ws/install/teleop_tools_msgs/lib:/opt/ros/foxy/opt/yaml_cpp_vendor/lib:/opt/ros/foxy/opt/rviz_ogre_vendor/lib:/opt/ros/foxy/lib/aarch64-linux-gnu:/opt/ros/foxy/lib PYTHONPATH=/home/super/f1tenth_ws/install/vesc_msgs/lib/python3.8/site-packages:/home/super/f1tenth_ws/install/f1tenth_stack/lib/python3.8/site-packages:/home/super/f1tenth_ws/install/joy_teleop/lib/python3.8/site-packages:/home/super/f1tenth_ws/install/teleop_tools_msgs/lib/python3.8/site-packages:/home/super/f1tenth_ws/install/mouse_teleop/lib/python3.8/site-packages:/home/super/f1tenth_ws/install/key_teleop/lib/python3.8/site-packages:/opt/ros/foxy/lib/python3.8/site-packages /usr/bin/cmake --install /home/super/f1tenth_ws/build/vesc_ackermann
[0.555s] -- Install configuration: ""
[0.556s] -- Up-to-date: /home/super/f1tenth_ws/install/vesc_ackermann/lib/vesc_ackermann/ackermann_to_vesc_node
[0.561s] -- Up-to-date: /home/super/f1tenth_ws/install/vesc_ackermann/lib/vesc_ackermann/vesc_to_odom_node
[0.562s] -- Up-to-date: /home/super/f1tenth_ws/install/vesc_ackermann/include
[0.562s] -- Up-to-date: /home/super/f1tenth_ws/install/vesc_ackermann/include/vesc_ackermann
[0.562s] -- Up-to-date: /home/super/f1tenth_ws/install/vesc_ackermann/include/vesc_ackermann/ackermann_to_vesc.hpp
[0.563s] -- Up-to-date: /home/super/f1tenth_ws/install/vesc_ackermann/include/vesc_ackermann/vesc_to_odom.hpp
[0.564s] -- Up-to-date: /home/super/f1tenth_ws/install/vesc_ackermann/share/vesc_ackermann/environment/library_path.sh
[0.566s] -- Up-to-date: /home/super/f1tenth_ws/install/vesc_ackermann/share/vesc_ackermann/environment/library_path.dsv
[0.566s] -- Up-to-date: /home/super/f1tenth_ws/install/vesc_ackermann/lib/libvesc_ackermann.so
[0.566s] -- Up-to-date: /home/super/f1tenth_ws/install/vesc_ackermann/share/vesc_ackermann/launch
[0.567s] -- Up-to-date: /home/super/f1tenth_ws/install/vesc_ackermann/share/vesc_ackermann/launch/vesc_to_odom_node.launch.xml
[0.567s] -- Up-to-date: /home/super/f1tenth_ws/install/vesc_ackermann/share/vesc_ackermann/launch/ackermann_to_vesc_node.launch.xml
[0.567s] -- Up-to-date: /home/super/f1tenth_ws/install/vesc_ackermann/share/ament_index/resource_index/package_run_dependencies/vesc_ackermann
[0.567s] -- Up-to-date: /home/super/f1tenth_ws/install/vesc_ackermann/share/ament_index/resource_index/parent_prefix_path/vesc_ackermann
[0.567s] -- Up-to-date: /home/super/f1tenth_ws/install/vesc_ackermann/share/vesc_ackermann/environment/ament_prefix_path.sh
[0.567s] -- Up-to-date: /home/super/f1tenth_ws/install/vesc_ackermann/share/vesc_ackermann/environment/ament_prefix_path.dsv
[0.568s] -- Up-to-date: /home/super/f1tenth_ws/install/vesc_ackermann/share/vesc_ackermann/environment/path.sh
[0.568s] -- Up-to-date: /home/super/f1tenth_ws/install/vesc_ackermann/share/vesc_ackermann/environment/path.dsv
[0.571s] -- Up-to-date: /home/super/f1tenth_ws/install/vesc_ackermann/share/vesc_ackermann/local_setup.bash
[0.572s] -- Up-to-date: /home/super/f1tenth_ws/install/vesc_ackermann/share/vesc_ackermann/local_setup.sh
[0.572s] -- Up-to-date: /home/super/f1tenth_ws/install/vesc_ackermann/share/vesc_ackermann/local_setup.zsh
[0.572s] -- Up-to-date: /home/super/f1tenth_ws/install/vesc_ackermann/share/vesc_ackermann/local_setup.dsv
[0.572s] -- Installing: /home/super/f1tenth_ws/install/vesc_ackermann/share/vesc_ackermann/package.dsv
[0.573s] -- Up-to-date: /home/super/f1tenth_ws/install/vesc_ackermann/share/ament_index/resource_index/packages/vesc_ackermann
[0.573s] -- Up-to-date: /home/super/f1tenth_ws/install/vesc_ackermann/share/ament_index/resource_index/rclcpp_components/vesc_ackermann
[0.573s] -- Up-to-date: /home/super/f1tenth_ws/install/vesc_ackermann/share/vesc_ackermann/cmake/ament_cmake_export_dependencies-extras.cmake
[0.573s] -- Up-to-date: /home/super/f1tenth_ws/install/vesc_ackermann/share/vesc_ackermann/cmake/ament_cmake_export_include_directories-extras.cmake
[0.573s] -- Up-to-date: /home/super/f1tenth_ws/install/vesc_ackermann/share/vesc_ackermann/cmake/ament_cmake_export_libraries-extras.cmake
[0.578s] -- Up-to-date: /home/super/f1tenth_ws/install/vesc_ackermann/share/vesc_ackermann/cmake/vesc_ackermannConfig.cmake
[0.579s] -- Up-to-date: /home/super/f1tenth_ws/install/vesc_ackermann/share/vesc_ackermann/cmake/vesc_ackermannConfig-version.cmake
[0.579s] -- Up-to-date: /home/super/f1tenth_ws/install/vesc_ackermann/share/vesc_ackermann/package.xml
[0.602s] Invoked command in '/home/super/f1tenth_ws/build/vesc_ackermann' returned '0': CMAKE_PREFIX_PATH=/home/super/f1tenth_ws/install/vesc_msgs:/home/super/f1tenth_ws/install/vesc:/home/super/f1tenth_ws/install/vesc_driver:/home/super/f1tenth_ws/install/vesc_ackermann:/home/super/f1tenth_ws/install/teleop_tools:/home/super/f1tenth_ws/install/teleop_tools_msgs:/home/super/f1tenth_ws/install/ackermann_mux:/home/super/f1tenth_ws/install/f1tenth_stack:/home/super/f1tenth_ws/install/joy_teleop:/home/super/f1tenth_ws/install/mouse_teleop:/home/super/f1tenth_ws/install/key_teleop:/opt/ros/foxy LD_LIBRARY_PATH=/home/super/f1tenth_ws/install/vesc_msgs/lib:/home/super/f1tenth_ws/install/vesc_driver/lib:/home/super/f1tenth_ws/install/vesc_ackermann/lib:/home/super/f1tenth_ws/install/teleop_tools_msgs/lib:/opt/ros/foxy/opt/yaml_cpp_vendor/lib:/opt/ros/foxy/opt/rviz_ogre_vendor/lib:/opt/ros/foxy/lib/aarch64-linux-gnu:/opt/ros/foxy/lib PYTHONPATH=/home/super/f1tenth_ws/install/vesc_msgs/lib/python3.8/site-packages:/home/super/f1tenth_ws/install/f1tenth_stack/lib/python3.8/site-packages:/home/super/f1tenth_ws/install/joy_teleop/lib/python3.8/site-packages:/home/super/f1tenth_ws/install/teleop_tools_msgs/lib/python3.8/site-packages:/home/super/f1tenth_ws/install/mouse_teleop/lib/python3.8/site-packages:/home/super/f1tenth_ws/install/key_teleop/lib/python3.8/site-packages:/opt/ros/foxy/lib/python3.8/site-packages /usr/bin/cmake --install /home/super/f1tenth_ws/build/vesc_ackermann
