[0.188s] Invoking command in '/home/super/f1tenth_ws/build/vesc_msgs': CMAKE_PREFIX_PATH=${CMAKE_PREFIX_PATH}:/home/super/f1tenth_ws/install/particle_filter:/home/super/f1tenth_ws/install/f1tenth_stack:/home/super/f1tenth_ws/install/joy_teleop:/home/super/f1tenth_ws/install/mouse_teleop:/home/super/f1tenth_ws/install/key_teleop:/opt/ros/foxy /usr/bin/cmake --build /home/super/f1tenth_ws/build/vesc_msgs -- -j6 -l6
[2.339s] [  1%] Built target vesc_msgs__cpp
[2.343s] [ 12%] Built target vesc_msgs__rosidl_generator_c
[2.343s] [ 23%] Built target vesc_msgs__rosidl_typesupport_cpp
[2.344s] [ 34%] Built target vesc_msgs__rosidl_typesupport_fastrtps_cpp
[2.345s] [ 45%] Built target vesc_msgs__rosidl_typesupport_introspection_cpp
[2.350s] [ 56%] Built target vesc_msgs__rosidl_typesupport_introspection_c
[2.351s] [ 67%] Built target vesc_msgs__rosidl_typesupport_fastrtps_c
[2.351s] [ 78%] Built target vesc_msgs__rosidl_typesupport_c
[2.352s] [ 78%] Built target vesc_msgs
[2.352s] [ 80%] Built target vesc_msgs__py
[2.352s] [ 89%] Built target vesc_msgs__python
[2.352s] [ 92%] Built target vesc_msgs__rosidl_typesupport_introspection_c__pyext
[2.352s] [ 96%] Built target vesc_msgs__rosidl_typesupport_c__pyext
[2.352s] [100%] Built target vesc_msgs__rosidl_typesupport_fastrtps_c__pyext
[2.356s] Invoked command in '/home/super/f1tenth_ws/build/vesc_msgs' returned '0': CMAKE_PREFIX_PATH=${CMAKE_PREFIX_PATH}:/home/super/f1tenth_ws/install/particle_filter:/home/super/f1tenth_ws/install/f1tenth_stack:/home/super/f1tenth_ws/install/joy_teleop:/home/super/f1tenth_ws/install/mouse_teleop:/home/super/f1tenth_ws/install/key_teleop:/opt/ros/foxy /usr/bin/cmake --build /home/super/f1tenth_ws/build/vesc_msgs -- -j6 -l6
[2.965s] Invoking command in '/home/super/f1tenth_ws/build/vesc_msgs': CMAKE_PREFIX_PATH=${CMAKE_PREFIX_PATH}:/home/super/f1tenth_ws/install/particle_filter:/home/super/f1tenth_ws/install/f1tenth_stack:/home/super/f1tenth_ws/install/joy_teleop:/home/super/f1tenth_ws/install/mouse_teleop:/home/super/f1tenth_ws/install/key_teleop:/opt/ros/foxy /usr/bin/cmake --install /home/super/f1tenth_ws/build/vesc_msgs
[3.009s] -- Install configuration: ""
[3.010s] -- Up-to-date: /home/super/f1tenth_ws/install/vesc_msgs/share/ament_index/resource_index/rosidl_interfaces/vesc_msgs
[3.010s] -- Up-to-date: /home/super/f1tenth_ws/install/vesc_msgs/include/vesc_msgs
[3.010s] -- Up-to-date: /home/super/f1tenth_ws/install/vesc_msgs/include/vesc_msgs/msg
[3.010s] -- Up-to-date: /home/super/f1tenth_ws/install/vesc_msgs/include/vesc_msgs/msg/rosidl_generator_c__visibility_control.h
[3.010s] -- Up-to-date: /home/super/f1tenth_ws/install/vesc_msgs/include/vesc_msgs/msg/vesc_imu_stamped.h
[3.010s] -- Up-to-date: /home/super/f1tenth_ws/install/vesc_msgs/include/vesc_msgs/msg/vesc_imu.h
[3.011s] -- Up-to-date: /home/super/f1tenth_ws/install/vesc_msgs/include/vesc_msgs/msg/detail
[3.011s] -- Up-to-date: /home/super/f1tenth_ws/install/vesc_msgs/include/vesc_msgs/msg/detail/vesc_imu__type_support.h
[3.011s] -- Up-to-date: /home/super/f1tenth_ws/install/vesc_msgs/include/vesc_msgs/msg/detail/vesc_state__type_support.h
[3.011s] -- Up-to-date: /home/super/f1tenth_ws/install/vesc_msgs/include/vesc_msgs/msg/detail/vesc_state__struct.h
[3.011s] -- Up-to-date: /home/super/f1tenth_ws/install/vesc_msgs/include/vesc_msgs/msg/detail/vesc_imu__struct.h
[3.011s] -- Up-to-date: /home/super/f1tenth_ws/install/vesc_msgs/include/vesc_msgs/msg/detail/vesc_state_stamped__type_support.h
[3.011s] -- Up-to-date: /home/super/f1tenth_ws/install/vesc_msgs/include/vesc_msgs/msg/detail/vesc_state_stamped__functions.h
[3.012s] -- Up-to-date: /home/super/f1tenth_ws/install/vesc_msgs/include/vesc_msgs/msg/detail/vesc_state__functions.c
[3.012s] -- Up-to-date: /home/super/f1tenth_ws/install/vesc_msgs/include/vesc_msgs/msg/detail/vesc_imu_stamped__struct.h
[3.012s] -- Up-to-date: /home/super/f1tenth_ws/install/vesc_msgs/include/vesc_msgs/msg/detail/vesc_imu_stamped__type_support.h
[3.012s] -- Up-to-date: /home/super/f1tenth_ws/install/vesc_msgs/include/vesc_msgs/msg/detail/vesc_state_stamped__functions.c
[3.013s] -- Up-to-date: /home/super/f1tenth_ws/install/vesc_msgs/include/vesc_msgs/msg/detail/vesc_imu__functions.c
[3.013s] -- Up-to-date: /home/super/f1tenth_ws/install/vesc_msgs/include/vesc_msgs/msg/detail/vesc_state__functions.h
[3.013s] -- Up-to-date: /home/super/f1tenth_ws/install/vesc_msgs/include/vesc_msgs/msg/detail/vesc_imu_stamped__functions.h
[3.014s] -- Up-to-date: /home/super/f1tenth_ws/install/vesc_msgs/include/vesc_msgs/msg/detail/vesc_imu__functions.h
[3.014s] -- Up-to-date: /home/super/f1tenth_ws/install/vesc_msgs/include/vesc_msgs/msg/detail/vesc_imu_stamped__functions.c
[3.015s] -- Up-to-date: /home/super/f1tenth_ws/install/vesc_msgs/include/vesc_msgs/msg/detail/vesc_state_stamped__struct.h
[3.015s] -- Up-to-date: /home/super/f1tenth_ws/install/vesc_msgs/include/vesc_msgs/msg/vesc_state.h
[3.015s] -- Up-to-date: /home/super/f1tenth_ws/install/vesc_msgs/include/vesc_msgs/msg/vesc_state_stamped.h
[3.015s] -- Up-to-date: /home/super/f1tenth_ws/install/vesc_msgs/share/vesc_msgs/environment/library_path.sh
[3.016s] -- Up-to-date: /home/super/f1tenth_ws/install/vesc_msgs/share/vesc_msgs/environment/library_path.dsv
[3.019s] -- Up-to-date: /home/super/f1tenth_ws/install/vesc_msgs/lib/libvesc_msgs__rosidl_generator_c.so
[3.020s] -- Up-to-date: /home/super/f1tenth_ws/install/vesc_msgs/include/vesc_msgs
[3.020s] -- Up-to-date: /home/super/f1tenth_ws/install/vesc_msgs/include/vesc_msgs/msg
[3.020s] -- Up-to-date: /home/super/f1tenth_ws/install/vesc_msgs/include/vesc_msgs/msg/detail
[3.020s] -- Up-to-date: /home/super/f1tenth_ws/install/vesc_msgs/include/vesc_msgs/msg/detail/vesc_imu__rosidl_typesupport_fastrtps_c.h
[3.020s] -- Up-to-date: /home/super/f1tenth_ws/install/vesc_msgs/include/vesc_msgs/msg/detail/vesc_state_stamped__rosidl_typesupport_fastrtps_c.h
[3.021s] -- Up-to-date: /home/super/f1tenth_ws/install/vesc_msgs/include/vesc_msgs/msg/detail/vesc_state__rosidl_typesupport_fastrtps_c.h
[3.021s] -- Up-to-date: /home/super/f1tenth_ws/install/vesc_msgs/include/vesc_msgs/msg/detail/vesc_imu_stamped__rosidl_typesupport_fastrtps_c.h
[3.021s] -- Up-to-date: /home/super/f1tenth_ws/install/vesc_msgs/include/vesc_msgs/msg/rosidl_typesupport_fastrtps_c__visibility_control.h
[3.021s] -- Up-to-date: /home/super/f1tenth_ws/install/vesc_msgs/lib/libvesc_msgs__rosidl_typesupport_fastrtps_c.so
[3.021s] -- Up-to-date: /home/super/f1tenth_ws/install/vesc_msgs/include/vesc_msgs
[3.021s] -- Up-to-date: /home/super/f1tenth_ws/install/vesc_msgs/include/vesc_msgs/msg
[3.021s] -- Up-to-date: /home/super/f1tenth_ws/install/vesc_msgs/include/vesc_msgs/msg/detail
[3.022s] -- Up-to-date: /home/super/f1tenth_ws/install/vesc_msgs/include/vesc_msgs/msg/detail/vesc_state__rosidl_typesupport_fastrtps_cpp.hpp
[3.022s] -- Up-to-date: /home/super/f1tenth_ws/install/vesc_msgs/include/vesc_msgs/msg/detail/vesc_imu__rosidl_typesupport_fastrtps_cpp.hpp
[3.022s] -- Up-to-date: /home/super/f1tenth_ws/install/vesc_msgs/include/vesc_msgs/msg/detail/dds_fastrtps
[3.022s] -- Up-to-date: /home/super/f1tenth_ws/install/vesc_msgs/include/vesc_msgs/msg/detail/vesc_imu_stamped__rosidl_typesupport_fastrtps_cpp.hpp
[3.022s] -- Up-to-date: /home/super/f1tenth_ws/install/vesc_msgs/include/vesc_msgs/msg/detail/vesc_state_stamped__rosidl_typesupport_fastrtps_cpp.hpp
[3.022s] -- Up-to-date: /home/super/f1tenth_ws/install/vesc_msgs/include/vesc_msgs/msg/rosidl_typesupport_fastrtps_cpp__visibility_control.h
[3.022s] -- Up-to-date: /home/super/f1tenth_ws/install/vesc_msgs/lib/libvesc_msgs__rosidl_typesupport_fastrtps_cpp.so
[3.023s] -- Up-to-date: /home/super/f1tenth_ws/install/vesc_msgs/include/vesc_msgs
[3.023s] -- Up-to-date: /home/super/f1tenth_ws/install/vesc_msgs/include/vesc_msgs/msg
[3.023s] -- Up-to-date: /home/super/f1tenth_ws/install/vesc_msgs/include/vesc_msgs/msg/rosidl_typesupport_introspection_c__visibility_control.h
[3.023s] -- Up-to-date: /home/super/f1tenth_ws/install/vesc_msgs/include/vesc_msgs/msg/detail
[3.023s] -- Up-to-date: /home/super/f1tenth_ws/install/vesc_msgs/include/vesc_msgs/msg/detail/vesc_state_stamped__type_support.c
[3.023s] -- Up-to-date: /home/super/f1tenth_ws/install/vesc_msgs/include/vesc_msgs/msg/detail/vesc_state__rosidl_typesupport_introspection_c.h
[3.030s] -- Up-to-date: /home/super/f1tenth_ws/install/vesc_msgs/include/vesc_msgs/msg/detail/vesc_state__type_support.c
[3.030s] -- Up-to-date: /home/super/f1tenth_ws/install/vesc_msgs/include/vesc_msgs/msg/detail/vesc_imu_stamped__rosidl_typesupport_introspection_c.h
[3.031s] -- Up-to-date: /home/super/f1tenth_ws/install/vesc_msgs/include/vesc_msgs/msg/detail/vesc_imu__rosidl_typesupport_introspection_c.h
[3.031s] -- Up-to-date: /home/super/f1tenth_ws/install/vesc_msgs/include/vesc_msgs/msg/detail/vesc_state_stamped__rosidl_typesupport_introspection_c.h
[3.031s] -- Up-to-date: /home/super/f1tenth_ws/install/vesc_msgs/include/vesc_msgs/msg/detail/vesc_imu__type_support.c
[3.031s] -- Up-to-date: /home/super/f1tenth_ws/install/vesc_msgs/include/vesc_msgs/msg/detail/vesc_imu_stamped__type_support.c
[3.031s] -- Up-to-date: /home/super/f1tenth_ws/install/vesc_msgs/lib/libvesc_msgs__rosidl_typesupport_introspection_c.so
[3.031s] -- Up-to-date: /home/super/f1tenth_ws/install/vesc_msgs/lib/libvesc_msgs__rosidl_typesupport_c.so
[3.034s] -- Up-to-date: /home/super/f1tenth_ws/install/vesc_msgs/include/vesc_msgs
[3.034s] -- Up-to-date: /home/super/f1tenth_ws/install/vesc_msgs/include/vesc_msgs/msg
[3.036s] -- Up-to-date: /home/super/f1tenth_ws/install/vesc_msgs/include/vesc_msgs/msg/vesc_state.hpp
[3.036s] -- Up-to-date: /home/super/f1tenth_ws/install/vesc_msgs/include/vesc_msgs/msg/vesc_imu.hpp
[3.037s] -- Up-to-date: /home/super/f1tenth_ws/install/vesc_msgs/include/vesc_msgs/msg/vesc_state_stamped.hpp
[3.037s] -- Up-to-date: /home/super/f1tenth_ws/install/vesc_msgs/include/vesc_msgs/msg/vesc_imu_stamped.hpp
[3.038s] -- Up-to-date: /home/super/f1tenth_ws/install/vesc_msgs/include/vesc_msgs/msg/detail
[3.038s] -- Up-to-date: /home/super/f1tenth_ws/install/vesc_msgs/include/vesc_msgs/msg/detail/vesc_state__type_support.hpp
[3.038s] -- Up-to-date: /home/super/f1tenth_ws/install/vesc_msgs/include/vesc_msgs/msg/detail/vesc_state__builder.hpp
[3.038s] -- Up-to-date: /home/super/f1tenth_ws/install/vesc_msgs/include/vesc_msgs/msg/detail/vesc_state__traits.hpp
[3.046s] -- Up-to-date: /home/super/f1tenth_ws/install/vesc_msgs/include/vesc_msgs/msg/detail/vesc_imu_stamped__type_support.hpp
[3.046s] -- Up-to-date: /home/super/f1tenth_ws/install/vesc_msgs/include/vesc_msgs/msg/detail/vesc_imu_stamped__struct.hpp
[3.046s] -- Up-to-date: /home/super/f1tenth_ws/install/vesc_msgs/include/vesc_msgs/msg/detail/vesc_imu_stamped__traits.hpp
[3.047s] -- Up-to-date: /home/super/f1tenth_ws/install/vesc_msgs/include/vesc_msgs/msg/detail/vesc_imu__builder.hpp
[3.047s] -- Up-to-date: /home/super/f1tenth_ws/install/vesc_msgs/include/vesc_msgs/msg/detail/vesc_state_stamped__traits.hpp
[3.047s] -- Up-to-date: /home/super/f1tenth_ws/install/vesc_msgs/include/vesc_msgs/msg/detail/vesc_state_stamped__builder.hpp
[3.047s] -- Up-to-date: /home/super/f1tenth_ws/install/vesc_msgs/include/vesc_msgs/msg/detail/vesc_imu_stamped__builder.hpp
[3.047s] -- Up-to-date: /home/super/f1tenth_ws/install/vesc_msgs/include/vesc_msgs/msg/detail/vesc_imu__traits.hpp
[3.047s] -- Up-to-date: /home/super/f1tenth_ws/install/vesc_msgs/include/vesc_msgs/msg/detail/vesc_state_stamped__type_support.hpp
[3.047s] -- Up-to-date: /home/super/f1tenth_ws/install/vesc_msgs/include/vesc_msgs/msg/detail/vesc_state_stamped__struct.hpp
[3.048s] -- Up-to-date: /home/super/f1tenth_ws/install/vesc_msgs/include/vesc_msgs/msg/detail/vesc_state__struct.hpp
[3.048s] -- Up-to-date: /home/super/f1tenth_ws/install/vesc_msgs/include/vesc_msgs/msg/detail/vesc_imu__type_support.hpp
[3.048s] -- Up-to-date: /home/super/f1tenth_ws/install/vesc_msgs/include/vesc_msgs/msg/detail/vesc_imu__struct.hpp
[3.048s] -- Up-to-date: /home/super/f1tenth_ws/install/vesc_msgs/include/vesc_msgs/msg/rosidl_generator_cpp__visibility_control.hpp
[3.049s] -- Up-to-date: /home/super/f1tenth_ws/install/vesc_msgs/include/vesc_msgs
[3.049s] -- Up-to-date: /home/super/f1tenth_ws/install/vesc_msgs/include/vesc_msgs/msg
[3.050s] -- Up-to-date: /home/super/f1tenth_ws/install/vesc_msgs/include/vesc_msgs/msg/detail
[3.050s] -- Up-to-date: /home/super/f1tenth_ws/install/vesc_msgs/include/vesc_msgs/msg/detail/vesc_state__type_support.cpp
[3.050s] -- Up-to-date: /home/super/f1tenth_ws/install/vesc_msgs/include/vesc_msgs/msg/detail/vesc_state_stamped__type_support.cpp
[3.050s] -- Up-to-date: /home/super/f1tenth_ws/install/vesc_msgs/include/vesc_msgs/msg/detail/vesc_imu__rosidl_typesupport_introspection_cpp.hpp
[3.050s] -- Up-to-date: /home/super/f1tenth_ws/install/vesc_msgs/include/vesc_msgs/msg/detail/vesc_imu_stamped__rosidl_typesupport_introspection_cpp.hpp
[3.050s] -- Up-to-date: /home/super/f1tenth_ws/install/vesc_msgs/include/vesc_msgs/msg/detail/vesc_imu_stamped__type_support.cpp
[3.050s] -- Up-to-date: /home/super/f1tenth_ws/install/vesc_msgs/include/vesc_msgs/msg/detail/vesc_state_stamped__rosidl_typesupport_introspection_cpp.hpp
[3.051s] -- Up-to-date: /home/super/f1tenth_ws/install/vesc_msgs/include/vesc_msgs/msg/detail/vesc_state__rosidl_typesupport_introspection_cpp.hpp
[3.051s] -- Up-to-date: /home/super/f1tenth_ws/install/vesc_msgs/include/vesc_msgs/msg/detail/vesc_imu__type_support.cpp
[3.051s] -- Up-to-date: /home/super/f1tenth_ws/install/vesc_msgs/lib/libvesc_msgs__rosidl_typesupport_introspection_cpp.so
[3.051s] -- Up-to-date: /home/super/f1tenth_ws/install/vesc_msgs/lib/libvesc_msgs__rosidl_typesupport_cpp.so
[3.051s] -- Up-to-date: /home/super/f1tenth_ws/install/vesc_msgs/share/vesc_msgs/environment/pythonpath.sh
[3.051s] -- Up-to-date: /home/super/f1tenth_ws/install/vesc_msgs/share/vesc_msgs/environment/pythonpath.dsv
[3.051s] -- Up-to-date: /home/super/f1tenth_ws/install/vesc_msgs/lib/python3.8/site-packages/vesc_msgs/__init__.py
[3.152s] -- Up-to-date: /home/super/f1tenth_ws/install/vesc_msgs/lib/python3.8/site-packages/vesc_msgs/msg
[3.154s] -- Up-to-date: /home/super/f1tenth_ws/install/vesc_msgs/lib/python3.8/site-packages/vesc_msgs/msg/_vesc_imu_s.c
[3.156s] -- Up-to-date: /home/super/f1tenth_ws/install/vesc_msgs/lib/python3.8/site-packages/vesc_msgs/msg/_vesc_imu_stamped_s.c
[3.156s] -- Up-to-date: /home/super/f1tenth_ws/install/vesc_msgs/lib/python3.8/site-packages/vesc_msgs/msg/_vesc_state_stamped.py
[3.156s] -- Up-to-date: /home/super/f1tenth_ws/install/vesc_msgs/lib/python3.8/site-packages/vesc_msgs/msg/__init__.py
[3.156s] -- Up-to-date: /home/super/f1tenth_ws/install/vesc_msgs/lib/python3.8/site-packages/vesc_msgs/msg/_vesc_state.py
[3.157s] -- Up-to-date: /home/super/f1tenth_ws/install/vesc_msgs/lib/python3.8/site-packages/vesc_msgs/msg/_vesc_imu_stamped.py
[3.157s] -- Up-to-date: /home/super/f1tenth_ws/install/vesc_msgs/lib/python3.8/site-packages/vesc_msgs/msg/_vesc_imu.py
[3.157s] -- Up-to-date: /home/super/f1tenth_ws/install/vesc_msgs/lib/python3.8/site-packages/vesc_msgs/msg/_vesc_state_stamped_s.c
[3.157s] -- Up-to-date: /home/super/f1tenth_ws/install/vesc_msgs/lib/python3.8/site-packages/vesc_msgs/msg/_vesc_state_s.c
[3.159s] -- Up-to-date: /home/super/f1tenth_ws/install/vesc_msgs/lib/python3.8/site-packages/vesc_msgs/vesc_msgs_s__rosidl_typesupport_fastrtps_c.cpython-38-aarch64-linux-gnu.so
[3.159s] -- Up-to-date: /home/super/f1tenth_ws/install/vesc_msgs/lib/python3.8/site-packages/vesc_msgs/vesc_msgs_s__rosidl_typesupport_introspection_c.cpython-38-aarch64-linux-gnu.so
[3.161s] -- Up-to-date: /home/super/f1tenth_ws/install/vesc_msgs/lib/python3.8/site-packages/vesc_msgs/vesc_msgs_s__rosidl_typesupport_c.cpython-38-aarch64-linux-gnu.so
[3.164s] -- Up-to-date: /home/super/f1tenth_ws/install/vesc_msgs/lib/libvesc_msgs__python.so
[3.165s] -- Up-to-date: /home/super/f1tenth_ws/install/vesc_msgs/share/vesc_msgs/msg/VescState.idl
[3.165s] -- Up-to-date: /home/super/f1tenth_ws/install/vesc_msgs/share/vesc_msgs/msg/VescStateStamped.idl
[3.165s] -- Up-to-date: /home/super/f1tenth_ws/install/vesc_msgs/share/vesc_msgs/msg/VescImu.idl
[3.166s] -- Up-to-date: /home/super/f1tenth_ws/install/vesc_msgs/share/vesc_msgs/msg/VescImuStamped.idl
[3.166s] -- Up-to-date: /home/super/f1tenth_ws/install/vesc_msgs/share/vesc_msgs/msg/VescState.msg
[3.166s] -- Up-to-date: /home/super/f1tenth_ws/install/vesc_msgs/share/vesc_msgs/msg/VescStateStamped.msg
[3.166s] -- Up-to-date: /home/super/f1tenth_ws/install/vesc_msgs/share/vesc_msgs/msg/VescImu.msg
[3.167s] -- Up-to-date: /home/super/f1tenth_ws/install/vesc_msgs/share/vesc_msgs/msg/VescImuStamped.msg
[3.167s] -- Up-to-date: /home/super/f1tenth_ws/install/vesc_msgs/share/ament_index/resource_index/package_run_dependencies/vesc_msgs
[3.168s] -- Up-to-date: /home/super/f1tenth_ws/install/vesc_msgs/share/ament_index/resource_index/parent_prefix_path/vesc_msgs
[3.168s] -- Up-to-date: /home/super/f1tenth_ws/install/vesc_msgs/share/vesc_msgs/environment/ament_prefix_path.sh
[3.169s] -- Up-to-date: /home/super/f1tenth_ws/install/vesc_msgs/share/vesc_msgs/environment/ament_prefix_path.dsv
[3.169s] -- Up-to-date: /home/super/f1tenth_ws/install/vesc_msgs/share/vesc_msgs/environment/path.sh
[3.170s] -- Up-to-date: /home/super/f1tenth_ws/install/vesc_msgs/share/vesc_msgs/environment/path.dsv
[3.172s] -- Up-to-date: /home/super/f1tenth_ws/install/vesc_msgs/share/vesc_msgs/local_setup.bash
[3.173s] -- Up-to-date: /home/super/f1tenth_ws/install/vesc_msgs/share/vesc_msgs/local_setup.sh
[3.174s] -- Up-to-date: /home/super/f1tenth_ws/install/vesc_msgs/share/vesc_msgs/local_setup.zsh
[3.175s] -- Up-to-date: /home/super/f1tenth_ws/install/vesc_msgs/share/vesc_msgs/local_setup.dsv
[3.175s] -- Installing: /home/super/f1tenth_ws/install/vesc_msgs/share/vesc_msgs/package.dsv
[3.176s] -- Up-to-date: /home/super/f1tenth_ws/install/vesc_msgs/share/ament_index/resource_index/packages/vesc_msgs
[3.178s] -- Up-to-date: /home/super/f1tenth_ws/install/vesc_msgs/share/vesc_msgs/cmake/vesc_msgs__rosidl_generator_cExport.cmake
[3.179s] -- Up-to-date: /home/super/f1tenth_ws/install/vesc_msgs/share/vesc_msgs/cmake/vesc_msgs__rosidl_generator_cExport-noconfig.cmake
[3.184s] -- Up-to-date: /home/super/f1tenth_ws/install/vesc_msgs/share/vesc_msgs/cmake/vesc_msgs__rosidl_typesupport_introspection_cExport.cmake
[3.185s] -- Up-to-date: /home/super/f1tenth_ws/install/vesc_msgs/share/vesc_msgs/cmake/vesc_msgs__rosidl_typesupport_introspection_cExport-noconfig.cmake
[3.187s] -- Up-to-date: /home/super/f1tenth_ws/install/vesc_msgs/share/vesc_msgs/cmake/vesc_msgs__rosidl_typesupport_cExport.cmake
[3.187s] -- Up-to-date: /home/super/f1tenth_ws/install/vesc_msgs/share/vesc_msgs/cmake/vesc_msgs__rosidl_typesupport_cExport-noconfig.cmake
[3.188s] -- Up-to-date: /home/super/f1tenth_ws/install/vesc_msgs/share/vesc_msgs/cmake/vesc_msgs__rosidl_generator_cppExport.cmake
[3.189s] -- Up-to-date: /home/super/f1tenth_ws/install/vesc_msgs/share/vesc_msgs/cmake/vesc_msgs__rosidl_typesupport_introspection_cppExport.cmake
[3.190s] -- Up-to-date: /home/super/f1tenth_ws/install/vesc_msgs/share/vesc_msgs/cmake/vesc_msgs__rosidl_typesupport_introspection_cppExport-noconfig.cmake
[3.191s] -- Up-to-date: /home/super/f1tenth_ws/install/vesc_msgs/share/vesc_msgs/cmake/vesc_msgs__rosidl_typesupport_cppExport.cmake
[3.193s] -- Up-to-date: /home/super/f1tenth_ws/install/vesc_msgs/share/vesc_msgs/cmake/vesc_msgs__rosidl_typesupport_cppExport-noconfig.cmake
[3.194s] -- Up-to-date: /home/super/f1tenth_ws/install/vesc_msgs/share/vesc_msgs/cmake/rosidl_cmake-extras.cmake
[3.199s] -- Up-to-date: /home/super/f1tenth_ws/install/vesc_msgs/share/vesc_msgs/cmake/ament_cmake_export_dependencies-extras.cmake
[3.201s] -- Up-to-date: /home/super/f1tenth_ws/install/vesc_msgs/share/vesc_msgs/cmake/ament_cmake_export_libraries-extras.cmake
[3.202s] -- Up-to-date: /home/super/f1tenth_ws/install/vesc_msgs/share/vesc_msgs/cmake/ament_cmake_export_targets-extras.cmake
[3.204s] -- Up-to-date: /home/super/f1tenth_ws/install/vesc_msgs/share/vesc_msgs/cmake/ament_cmake_export_include_directories-extras.cmake
[3.204s] -- Up-to-date: /home/super/f1tenth_ws/install/vesc_msgs/share/vesc_msgs/cmake/rosidl_cmake_export_typesupport_libraries-extras.cmake
[3.205s] -- Up-to-date: /home/super/f1tenth_ws/install/vesc_msgs/share/vesc_msgs/cmake/rosidl_cmake_export_typesupport_targets-extras.cmake
[3.213s] -- Up-to-date: /home/super/f1tenth_ws/install/vesc_msgs/share/vesc_msgs/cmake/vesc_msgsConfig.cmake
[3.216s] -- Up-to-date: /home/super/f1tenth_ws/install/vesc_msgs/share/vesc_msgs/cmake/vesc_msgsConfig-version.cmake
[3.218s] -- Up-to-date: /home/super/f1tenth_ws/install/vesc_msgs/share/vesc_msgs/package.xml
[3.234s] Invoked command in '/home/super/f1tenth_ws/build/vesc_msgs' returned '0': CMAKE_PREFIX_PATH=${CMAKE_PREFIX_PATH}:/home/super/f1tenth_ws/install/particle_filter:/home/super/f1tenth_ws/install/f1tenth_stack:/home/super/f1tenth_ws/install/joy_teleop:/home/super/f1tenth_ws/install/mouse_teleop:/home/super/f1tenth_ws/install/key_teleop:/opt/ros/foxy /usr/bin/cmake --install /home/super/f1tenth_ws/build/vesc_msgs
