[3.048s] Invoking command in '/home/super/f1tenth_ws/src/f1tenth_system/teleop_tools/mouse_teleop': PYTHONPATH=/home/super/f1tenth_ws/build/mouse_teleop/prefix_override:/home/super/f1tenth_ws/install/mouse_teleop/lib/python3.8/site-packages: /usr/bin/python3 -W ignore:setup.py install is deprecated setup.py egg_info --egg-base ../../../../build/mouse_teleop build --build-base /home/super/f1tenth_ws/build/mouse_teleop/build install --record /home/super/f1tenth_ws/build/mouse_teleop/install.log --install-scripts $base/lib/mouse_teleop --single-version-externally-managed install_data
[3.437s] running egg_info
[3.438s] creating ../../../../build/mouse_teleop/mouse_teleop.egg-info
[3.439s] writing ../../../../build/mouse_teleop/mouse_teleop.egg-info/PKG-INFO
[3.440s] writing dependency_links to ../../../../build/mouse_teleop/mouse_teleop.egg-info/dependency_links.txt
[3.440s] writing entry points to ../../../../build/mouse_teleop/mouse_teleop.egg-info/entry_points.txt
[3.440s] writing requirements to ../../../../build/mouse_teleop/mouse_teleop.egg-info/requires.txt
[3.441s] writing top-level names to ../../../../build/mouse_teleop/mouse_teleop.egg-info/top_level.txt
[3.444s] writing manifest file '../../../../build/mouse_teleop/mouse_teleop.egg-info/SOURCES.txt'
[3.511s] reading manifest file '../../../../build/mouse_teleop/mouse_teleop.egg-info/SOURCES.txt'
[3.512s] writing manifest file '../../../../build/mouse_teleop/mouse_teleop.egg-info/SOURCES.txt'
[3.513s] running build
[3.516s] running build_py
[3.516s] creating /home/super/f1tenth_ws/build/mouse_teleop/build
[3.516s] creating /home/super/f1tenth_ws/build/mouse_teleop/build/lib
[3.516s] creating /home/super/f1tenth_ws/build/mouse_teleop/build/lib/mouse_teleop
[3.516s] copying mouse_teleop/__init__.py -> /home/super/f1tenth_ws/build/mouse_teleop/build/lib/mouse_teleop
[3.517s] copying mouse_teleop/mouse_teleop.py -> /home/super/f1tenth_ws/build/mouse_teleop/build/lib/mouse_teleop
[3.517s] running install
[3.519s] running install_lib
[3.522s] creating /home/super/f1tenth_ws/install/mouse_teleop/lib/python3.8/site-packages/mouse_teleop
[3.522s] copying /home/super/f1tenth_ws/build/mouse_teleop/build/lib/mouse_teleop/__init__.py -> /home/super/f1tenth_ws/install/mouse_teleop/lib/python3.8/site-packages/mouse_teleop
[3.522s] copying /home/super/f1tenth_ws/build/mouse_teleop/build/lib/mouse_teleop/mouse_teleop.py -> /home/super/f1tenth_ws/install/mouse_teleop/lib/python3.8/site-packages/mouse_teleop
[3.523s] byte-compiling /home/super/f1tenth_ws/install/mouse_teleop/lib/python3.8/site-packages/mouse_teleop/__init__.py to __init__.cpython-38.pyc
[3.526s] byte-compiling /home/super/f1tenth_ws/install/mouse_teleop/lib/python3.8/site-packages/mouse_teleop/mouse_teleop.py to mouse_teleop.cpython-38.pyc
[3.529s] running install_data
[3.529s] copying package.xml -> /home/super/f1tenth_ws/install/mouse_teleop/share/mouse_teleop
[3.530s] creating /home/super/f1tenth_ws/install/mouse_teleop/share/mouse_teleop/config
[3.530s] copying config/mouse_teleop.yaml -> /home/super/f1tenth_ws/install/mouse_teleop/share/mouse_teleop/config
[3.530s] creating /home/super/f1tenth_ws/install/mouse_teleop/share/mouse_teleop/launch
[3.531s] copying launch/mouse_teleop.launch.py -> /home/super/f1tenth_ws/install/mouse_teleop/share/mouse_teleop/launch
[3.672s] creating /home/super/f1tenth_ws/install/mouse_teleop/share/ament_index
[3.674s] creating /home/super/f1tenth_ws/install/mouse_teleop/share/ament_index/resource_index
[3.674s] creating /home/super/f1tenth_ws/install/mouse_teleop/share/ament_index/resource_index/packages
[3.674s] copying resource/mouse_teleop -> /home/super/f1tenth_ws/install/mouse_teleop/share/ament_index/resource_index/packages
[3.674s] running install_egg_info
[3.674s] Copying ../../../../build/mouse_teleop/mouse_teleop.egg-info to /home/super/f1tenth_ws/install/mouse_teleop/lib/python3.8/site-packages/mouse_teleop-0.3.0-py3.8.egg-info
[3.676s] running install_scripts
[3.716s] Installing mouse_teleop script to /home/super/f1tenth_ws/install/mouse_teleop/lib/mouse_teleop
[3.717s] writing list of installed files to '/home/super/f1tenth_ws/build/mouse_teleop/install.log'
[3.811s] Invoked command in '/home/super/f1tenth_ws/src/f1tenth_system/teleop_tools/mouse_teleop' returned '0': PYTHONPATH=/home/super/f1tenth_ws/build/mouse_teleop/prefix_override:/home/super/f1tenth_ws/install/mouse_teleop/lib/python3.8/site-packages: /usr/bin/python3 -W ignore:setup.py install is deprecated setup.py egg_info --egg-base ../../../../build/mouse_teleop build --build-base /home/super/f1tenth_ws/build/mouse_teleop/build install --record /home/super/f1tenth_ws/build/mouse_teleop/install.log --install-scripts $base/lib/mouse_teleop --single-version-externally-managed install_data
