[0.252s] Invoking command in '/home/super/f1tenth_ws/build/teleop_tools_msgs': CMAKE_PREFIX_PATH=${CMAKE_PREFIX_PATH}:/home/super/f1tenth_ws/install/f1tenth_stack:/home/super/f1tenth_ws/install/joy_teleop:/home/super/f1tenth_ws/install/mouse_teleop:/home/super/f1tenth_ws/install/key_teleop:/opt/ros/foxy /usr/bin/cmake --build /home/super/f1tenth_ws/build/teleop_tools_msgs -- -j6 -l6
[0.889s] [  3%] Built target teleop_tools_msgs__cpp
[0.890s] [ 12%] Built target teleop_tools_msgs__rosidl_generator_c
[0.890s] [ 22%] Built target teleop_tools_msgs__rosidl_typesupport_fastrtps_cpp
[0.890s] [ 32%] Built target teleop_tools_msgs__rosidl_typesupport_cpp
[0.890s] [ 41%] Built target teleop_tools_msgs__rosidl_typesupport_introspection_c
[0.890s] [ 51%] Built target teleop_tools_msgs__rosidl_typesupport_introspection_cpp
[0.890s] [ 61%] Built target teleop_tools_msgs__rosidl_typesupport_c
[0.891s] [ 70%] Built target teleop_tools_msgs__rosidl_typesupport_fastrtps_c
[0.891s] [ 70%] Built target teleop_tools_msgs
[0.891s] [ 74%] Built target teleop_tools_msgs__py
[0.892s] [ 80%] Built target teleop_tools_msgs__python
[0.892s] [ 87%] Built target teleop_tools_msgs__rosidl_typesupport_introspection_c__pyext
[0.892s] [ 93%] Built target teleop_tools_msgs__rosidl_typesupport_fastrtps_c__pyext
[0.892s] [100%] Built target teleop_tools_msgs__rosidl_typesupport_c__pyext
[1.432s] Invoked command in '/home/super/f1tenth_ws/build/teleop_tools_msgs' returned '0': CMAKE_PREFIX_PATH=${CMAKE_PREFIX_PATH}:/home/super/f1tenth_ws/install/f1tenth_stack:/home/super/f1tenth_ws/install/joy_teleop:/home/super/f1tenth_ws/install/mouse_teleop:/home/super/f1tenth_ws/install/key_teleop:/opt/ros/foxy /usr/bin/cmake --build /home/super/f1tenth_ws/build/teleop_tools_msgs -- -j6 -l6
[1.603s] Invoking command in '/home/super/f1tenth_ws/build/teleop_tools_msgs': CMAKE_PREFIX_PATH=${CMAKE_PREFIX_PATH}:/home/super/f1tenth_ws/install/f1tenth_stack:/home/super/f1tenth_ws/install/joy_teleop:/home/super/f1tenth_ws/install/mouse_teleop:/home/super/f1tenth_ws/install/key_teleop:/opt/ros/foxy /usr/bin/cmake --install /home/super/f1tenth_ws/build/teleop_tools_msgs
[1.658s] -- Install configuration: ""
[1.658s] -- Up-to-date: /home/super/f1tenth_ws/install/teleop_tools_msgs/share/ament_index/resource_index/rosidl_interfaces/teleop_tools_msgs
[1.659s] -- Up-to-date: /home/super/f1tenth_ws/install/teleop_tools_msgs/include/teleop_tools_msgs
[1.659s] -- Up-to-date: /home/super/f1tenth_ws/install/teleop_tools_msgs/include/teleop_tools_msgs/msg
[1.659s] -- Up-to-date: /home/super/f1tenth_ws/install/teleop_tools_msgs/include/teleop_tools_msgs/msg/rosidl_generator_c__visibility_control.h
[1.659s] -- Up-to-date: /home/super/f1tenth_ws/install/teleop_tools_msgs/include/teleop_tools_msgs/action
[1.659s] -- Up-to-date: /home/super/f1tenth_ws/install/teleop_tools_msgs/include/teleop_tools_msgs/action/increment.h
[1.659s] -- Up-to-date: /home/super/f1tenth_ws/install/teleop_tools_msgs/include/teleop_tools_msgs/action/detail
[1.659s] -- Up-to-date: /home/super/f1tenth_ws/install/teleop_tools_msgs/include/teleop_tools_msgs/action/detail/increment__functions.h
[1.660s] -- Up-to-date: /home/super/f1tenth_ws/install/teleop_tools_msgs/include/teleop_tools_msgs/action/detail/increment__struct.h
[1.660s] -- Up-to-date: /home/super/f1tenth_ws/install/teleop_tools_msgs/include/teleop_tools_msgs/action/detail/increment__type_support.h
[1.660s] -- Up-to-date: /home/super/f1tenth_ws/install/teleop_tools_msgs/include/teleop_tools_msgs/action/detail/increment__functions.c
[1.660s] -- Up-to-date: /home/super/f1tenth_ws/install/teleop_tools_msgs/share/teleop_tools_msgs/environment/library_path.sh
[1.660s] -- Up-to-date: /home/super/f1tenth_ws/install/teleop_tools_msgs/share/teleop_tools_msgs/environment/library_path.dsv
[1.660s] -- Up-to-date: /home/super/f1tenth_ws/install/teleop_tools_msgs/lib/libteleop_tools_msgs__rosidl_generator_c.so
[1.660s] -- Up-to-date: /home/super/f1tenth_ws/install/teleop_tools_msgs/include/teleop_tools_msgs
[1.661s] -- Up-to-date: /home/super/f1tenth_ws/install/teleop_tools_msgs/include/teleop_tools_msgs/msg
[1.661s] -- Up-to-date: /home/super/f1tenth_ws/install/teleop_tools_msgs/include/teleop_tools_msgs/msg/rosidl_typesupport_fastrtps_c__visibility_control.h
[1.661s] -- Up-to-date: /home/super/f1tenth_ws/install/teleop_tools_msgs/include/teleop_tools_msgs/action
[1.661s] -- Up-to-date: /home/super/f1tenth_ws/install/teleop_tools_msgs/include/teleop_tools_msgs/action/detail
[1.661s] -- Up-to-date: /home/super/f1tenth_ws/install/teleop_tools_msgs/include/teleop_tools_msgs/action/detail/increment__rosidl_typesupport_fastrtps_c.h
[1.661s] -- Up-to-date: /home/super/f1tenth_ws/install/teleop_tools_msgs/lib/libteleop_tools_msgs__rosidl_typesupport_fastrtps_c.so
[1.662s] -- Up-to-date: /home/super/f1tenth_ws/install/teleop_tools_msgs/include/teleop_tools_msgs
[1.662s] -- Up-to-date: /home/super/f1tenth_ws/install/teleop_tools_msgs/include/teleop_tools_msgs/msg
[1.662s] -- Up-to-date: /home/super/f1tenth_ws/install/teleop_tools_msgs/include/teleop_tools_msgs/msg/rosidl_typesupport_fastrtps_cpp__visibility_control.h
[1.662s] -- Up-to-date: /home/super/f1tenth_ws/install/teleop_tools_msgs/include/teleop_tools_msgs/action
[1.662s] -- Up-to-date: /home/super/f1tenth_ws/install/teleop_tools_msgs/include/teleop_tools_msgs/action/detail
[1.662s] -- Up-to-date: /home/super/f1tenth_ws/install/teleop_tools_msgs/include/teleop_tools_msgs/action/detail/increment__rosidl_typesupport_fastrtps_cpp.hpp
[1.662s] -- Up-to-date: /home/super/f1tenth_ws/install/teleop_tools_msgs/include/teleop_tools_msgs/action/detail/dds_fastrtps
[1.663s] -- Up-to-date: /home/super/f1tenth_ws/install/teleop_tools_msgs/lib/libteleop_tools_msgs__rosidl_typesupport_fastrtps_cpp.so
[1.663s] -- Up-to-date: /home/super/f1tenth_ws/install/teleop_tools_msgs/include/teleop_tools_msgs
[1.663s] -- Up-to-date: /home/super/f1tenth_ws/install/teleop_tools_msgs/include/teleop_tools_msgs/msg
[1.663s] -- Up-to-date: /home/super/f1tenth_ws/install/teleop_tools_msgs/include/teleop_tools_msgs/msg/rosidl_typesupport_introspection_c__visibility_control.h
[1.663s] -- Up-to-date: /home/super/f1tenth_ws/install/teleop_tools_msgs/include/teleop_tools_msgs/action
[1.663s] -- Up-to-date: /home/super/f1tenth_ws/install/teleop_tools_msgs/include/teleop_tools_msgs/action/detail
[1.663s] -- Up-to-date: /home/super/f1tenth_ws/install/teleop_tools_msgs/include/teleop_tools_msgs/action/detail/increment__type_support.c
[1.663s] -- Up-to-date: /home/super/f1tenth_ws/install/teleop_tools_msgs/include/teleop_tools_msgs/action/detail/increment__rosidl_typesupport_introspection_c.h
[1.664s] -- Up-to-date: /home/super/f1tenth_ws/install/teleop_tools_msgs/lib/libteleop_tools_msgs__rosidl_typesupport_introspection_c.so
[1.664s] -- Up-to-date: /home/super/f1tenth_ws/install/teleop_tools_msgs/lib/libteleop_tools_msgs__rosidl_typesupport_c.so
[1.664s] -- Up-to-date: /home/super/f1tenth_ws/install/teleop_tools_msgs/include/teleop_tools_msgs
[1.664s] -- Up-to-date: /home/super/f1tenth_ws/install/teleop_tools_msgs/include/teleop_tools_msgs/msg
[1.664s] -- Up-to-date: /home/super/f1tenth_ws/install/teleop_tools_msgs/include/teleop_tools_msgs/msg/rosidl_generator_cpp__visibility_control.hpp
[1.664s] -- Up-to-date: /home/super/f1tenth_ws/install/teleop_tools_msgs/include/teleop_tools_msgs/action
[1.664s] -- Up-to-date: /home/super/f1tenth_ws/install/teleop_tools_msgs/include/teleop_tools_msgs/action/increment.hpp
[1.665s] -- Up-to-date: /home/super/f1tenth_ws/install/teleop_tools_msgs/include/teleop_tools_msgs/action/detail
[1.665s] -- Up-to-date: /home/super/f1tenth_ws/install/teleop_tools_msgs/include/teleop_tools_msgs/action/detail/increment__builder.hpp
[1.665s] -- Up-to-date: /home/super/f1tenth_ws/install/teleop_tools_msgs/include/teleop_tools_msgs/action/detail/increment__traits.hpp
[1.665s] -- Up-to-date: /home/super/f1tenth_ws/install/teleop_tools_msgs/include/teleop_tools_msgs/action/detail/increment__struct.hpp
[1.665s] -- Up-to-date: /home/super/f1tenth_ws/install/teleop_tools_msgs/include/teleop_tools_msgs/action/detail/increment__type_support.hpp
[1.665s] -- Up-to-date: /home/super/f1tenth_ws/install/teleop_tools_msgs/include/teleop_tools_msgs
[1.665s] -- Up-to-date: /home/super/f1tenth_ws/install/teleop_tools_msgs/include/teleop_tools_msgs/action
[1.666s] -- Up-to-date: /home/super/f1tenth_ws/install/teleop_tools_msgs/include/teleop_tools_msgs/action/detail
[1.666s] -- Up-to-date: /home/super/f1tenth_ws/install/teleop_tools_msgs/include/teleop_tools_msgs/action/detail/increment__type_support.cpp
[1.666s] -- Up-to-date: /home/super/f1tenth_ws/install/teleop_tools_msgs/include/teleop_tools_msgs/action/detail/increment__rosidl_typesupport_introspection_cpp.hpp
[1.666s] -- Up-to-date: /home/super/f1tenth_ws/install/teleop_tools_msgs/lib/libteleop_tools_msgs__rosidl_typesupport_introspection_cpp.so
[1.666s] -- Up-to-date: /home/super/f1tenth_ws/install/teleop_tools_msgs/lib/libteleop_tools_msgs__rosidl_typesupport_cpp.so
[1.672s] -- Up-to-date: /home/super/f1tenth_ws/install/teleop_tools_msgs/share/teleop_tools_msgs/environment/pythonpath.sh
[1.673s] -- Up-to-date: /home/super/f1tenth_ws/install/teleop_tools_msgs/share/teleop_tools_msgs/environment/pythonpath.dsv
[1.673s] -- Up-to-date: /home/super/f1tenth_ws/install/teleop_tools_msgs/lib/python3.8/site-packages/teleop_tools_msgs/__init__.py
[1.737s] -- Up-to-date: /home/super/f1tenth_ws/install/teleop_tools_msgs/lib/python3.8/site-packages/teleop_tools_msgs/action
[1.738s] -- Up-to-date: /home/super/f1tenth_ws/install/teleop_tools_msgs/lib/python3.8/site-packages/teleop_tools_msgs/action/_increment_s.c
[1.738s] -- Up-to-date: /home/super/f1tenth_ws/install/teleop_tools_msgs/lib/python3.8/site-packages/teleop_tools_msgs/action/__init__.py
[1.738s] -- Up-to-date: /home/super/f1tenth_ws/install/teleop_tools_msgs/lib/python3.8/site-packages/teleop_tools_msgs/action/_increment.py
[1.738s] -- Up-to-date: /home/super/f1tenth_ws/install/teleop_tools_msgs/lib/python3.8/site-packages/teleop_tools_msgs/teleop_tools_msgs_s__rosidl_typesupport_fastrtps_c.cpython-38-aarch64-linux-gnu.so
[1.739s] -- Up-to-date: /home/super/f1tenth_ws/install/teleop_tools_msgs/lib/python3.8/site-packages/teleop_tools_msgs/teleop_tools_msgs_s__rosidl_typesupport_introspection_c.cpython-38-aarch64-linux-gnu.so
[1.748s] -- Up-to-date: /home/super/f1tenth_ws/install/teleop_tools_msgs/lib/python3.8/site-packages/teleop_tools_msgs/teleop_tools_msgs_s__rosidl_typesupport_c.cpython-38-aarch64-linux-gnu.so
[1.750s] -- Up-to-date: /home/super/f1tenth_ws/install/teleop_tools_msgs/lib/libteleop_tools_msgs__python.so
[1.752s] -- Up-to-date: /home/super/f1tenth_ws/install/teleop_tools_msgs/share/teleop_tools_msgs/action/Increment.idl
[1.753s] -- Up-to-date: /home/super/f1tenth_ws/install/teleop_tools_msgs/share/teleop_tools_msgs/action/Increment.action
[1.753s] -- Up-to-date: /home/super/f1tenth_ws/install/teleop_tools_msgs/share/ament_index/resource_index/package_run_dependencies/teleop_tools_msgs
[1.753s] -- Up-to-date: /home/super/f1tenth_ws/install/teleop_tools_msgs/share/ament_index/resource_index/parent_prefix_path/teleop_tools_msgs
[1.753s] -- Up-to-date: /home/super/f1tenth_ws/install/teleop_tools_msgs/share/teleop_tools_msgs/environment/ament_prefix_path.sh
[1.753s] -- Up-to-date: /home/super/f1tenth_ws/install/teleop_tools_msgs/share/teleop_tools_msgs/environment/ament_prefix_path.dsv
[1.754s] -- Up-to-date: /home/super/f1tenth_ws/install/teleop_tools_msgs/share/teleop_tools_msgs/environment/path.sh
[1.754s] -- Up-to-date: /home/super/f1tenth_ws/install/teleop_tools_msgs/share/teleop_tools_msgs/environment/path.dsv
[1.754s] -- Up-to-date: /home/super/f1tenth_ws/install/teleop_tools_msgs/share/teleop_tools_msgs/local_setup.bash
[1.754s] -- Up-to-date: /home/super/f1tenth_ws/install/teleop_tools_msgs/share/teleop_tools_msgs/local_setup.sh
[1.754s] -- Up-to-date: /home/super/f1tenth_ws/install/teleop_tools_msgs/share/teleop_tools_msgs/local_setup.zsh
[1.754s] -- Up-to-date: /home/super/f1tenth_ws/install/teleop_tools_msgs/share/teleop_tools_msgs/local_setup.dsv
[1.755s] -- Installing: /home/super/f1tenth_ws/install/teleop_tools_msgs/share/teleop_tools_msgs/package.dsv
[1.757s] -- Up-to-date: /home/super/f1tenth_ws/install/teleop_tools_msgs/share/ament_index/resource_index/packages/teleop_tools_msgs
[1.758s] -- Up-to-date: /home/super/f1tenth_ws/install/teleop_tools_msgs/share/teleop_tools_msgs/cmake/teleop_tools_msgs__rosidl_generator_cExport.cmake
[1.758s] -- Up-to-date: /home/super/f1tenth_ws/install/teleop_tools_msgs/share/teleop_tools_msgs/cmake/teleop_tools_msgs__rosidl_generator_cExport-noconfig.cmake
[1.758s] -- Up-to-date: /home/super/f1tenth_ws/install/teleop_tools_msgs/share/teleop_tools_msgs/cmake/teleop_tools_msgs__rosidl_typesupport_introspection_cExport.cmake
[1.758s] -- Up-to-date: /home/super/f1tenth_ws/install/teleop_tools_msgs/share/teleop_tools_msgs/cmake/teleop_tools_msgs__rosidl_typesupport_introspection_cExport-noconfig.cmake
[1.758s] -- Up-to-date: /home/super/f1tenth_ws/install/teleop_tools_msgs/share/teleop_tools_msgs/cmake/teleop_tools_msgs__rosidl_typesupport_cExport.cmake
[1.759s] -- Up-to-date: /home/super/f1tenth_ws/install/teleop_tools_msgs/share/teleop_tools_msgs/cmake/teleop_tools_msgs__rosidl_typesupport_cExport-noconfig.cmake
[1.759s] -- Up-to-date: /home/super/f1tenth_ws/install/teleop_tools_msgs/share/teleop_tools_msgs/cmake/teleop_tools_msgs__rosidl_generator_cppExport.cmake
[1.759s] -- Up-to-date: /home/super/f1tenth_ws/install/teleop_tools_msgs/share/teleop_tools_msgs/cmake/teleop_tools_msgs__rosidl_typesupport_introspection_cppExport.cmake
[1.759s] -- Up-to-date: /home/super/f1tenth_ws/install/teleop_tools_msgs/share/teleop_tools_msgs/cmake/teleop_tools_msgs__rosidl_typesupport_introspection_cppExport-noconfig.cmake
[1.759s] -- Up-to-date: /home/super/f1tenth_ws/install/teleop_tools_msgs/share/teleop_tools_msgs/cmake/teleop_tools_msgs__rosidl_typesupport_cppExport.cmake
[1.759s] -- Up-to-date: /home/super/f1tenth_ws/install/teleop_tools_msgs/share/teleop_tools_msgs/cmake/teleop_tools_msgs__rosidl_typesupport_cppExport-noconfig.cmake
[1.759s] -- Up-to-date: /home/super/f1tenth_ws/install/teleop_tools_msgs/share/teleop_tools_msgs/cmake/rosidl_cmake-extras.cmake
[1.760s] -- Up-to-date: /home/super/f1tenth_ws/install/teleop_tools_msgs/share/teleop_tools_msgs/cmake/ament_cmake_export_dependencies-extras.cmake
[1.760s] -- Up-to-date: /home/super/f1tenth_ws/install/teleop_tools_msgs/share/teleop_tools_msgs/cmake/ament_cmake_export_libraries-extras.cmake
[1.760s] -- Up-to-date: /home/super/f1tenth_ws/install/teleop_tools_msgs/share/teleop_tools_msgs/cmake/ament_cmake_export_targets-extras.cmake
[1.760s] -- Up-to-date: /home/super/f1tenth_ws/install/teleop_tools_msgs/share/teleop_tools_msgs/cmake/ament_cmake_export_include_directories-extras.cmake
[1.760s] -- Up-to-date: /home/super/f1tenth_ws/install/teleop_tools_msgs/share/teleop_tools_msgs/cmake/rosidl_cmake_export_typesupport_libraries-extras.cmake
[1.760s] -- Up-to-date: /home/super/f1tenth_ws/install/teleop_tools_msgs/share/teleop_tools_msgs/cmake/rosidl_cmake_export_typesupport_targets-extras.cmake
[1.760s] -- Up-to-date: /home/super/f1tenth_ws/install/teleop_tools_msgs/share/teleop_tools_msgs/cmake/teleop_tools_msgsConfig.cmake
[1.761s] -- Up-to-date: /home/super/f1tenth_ws/install/teleop_tools_msgs/share/teleop_tools_msgs/cmake/teleop_tools_msgsConfig-version.cmake
[1.761s] -- Up-to-date: /home/super/f1tenth_ws/install/teleop_tools_msgs/share/teleop_tools_msgs/package.xml
[1.774s] Invoked command in '/home/super/f1tenth_ws/build/teleop_tools_msgs' returned '0': CMAKE_PREFIX_PATH=${CMAKE_PREFIX_PATH}:/home/super/f1tenth_ws/install/f1tenth_stack:/home/super/f1tenth_ws/install/joy_teleop:/home/super/f1tenth_ws/install/mouse_teleop:/home/super/f1tenth_ws/install/key_teleop:/opt/ros/foxy /usr/bin/cmake --install /home/super/f1tenth_ws/build/teleop_tools_msgs
