[0.079s] Invoking command in '/home/super/f1tenth_ws/build/pure_pursuit': CMAKE_PREFIX_PATH=${CMAKE_PREFIX_PATH}:/home/super/f1tenth_ws/install/particle_filter:/home/super/f1tenth_ws/install/f1tenth_stack:/home/super/f1tenth_ws/install/joy_teleop:/home/super/f1tenth_ws/install/mouse_teleop:/home/super/f1tenth_ws/install/key_teleop:/opt/ros/foxy /usr/bin/cmake --build /home/super/f1tenth_ws/build/pure_pursuit -- -j6 -l6
[0.306s] [100%] Built target pure_pursuit_node
[0.365s] Invoked command in '/home/super/f1tenth_ws/build/pure_pursuit' returned '0': CMAKE_PREFIX_PATH=${CMAKE_PREFIX_PATH}:/home/super/f1tenth_ws/install/particle_filter:/home/super/f1tenth_ws/install/f1tenth_stack:/home/super/f1tenth_ws/install/joy_teleop:/home/super/f1tenth_ws/install/mouse_teleop:/home/super/f1tenth_ws/install/key_teleop:/opt/ros/foxy /usr/bin/cmake --build /home/super/f1tenth_ws/build/pure_pursuit -- -j6 -l6
[0.565s] Invoking command in '/home/super/f1tenth_ws/build/pure_pursuit': CMAKE_PREFIX_PATH=${CMAKE_PREFIX_PATH}:/home/super/f1tenth_ws/install/particle_filter:/home/super/f1tenth_ws/install/f1tenth_stack:/home/super/f1tenth_ws/install/joy_teleop:/home/super/f1tenth_ws/install/mouse_teleop:/home/super/f1tenth_ws/install/key_teleop:/opt/ros/foxy /usr/bin/cmake --install /home/super/f1tenth_ws/build/pure_pursuit
[0.601s] -- Install configuration: ""
[0.602s] -- Up-to-date: /home/super/f1tenth_ws/install/pure_pursuit/lib/pure_pursuit/pure_pursuit_node
[0.603s] -- Up-to-date: /home/super/f1tenth_ws/install/pure_pursuit/share/pure_pursuit/environment/pythonpath.sh
[0.604s] -- Up-to-date: /home/super/f1tenth_ws/install/pure_pursuit/share/pure_pursuit/environment/pythonpath.dsv
[0.604s] -- Up-to-date: /home/super/f1tenth_ws/install/pure_pursuit/lib/python3.8/site-packages/pure_pursuit
[0.604s] -- Up-to-date: /home/super/f1tenth_ws/install/pure_pursuit/lib/python3.8/site-packages/pure_pursuit/__init__.py
[0.714s] Listing '/home/super/f1tenth_ws/install/pure_pursuit/lib/python3.8/site-packages/pure_pursuit'...
[0.727s] -- Up-to-date: /home/super/f1tenth_ws/install/pure_pursuit/lib/pure_pursuit/pure_pursuit_node.py
[0.729s] -- Up-to-date: /home/super/f1tenth_ws/install/pure_pursuit/lib/pure_pursuit/waypoint_logger.py
[0.729s] -- Up-to-date: /home/super/f1tenth_ws/install/pure_pursuit/share/ament_index/resource_index/package_run_dependencies/pure_pursuit
[0.731s] -- Up-to-date: /home/super/f1tenth_ws/install/pure_pursuit/share/ament_index/resource_index/parent_prefix_path/pure_pursuit
[0.731s] -- Up-to-date: /home/super/f1tenth_ws/install/pure_pursuit/share/pure_pursuit/environment/ament_prefix_path.sh
[0.731s] -- Up-to-date: /home/super/f1tenth_ws/install/pure_pursuit/share/pure_pursuit/environment/ament_prefix_path.dsv
[0.735s] -- Up-to-date: /home/super/f1tenth_ws/install/pure_pursuit/share/pure_pursuit/environment/path.sh
[0.735s] -- Up-to-date: /home/super/f1tenth_ws/install/pure_pursuit/share/pure_pursuit/environment/path.dsv
[0.735s] -- Up-to-date: /home/super/f1tenth_ws/install/pure_pursuit/share/pure_pursuit/local_setup.bash
[0.735s] -- Up-to-date: /home/super/f1tenth_ws/install/pure_pursuit/share/pure_pursuit/local_setup.sh
[0.735s] -- Up-to-date: /home/super/f1tenth_ws/install/pure_pursuit/share/pure_pursuit/local_setup.zsh
[0.735s] -- Up-to-date: /home/super/f1tenth_ws/install/pure_pursuit/share/pure_pursuit/local_setup.dsv
[0.736s] -- Installing: /home/super/f1tenth_ws/install/pure_pursuit/share/pure_pursuit/package.dsv
[0.740s] -- Up-to-date: /home/super/f1tenth_ws/install/pure_pursuit/share/ament_index/resource_index/packages/pure_pursuit
[0.741s] -- Up-to-date: /home/super/f1tenth_ws/install/pure_pursuit/share/pure_pursuit/cmake/pure_pursuitConfig.cmake
[0.741s] -- Up-to-date: /home/super/f1tenth_ws/install/pure_pursuit/share/pure_pursuit/cmake/pure_pursuitConfig-version.cmake
[0.743s] -- Up-to-date: /home/super/f1tenth_ws/install/pure_pursuit/share/pure_pursuit/package.xml
[1.264s] Invoked command in '/home/super/f1tenth_ws/build/pure_pursuit' returned '0': CMAKE_PREFIX_PATH=${CMAKE_PREFIX_PATH}:/home/super/f1tenth_ws/install/particle_filter:/home/super/f1tenth_ws/install/f1tenth_stack:/home/super/f1tenth_ws/install/joy_teleop:/home/super/f1tenth_ws/install/mouse_teleop:/home/super/f1tenth_ws/install/key_teleop:/opt/ros/foxy /usr/bin/cmake --install /home/super/f1tenth_ws/build/pure_pursuit
