[0.138s] Invoking command in '/home/super/f1tenth_ws/build/teleop_tools_msgs': CMAKE_PREFIX_PATH=${CMAKE_PREFIX_PATH}:/home/super/f1tenth_ws/install/f1tenth_stack:/home/super/f1tenth_ws/install/joy_teleop:/home/super/f1tenth_ws/install/mouse_teleop:/home/super/f1tenth_ws/install/key_teleop:/opt/ros/foxy /usr/bin/cmake --build /home/super/f1tenth_ws/build/teleop_tools_msgs -- -j6 -l6
[0.737s] [  9%] Built target teleop_tools_msgs__rosidl_generator_c
[0.738s] [ 12%] Built target teleop_tools_msgs__cpp
[0.738s] [ 22%] Built target teleop_tools_msgs__rosidl_typesupport_introspection_c
[0.738s] [ 32%] Built target teleop_tools_msgs__rosidl_typesupport_introspection_cpp
[0.738s] [ 41%] Built target teleop_tools_msgs__rosidl_typesupport_fastrtps_cpp
[0.738s] [ 51%] Built target teleop_tools_msgs__rosidl_typesupport_c
[0.738s] [ 61%] Built target teleop_tools_msgs__rosidl_typesupport_cpp
[0.738s] [ 70%] Built target teleop_tools_msgs__rosidl_typesupport_fastrtps_c
[0.739s] [ 70%] Built target teleop_tools_msgs
[0.739s] [ 74%] Built target teleop_tools_msgs__py
[0.739s] [ 80%] Built target teleop_tools_msgs__python
[0.739s] [ 87%] Built target teleop_tools_msgs__rosidl_typesupport_introspection_c__pyext
[0.739s] [ 93%] Built target teleop_tools_msgs__rosidl_typesupport_c__pyext
[0.745s] [100%] Built target teleop_tools_msgs__rosidl_typesupport_fastrtps_c__pyext
[1.296s] Invoked command in '/home/super/f1tenth_ws/build/teleop_tools_msgs' returned '0': CMAKE_PREFIX_PATH=${CMAKE_PREFIX_PATH}:/home/super/f1tenth_ws/install/f1tenth_stack:/home/super/f1tenth_ws/install/joy_teleop:/home/super/f1tenth_ws/install/mouse_teleop:/home/super/f1tenth_ws/install/key_teleop:/opt/ros/foxy /usr/bin/cmake --build /home/super/f1tenth_ws/build/teleop_tools_msgs -- -j6 -l6
[1.474s] Invoking command in '/home/super/f1tenth_ws/build/teleop_tools_msgs': CMAKE_PREFIX_PATH=${CMAKE_PREFIX_PATH}:/home/super/f1tenth_ws/install/f1tenth_stack:/home/super/f1tenth_ws/install/joy_teleop:/home/super/f1tenth_ws/install/mouse_teleop:/home/super/f1tenth_ws/install/key_teleop:/opt/ros/foxy /usr/bin/cmake --install /home/super/f1tenth_ws/build/teleop_tools_msgs
[1.511s] -- Install configuration: ""
[1.512s] -- Up-to-date: /home/super/f1tenth_ws/install/teleop_tools_msgs/share/ament_index/resource_index/rosidl_interfaces/teleop_tools_msgs
[1.512s] -- Up-to-date: /home/super/f1tenth_ws/install/teleop_tools_msgs/include/teleop_tools_msgs
[1.513s] -- Up-to-date: /home/super/f1tenth_ws/install/teleop_tools_msgs/include/teleop_tools_msgs/msg
[1.513s] -- Up-to-date: /home/super/f1tenth_ws/install/teleop_tools_msgs/include/teleop_tools_msgs/msg/rosidl_generator_c__visibility_control.h
[1.514s] -- Up-to-date: /home/super/f1tenth_ws/install/teleop_tools_msgs/include/teleop_tools_msgs/action
[1.514s] -- Up-to-date: /home/super/f1tenth_ws/install/teleop_tools_msgs/include/teleop_tools_msgs/action/increment.h
[1.514s] -- Up-to-date: /home/super/f1tenth_ws/install/teleop_tools_msgs/include/teleop_tools_msgs/action/detail
[1.514s] -- Up-to-date: /home/super/f1tenth_ws/install/teleop_tools_msgs/include/teleop_tools_msgs/action/detail/increment__functions.h
[1.515s] -- Up-to-date: /home/super/f1tenth_ws/install/teleop_tools_msgs/include/teleop_tools_msgs/action/detail/increment__struct.h
[1.515s] -- Up-to-date: /home/super/f1tenth_ws/install/teleop_tools_msgs/include/teleop_tools_msgs/action/detail/increment__type_support.h
[1.515s] -- Up-to-date: /home/super/f1tenth_ws/install/teleop_tools_msgs/include/teleop_tools_msgs/action/detail/increment__functions.c
[1.516s] -- Up-to-date: /home/super/f1tenth_ws/install/teleop_tools_msgs/share/teleop_tools_msgs/environment/library_path.sh
[1.516s] -- Up-to-date: /home/super/f1tenth_ws/install/teleop_tools_msgs/share/teleop_tools_msgs/environment/library_path.dsv
[1.516s] -- Up-to-date: /home/super/f1tenth_ws/install/teleop_tools_msgs/lib/libteleop_tools_msgs__rosidl_generator_c.so
[1.516s] -- Up-to-date: /home/super/f1tenth_ws/install/teleop_tools_msgs/include/teleop_tools_msgs
[1.516s] -- Up-to-date: /home/super/f1tenth_ws/install/teleop_tools_msgs/include/teleop_tools_msgs/msg
[1.517s] -- Up-to-date: /home/super/f1tenth_ws/install/teleop_tools_msgs/include/teleop_tools_msgs/msg/rosidl_typesupport_fastrtps_c__visibility_control.h
[1.517s] -- Up-to-date: /home/super/f1tenth_ws/install/teleop_tools_msgs/include/teleop_tools_msgs/action
[1.517s] -- Up-to-date: /home/super/f1tenth_ws/install/teleop_tools_msgs/include/teleop_tools_msgs/action/detail
[1.517s] -- Up-to-date: /home/super/f1tenth_ws/install/teleop_tools_msgs/include/teleop_tools_msgs/action/detail/increment__rosidl_typesupport_fastrtps_c.h
[1.517s] -- Up-to-date: /home/super/f1tenth_ws/install/teleop_tools_msgs/lib/libteleop_tools_msgs__rosidl_typesupport_fastrtps_c.so
[1.517s] -- Up-to-date: /home/super/f1tenth_ws/install/teleop_tools_msgs/include/teleop_tools_msgs
[1.518s] -- Up-to-date: /home/super/f1tenth_ws/install/teleop_tools_msgs/include/teleop_tools_msgs/msg
[1.518s] -- Up-to-date: /home/super/f1tenth_ws/install/teleop_tools_msgs/include/teleop_tools_msgs/msg/rosidl_typesupport_fastrtps_cpp__visibility_control.h
[1.518s] -- Up-to-date: /home/super/f1tenth_ws/install/teleop_tools_msgs/include/teleop_tools_msgs/action
[1.519s] -- Up-to-date: /home/super/f1tenth_ws/install/teleop_tools_msgs/include/teleop_tools_msgs/action/detail
[1.519s] -- Up-to-date: /home/super/f1tenth_ws/install/teleop_tools_msgs/include/teleop_tools_msgs/action/detail/increment__rosidl_typesupport_fastrtps_cpp.hpp
[1.519s] -- Up-to-date: /home/super/f1tenth_ws/install/teleop_tools_msgs/include/teleop_tools_msgs/action/detail/dds_fastrtps
[1.519s] -- Up-to-date: /home/super/f1tenth_ws/install/teleop_tools_msgs/lib/libteleop_tools_msgs__rosidl_typesupport_fastrtps_cpp.so
[1.520s] -- Up-to-date: /home/super/f1tenth_ws/install/teleop_tools_msgs/include/teleop_tools_msgs
[1.520s] -- Up-to-date: /home/super/f1tenth_ws/install/teleop_tools_msgs/include/teleop_tools_msgs/msg
[1.520s] -- Up-to-date: /home/super/f1tenth_ws/install/teleop_tools_msgs/include/teleop_tools_msgs/msg/rosidl_typesupport_introspection_c__visibility_control.h
[1.520s] -- Up-to-date: /home/super/f1tenth_ws/install/teleop_tools_msgs/include/teleop_tools_msgs/action
[1.520s] -- Up-to-date: /home/super/f1tenth_ws/install/teleop_tools_msgs/include/teleop_tools_msgs/action/detail
[1.521s] -- Up-to-date: /home/super/f1tenth_ws/install/teleop_tools_msgs/include/teleop_tools_msgs/action/detail/increment__type_support.c
[1.521s] -- Up-to-date: /home/super/f1tenth_ws/install/teleop_tools_msgs/include/teleop_tools_msgs/action/detail/increment__rosidl_typesupport_introspection_c.h
[1.521s] -- Up-to-date: /home/super/f1tenth_ws/install/teleop_tools_msgs/lib/libteleop_tools_msgs__rosidl_typesupport_introspection_c.so
[1.521s] -- Up-to-date: /home/super/f1tenth_ws/install/teleop_tools_msgs/lib/libteleop_tools_msgs__rosidl_typesupport_c.so
[1.522s] -- Up-to-date: /home/super/f1tenth_ws/install/teleop_tools_msgs/include/teleop_tools_msgs
[1.522s] -- Up-to-date: /home/super/f1tenth_ws/install/teleop_tools_msgs/include/teleop_tools_msgs/msg
[1.522s] -- Up-to-date: /home/super/f1tenth_ws/install/teleop_tools_msgs/include/teleop_tools_msgs/msg/rosidl_generator_cpp__visibility_control.hpp
[1.522s] -- Up-to-date: /home/super/f1tenth_ws/install/teleop_tools_msgs/include/teleop_tools_msgs/action
[1.522s] -- Up-to-date: /home/super/f1tenth_ws/install/teleop_tools_msgs/include/teleop_tools_msgs/action/increment.hpp
[1.522s] -- Up-to-date: /home/super/f1tenth_ws/install/teleop_tools_msgs/include/teleop_tools_msgs/action/detail
[1.523s] -- Up-to-date: /home/super/f1tenth_ws/install/teleop_tools_msgs/include/teleop_tools_msgs/action/detail/increment__builder.hpp
[1.523s] -- Up-to-date: /home/super/f1tenth_ws/install/teleop_tools_msgs/include/teleop_tools_msgs/action/detail/increment__traits.hpp
[1.523s] -- Up-to-date: /home/super/f1tenth_ws/install/teleop_tools_msgs/include/teleop_tools_msgs/action/detail/increment__struct.hpp
[1.524s] -- Up-to-date: /home/super/f1tenth_ws/install/teleop_tools_msgs/include/teleop_tools_msgs/action/detail/increment__type_support.hpp
[1.524s] -- Up-to-date: /home/super/f1tenth_ws/install/teleop_tools_msgs/include/teleop_tools_msgs
[1.524s] -- Up-to-date: /home/super/f1tenth_ws/install/teleop_tools_msgs/include/teleop_tools_msgs/action
[1.524s] -- Up-to-date: /home/super/f1tenth_ws/install/teleop_tools_msgs/include/teleop_tools_msgs/action/detail
[1.524s] -- Up-to-date: /home/super/f1tenth_ws/install/teleop_tools_msgs/include/teleop_tools_msgs/action/detail/increment__type_support.cpp
[1.525s] -- Up-to-date: /home/super/f1tenth_ws/install/teleop_tools_msgs/include/teleop_tools_msgs/action/detail/increment__rosidl_typesupport_introspection_cpp.hpp
[1.526s] -- Up-to-date: /home/super/f1tenth_ws/install/teleop_tools_msgs/lib/libteleop_tools_msgs__rosidl_typesupport_introspection_cpp.so
[1.527s] -- Up-to-date: /home/super/f1tenth_ws/install/teleop_tools_msgs/lib/libteleop_tools_msgs__rosidl_typesupport_cpp.so
[1.527s] -- Up-to-date: /home/super/f1tenth_ws/install/teleop_tools_msgs/share/teleop_tools_msgs/environment/pythonpath.sh
[1.527s] -- Up-to-date: /home/super/f1tenth_ws/install/teleop_tools_msgs/share/teleop_tools_msgs/environment/pythonpath.dsv
[1.527s] -- Up-to-date: /home/super/f1tenth_ws/install/teleop_tools_msgs/lib/python3.8/site-packages/teleop_tools_msgs/__init__.py
[1.617s] -- Up-to-date: /home/super/f1tenth_ws/install/teleop_tools_msgs/lib/python3.8/site-packages/teleop_tools_msgs/action
[1.618s] -- Up-to-date: /home/super/f1tenth_ws/install/teleop_tools_msgs/lib/python3.8/site-packages/teleop_tools_msgs/action/_increment_s.c
[1.618s] -- Up-to-date: /home/super/f1tenth_ws/install/teleop_tools_msgs/lib/python3.8/site-packages/teleop_tools_msgs/action/__init__.py
[1.618s] -- Up-to-date: /home/super/f1tenth_ws/install/teleop_tools_msgs/lib/python3.8/site-packages/teleop_tools_msgs/action/_increment.py
[1.619s] -- Up-to-date: /home/super/f1tenth_ws/install/teleop_tools_msgs/lib/python3.8/site-packages/teleop_tools_msgs/teleop_tools_msgs_s__rosidl_typesupport_fastrtps_c.cpython-38-aarch64-linux-gnu.so
[1.619s] -- Up-to-date: /home/super/f1tenth_ws/install/teleop_tools_msgs/lib/python3.8/site-packages/teleop_tools_msgs/teleop_tools_msgs_s__rosidl_typesupport_introspection_c.cpython-38-aarch64-linux-gnu.so
[1.619s] -- Up-to-date: /home/super/f1tenth_ws/install/teleop_tools_msgs/lib/python3.8/site-packages/teleop_tools_msgs/teleop_tools_msgs_s__rosidl_typesupport_c.cpython-38-aarch64-linux-gnu.so
[1.619s] -- Up-to-date: /home/super/f1tenth_ws/install/teleop_tools_msgs/lib/libteleop_tools_msgs__python.so
[1.620s] -- Up-to-date: /home/super/f1tenth_ws/install/teleop_tools_msgs/share/teleop_tools_msgs/action/Increment.idl
[1.620s] -- Up-to-date: /home/super/f1tenth_ws/install/teleop_tools_msgs/share/teleop_tools_msgs/action/Increment.action
[1.620s] -- Up-to-date: /home/super/f1tenth_ws/install/teleop_tools_msgs/share/ament_index/resource_index/package_run_dependencies/teleop_tools_msgs
[1.620s] -- Up-to-date: /home/super/f1tenth_ws/install/teleop_tools_msgs/share/ament_index/resource_index/parent_prefix_path/teleop_tools_msgs
[1.623s] -- Up-to-date: /home/super/f1tenth_ws/install/teleop_tools_msgs/share/teleop_tools_msgs/environment/ament_prefix_path.sh
[1.623s] -- Up-to-date: /home/super/f1tenth_ws/install/teleop_tools_msgs/share/teleop_tools_msgs/environment/ament_prefix_path.dsv
[1.623s] -- Up-to-date: /home/super/f1tenth_ws/install/teleop_tools_msgs/share/teleop_tools_msgs/environment/path.sh
[1.623s] -- Up-to-date: /home/super/f1tenth_ws/install/teleop_tools_msgs/share/teleop_tools_msgs/environment/path.dsv
[1.624s] -- Up-to-date: /home/super/f1tenth_ws/install/teleop_tools_msgs/share/teleop_tools_msgs/local_setup.bash
[1.624s] -- Up-to-date: /home/super/f1tenth_ws/install/teleop_tools_msgs/share/teleop_tools_msgs/local_setup.sh
[1.624s] -- Up-to-date: /home/super/f1tenth_ws/install/teleop_tools_msgs/share/teleop_tools_msgs/local_setup.zsh
[1.625s] -- Up-to-date: /home/super/f1tenth_ws/install/teleop_tools_msgs/share/teleop_tools_msgs/local_setup.dsv
[1.625s] -- Installing: /home/super/f1tenth_ws/install/teleop_tools_msgs/share/teleop_tools_msgs/package.dsv
[1.634s] -- Up-to-date: /home/super/f1tenth_ws/install/teleop_tools_msgs/share/ament_index/resource_index/packages/teleop_tools_msgs
[1.634s] -- Up-to-date: /home/super/f1tenth_ws/install/teleop_tools_msgs/share/teleop_tools_msgs/cmake/teleop_tools_msgs__rosidl_generator_cExport.cmake
[1.635s] -- Up-to-date: /home/super/f1tenth_ws/install/teleop_tools_msgs/share/teleop_tools_msgs/cmake/teleop_tools_msgs__rosidl_generator_cExport-noconfig.cmake
[1.638s] -- Up-to-date: /home/super/f1tenth_ws/install/teleop_tools_msgs/share/teleop_tools_msgs/cmake/teleop_tools_msgs__rosidl_typesupport_introspection_cExport.cmake
[1.638s] -- Up-to-date: /home/super/f1tenth_ws/install/teleop_tools_msgs/share/teleop_tools_msgs/cmake/teleop_tools_msgs__rosidl_typesupport_introspection_cExport-noconfig.cmake
[1.639s] -- Up-to-date: /home/super/f1tenth_ws/install/teleop_tools_msgs/share/teleop_tools_msgs/cmake/teleop_tools_msgs__rosidl_typesupport_cExport.cmake
[1.639s] -- Up-to-date: /home/super/f1tenth_ws/install/teleop_tools_msgs/share/teleop_tools_msgs/cmake/teleop_tools_msgs__rosidl_typesupport_cExport-noconfig.cmake
[1.640s] -- Up-to-date: /home/super/f1tenth_ws/install/teleop_tools_msgs/share/teleop_tools_msgs/cmake/teleop_tools_msgs__rosidl_generator_cppExport.cmake
[1.641s] -- Up-to-date: /home/super/f1tenth_ws/install/teleop_tools_msgs/share/teleop_tools_msgs/cmake/teleop_tools_msgs__rosidl_typesupport_introspection_cppExport.cmake
[1.641s] -- Up-to-date: /home/super/f1tenth_ws/install/teleop_tools_msgs/share/teleop_tools_msgs/cmake/teleop_tools_msgs__rosidl_typesupport_introspection_cppExport-noconfig.cmake
[1.641s] -- Up-to-date: /home/super/f1tenth_ws/install/teleop_tools_msgs/share/teleop_tools_msgs/cmake/teleop_tools_msgs__rosidl_typesupport_cppExport.cmake
[1.641s] -- Up-to-date: /home/super/f1tenth_ws/install/teleop_tools_msgs/share/teleop_tools_msgs/cmake/teleop_tools_msgs__rosidl_typesupport_cppExport-noconfig.cmake
[1.642s] -- Up-to-date: /home/super/f1tenth_ws/install/teleop_tools_msgs/share/teleop_tools_msgs/cmake/rosidl_cmake-extras.cmake
[1.642s] -- Up-to-date: /home/super/f1tenth_ws/install/teleop_tools_msgs/share/teleop_tools_msgs/cmake/ament_cmake_export_dependencies-extras.cmake
[1.642s] -- Up-to-date: /home/super/f1tenth_ws/install/teleop_tools_msgs/share/teleop_tools_msgs/cmake/ament_cmake_export_libraries-extras.cmake
[1.642s] -- Up-to-date: /home/super/f1tenth_ws/install/teleop_tools_msgs/share/teleop_tools_msgs/cmake/ament_cmake_export_targets-extras.cmake
[1.643s] -- Up-to-date: /home/super/f1tenth_ws/install/teleop_tools_msgs/share/teleop_tools_msgs/cmake/ament_cmake_export_include_directories-extras.cmake
[1.643s] -- Up-to-date: /home/super/f1tenth_ws/install/teleop_tools_msgs/share/teleop_tools_msgs/cmake/rosidl_cmake_export_typesupport_libraries-extras.cmake
[1.643s] -- Up-to-date: /home/super/f1tenth_ws/install/teleop_tools_msgs/share/teleop_tools_msgs/cmake/rosidl_cmake_export_typesupport_targets-extras.cmake
[1.643s] -- Up-to-date: /home/super/f1tenth_ws/install/teleop_tools_msgs/share/teleop_tools_msgs/cmake/teleop_tools_msgsConfig.cmake
[1.643s] -- Up-to-date: /home/super/f1tenth_ws/install/teleop_tools_msgs/share/teleop_tools_msgs/cmake/teleop_tools_msgsConfig-version.cmake
[1.643s] -- Up-to-date: /home/super/f1tenth_ws/install/teleop_tools_msgs/share/teleop_tools_msgs/package.xml
[1.654s] Invoked command in '/home/super/f1tenth_ws/build/teleop_tools_msgs' returned '0': CMAKE_PREFIX_PATH=${CMAKE_PREFIX_PATH}:/home/super/f1tenth_ws/install/f1tenth_stack:/home/super/f1tenth_ws/install/joy_teleop:/home/super/f1tenth_ws/install/mouse_teleop:/home/super/f1tenth_ws/install/key_teleop:/opt/ros/foxy /usr/bin/cmake --install /home/super/f1tenth_ws/build/teleop_tools_msgs
