[2.611s] Invoking command in '/home/super/f1tenth_ws/src/f1tenth_system/teleop_tools/mouse_teleop': PYTHONPATH=/home/super/f1tenth_ws/build/mouse_teleop/prefix_override:/home/super/f1tenth_ws/install/mouse_teleop/lib/python3.8/site-packages:${PYTHONPATH} /usr/bin/python3 -W ignore:setup.py install is deprecated setup.py egg_info --egg-base ../../../../build/mouse_teleop build --build-base /home/super/f1tenth_ws/build/mouse_teleop/build install --record /home/super/f1tenth_ws/build/mouse_teleop/install.log --install-scripts $base/lib/mouse_teleop --single-version-externally-managed install_data
[3.190s] running egg_info
[3.198s] writing ../../../../build/mouse_teleop/mouse_teleop.egg-info/PKG-INFO
[3.198s] writing dependency_links to ../../../../build/mouse_teleop/mouse_teleop.egg-info/dependency_links.txt
[3.198s] writing entry points to ../../../../build/mouse_teleop/mouse_teleop.egg-info/entry_points.txt
[3.198s] writing requirements to ../../../../build/mouse_teleop/mouse_teleop.egg-info/requires.txt
[3.209s] writing top-level names to ../../../../build/mouse_teleop/mouse_teleop.egg-info/top_level.txt
[3.262s] reading manifest file '../../../../build/mouse_teleop/mouse_teleop.egg-info/SOURCES.txt'
[3.264s] writing manifest file '../../../../build/mouse_teleop/mouse_teleop.egg-info/SOURCES.txt'
[3.264s] running build
[3.265s] running build_py
[3.266s] running install
[3.266s] running install_lib
[3.270s] running install_data
[3.270s] running install_egg_info
[3.275s] removing '/home/super/f1tenth_ws/install/mouse_teleop/lib/python3.8/site-packages/mouse_teleop-0.3.0-py3.8.egg-info' (and everything under it)
[3.276s] Copying ../../../../build/mouse_teleop/mouse_teleop.egg-info to /home/super/f1tenth_ws/install/mouse_teleop/lib/python3.8/site-packages/mouse_teleop-0.3.0-py3.8.egg-info
[3.280s] running install_scripts
[3.325s] Installing mouse_teleop script to /home/super/f1tenth_ws/install/mouse_teleop/lib/mouse_teleop
[3.325s] writing list of installed files to '/home/super/f1tenth_ws/build/mouse_teleop/install.log'
[3.411s] Invoked command in '/home/super/f1tenth_ws/src/f1tenth_system/teleop_tools/mouse_teleop' returned '0': PYTHONPATH=/home/super/f1tenth_ws/build/mouse_teleop/prefix_override:/home/super/f1tenth_ws/install/mouse_teleop/lib/python3.8/site-packages:${PYTHONPATH} /usr/bin/python3 -W ignore:setup.py install is deprecated setup.py egg_info --egg-base ../../../../build/mouse_teleop build --build-base /home/super/f1tenth_ws/build/mouse_teleop/build install --record /home/super/f1tenth_ws/build/mouse_teleop/install.log --install-scripts $base/lib/mouse_teleop --single-version-externally-managed install_data
