[0.119s] Invoking command in '/home/super/f1tenth_ws/build/teleop_tools_msgs': CMAKE_PREFIX_PATH=${CMAKE_PREFIX_PATH}:/home/super/f1tenth_ws/install/f1tenth_stack:/home/super/f1tenth_ws/install/joy_teleop:/home/super/f1tenth_ws/install/mouse_teleop:/home/super/f1tenth_ws/install/key_teleop:/opt/ros/foxy /usr/bin/cmake --build /home/super/f1tenth_ws/build/teleop_tools_msgs -- -j6 -l6
[1.250s] [  9%] Built target teleop_tools_msgs__rosidl_generator_c
[1.251s] [ 12%] Built target teleop_tools_msgs__cpp
[1.251s] [ 22%] Built target teleop_tools_msgs__rosidl_typesupport_introspection_c
[1.251s] [ 32%] Built target teleop_tools_msgs__rosidl_typesupport_c
[1.251s] [ 41%] Built target teleop_tools_msgs__rosidl_typesupport_introspection_cpp
[1.251s] [ 51%] Built target teleop_tools_msgs__rosidl_typesupport_cpp
[1.251s] [ 61%] Built target teleop_tools_msgs__rosidl_typesupport_fastrtps_cpp
[1.251s] [ 70%] Built target teleop_tools_msgs__rosidl_typesupport_fastrtps_c
[1.252s] [ 70%] Built target teleop_tools_msgs
[1.252s] [ 74%] Built target teleop_tools_msgs__py
[1.252s] [ 80%] Built target teleop_tools_msgs__python
[1.252s] [ 87%] Built target teleop_tools_msgs__rosidl_typesupport_c__pyext
[1.252s] [ 93%] Built target teleop_tools_msgs__rosidl_typesupport_fastrtps_c__pyext
[1.252s] [100%] Built target teleop_tools_msgs__rosidl_typesupport_introspection_c__pyext
[1.265s] Invoked command in '/home/super/f1tenth_ws/build/teleop_tools_msgs' returned '0': CMAKE_PREFIX_PATH=${CMAKE_PREFIX_PATH}:/home/super/f1tenth_ws/install/f1tenth_stack:/home/super/f1tenth_ws/install/joy_teleop:/home/super/f1tenth_ws/install/mouse_teleop:/home/super/f1tenth_ws/install/key_teleop:/opt/ros/foxy /usr/bin/cmake --build /home/super/f1tenth_ws/build/teleop_tools_msgs -- -j6 -l6
[1.433s] Invoking command in '/home/super/f1tenth_ws/build/teleop_tools_msgs': CMAKE_PREFIX_PATH=${CMAKE_PREFIX_PATH}:/home/super/f1tenth_ws/install/f1tenth_stack:/home/super/f1tenth_ws/install/joy_teleop:/home/super/f1tenth_ws/install/mouse_teleop:/home/super/f1tenth_ws/install/key_teleop:/opt/ros/foxy /usr/bin/cmake --install /home/super/f1tenth_ws/build/teleop_tools_msgs
[1.468s] -- Install configuration: ""
[1.469s] -- Up-to-date: /home/super/f1tenth_ws/install/teleop_tools_msgs/share/ament_index/resource_index/rosidl_interfaces/teleop_tools_msgs
[1.469s] -- Up-to-date: /home/super/f1tenth_ws/install/teleop_tools_msgs/include/teleop_tools_msgs
[1.469s] -- Up-to-date: /home/super/f1tenth_ws/install/teleop_tools_msgs/include/teleop_tools_msgs/msg
[1.469s] -- Up-to-date: /home/super/f1tenth_ws/install/teleop_tools_msgs/include/teleop_tools_msgs/msg/rosidl_generator_c__visibility_control.h
[1.469s] -- Up-to-date: /home/super/f1tenth_ws/install/teleop_tools_msgs/include/teleop_tools_msgs/action
[1.469s] -- Up-to-date: /home/super/f1tenth_ws/install/teleop_tools_msgs/include/teleop_tools_msgs/action/increment.h
[1.469s] -- Up-to-date: /home/super/f1tenth_ws/install/teleop_tools_msgs/include/teleop_tools_msgs/action/detail
[1.470s] -- Up-to-date: /home/super/f1tenth_ws/install/teleop_tools_msgs/include/teleop_tools_msgs/action/detail/increment__functions.h
[1.470s] -- Up-to-date: /home/super/f1tenth_ws/install/teleop_tools_msgs/include/teleop_tools_msgs/action/detail/increment__struct.h
[1.470s] -- Up-to-date: /home/super/f1tenth_ws/install/teleop_tools_msgs/include/teleop_tools_msgs/action/detail/increment__type_support.h
[1.470s] -- Up-to-date: /home/super/f1tenth_ws/install/teleop_tools_msgs/include/teleop_tools_msgs/action/detail/increment__functions.c
[1.470s] -- Up-to-date: /home/super/f1tenth_ws/install/teleop_tools_msgs/share/teleop_tools_msgs/environment/library_path.sh
[1.470s] -- Up-to-date: /home/super/f1tenth_ws/install/teleop_tools_msgs/share/teleop_tools_msgs/environment/library_path.dsv
[1.470s] -- Up-to-date: /home/super/f1tenth_ws/install/teleop_tools_msgs/lib/libteleop_tools_msgs__rosidl_generator_c.so
[1.471s] -- Up-to-date: /home/super/f1tenth_ws/install/teleop_tools_msgs/include/teleop_tools_msgs
[1.471s] -- Up-to-date: /home/super/f1tenth_ws/install/teleop_tools_msgs/include/teleop_tools_msgs/msg
[1.471s] -- Up-to-date: /home/super/f1tenth_ws/install/teleop_tools_msgs/include/teleop_tools_msgs/msg/rosidl_typesupport_fastrtps_c__visibility_control.h
[1.471s] -- Up-to-date: /home/super/f1tenth_ws/install/teleop_tools_msgs/include/teleop_tools_msgs/action
[1.471s] -- Up-to-date: /home/super/f1tenth_ws/install/teleop_tools_msgs/include/teleop_tools_msgs/action/detail
[1.471s] -- Up-to-date: /home/super/f1tenth_ws/install/teleop_tools_msgs/include/teleop_tools_msgs/action/detail/increment__rosidl_typesupport_fastrtps_c.h
[1.471s] -- Up-to-date: /home/super/f1tenth_ws/install/teleop_tools_msgs/lib/libteleop_tools_msgs__rosidl_typesupport_fastrtps_c.so
[1.472s] -- Up-to-date: /home/super/f1tenth_ws/install/teleop_tools_msgs/include/teleop_tools_msgs
[1.472s] -- Up-to-date: /home/super/f1tenth_ws/install/teleop_tools_msgs/include/teleop_tools_msgs/msg
[1.473s] -- Up-to-date: /home/super/f1tenth_ws/install/teleop_tools_msgs/include/teleop_tools_msgs/msg/rosidl_typesupport_fastrtps_cpp__visibility_control.h
[1.473s] -- Up-to-date: /home/super/f1tenth_ws/install/teleop_tools_msgs/include/teleop_tools_msgs/action
[1.473s] -- Up-to-date: /home/super/f1tenth_ws/install/teleop_tools_msgs/include/teleop_tools_msgs/action/detail
[1.473s] -- Up-to-date: /home/super/f1tenth_ws/install/teleop_tools_msgs/include/teleop_tools_msgs/action/detail/increment__rosidl_typesupport_fastrtps_cpp.hpp
[1.473s] -- Up-to-date: /home/super/f1tenth_ws/install/teleop_tools_msgs/include/teleop_tools_msgs/action/detail/dds_fastrtps
[1.473s] -- Up-to-date: /home/super/f1tenth_ws/install/teleop_tools_msgs/lib/libteleop_tools_msgs__rosidl_typesupport_fastrtps_cpp.so
[1.473s] -- Up-to-date: /home/super/f1tenth_ws/install/teleop_tools_msgs/include/teleop_tools_msgs
[1.474s] -- Up-to-date: /home/super/f1tenth_ws/install/teleop_tools_msgs/include/teleop_tools_msgs/msg
[1.474s] -- Up-to-date: /home/super/f1tenth_ws/install/teleop_tools_msgs/include/teleop_tools_msgs/msg/rosidl_typesupport_introspection_c__visibility_control.h
[1.474s] -- Up-to-date: /home/super/f1tenth_ws/install/teleop_tools_msgs/include/teleop_tools_msgs/action
[1.474s] -- Up-to-date: /home/super/f1tenth_ws/install/teleop_tools_msgs/include/teleop_tools_msgs/action/detail
[1.475s] -- Up-to-date: /home/super/f1tenth_ws/install/teleop_tools_msgs/include/teleop_tools_msgs/action/detail/increment__type_support.c
[1.475s] -- Up-to-date: /home/super/f1tenth_ws/install/teleop_tools_msgs/include/teleop_tools_msgs/action/detail/increment__rosidl_typesupport_introspection_c.h
[1.475s] -- Up-to-date: /home/super/f1tenth_ws/install/teleop_tools_msgs/lib/libteleop_tools_msgs__rosidl_typesupport_introspection_c.so
[1.475s] -- Up-to-date: /home/super/f1tenth_ws/install/teleop_tools_msgs/lib/libteleop_tools_msgs__rosidl_typesupport_c.so
[1.475s] -- Up-to-date: /home/super/f1tenth_ws/install/teleop_tools_msgs/include/teleop_tools_msgs
[1.475s] -- Up-to-date: /home/super/f1tenth_ws/install/teleop_tools_msgs/include/teleop_tools_msgs/msg
[1.475s] -- Up-to-date: /home/super/f1tenth_ws/install/teleop_tools_msgs/include/teleop_tools_msgs/msg/rosidl_generator_cpp__visibility_control.hpp
[1.476s] -- Up-to-date: /home/super/f1tenth_ws/install/teleop_tools_msgs/include/teleop_tools_msgs/action
[1.476s] -- Up-to-date: /home/super/f1tenth_ws/install/teleop_tools_msgs/include/teleop_tools_msgs/action/increment.hpp
[1.476s] -- Up-to-date: /home/super/f1tenth_ws/install/teleop_tools_msgs/include/teleop_tools_msgs/action/detail
[1.476s] -- Up-to-date: /home/super/f1tenth_ws/install/teleop_tools_msgs/include/teleop_tools_msgs/action/detail/increment__builder.hpp
[1.476s] -- Up-to-date: /home/super/f1tenth_ws/install/teleop_tools_msgs/include/teleop_tools_msgs/action/detail/increment__traits.hpp
[1.476s] -- Up-to-date: /home/super/f1tenth_ws/install/teleop_tools_msgs/include/teleop_tools_msgs/action/detail/increment__struct.hpp
[1.476s] -- Up-to-date: /home/super/f1tenth_ws/install/teleop_tools_msgs/include/teleop_tools_msgs/action/detail/increment__type_support.hpp
[1.477s] -- Up-to-date: /home/super/f1tenth_ws/install/teleop_tools_msgs/include/teleop_tools_msgs
[1.477s] -- Up-to-date: /home/super/f1tenth_ws/install/teleop_tools_msgs/include/teleop_tools_msgs/action
[1.477s] -- Up-to-date: /home/super/f1tenth_ws/install/teleop_tools_msgs/include/teleop_tools_msgs/action/detail
[1.477s] -- Up-to-date: /home/super/f1tenth_ws/install/teleop_tools_msgs/include/teleop_tools_msgs/action/detail/increment__type_support.cpp
[1.477s] -- Up-to-date: /home/super/f1tenth_ws/install/teleop_tools_msgs/include/teleop_tools_msgs/action/detail/increment__rosidl_typesupport_introspection_cpp.hpp
[1.477s] -- Up-to-date: /home/super/f1tenth_ws/install/teleop_tools_msgs/lib/libteleop_tools_msgs__rosidl_typesupport_introspection_cpp.so
[1.477s] -- Up-to-date: /home/super/f1tenth_ws/install/teleop_tools_msgs/lib/libteleop_tools_msgs__rosidl_typesupport_cpp.so
[1.477s] -- Up-to-date: /home/super/f1tenth_ws/install/teleop_tools_msgs/share/teleop_tools_msgs/environment/pythonpath.sh
[1.478s] -- Up-to-date: /home/super/f1tenth_ws/install/teleop_tools_msgs/share/teleop_tools_msgs/environment/pythonpath.dsv
[1.478s] -- Up-to-date: /home/super/f1tenth_ws/install/teleop_tools_msgs/lib/python3.8/site-packages/teleop_tools_msgs/__init__.py
[1.588s] -- Up-to-date: /home/super/f1tenth_ws/install/teleop_tools_msgs/lib/python3.8/site-packages/teleop_tools_msgs/action
[1.589s] -- Up-to-date: /home/super/f1tenth_ws/install/teleop_tools_msgs/lib/python3.8/site-packages/teleop_tools_msgs/action/_increment_s.c
[1.590s] -- Up-to-date: /home/super/f1tenth_ws/install/teleop_tools_msgs/lib/python3.8/site-packages/teleop_tools_msgs/action/__init__.py
[1.590s] -- Up-to-date: /home/super/f1tenth_ws/install/teleop_tools_msgs/lib/python3.8/site-packages/teleop_tools_msgs/action/_increment.py
[1.590s] -- Up-to-date: /home/super/f1tenth_ws/install/teleop_tools_msgs/lib/python3.8/site-packages/teleop_tools_msgs/teleop_tools_msgs_s__rosidl_typesupport_fastrtps_c.cpython-38-aarch64-linux-gnu.so
[1.590s] -- Up-to-date: /home/super/f1tenth_ws/install/teleop_tools_msgs/lib/python3.8/site-packages/teleop_tools_msgs/teleop_tools_msgs_s__rosidl_typesupport_introspection_c.cpython-38-aarch64-linux-gnu.so
[1.592s] -- Up-to-date: /home/super/f1tenth_ws/install/teleop_tools_msgs/lib/python3.8/site-packages/teleop_tools_msgs/teleop_tools_msgs_s__rosidl_typesupport_c.cpython-38-aarch64-linux-gnu.so
[1.593s] -- Up-to-date: /home/super/f1tenth_ws/install/teleop_tools_msgs/lib/libteleop_tools_msgs__python.so
[1.593s] -- Up-to-date: /home/super/f1tenth_ws/install/teleop_tools_msgs/share/teleop_tools_msgs/action/Increment.idl
[1.593s] -- Up-to-date: /home/super/f1tenth_ws/install/teleop_tools_msgs/share/teleop_tools_msgs/action/Increment.action
[1.594s] -- Up-to-date: /home/super/f1tenth_ws/install/teleop_tools_msgs/share/ament_index/resource_index/package_run_dependencies/teleop_tools_msgs
[1.594s] -- Up-to-date: /home/super/f1tenth_ws/install/teleop_tools_msgs/share/ament_index/resource_index/parent_prefix_path/teleop_tools_msgs
[1.594s] -- Up-to-date: /home/super/f1tenth_ws/install/teleop_tools_msgs/share/teleop_tools_msgs/environment/ament_prefix_path.sh
[1.594s] -- Up-to-date: /home/super/f1tenth_ws/install/teleop_tools_msgs/share/teleop_tools_msgs/environment/ament_prefix_path.dsv
[1.595s] -- Up-to-date: /home/super/f1tenth_ws/install/teleop_tools_msgs/share/teleop_tools_msgs/environment/path.sh
[1.595s] -- Up-to-date: /home/super/f1tenth_ws/install/teleop_tools_msgs/share/teleop_tools_msgs/environment/path.dsv
[1.595s] -- Up-to-date: /home/super/f1tenth_ws/install/teleop_tools_msgs/share/teleop_tools_msgs/local_setup.bash
[1.595s] -- Up-to-date: /home/super/f1tenth_ws/install/teleop_tools_msgs/share/teleop_tools_msgs/local_setup.sh
[1.595s] -- Up-to-date: /home/super/f1tenth_ws/install/teleop_tools_msgs/share/teleop_tools_msgs/local_setup.zsh
[1.595s] -- Up-to-date: /home/super/f1tenth_ws/install/teleop_tools_msgs/share/teleop_tools_msgs/local_setup.dsv
[1.596s] -- Installing: /home/super/f1tenth_ws/install/teleop_tools_msgs/share/teleop_tools_msgs/package.dsv
[1.596s] -- Up-to-date: /home/super/f1tenth_ws/install/teleop_tools_msgs/share/ament_index/resource_index/packages/teleop_tools_msgs
[1.596s] -- Up-to-date: /home/super/f1tenth_ws/install/teleop_tools_msgs/share/teleop_tools_msgs/cmake/teleop_tools_msgs__rosidl_generator_cExport.cmake
[1.596s] -- Up-to-date: /home/super/f1tenth_ws/install/teleop_tools_msgs/share/teleop_tools_msgs/cmake/teleop_tools_msgs__rosidl_generator_cExport-noconfig.cmake
[1.596s] -- Up-to-date: /home/super/f1tenth_ws/install/teleop_tools_msgs/share/teleop_tools_msgs/cmake/teleop_tools_msgs__rosidl_typesupport_introspection_cExport.cmake
[1.597s] -- Up-to-date: /home/super/f1tenth_ws/install/teleop_tools_msgs/share/teleop_tools_msgs/cmake/teleop_tools_msgs__rosidl_typesupport_introspection_cExport-noconfig.cmake
[1.597s] -- Up-to-date: /home/super/f1tenth_ws/install/teleop_tools_msgs/share/teleop_tools_msgs/cmake/teleop_tools_msgs__rosidl_typesupport_cExport.cmake
[1.597s] -- Up-to-date: /home/super/f1tenth_ws/install/teleop_tools_msgs/share/teleop_tools_msgs/cmake/teleop_tools_msgs__rosidl_typesupport_cExport-noconfig.cmake
[1.597s] -- Up-to-date: /home/super/f1tenth_ws/install/teleop_tools_msgs/share/teleop_tools_msgs/cmake/teleop_tools_msgs__rosidl_generator_cppExport.cmake
[1.597s] -- Up-to-date: /home/super/f1tenth_ws/install/teleop_tools_msgs/share/teleop_tools_msgs/cmake/teleop_tools_msgs__rosidl_typesupport_introspection_cppExport.cmake
[1.598s] -- Up-to-date: /home/super/f1tenth_ws/install/teleop_tools_msgs/share/teleop_tools_msgs/cmake/teleop_tools_msgs__rosidl_typesupport_introspection_cppExport-noconfig.cmake
[1.598s] -- Up-to-date: /home/super/f1tenth_ws/install/teleop_tools_msgs/share/teleop_tools_msgs/cmake/teleop_tools_msgs__rosidl_typesupport_cppExport.cmake
[1.599s] -- Up-to-date: /home/super/f1tenth_ws/install/teleop_tools_msgs/share/teleop_tools_msgs/cmake/teleop_tools_msgs__rosidl_typesupport_cppExport-noconfig.cmake
[1.599s] -- Up-to-date: /home/super/f1tenth_ws/install/teleop_tools_msgs/share/teleop_tools_msgs/cmake/rosidl_cmake-extras.cmake
[1.599s] -- Up-to-date: /home/super/f1tenth_ws/install/teleop_tools_msgs/share/teleop_tools_msgs/cmake/ament_cmake_export_dependencies-extras.cmake
[1.599s] -- Up-to-date: /home/super/f1tenth_ws/install/teleop_tools_msgs/share/teleop_tools_msgs/cmake/ament_cmake_export_libraries-extras.cmake
[1.600s] -- Up-to-date: /home/super/f1tenth_ws/install/teleop_tools_msgs/share/teleop_tools_msgs/cmake/ament_cmake_export_targets-extras.cmake
[1.600s] -- Up-to-date: /home/super/f1tenth_ws/install/teleop_tools_msgs/share/teleop_tools_msgs/cmake/ament_cmake_export_include_directories-extras.cmake
[1.600s] -- Up-to-date: /home/super/f1tenth_ws/install/teleop_tools_msgs/share/teleop_tools_msgs/cmake/rosidl_cmake_export_typesupport_libraries-extras.cmake
[1.600s] -- Up-to-date: /home/super/f1tenth_ws/install/teleop_tools_msgs/share/teleop_tools_msgs/cmake/rosidl_cmake_export_typesupport_targets-extras.cmake
[1.601s] -- Up-to-date: /home/super/f1tenth_ws/install/teleop_tools_msgs/share/teleop_tools_msgs/cmake/teleop_tools_msgsConfig.cmake
[1.601s] -- Up-to-date: /home/super/f1tenth_ws/install/teleop_tools_msgs/share/teleop_tools_msgs/cmake/teleop_tools_msgsConfig-version.cmake
[1.602s] -- Up-to-date: /home/super/f1tenth_ws/install/teleop_tools_msgs/share/teleop_tools_msgs/package.xml
[1.662s] Invoked command in '/home/super/f1tenth_ws/build/teleop_tools_msgs' returned '0': CMAKE_PREFIX_PATH=${CMAKE_PREFIX_PATH}:/home/super/f1tenth_ws/install/f1tenth_stack:/home/super/f1tenth_ws/install/joy_teleop:/home/super/f1tenth_ws/install/mouse_teleop:/home/super/f1tenth_ws/install/key_teleop:/opt/ros/foxy /usr/bin/cmake --install /home/super/f1tenth_ws/build/teleop_tools_msgs
