[0.126s] Invoking command in '/home/super/f1tenth_ws/build/pure_pursuit': CMAKE_PREFIX_PATH=${CMAKE_PREFIX_PATH}:/home/super/f1tenth_ws/install/f1tenth_stack:/home/super/f1tenth_ws/install/joy_teleop:/home/super/f1tenth_ws/install/particle_filter:/home/super/f1tenth_ws/install/mouse_teleop:/home/super/f1tenth_ws/install/key_teleop:/opt/ros/foxy /usr/bin/cmake --build /home/super/f1tenth_ws/build/pure_pursuit -- -j6 -l6
[0.368s] [35m[1mScanning dependencies of target pure_pursuit_node[0m
[0.681s] [ 50%] [32mBuilding CXX object CMakeFiles/pure_pursuit_node.dir/src/pure_pursuit_node.cpp.o[0m
[5.474s] [01m[K/home/super/f1tenth_ws/src/PurePursuit/src/pure_pursuit/src/pure_pursuit_node.cpp:270:80:[m[K [01;35m[Kwarning: [m[K‘[01m[Kgeometry_msgs::msg::PoseStamped_<std::allocator<void> >::ConstPtr[m[K’ is deprecated [[01;35m[K-Wdeprecated-declarations[m[K]
[5.475s]   270 |     void pose_callback(const geometry_msgs::msg::PoseStamped::ConstPtr pose_msg[01;35m[K)[m[K
[5.475s]       |                                                                                [01;35m[K^[m[K
[5.475s] In file included from [01m[K/opt/ros/foxy/include/geometry_msgs/msg/pose_stamped.hpp:7[m[K,
[5.476s]                  from [01m[K/home/super/f1tenth_ws/src/PurePursuit/src/pure_pursuit/src/pure_pursuit_node.cpp:12[m[K:
[5.476s] [01m[K/opt/ros/foxy/include/geometry_msgs/msg/detail/pose_stamped__struct.hpp:114:5:[m[K [01;36m[Knote: [m[Kdeclared here
[5.476s]   114 |     [01;36m[KConstPtr[m[K;
[5.476s]       |     [01;36m[K^~~~~~~~[m[K
[5.621s] [01m[K/home/super/f1tenth_ws/src/PurePursuit/src/pure_pursuit/src/pure_pursuit_node.cpp:[m[K In member function ‘[01m[Kvoid PurePursuit::pose_callback(geometry_msgs::msg::PoseStamped_<std::allocator<void> >::ConstPtr)[m[K’:
[5.622s] [01m[K/home/super/f1tenth_ws/src/PurePursuit/src/pure_pursuit/src/pure_pursuit_node.cpp:283:16:[m[K [01;35m[Kwarning: [m[Kunused variable ‘[01m[Kdx_trans[m[K’ [[01;35m[K-Wunused-variable[m[K]
[5.622s]   283 |         double [01;35m[Kdx_trans[m[K = dx*cos(yaw) + dy*sin(yaw);
[5.622s]       |                [01;35m[K^~~~~~~~[m[K
[18.987s] [100%] [32m[1mLinking CXX executable pure_pursuit_node[0m
[20.879s] [100%] Built target pure_pursuit_node
[20.921s] Invoked command in '/home/super/f1tenth_ws/build/pure_pursuit' returned '0': CMAKE_PREFIX_PATH=${CMAKE_PREFIX_PATH}:/home/super/f1tenth_ws/install/f1tenth_stack:/home/super/f1tenth_ws/install/joy_teleop:/home/super/f1tenth_ws/install/particle_filter:/home/super/f1tenth_ws/install/mouse_teleop:/home/super/f1tenth_ws/install/key_teleop:/opt/ros/foxy /usr/bin/cmake --build /home/super/f1tenth_ws/build/pure_pursuit -- -j6 -l6
[21.012s] Invoking command in '/home/super/f1tenth_ws/build/pure_pursuit': CMAKE_PREFIX_PATH=${CMAKE_PREFIX_PATH}:/home/super/f1tenth_ws/install/f1tenth_stack:/home/super/f1tenth_ws/install/joy_teleop:/home/super/f1tenth_ws/install/particle_filter:/home/super/f1tenth_ws/install/mouse_teleop:/home/super/f1tenth_ws/install/key_teleop:/opt/ros/foxy /usr/bin/cmake --install /home/super/f1tenth_ws/build/pure_pursuit
[21.044s] -- Install configuration: ""
[21.044s] -- Installing: /home/super/f1tenth_ws/install/pure_pursuit/lib/pure_pursuit/pure_pursuit_node
[21.052s] -- Set runtime path of "/home/super/f1tenth_ws/install/pure_pursuit/lib/pure_pursuit/pure_pursuit_node" to ""
[21.052s] -- Up-to-date: /home/super/f1tenth_ws/install/pure_pursuit/share/pure_pursuit/environment/pythonpath.sh
[21.053s] -- Up-to-date: /home/super/f1tenth_ws/install/pure_pursuit/share/pure_pursuit/environment/pythonpath.dsv
[21.053s] -- Up-to-date: /home/super/f1tenth_ws/install/pure_pursuit/lib/python3.8/site-packages/pure_pursuit
[21.053s] -- Up-to-date: /home/super/f1tenth_ws/install/pure_pursuit/lib/python3.8/site-packages/pure_pursuit/__init__.py
[21.157s] Listing '/home/super/f1tenth_ws/install/pure_pursuit/lib/python3.8/site-packages/pure_pursuit'...
[21.179s] -- Up-to-date: /home/super/f1tenth_ws/install/pure_pursuit/lib/pure_pursuit/pure_pursuit_node.py
[21.180s] -- Up-to-date: /home/super/f1tenth_ws/install/pure_pursuit/lib/pure_pursuit/waypoint_logger.py
[21.180s] -- Installing: /home/super/f1tenth_ws/install/pure_pursuit/lib/pure_pursuit/click_logger.py
[21.180s] -- Up-to-date: /home/super/f1tenth_ws/install/pure_pursuit/share/ament_index/resource_index/package_run_dependencies/pure_pursuit
[21.181s] -- Up-to-date: /home/super/f1tenth_ws/install/pure_pursuit/share/ament_index/resource_index/parent_prefix_path/pure_pursuit
[21.181s] -- Up-to-date: /home/super/f1tenth_ws/install/pure_pursuit/share/pure_pursuit/environment/ament_prefix_path.sh
[21.181s] -- Up-to-date: /home/super/f1tenth_ws/install/pure_pursuit/share/pure_pursuit/environment/ament_prefix_path.dsv
[21.181s] -- Up-to-date: /home/super/f1tenth_ws/install/pure_pursuit/share/pure_pursuit/environment/path.sh
[21.181s] -- Up-to-date: /home/super/f1tenth_ws/install/pure_pursuit/share/pure_pursuit/environment/path.dsv
[21.182s] -- Up-to-date: /home/super/f1tenth_ws/install/pure_pursuit/share/pure_pursuit/local_setup.bash
[21.182s] -- Up-to-date: /home/super/f1tenth_ws/install/pure_pursuit/share/pure_pursuit/local_setup.sh
[21.183s] -- Up-to-date: /home/super/f1tenth_ws/install/pure_pursuit/share/pure_pursuit/local_setup.zsh
[21.183s] -- Up-to-date: /home/super/f1tenth_ws/install/pure_pursuit/share/pure_pursuit/local_setup.dsv
[21.183s] -- Installing: /home/super/f1tenth_ws/install/pure_pursuit/share/pure_pursuit/package.dsv
[21.183s] -- Up-to-date: /home/super/f1tenth_ws/install/pure_pursuit/share/ament_index/resource_index/packages/pure_pursuit
[21.183s] -- Up-to-date: /home/super/f1tenth_ws/install/pure_pursuit/share/pure_pursuit/cmake/pure_pursuitConfig.cmake
[21.183s] -- Up-to-date: /home/super/f1tenth_ws/install/pure_pursuit/share/pure_pursuit/cmake/pure_pursuitConfig-version.cmake
[21.184s] -- Up-to-date: /home/super/f1tenth_ws/install/pure_pursuit/share/pure_pursuit/package.xml
[21.192s] Invoked command in '/home/super/f1tenth_ws/build/pure_pursuit' returned '0': CMAKE_PREFIX_PATH=${CMAKE_PREFIX_PATH}:/home/super/f1tenth_ws/install/f1tenth_stack:/home/super/f1tenth_ws/install/joy_teleop:/home/super/f1tenth_ws/install/particle_filter:/home/super/f1tenth_ws/install/mouse_teleop:/home/super/f1tenth_ws/install/key_teleop:/opt/ros/foxy /usr/bin/cmake --install /home/super/f1tenth_ws/build/pure_pursuit
