[5.591s] Invoking command in '/home/super/f1tenth_ws/src/f1tenth_system/teleop_tools/key_teleop': PYTHONPATH=/home/super/f1tenth_ws/build/key_teleop/prefix_override:/home/super/f1tenth_ws/install/key_teleop/lib/python3.8/site-packages:${PYTHONPATH} /usr/bin/python3 -W ignore:setup.py install is deprecated setup.py egg_info --egg-base ../../../../build/key_teleop build --build-base /home/super/f1tenth_ws/build/key_teleop/build install --record /home/super/f1tenth_ws/build/key_teleop/install.log --install-scripts $base/lib/key_teleop --single-version-externally-managed install_data
[6.208s] running egg_info
[6.210s] writing ../../../../build/key_teleop/key_teleop.egg-info/PKG-INFO
[6.211s] writing dependency_links to ../../../../build/key_teleop/key_teleop.egg-info/dependency_links.txt
[6.211s] writing entry points to ../../../../build/key_teleop/key_teleop.egg-info/entry_points.txt
[6.211s] writing requirements to ../../../../build/key_teleop/key_teleop.egg-info/requires.txt
[6.212s] writing top-level names to ../../../../build/key_teleop/key_teleop.egg-info/top_level.txt
[6.433s] reading manifest file '../../../../build/key_teleop/key_teleop.egg-info/SOURCES.txt'
[6.540s] writing manifest file '../../../../build/key_teleop/key_teleop.egg-info/SOURCES.txt'
[6.540s] running build
[6.540s] running build_py
[6.541s] running install
[6.550s] running install_lib
[6.554s] running install_data
[6.555s] running install_egg_info
[6.568s] removing '/home/super/f1tenth_ws/install/key_teleop/lib/python3.8/site-packages/key_teleop-0.3.0-py3.8.egg-info' (and everything under it)
[6.570s] Copying ../../../../build/key_teleop/key_teleop.egg-info to /home/super/f1tenth_ws/install/key_teleop/lib/python3.8/site-packages/key_teleop-0.3.0-py3.8.egg-info
[6.593s] running install_scripts
[6.689s] Installing key_teleop script to /home/super/f1tenth_ws/install/key_teleop/lib/key_teleop
[6.690s] writing list of installed files to '/home/super/f1tenth_ws/build/key_teleop/install.log'
[6.772s] Invoked command in '/home/super/f1tenth_ws/src/f1tenth_system/teleop_tools/key_teleop' returned '0': PYTHONPATH=/home/super/f1tenth_ws/build/key_teleop/prefix_override:/home/super/f1tenth_ws/install/key_teleop/lib/python3.8/site-packages:${PYTHONPATH} /usr/bin/python3 -W ignore:setup.py install is deprecated setup.py egg_info --egg-base ../../../../build/key_teleop build --build-base /home/super/f1tenth_ws/build/key_teleop/build install --record /home/super/f1tenth_ws/build/key_teleop/install.log --install-scripts $base/lib/key_teleop --single-version-externally-managed install_data
