[5.390s] Invoking command in '/home/super/f1tenth_ws/src/f1tenth_system/teleop_tools/key_teleop': PYTHONPATH=/home/super/f1tenth_ws/build/key_teleop/prefix_override:/home/super/f1tenth_ws/install/key_teleop/lib/python3.8/site-packages:${PYTHONPATH} /usr/bin/python3 -W ignore:setup.py install is deprecated setup.py egg_info --egg-base ../../../../build/key_teleop build --build-base /home/super/f1tenth_ws/build/key_teleop/build install --record /home/super/f1tenth_ws/build/key_teleop/install.log --install-scripts $base/lib/key_teleop --single-version-externally-managed install_data
[6.304s] running egg_info
[6.313s] writing ../../../../build/key_teleop/key_teleop.egg-info/PKG-INFO
[6.314s] writing dependency_links to ../../../../build/key_teleop/key_teleop.egg-info/dependency_links.txt
[6.319s] writing entry points to ../../../../build/key_teleop/key_teleop.egg-info/entry_points.txt
[6.319s] writing requirements to ../../../../build/key_teleop/key_teleop.egg-info/requires.txt
[6.320s] writing top-level names to ../../../../build/key_teleop/key_teleop.egg-info/top_level.txt
[6.433s] reading manifest file '../../../../build/key_teleop/key_teleop.egg-info/SOURCES.txt'
[6.437s] writing manifest file '../../../../build/key_teleop/key_teleop.egg-info/SOURCES.txt'
[6.439s] running build
[6.439s] running build_py
[6.440s] running install
[6.444s] running install_lib
[6.450s] running install_data
[6.451s] running install_egg_info
[6.456s] removing '/home/super/f1tenth_ws/install/key_teleop/lib/python3.8/site-packages/key_teleop-0.3.0-py3.8.egg-info' (and everything under it)
[6.457s] Copying ../../../../build/key_teleop/key_teleop.egg-info to /home/super/f1tenth_ws/install/key_teleop/lib/python3.8/site-packages/key_teleop-0.3.0-py3.8.egg-info
[6.465s] running install_scripts
[6.609s] Installing key_teleop script to /home/super/f1tenth_ws/install/key_teleop/lib/key_teleop
[6.610s] writing list of installed files to '/home/super/f1tenth_ws/build/key_teleop/install.log'
[6.725s] Invoked command in '/home/super/f1tenth_ws/src/f1tenth_system/teleop_tools/key_teleop' returned '0': PYTHONPATH=/home/super/f1tenth_ws/build/key_teleop/prefix_override:/home/super/f1tenth_ws/install/key_teleop/lib/python3.8/site-packages:${PYTHONPATH} /usr/bin/python3 -W ignore:setup.py install is deprecated setup.py egg_info --egg-base ../../../../build/key_teleop build --build-base /home/super/f1tenth_ws/build/key_teleop/build install --record /home/super/f1tenth_ws/build/key_teleop/install.log --install-scripts $base/lib/key_teleop --single-version-externally-managed install_data
