[0.115s] Invoking command in '/home/super/f1tenth_ws/build/ackermann_mux': CMAKE_PREFIX_PATH=/opt/ros/foxy /usr/bin/cmake /home/super/f1tenth_ws/src/f1tenth_system/ackermann_mux -DCMAKE_INSTALL_PREFIX=/home/super/f1tenth_ws/install/ackermann_mux
[1.122s] -- Found ament_cmake: 0.9.12 (/opt/ros/foxy/share/ament_cmake/cmake)
[1.123s] -- Found PythonInterp: /usr/bin/python3 (found suitable version "3.8.10", minimum required is "3") 
[1.123s] -- Using PYTHON_EXECUTABLE: /usr/bin/python3
[1.123s] -- Found rclcpp: 2.4.3 (/opt/ros/foxy/share/rclcpp/cmake)
[1.123s] -- Using all available rosidl_typesupport_c: rosidl_typesupport_fastrtps_c;rosidl_typesupport_introspection_c
[1.123s] -- Found rosidl_adapter: 1.3.1 (/opt/ros/foxy/share/rosidl_adapter/cmake)
[1.530s] -- Found OpenSSL: /usr/lib/aarch64-linux-gnu/libcrypto.so (found version "1.1.1f")  
[1.599s] -- Found FastRTPS: /opt/ros/foxy/include  
[1.758s] -- Using all available rosidl_typesupport_cpp: rosidl_typesupport_fastrtps_cpp;rosidl_typesupport_introspection_cpp
[1.863s] -- Found rmw_implementation_cmake: 1.0.4 (/opt/ros/foxy/share/rmw_implementation_cmake/cmake)
[1.866s] -- Using RMW implementation 'rmw_fastrtps_cpp' as default
[2.042s] -- Looking for pthread.h
[2.352s] -- Looking for pthread.h - found
[2.360s] -- Performing Test CMAKE_HAVE_LIBC_PTHREAD
[2.720s] -- Performing Test CMAKE_HAVE_LIBC_PTHREAD - Failed
[2.720s] -- Looking for pthread_create in pthreads
[3.135s] -- Looking for pthread_create in pthreads - not found
[3.135s] -- Looking for pthread_create in pthread
[3.392s] -- Looking for pthread_create in pthread - found
[3.393s] -- Found Threads: TRUE  
[3.668s] -- Found ackermann_msgs: 2.0.2 (/opt/ros/foxy/share/ackermann_msgs/cmake)
[3.734s] -- Found diagnostic_updater: 3.1.2 (/opt/ros/foxy/share/diagnostic_updater/cmake)
[3.852s] -- Found ament_lint_auto: 0.9.8 (/opt/ros/foxy/share/ament_lint_auto/cmake)
[4.053s] -- Found python_cmake_module: 0.8.1 (/opt/ros/foxy/share/python_cmake_module/cmake)
[4.107s] -- Found PythonInterp: /usr/bin/python3 (found suitable version "3.8.10", minimum required is "3.5") 
[4.118s] -- Found PythonLibs: /usr/lib/aarch64-linux-gnu/libpython3.8.so (found suitable version "3.8.10", minimum required is "3.5") 
[4.118s] -- Using PYTHON_EXECUTABLE: /usr/bin/python3
[4.118s] -- Using PYTHON_INCLUDE_DIRS: /usr/include/python3.8
[4.118s] -- Using PYTHON_LIBRARIES: /usr/lib/aarch64-linux-gnu/libpython3.8.so
[4.161s] -- Found PythonExtra: .so  
[4.191s] -- Added test 'xmllint' to check XML markup files
[4.192s] -- Added test 'copyright' to check source files copyright and LICENSE
[4.196s] -- Added test 'cppcheck' to perform static code analysis on C / C++ code
[4.196s] -- Configured cppcheck include dirs: /home/super/f1tenth_ws/src/f1tenth_system/ackermann_mux/include
[4.197s] -- Configured cppcheck exclude dirs and/or files: 
[4.201s] -- Added test 'cpplint' to check C / C++ code against the Google style
[4.201s] -- Configured cpplint exclude dirs and/or files: 
[4.202s] -- Added test 'flake8' to check Python code syntax and style conventions
[4.203s] -- Added test 'lint_cmake' to check CMake code style
[4.205s] -- Added test 'pep257' to check Python code against some of the style conventions in PEP 257
[4.208s] -- Added test 'uncrustify' to check C / C++ code style
[4.208s] -- Configured uncrustify additional arguments: 
[4.218s] -- Configuring done
[4.256s] -- Generating done
[4.381s] -- Build files have been written to: /home/super/f1tenth_ws/build/ackermann_mux
[4.419s] Invoked command in '/home/super/f1tenth_ws/build/ackermann_mux' returned '0': CMAKE_PREFIX_PATH=/opt/ros/foxy /usr/bin/cmake /home/super/f1tenth_ws/src/f1tenth_system/ackermann_mux -DCMAKE_INSTALL_PREFIX=/home/super/f1tenth_ws/install/ackermann_mux
[4.421s] Invoking command in '/home/super/f1tenth_ws/build/ackermann_mux': CMAKE_PREFIX_PATH=/opt/ros/foxy /usr/bin/cmake --build /home/super/f1tenth_ws/build/ackermann_mux -- -j6 -l6
[4.668s] [35m[1mScanning dependencies of target ackermann_mux[0m
[4.888s] [ 25%] [32mBuilding CXX object CMakeFiles/ackermann_mux.dir/src/ackermann_mux.cpp.o[0m
[4.930s] [ 50%] [32mBuilding CXX object CMakeFiles/ackermann_mux.dir/src/ackermann_mux_diagnostics.cpp.o[0m
[4.943s] [ 75%] [32mBuilding CXX object CMakeFiles/ackermann_mux.dir/src/ackermann_mux_node.cpp.o[0m
[26.251s] [100%] [32m[1mLinking CXX executable ackermann_mux[0m
[27.204s] [100%] Built target ackermann_mux
[27.386s] Invoked command in '/home/super/f1tenth_ws/build/ackermann_mux' returned '0': CMAKE_PREFIX_PATH=/opt/ros/foxy /usr/bin/cmake --build /home/super/f1tenth_ws/build/ackermann_mux -- -j6 -l6
[27.445s] Invoking command in '/home/super/f1tenth_ws/build/ackermann_mux': CMAKE_PREFIX_PATH=/opt/ros/foxy /usr/bin/cmake --install /home/super/f1tenth_ws/build/ackermann_mux
[27.469s] -- Install configuration: ""
[27.469s] -- Installing: /home/super/f1tenth_ws/install/ackermann_mux/lib/ackermann_mux/ackermann_mux
[27.476s] -- Set runtime path of "/home/super/f1tenth_ws/install/ackermann_mux/lib/ackermann_mux/ackermann_mux" to ""
[27.477s] -- Installing: /home/super/f1tenth_ws/install/ackermann_mux/share/ackermann_mux/launch
[27.477s] -- Installing: /home/super/f1tenth_ws/install/ackermann_mux/share/ackermann_mux/launch/ackermann_mux_launch.py
[27.477s] -- Installing: /home/super/f1tenth_ws/install/ackermann_mux/share/ackermann_mux/config
[27.477s] -- Installing: /home/super/f1tenth_ws/install/ackermann_mux/share/ackermann_mux/config/ackermann_mux_locks.yaml
[27.477s] -- Installing: /home/super/f1tenth_ws/install/ackermann_mux/share/ackermann_mux/config/ackermann_mux_topics.yaml
[27.478s] -- Installing: /home/super/f1tenth_ws/install/ackermann_mux/share/ackermann_mux/config/joystick.yaml
[27.478s] -- Installing: /home/super/f1tenth_ws/install/ackermann_mux/include
[27.478s] -- Installing: /home/super/f1tenth_ws/install/ackermann_mux/include/ackermann_mux
[27.478s] -- Installing: /home/super/f1tenth_ws/install/ackermann_mux/include/ackermann_mux/utils.hpp
[27.479s] -- Installing: /home/super/f1tenth_ws/install/ackermann_mux/include/ackermann_mux/ackermann_mux.hpp
[27.479s] -- Installing: /home/super/f1tenth_ws/install/ackermann_mux/include/ackermann_mux/params_helpers.hpp
[27.479s] -- Installing: /home/super/f1tenth_ws/install/ackermann_mux/include/ackermann_mux/topic_handle.hpp
[27.479s] -- Installing: /home/super/f1tenth_ws/install/ackermann_mux/include/ackermann_mux/ackermann_mux_diagnostics_status.hpp
[27.479s] -- Installing: /home/super/f1tenth_ws/install/ackermann_mux/include/ackermann_mux/ackermann_mux_diagnostics.hpp
[27.479s] -- Installing: /home/super/f1tenth_ws/install/ackermann_mux/share/ament_index/resource_index/package_run_dependencies/ackermann_mux
[27.480s] -- Installing: /home/super/f1tenth_ws/install/ackermann_mux/share/ament_index/resource_index/parent_prefix_path/ackermann_mux
[27.480s] -- Installing: /home/super/f1tenth_ws/install/ackermann_mux/share/ackermann_mux/environment/ament_prefix_path.sh
[27.480s] -- Installing: /home/super/f1tenth_ws/install/ackermann_mux/share/ackermann_mux/environment/ament_prefix_path.dsv
[27.481s] -- Installing: /home/super/f1tenth_ws/install/ackermann_mux/share/ackermann_mux/environment/path.sh
[27.481s] -- Installing: /home/super/f1tenth_ws/install/ackermann_mux/share/ackermann_mux/environment/path.dsv
[27.481s] -- Installing: /home/super/f1tenth_ws/install/ackermann_mux/share/ackermann_mux/local_setup.bash
[27.482s] -- Installing: /home/super/f1tenth_ws/install/ackermann_mux/share/ackermann_mux/local_setup.sh
[27.482s] -- Installing: /home/super/f1tenth_ws/install/ackermann_mux/share/ackermann_mux/local_setup.zsh
[27.482s] -- Installing: /home/super/f1tenth_ws/install/ackermann_mux/share/ackermann_mux/local_setup.dsv
[27.482s] -- Installing: /home/super/f1tenth_ws/install/ackermann_mux/share/ackermann_mux/package.dsv
[27.483s] -- Installing: /home/super/f1tenth_ws/install/ackermann_mux/share/ament_index/resource_index/packages/ackermann_mux
[27.483s] -- Installing: /home/super/f1tenth_ws/install/ackermann_mux/share/ackermann_mux/cmake/ament_cmake_export_include_directories-extras.cmake
[27.483s] -- Installing: /home/super/f1tenth_ws/install/ackermann_mux/share/ackermann_mux/cmake/ament_cmake_export_dependencies-extras.cmake
[27.484s] -- Installing: /home/super/f1tenth_ws/install/ackermann_mux/share/ackermann_mux/cmake/ackermann_muxConfig.cmake
[27.484s] -- Installing: /home/super/f1tenth_ws/install/ackermann_mux/share/ackermann_mux/cmake/ackermann_muxConfig-version.cmake
[27.484s] -- Installing: /home/super/f1tenth_ws/install/ackermann_mux/share/ackermann_mux/package.xml
[27.492s] Invoked command in '/home/super/f1tenth_ws/build/ackermann_mux' returned '0': CMAKE_PREFIX_PATH=/opt/ros/foxy /usr/bin/cmake --install /home/super/f1tenth_ws/build/ackermann_mux
