[0.035s] Invoking command in '/home/super/f1tenth_ws/build/vesc': AMENT_PREFIX_PATH=/home/super/f1tenth_ws/install/vesc_driver:/home/super/f1tenth_ws/install/vesc_ackermann:/home/super/f1tenth_ws/install/vesc_msgs:${AMENT_PREFIX_PATH} CMAKE_PREFIX_PATH=/home/super/f1tenth_ws/install/vesc_driver:/home/super/f1tenth_ws/install/vesc_ackermann:/home/super/f1tenth_ws/install/vesc_msgs:/opt/ros/foxy LD_LIBRARY_PATH=/home/super/f1tenth_ws/install/vesc_driver/lib:/home/super/f1tenth_ws/install/vesc_ackermann/lib:/home/super/f1tenth_ws/install/vesc_msgs/lib:${LD_LIBRARY_PATH} PYTHONPATH=/home/super/f1tenth_ws/install/vesc_msgs/lib/python3.8/site-packages:${PYTHONPATH} /usr/bin/cmake /home/super/f1tenth_ws/src/f1tenth_system/vesc/vesc -DCMAKE_INSTALL_PREFIX=/home/super/f1tenth_ws/install/vesc
[0.428s] -- The C compiler identification is GNU 9.4.0
[0.638s] -- The CXX compiler identification is GNU 9.4.0
[0.649s] -- Check for working C compiler: /usr/bin/cc
[0.896s] -- Check for working C compiler: /usr/bin/cc -- works
[0.899s] -- Detecting C compiler ABI info
[1.145s] -- Detecting C compiler ABI info - done
[1.167s] -- Detecting C compile features
[1.168s] -- Detecting C compile features - done
[1.172s] -- Check for working CXX compiler: /usr/bin/c++
[1.536s] -- Check for working CXX compiler: /usr/bin/c++ -- works
[1.539s] -- Detecting CXX compiler ABI info
[1.805s] -- Detecting CXX compiler ABI info - done
[1.834s] -- Detecting CXX compile features
[1.835s] -- Detecting CXX compile features - done
[1.839s] -- Found ament_cmake_auto: 0.9.12 (/opt/ros/foxy/share/ament_cmake_auto/cmake)
[2.075s] -- Found PythonInterp: /usr/bin/python3 (found suitable version "3.8.10", minimum required is "3") 
[2.076s] -- Using PYTHON_EXECUTABLE: /usr/bin/python3
[2.946s] -- Configuring done
[2.950s] -- Generating done
[2.952s] -- Build files have been written to: /home/super/f1tenth_ws/build/vesc
[2.966s] Invoked command in '/home/super/f1tenth_ws/build/vesc' returned '0': AMENT_PREFIX_PATH=/home/super/f1tenth_ws/install/vesc_driver:/home/super/f1tenth_ws/install/vesc_ackermann:/home/super/f1tenth_ws/install/vesc_msgs:${AMENT_PREFIX_PATH} CMAKE_PREFIX_PATH=/home/super/f1tenth_ws/install/vesc_driver:/home/super/f1tenth_ws/install/vesc_ackermann:/home/super/f1tenth_ws/install/vesc_msgs:/opt/ros/foxy LD_LIBRARY_PATH=/home/super/f1tenth_ws/install/vesc_driver/lib:/home/super/f1tenth_ws/install/vesc_ackermann/lib:/home/super/f1tenth_ws/install/vesc_msgs/lib:${LD_LIBRARY_PATH} PYTHONPATH=/home/super/f1tenth_ws/install/vesc_msgs/lib/python3.8/site-packages:${PYTHONPATH} /usr/bin/cmake /home/super/f1tenth_ws/src/f1tenth_system/vesc/vesc -DCMAKE_INSTALL_PREFIX=/home/super/f1tenth_ws/install/vesc
[2.973s] Invoking command in '/home/super/f1tenth_ws/build/vesc': AMENT_PREFIX_PATH=/home/super/f1tenth_ws/install/vesc_driver:/home/super/f1tenth_ws/install/vesc_ackermann:/home/super/f1tenth_ws/install/vesc_msgs:${AMENT_PREFIX_PATH} CMAKE_PREFIX_PATH=/home/super/f1tenth_ws/install/vesc_driver:/home/super/f1tenth_ws/install/vesc_ackermann:/home/super/f1tenth_ws/install/vesc_msgs:/opt/ros/foxy LD_LIBRARY_PATH=/home/super/f1tenth_ws/install/vesc_driver/lib:/home/super/f1tenth_ws/install/vesc_ackermann/lib:/home/super/f1tenth_ws/install/vesc_msgs/lib:${LD_LIBRARY_PATH} PYTHONPATH=/home/super/f1tenth_ws/install/vesc_msgs/lib/python3.8/site-packages:${PYTHONPATH} /usr/bin/cmake --build /home/super/f1tenth_ws/build/vesc -- -j6 -l6
[3.061s] Invoked command in '/home/super/f1tenth_ws/build/vesc' returned '0': AMENT_PREFIX_PATH=/home/super/f1tenth_ws/install/vesc_driver:/home/super/f1tenth_ws/install/vesc_ackermann:/home/super/f1tenth_ws/install/vesc_msgs:${AMENT_PREFIX_PATH} CMAKE_PREFIX_PATH=/home/super/f1tenth_ws/install/vesc_driver:/home/super/f1tenth_ws/install/vesc_ackermann:/home/super/f1tenth_ws/install/vesc_msgs:/opt/ros/foxy LD_LIBRARY_PATH=/home/super/f1tenth_ws/install/vesc_driver/lib:/home/super/f1tenth_ws/install/vesc_ackermann/lib:/home/super/f1tenth_ws/install/vesc_msgs/lib:${LD_LIBRARY_PATH} PYTHONPATH=/home/super/f1tenth_ws/install/vesc_msgs/lib/python3.8/site-packages:${PYTHONPATH} /usr/bin/cmake --build /home/super/f1tenth_ws/build/vesc -- -j6 -l6
[3.109s] Invoking command in '/home/super/f1tenth_ws/build/vesc': AMENT_PREFIX_PATH=/home/super/f1tenth_ws/install/vesc_driver:/home/super/f1tenth_ws/install/vesc_ackermann:/home/super/f1tenth_ws/install/vesc_msgs:${AMENT_PREFIX_PATH} CMAKE_PREFIX_PATH=/home/super/f1tenth_ws/install/vesc_driver:/home/super/f1tenth_ws/install/vesc_ackermann:/home/super/f1tenth_ws/install/vesc_msgs:/opt/ros/foxy LD_LIBRARY_PATH=/home/super/f1tenth_ws/install/vesc_driver/lib:/home/super/f1tenth_ws/install/vesc_ackermann/lib:/home/super/f1tenth_ws/install/vesc_msgs/lib:${LD_LIBRARY_PATH} PYTHONPATH=/home/super/f1tenth_ws/install/vesc_msgs/lib/python3.8/site-packages:${PYTHONPATH} /usr/bin/cmake --install /home/super/f1tenth_ws/build/vesc
[3.128s] -- Install configuration: ""
[3.288s] -- Installing: /home/super/f1tenth_ws/install/vesc/share/ament_index/resource_index/package_run_dependencies/vesc
[3.289s] -- Installing: /home/super/f1tenth_ws/install/vesc/share/ament_index/resource_index/parent_prefix_path/vesc
[3.289s] -- Installing: /home/super/f1tenth_ws/install/vesc/share/vesc/environment/ament_prefix_path.sh
[3.289s] -- Installing: /home/super/f1tenth_ws/install/vesc/share/vesc/environment/ament_prefix_path.dsv
[3.290s] -- Installing: /home/super/f1tenth_ws/install/vesc/share/vesc/environment/path.sh
[3.290s] -- Installing: /home/super/f1tenth_ws/install/vesc/share/vesc/environment/path.dsv
[3.290s] -- Installing: /home/super/f1tenth_ws/install/vesc/share/vesc/local_setup.bash
[3.290s] -- Installing: /home/super/f1tenth_ws/install/vesc/share/vesc/local_setup.sh
[3.291s] -- Installing: /home/super/f1tenth_ws/install/vesc/share/vesc/local_setup.zsh
[3.291s] -- Installing: /home/super/f1tenth_ws/install/vesc/share/vesc/local_setup.dsv
[3.291s] -- Installing: /home/super/f1tenth_ws/install/vesc/share/vesc/package.dsv
[3.292s] -- Installing: /home/super/f1tenth_ws/install/vesc/share/ament_index/resource_index/packages/vesc
[3.292s] -- Installing: /home/super/f1tenth_ws/install/vesc/share/vesc/cmake/vescConfig.cmake
[3.292s] -- Installing: /home/super/f1tenth_ws/install/vesc/share/vesc/cmake/vescConfig-version.cmake
[3.292s] -- Installing: /home/super/f1tenth_ws/install/vesc/share/vesc/package.xml
[3.299s] Invoked command in '/home/super/f1tenth_ws/build/vesc' returned '0': AMENT_PREFIX_PATH=/home/super/f1tenth_ws/install/vesc_driver:/home/super/f1tenth_ws/install/vesc_ackermann:/home/super/f1tenth_ws/install/vesc_msgs:${AMENT_PREFIX_PATH} CMAKE_PREFIX_PATH=/home/super/f1tenth_ws/install/vesc_driver:/home/super/f1tenth_ws/install/vesc_ackermann:/home/super/f1tenth_ws/install/vesc_msgs:/opt/ros/foxy LD_LIBRARY_PATH=/home/super/f1tenth_ws/install/vesc_driver/lib:/home/super/f1tenth_ws/install/vesc_ackermann/lib:/home/super/f1tenth_ws/install/vesc_msgs/lib:${LD_LIBRARY_PATH} PYTHONPATH=/home/super/f1tenth_ws/install/vesc_msgs/lib/python3.8/site-packages:${PYTHONPATH} /usr/bin/cmake --install /home/super/f1tenth_ws/build/vesc
