[5.426s] Invoking command in '/home/super/f1tenth_ws/src/f1tenth_system/teleop_tools/mouse_teleop': PYTHONPATH=/home/super/f1tenth_ws/build/mouse_teleop/prefix_override:/home/super/f1tenth_ws/install/mouse_teleop/lib/python3.8/site-packages:${PYTHONPATH} /usr/bin/python3 -W ignore:setup.py install is deprecated setup.py egg_info --egg-base ../../../../build/mouse_teleop build --build-base /home/super/f1tenth_ws/build/mouse_teleop/build install --record /home/super/f1tenth_ws/build/mouse_teleop/install.log --install-scripts $base/lib/mouse_teleop --single-version-externally-managed install_data
[6.099s] running egg_info
[6.101s] writing ../../../../build/mouse_teleop/mouse_teleop.egg-info/PKG-INFO
[6.103s] writing dependency_links to ../../../../build/mouse_teleop/mouse_teleop.egg-info/dependency_links.txt
[6.104s] writing entry points to ../../../../build/mouse_teleop/mouse_teleop.egg-info/entry_points.txt
[6.104s] writing requirements to ../../../../build/mouse_teleop/mouse_teleop.egg-info/requires.txt
[6.105s] writing top-level names to ../../../../build/mouse_teleop/mouse_teleop.egg-info/top_level.txt
[6.266s] reading manifest file '../../../../build/mouse_teleop/mouse_teleop.egg-info/SOURCES.txt'
[6.382s] writing manifest file '../../../../build/mouse_teleop/mouse_teleop.egg-info/SOURCES.txt'
[6.384s] running build
[6.384s] running build_py
[6.397s] running install
[6.407s] running install_lib
[6.416s] running install_data
[6.416s] running install_egg_info
[6.428s] removing '/home/super/f1tenth_ws/install/mouse_teleop/lib/python3.8/site-packages/mouse_teleop-0.3.0-py3.8.egg-info' (and everything under it)
[6.438s] Copying ../../../../build/mouse_teleop/mouse_teleop.egg-info to /home/super/f1tenth_ws/install/mouse_teleop/lib/python3.8/site-packages/mouse_teleop-0.3.0-py3.8.egg-info
[6.606s] running install_scripts
[6.669s] Installing mouse_teleop script to /home/super/f1tenth_ws/install/mouse_teleop/lib/mouse_teleop
[6.670s] writing list of installed files to '/home/super/f1tenth_ws/build/mouse_teleop/install.log'
[6.771s] Invoked command in '/home/super/f1tenth_ws/src/f1tenth_system/teleop_tools/mouse_teleop' returned '0': PYTHONPATH=/home/super/f1tenth_ws/build/mouse_teleop/prefix_override:/home/super/f1tenth_ws/install/mouse_teleop/lib/python3.8/site-packages:${PYTHONPATH} /usr/bin/python3 -W ignore:setup.py install is deprecated setup.py egg_info --egg-base ../../../../build/mouse_teleop build --build-base /home/super/f1tenth_ws/build/mouse_teleop/build install --record /home/super/f1tenth_ws/build/mouse_teleop/install.log --install-scripts $base/lib/mouse_teleop --single-version-externally-managed install_data
