[0.138s] Invoking command in '/home/super/f1tenth_ws/build/teleop_tools_msgs': CMAKE_PREFIX_PATH=${CMAKE_PREFIX_PATH}:/home/super/f1tenth_ws/install/f1tenth_stack:/home/super/f1tenth_ws/install/joy_teleop:/home/super/f1tenth_ws/install/mouse_teleop:/home/super/f1tenth_ws/install/key_teleop:/opt/ros/foxy /usr/bin/cmake --build /home/super/f1tenth_ws/build/teleop_tools_msgs -- -j6 -l6
[0.836s] [  3%] Built target teleop_tools_msgs__cpp
[0.836s] [ 12%] Built target teleop_tools_msgs__rosidl_generator_c
[0.836s] [ 22%] Built target teleop_tools_msgs__rosidl_typesupport_introspection_cpp
[0.836s] [ 32%] Built target teleop_tools_msgs__rosidl_typesupport_cpp
[0.837s] [ 41%] Built target teleop_tools_msgs__rosidl_typesupport_fastrtps_cpp
[0.837s] [ 51%] Built target teleop_tools_msgs__rosidl_typesupport_introspection_c
[0.837s] [ 61%] Built target teleop_tools_msgs__rosidl_typesupport_c
[0.837s] [ 70%] Built target teleop_tools_msgs__rosidl_typesupport_fastrtps_c
[0.837s] [ 70%] Built target teleop_tools_msgs
[0.837s] [ 74%] Built target teleop_tools_msgs__py
[0.837s] [ 80%] Built target teleop_tools_msgs__python
[0.838s] [ 87%] Built target teleop_tools_msgs__rosidl_typesupport_introspection_c__pyext
[0.838s] [ 93%] Built target teleop_tools_msgs__rosidl_typesupport_c__pyext
[0.838s] [100%] Built target teleop_tools_msgs__rosidl_typesupport_fastrtps_c__pyext
[1.359s] Invoked command in '/home/super/f1tenth_ws/build/teleop_tools_msgs' returned '0': CMAKE_PREFIX_PATH=${CMAKE_PREFIX_PATH}:/home/super/f1tenth_ws/install/f1tenth_stack:/home/super/f1tenth_ws/install/joy_teleop:/home/super/f1tenth_ws/install/mouse_teleop:/home/super/f1tenth_ws/install/key_teleop:/opt/ros/foxy /usr/bin/cmake --build /home/super/f1tenth_ws/build/teleop_tools_msgs -- -j6 -l6
[1.580s] Invoking command in '/home/super/f1tenth_ws/build/teleop_tools_msgs': CMAKE_PREFIX_PATH=${CMAKE_PREFIX_PATH}:/home/super/f1tenth_ws/install/f1tenth_stack:/home/super/f1tenth_ws/install/joy_teleop:/home/super/f1tenth_ws/install/mouse_teleop:/home/super/f1tenth_ws/install/key_teleop:/opt/ros/foxy /usr/bin/cmake --install /home/super/f1tenth_ws/build/teleop_tools_msgs
[1.601s] -- Install configuration: ""
[1.602s] -- Up-to-date: /home/super/f1tenth_ws/install/teleop_tools_msgs/share/ament_index/resource_index/rosidl_interfaces/teleop_tools_msgs
[1.603s] -- Up-to-date: /home/super/f1tenth_ws/install/teleop_tools_msgs/include/teleop_tools_msgs
[1.603s] -- Up-to-date: /home/super/f1tenth_ws/install/teleop_tools_msgs/include/teleop_tools_msgs/msg
[1.604s] -- Up-to-date: /home/super/f1tenth_ws/install/teleop_tools_msgs/include/teleop_tools_msgs/msg/rosidl_generator_c__visibility_control.h
[1.604s] -- Up-to-date: /home/super/f1tenth_ws/install/teleop_tools_msgs/include/teleop_tools_msgs/action
[1.605s] -- Up-to-date: /home/super/f1tenth_ws/install/teleop_tools_msgs/include/teleop_tools_msgs/action/increment.h
[1.605s] -- Up-to-date: /home/super/f1tenth_ws/install/teleop_tools_msgs/include/teleop_tools_msgs/action/detail
[1.605s] -- Up-to-date: /home/super/f1tenth_ws/install/teleop_tools_msgs/include/teleop_tools_msgs/action/detail/increment__functions.h
[1.606s] -- Up-to-date: /home/super/f1tenth_ws/install/teleop_tools_msgs/include/teleop_tools_msgs/action/detail/increment__struct.h
[1.606s] -- Up-to-date: /home/super/f1tenth_ws/install/teleop_tools_msgs/include/teleop_tools_msgs/action/detail/increment__type_support.h
[1.607s] -- Up-to-date: /home/super/f1tenth_ws/install/teleop_tools_msgs/include/teleop_tools_msgs/action/detail/increment__functions.c
[1.607s] -- Up-to-date: /home/super/f1tenth_ws/install/teleop_tools_msgs/share/teleop_tools_msgs/environment/library_path.sh
[1.608s] -- Up-to-date: /home/super/f1tenth_ws/install/teleop_tools_msgs/share/teleop_tools_msgs/environment/library_path.dsv
[1.609s] -- Up-to-date: /home/super/f1tenth_ws/install/teleop_tools_msgs/lib/libteleop_tools_msgs__rosidl_generator_c.so
[1.610s] -- Up-to-date: /home/super/f1tenth_ws/install/teleop_tools_msgs/include/teleop_tools_msgs
[1.610s] -- Up-to-date: /home/super/f1tenth_ws/install/teleop_tools_msgs/include/teleop_tools_msgs/msg
[1.610s] -- Up-to-date: /home/super/f1tenth_ws/install/teleop_tools_msgs/include/teleop_tools_msgs/msg/rosidl_typesupport_fastrtps_c__visibility_control.h
[1.611s] -- Up-to-date: /home/super/f1tenth_ws/install/teleop_tools_msgs/include/teleop_tools_msgs/action
[1.611s] -- Up-to-date: /home/super/f1tenth_ws/install/teleop_tools_msgs/include/teleop_tools_msgs/action/detail
[1.611s] -- Up-to-date: /home/super/f1tenth_ws/install/teleop_tools_msgs/include/teleop_tools_msgs/action/detail/increment__rosidl_typesupport_fastrtps_c.h
[1.611s] -- Up-to-date: /home/super/f1tenth_ws/install/teleop_tools_msgs/lib/libteleop_tools_msgs__rosidl_typesupport_fastrtps_c.so
[1.612s] -- Up-to-date: /home/super/f1tenth_ws/install/teleop_tools_msgs/include/teleop_tools_msgs
[1.613s] -- Up-to-date: /home/super/f1tenth_ws/install/teleop_tools_msgs/include/teleop_tools_msgs/msg
[1.613s] -- Up-to-date: /home/super/f1tenth_ws/install/teleop_tools_msgs/include/teleop_tools_msgs/msg/rosidl_typesupport_fastrtps_cpp__visibility_control.h
[1.613s] -- Up-to-date: /home/super/f1tenth_ws/install/teleop_tools_msgs/include/teleop_tools_msgs/action
[1.614s] -- Up-to-date: /home/super/f1tenth_ws/install/teleop_tools_msgs/include/teleop_tools_msgs/action/detail
[1.614s] -- Up-to-date: /home/super/f1tenth_ws/install/teleop_tools_msgs/include/teleop_tools_msgs/action/detail/increment__rosidl_typesupport_fastrtps_cpp.hpp
[1.614s] -- Up-to-date: /home/super/f1tenth_ws/install/teleop_tools_msgs/include/teleop_tools_msgs/action/detail/dds_fastrtps
[1.614s] -- Up-to-date: /home/super/f1tenth_ws/install/teleop_tools_msgs/lib/libteleop_tools_msgs__rosidl_typesupport_fastrtps_cpp.so
[1.617s] -- Up-to-date: /home/super/f1tenth_ws/install/teleop_tools_msgs/include/teleop_tools_msgs
[1.618s] -- Up-to-date: /home/super/f1tenth_ws/install/teleop_tools_msgs/include/teleop_tools_msgs/msg
[1.618s] -- Up-to-date: /home/super/f1tenth_ws/install/teleop_tools_msgs/include/teleop_tools_msgs/msg/rosidl_typesupport_introspection_c__visibility_control.h
[1.618s] -- Up-to-date: /home/super/f1tenth_ws/install/teleop_tools_msgs/include/teleop_tools_msgs/action
[1.619s] -- Up-to-date: /home/super/f1tenth_ws/install/teleop_tools_msgs/include/teleop_tools_msgs/action/detail
[1.619s] -- Up-to-date: /home/super/f1tenth_ws/install/teleop_tools_msgs/include/teleop_tools_msgs/action/detail/increment__type_support.c
[1.619s] -- Up-to-date: /home/super/f1tenth_ws/install/teleop_tools_msgs/include/teleop_tools_msgs/action/detail/increment__rosidl_typesupport_introspection_c.h
[1.619s] -- Up-to-date: /home/super/f1tenth_ws/install/teleop_tools_msgs/lib/libteleop_tools_msgs__rosidl_typesupport_introspection_c.so
[1.619s] -- Up-to-date: /home/super/f1tenth_ws/install/teleop_tools_msgs/lib/libteleop_tools_msgs__rosidl_typesupport_c.so
[1.620s] -- Up-to-date: /home/super/f1tenth_ws/install/teleop_tools_msgs/include/teleop_tools_msgs
[1.620s] -- Up-to-date: /home/super/f1tenth_ws/install/teleop_tools_msgs/include/teleop_tools_msgs/msg
[1.620s] -- Up-to-date: /home/super/f1tenth_ws/install/teleop_tools_msgs/include/teleop_tools_msgs/msg/rosidl_generator_cpp__visibility_control.hpp
[1.621s] -- Up-to-date: /home/super/f1tenth_ws/install/teleop_tools_msgs/include/teleop_tools_msgs/action
[1.621s] -- Up-to-date: /home/super/f1tenth_ws/install/teleop_tools_msgs/include/teleop_tools_msgs/action/increment.hpp
[1.621s] -- Up-to-date: /home/super/f1tenth_ws/install/teleop_tools_msgs/include/teleop_tools_msgs/action/detail
[1.621s] -- Up-to-date: /home/super/f1tenth_ws/install/teleop_tools_msgs/include/teleop_tools_msgs/action/detail/increment__builder.hpp
[1.621s] -- Up-to-date: /home/super/f1tenth_ws/install/teleop_tools_msgs/include/teleop_tools_msgs/action/detail/increment__traits.hpp
[1.621s] -- Up-to-date: /home/super/f1tenth_ws/install/teleop_tools_msgs/include/teleop_tools_msgs/action/detail/increment__struct.hpp
[1.625s] -- Up-to-date: /home/super/f1tenth_ws/install/teleop_tools_msgs/include/teleop_tools_msgs/action/detail/increment__type_support.hpp
[1.625s] -- Up-to-date: /home/super/f1tenth_ws/install/teleop_tools_msgs/include/teleop_tools_msgs
[1.625s] -- Up-to-date: /home/super/f1tenth_ws/install/teleop_tools_msgs/include/teleop_tools_msgs/action
[1.626s] -- Up-to-date: /home/super/f1tenth_ws/install/teleop_tools_msgs/include/teleop_tools_msgs/action/detail
[1.626s] -- Up-to-date: /home/super/f1tenth_ws/install/teleop_tools_msgs/include/teleop_tools_msgs/action/detail/increment__type_support.cpp
[1.627s] -- Up-to-date: /home/super/f1tenth_ws/install/teleop_tools_msgs/include/teleop_tools_msgs/action/detail/increment__rosidl_typesupport_introspection_cpp.hpp
[1.627s] -- Up-to-date: /home/super/f1tenth_ws/install/teleop_tools_msgs/lib/libteleop_tools_msgs__rosidl_typesupport_introspection_cpp.so
[1.627s] -- Up-to-date: /home/super/f1tenth_ws/install/teleop_tools_msgs/lib/libteleop_tools_msgs__rosidl_typesupport_cpp.so
[1.628s] -- Up-to-date: /home/super/f1tenth_ws/install/teleop_tools_msgs/share/teleop_tools_msgs/environment/pythonpath.sh
[1.629s] -- Up-to-date: /home/super/f1tenth_ws/install/teleop_tools_msgs/share/teleop_tools_msgs/environment/pythonpath.dsv
[1.629s] -- Up-to-date: /home/super/f1tenth_ws/install/teleop_tools_msgs/lib/python3.8/site-packages/teleop_tools_msgs/__init__.py
[1.710s] -- Up-to-date: /home/super/f1tenth_ws/install/teleop_tools_msgs/lib/python3.8/site-packages/teleop_tools_msgs/action
[1.711s] -- Up-to-date: /home/super/f1tenth_ws/install/teleop_tools_msgs/lib/python3.8/site-packages/teleop_tools_msgs/action/_increment_s.c
[1.711s] -- Up-to-date: /home/super/f1tenth_ws/install/teleop_tools_msgs/lib/python3.8/site-packages/teleop_tools_msgs/action/__init__.py
[1.711s] -- Up-to-date: /home/super/f1tenth_ws/install/teleop_tools_msgs/lib/python3.8/site-packages/teleop_tools_msgs/action/_increment.py
[1.711s] -- Up-to-date: /home/super/f1tenth_ws/install/teleop_tools_msgs/lib/python3.8/site-packages/teleop_tools_msgs/teleop_tools_msgs_s__rosidl_typesupport_fastrtps_c.cpython-38-aarch64-linux-gnu.so
[1.711s] -- Up-to-date: /home/super/f1tenth_ws/install/teleop_tools_msgs/lib/python3.8/site-packages/teleop_tools_msgs/teleop_tools_msgs_s__rosidl_typesupport_introspection_c.cpython-38-aarch64-linux-gnu.so
[1.713s] -- Up-to-date: /home/super/f1tenth_ws/install/teleop_tools_msgs/lib/python3.8/site-packages/teleop_tools_msgs/teleop_tools_msgs_s__rosidl_typesupport_c.cpython-38-aarch64-linux-gnu.so
[1.714s] -- Up-to-date: /home/super/f1tenth_ws/install/teleop_tools_msgs/lib/libteleop_tools_msgs__python.so
[1.715s] -- Up-to-date: /home/super/f1tenth_ws/install/teleop_tools_msgs/share/teleop_tools_msgs/action/Increment.idl
[1.716s] -- Up-to-date: /home/super/f1tenth_ws/install/teleop_tools_msgs/share/teleop_tools_msgs/action/Increment.action
[1.716s] -- Up-to-date: /home/super/f1tenth_ws/install/teleop_tools_msgs/share/ament_index/resource_index/package_run_dependencies/teleop_tools_msgs
[1.717s] -- Up-to-date: /home/super/f1tenth_ws/install/teleop_tools_msgs/share/ament_index/resource_index/parent_prefix_path/teleop_tools_msgs
[1.717s] -- Up-to-date: /home/super/f1tenth_ws/install/teleop_tools_msgs/share/teleop_tools_msgs/environment/ament_prefix_path.sh
[1.717s] -- Up-to-date: /home/super/f1tenth_ws/install/teleop_tools_msgs/share/teleop_tools_msgs/environment/ament_prefix_path.dsv
[1.717s] -- Up-to-date: /home/super/f1tenth_ws/install/teleop_tools_msgs/share/teleop_tools_msgs/environment/path.sh
[1.717s] -- Up-to-date: /home/super/f1tenth_ws/install/teleop_tools_msgs/share/teleop_tools_msgs/environment/path.dsv
[1.717s] -- Up-to-date: /home/super/f1tenth_ws/install/teleop_tools_msgs/share/teleop_tools_msgs/local_setup.bash
[1.718s] -- Up-to-date: /home/super/f1tenth_ws/install/teleop_tools_msgs/share/teleop_tools_msgs/local_setup.sh
[1.718s] -- Up-to-date: /home/super/f1tenth_ws/install/teleop_tools_msgs/share/teleop_tools_msgs/local_setup.zsh
[1.718s] -- Up-to-date: /home/super/f1tenth_ws/install/teleop_tools_msgs/share/teleop_tools_msgs/local_setup.dsv
[1.718s] -- Installing: /home/super/f1tenth_ws/install/teleop_tools_msgs/share/teleop_tools_msgs/package.dsv
[1.718s] -- Up-to-date: /home/super/f1tenth_ws/install/teleop_tools_msgs/share/ament_index/resource_index/packages/teleop_tools_msgs
[1.719s] -- Up-to-date: /home/super/f1tenth_ws/install/teleop_tools_msgs/share/teleop_tools_msgs/cmake/teleop_tools_msgs__rosidl_generator_cExport.cmake
[1.719s] -- Up-to-date: /home/super/f1tenth_ws/install/teleop_tools_msgs/share/teleop_tools_msgs/cmake/teleop_tools_msgs__rosidl_generator_cExport-noconfig.cmake
[1.719s] -- Up-to-date: /home/super/f1tenth_ws/install/teleop_tools_msgs/share/teleop_tools_msgs/cmake/teleop_tools_msgs__rosidl_typesupport_introspection_cExport.cmake
[1.719s] -- Up-to-date: /home/super/f1tenth_ws/install/teleop_tools_msgs/share/teleop_tools_msgs/cmake/teleop_tools_msgs__rosidl_typesupport_introspection_cExport-noconfig.cmake
[1.719s] -- Up-to-date: /home/super/f1tenth_ws/install/teleop_tools_msgs/share/teleop_tools_msgs/cmake/teleop_tools_msgs__rosidl_typesupport_cExport.cmake
[1.720s] -- Up-to-date: /home/super/f1tenth_ws/install/teleop_tools_msgs/share/teleop_tools_msgs/cmake/teleop_tools_msgs__rosidl_typesupport_cExport-noconfig.cmake
[1.721s] -- Up-to-date: /home/super/f1tenth_ws/install/teleop_tools_msgs/share/teleop_tools_msgs/cmake/teleop_tools_msgs__rosidl_generator_cppExport.cmake
[1.722s] -- Up-to-date: /home/super/f1tenth_ws/install/teleop_tools_msgs/share/teleop_tools_msgs/cmake/teleop_tools_msgs__rosidl_typesupport_introspection_cppExport.cmake
[1.722s] -- Up-to-date: /home/super/f1tenth_ws/install/teleop_tools_msgs/share/teleop_tools_msgs/cmake/teleop_tools_msgs__rosidl_typesupport_introspection_cppExport-noconfig.cmake
[1.722s] -- Up-to-date: /home/super/f1tenth_ws/install/teleop_tools_msgs/share/teleop_tools_msgs/cmake/teleop_tools_msgs__rosidl_typesupport_cppExport.cmake
[1.723s] -- Up-to-date: /home/super/f1tenth_ws/install/teleop_tools_msgs/share/teleop_tools_msgs/cmake/teleop_tools_msgs__rosidl_typesupport_cppExport-noconfig.cmake
[1.723s] -- Up-to-date: /home/super/f1tenth_ws/install/teleop_tools_msgs/share/teleop_tools_msgs/cmake/rosidl_cmake-extras.cmake
[1.723s] -- Up-to-date: /home/super/f1tenth_ws/install/teleop_tools_msgs/share/teleop_tools_msgs/cmake/ament_cmake_export_dependencies-extras.cmake
[1.723s] -- Up-to-date: /home/super/f1tenth_ws/install/teleop_tools_msgs/share/teleop_tools_msgs/cmake/ament_cmake_export_libraries-extras.cmake
[1.723s] -- Up-to-date: /home/super/f1tenth_ws/install/teleop_tools_msgs/share/teleop_tools_msgs/cmake/ament_cmake_export_targets-extras.cmake
[1.724s] -- Up-to-date: /home/super/f1tenth_ws/install/teleop_tools_msgs/share/teleop_tools_msgs/cmake/ament_cmake_export_include_directories-extras.cmake
[1.724s] -- Up-to-date: /home/super/f1tenth_ws/install/teleop_tools_msgs/share/teleop_tools_msgs/cmake/rosidl_cmake_export_typesupport_libraries-extras.cmake
[1.724s] -- Up-to-date: /home/super/f1tenth_ws/install/teleop_tools_msgs/share/teleop_tools_msgs/cmake/rosidl_cmake_export_typesupport_targets-extras.cmake
[1.724s] -- Up-to-date: /home/super/f1tenth_ws/install/teleop_tools_msgs/share/teleop_tools_msgs/cmake/teleop_tools_msgsConfig.cmake
[1.724s] -- Up-to-date: /home/super/f1tenth_ws/install/teleop_tools_msgs/share/teleop_tools_msgs/cmake/teleop_tools_msgsConfig-version.cmake
[1.724s] -- Up-to-date: /home/super/f1tenth_ws/install/teleop_tools_msgs/share/teleop_tools_msgs/package.xml
[1.742s] Invoked command in '/home/super/f1tenth_ws/build/teleop_tools_msgs' returned '0': CMAKE_PREFIX_PATH=${CMAKE_PREFIX_PATH}:/home/super/f1tenth_ws/install/f1tenth_stack:/home/super/f1tenth_ws/install/joy_teleop:/home/super/f1tenth_ws/install/mouse_teleop:/home/super/f1tenth_ws/install/key_teleop:/opt/ros/foxy /usr/bin/cmake --install /home/super/f1tenth_ws/build/teleop_tools_msgs
