[0.032s] Invoking command in '/home/super/f1tenth_ws/build/pure_pursuit': CMAKE_PREFIX_PATH=${CMAKE_PREFIX_PATH}:/home/super/f1tenth_ws/install/f1tenth_stack:/home/super/f1tenth_ws/install/joy_teleop:/home/super/f1tenth_ws/install/particle_filter:/home/super/f1tenth_ws/install/mouse_teleop:/home/super/f1tenth_ws/install/key_teleop:/opt/ros/foxy /usr/bin/cmake --build /home/super/f1tenth_ws/build/pure_pursuit -- -j6 -l6
[0.173s] [35m[1mScanning dependencies of target pure_pursuit_node[0m
[0.264s] [ 50%] [32mBuilding CXX object CMakeFiles/pure_pursuit_node.dir/src/pure_pursuit_node.cpp.o[0m
[3.882s] [01m[K/home/super/f1tenth_ws/src/PurePursuit/src/pure_pursuit/src/pure_pursuit_node.cpp:213:72:[m[K [01;35m[Kwarning: [m[K‘[01m[Knav_msgs::msg::Odometry_<std::allocator<void> >::ConstPtr[m[K’ is deprecated [[01;35m[K-Wdeprecated-declarations[m[K]
[3.882s]   213 | _msgs::msg::Odometry::ConstPtr pose_msg[01;35m[K)[m[K
[3.882s]       |                                        [01;35m[K^[m[K
[3.882s] 
[3.882s] In file included from [01m[K/opt/ros/foxy/include/nav_msgs/msg/odometry.hpp:7[m[K,
[3.883s]                  from [01m[K/home/super/f1tenth_ws/src/PurePursuit/src/pure_pursuit/src/pure_pursuit_node.cpp:10[m[K:
[3.883s] [01m[K/opt/ros/foxy/include/nav_msgs/msg/detail/odometry__struct.hpp:145:5:[m[K [01;36m[Knote: [m[Kdeclared here
[3.883s]   145 |     [01;36m[KConstPtr[m[K;
[3.885s]       |     [01;36m[K^~~~~~~~[m[K
[4.004s] [01m[K/home/super/f1tenth_ws/src/PurePursuit/src/pure_pursuit/src/pure_pursuit_node.cpp:[m[K In member function ‘[01m[Kvoid PurePursuit::pose_callback(nav_msgs::msg::Odometry_<std::allocator<void> >::ConstPtr)[m[K’:
[4.004s] [01m[K/home/super/f1tenth_ws/src/PurePursuit/src/pure_pursuit/src/pure_pursuit_node.cpp:226:16:[m[K [01;35m[Kwarning: [m[Kunused variable ‘[01m[Kdx_trans[m[K’ [[01;35m[K-Wunused-variable[m[K]
[4.004s]   226 |         double [01;35m[Kdx_trans[m[K = dx*cos(yaw) + dy*sin(yaw);
[4.005s]       |                [01;35m[K^~~~~~~~[m[K
[15.953s] [100%] [32m[1mLinking CXX executable pure_pursuit_node[0m
[16.914s] [100%] Built target pure_pursuit_node
[16.944s] Invoked command in '/home/super/f1tenth_ws/build/pure_pursuit' returned '0': CMAKE_PREFIX_PATH=${CMAKE_PREFIX_PATH}:/home/super/f1tenth_ws/install/f1tenth_stack:/home/super/f1tenth_ws/install/joy_teleop:/home/super/f1tenth_ws/install/particle_filter:/home/super/f1tenth_ws/install/mouse_teleop:/home/super/f1tenth_ws/install/key_teleop:/opt/ros/foxy /usr/bin/cmake --build /home/super/f1tenth_ws/build/pure_pursuit -- -j6 -l6
[17.051s] Invoking command in '/home/super/f1tenth_ws/build/pure_pursuit': CMAKE_PREFIX_PATH=${CMAKE_PREFIX_PATH}:/home/super/f1tenth_ws/install/f1tenth_stack:/home/super/f1tenth_ws/install/joy_teleop:/home/super/f1tenth_ws/install/particle_filter:/home/super/f1tenth_ws/install/mouse_teleop:/home/super/f1tenth_ws/install/key_teleop:/opt/ros/foxy /usr/bin/cmake --install /home/super/f1tenth_ws/build/pure_pursuit
[17.069s] -- Install configuration: ""
[17.070s] -- Installing: /home/super/f1tenth_ws/install/pure_pursuit/lib/pure_pursuit/pure_pursuit_node
[17.076s] -- Set runtime path of "/home/super/f1tenth_ws/install/pure_pursuit/lib/pure_pursuit/pure_pursuit_node" to ""
[17.077s] -- Up-to-date: /home/super/f1tenth_ws/install/pure_pursuit/share/pure_pursuit/environment/pythonpath.sh
[17.077s] -- Up-to-date: /home/super/f1tenth_ws/install/pure_pursuit/share/pure_pursuit/environment/pythonpath.dsv
[17.077s] -- Up-to-date: /home/super/f1tenth_ws/install/pure_pursuit/lib/python3.8/site-packages/pure_pursuit
[17.077s] -- Up-to-date: /home/super/f1tenth_ws/install/pure_pursuit/lib/python3.8/site-packages/pure_pursuit/__init__.py
[17.314s] Listing '/home/super/f1tenth_ws/install/pure_pursuit/lib/python3.8/site-packages/pure_pursuit'...
[17.326s] -- Up-to-date: /home/super/f1tenth_ws/install/pure_pursuit/lib/pure_pursuit/pure_pursuit_node.py
[17.331s] -- Up-to-date: /home/super/f1tenth_ws/install/pure_pursuit/lib/pure_pursuit/waypoint_logger.py
[17.331s] -- Up-to-date: /home/super/f1tenth_ws/install/pure_pursuit/share/ament_index/resource_index/package_run_dependencies/pure_pursuit
[17.332s] -- Up-to-date: /home/super/f1tenth_ws/install/pure_pursuit/share/ament_index/resource_index/parent_prefix_path/pure_pursuit
[17.332s] -- Up-to-date: /home/super/f1tenth_ws/install/pure_pursuit/share/pure_pursuit/environment/ament_prefix_path.sh
[17.332s] -- Up-to-date: /home/super/f1tenth_ws/install/pure_pursuit/share/pure_pursuit/environment/ament_prefix_path.dsv
[17.332s] -- Up-to-date: /home/super/f1tenth_ws/install/pure_pursuit/share/pure_pursuit/environment/path.sh
[17.332s] -- Up-to-date: /home/super/f1tenth_ws/install/pure_pursuit/share/pure_pursuit/environment/path.dsv
[17.333s] -- Up-to-date: /home/super/f1tenth_ws/install/pure_pursuit/share/pure_pursuit/local_setup.bash
[17.333s] -- Up-to-date: /home/super/f1tenth_ws/install/pure_pursuit/share/pure_pursuit/local_setup.sh
[17.333s] -- Up-to-date: /home/super/f1tenth_ws/install/pure_pursuit/share/pure_pursuit/local_setup.zsh
[17.333s] -- Up-to-date: /home/super/f1tenth_ws/install/pure_pursuit/share/pure_pursuit/local_setup.dsv
[17.333s] -- Installing: /home/super/f1tenth_ws/install/pure_pursuit/share/pure_pursuit/package.dsv
[17.334s] -- Up-to-date: /home/super/f1tenth_ws/install/pure_pursuit/share/ament_index/resource_index/packages/pure_pursuit
[17.334s] -- Up-to-date: /home/super/f1tenth_ws/install/pure_pursuit/share/pure_pursuit/cmake/pure_pursuitConfig.cmake
[17.334s] -- Up-to-date: /home/super/f1tenth_ws/install/pure_pursuit/share/pure_pursuit/cmake/pure_pursuitConfig-version.cmake
[17.334s] -- Up-to-date: /home/super/f1tenth_ws/install/pure_pursuit/share/pure_pursuit/package.xml
[17.341s] Invoked command in '/home/super/f1tenth_ws/build/pure_pursuit' returned '0': CMAKE_PREFIX_PATH=${CMAKE_PREFIX_PATH}:/home/super/f1tenth_ws/install/f1tenth_stack:/home/super/f1tenth_ws/install/joy_teleop:/home/super/f1tenth_ws/install/particle_filter:/home/super/f1tenth_ws/install/mouse_teleop:/home/super/f1tenth_ws/install/key_teleop:/opt/ros/foxy /usr/bin/cmake --install /home/super/f1tenth_ws/build/pure_pursuit
