[0.110s] Invoking command in '/home/super/f1tenth_ws/build/vesc_msgs': CMAKE_PREFIX_PATH=${CMAKE_PREFIX_PATH}:/home/super/f1tenth_ws/install/f1tenth_stack:/home/super/f1tenth_ws/install/joy_teleop:/home/super/f1tenth_ws/install/mouse_teleop:/home/super/f1tenth_ws/install/key_teleop:/opt/ros/foxy /usr/bin/cmake --build /home/super/f1tenth_ws/build/vesc_msgs -- -j6 -l6
[0.744s] [  1%] Built target vesc_msgs__cpp
[0.744s] [ 12%] Built target vesc_msgs__rosidl_generator_c
[0.744s] [ 23%] Built target vesc_msgs__rosidl_typesupport_cpp
[0.745s] [ 34%] Built target vesc_msgs__rosidl_typesupport_introspection_cpp
[0.745s] [ 58%] Built target vesc_msgs__rosidl_typesupport_fastrtps_cpp
[0.745s] [ 65%] Built target vesc_msgs__rosidl_typesupport_introspection_c
[0.745s] [ 67%] Built target vesc_msgs__rosidl_typesupport_c
[0.745s] [ 78%] Built target vesc_msgs__rosidl_typesupport_fastrtps_c
[0.745s] [ 78%] Built target vesc_msgs
[0.779s] [ 80%] Built target vesc_msgs__py
[0.858s] [ 89%] Built target vesc_msgs__python
[0.924s] [ 92%] Built target vesc_msgs__rosidl_typesupport_c__pyext
[0.928s] [ 96%] Built target vesc_msgs__rosidl_typesupport_introspection_c__pyext
[0.936s] [100%] Built target vesc_msgs__rosidl_typesupport_fastrtps_c__pyext
[1.384s] Invoked command in '/home/super/f1tenth_ws/build/vesc_msgs' returned '0': CMAKE_PREFIX_PATH=${CMAKE_PREFIX_PATH}:/home/super/f1tenth_ws/install/f1tenth_stack:/home/super/f1tenth_ws/install/joy_teleop:/home/super/f1tenth_ws/install/mouse_teleop:/home/super/f1tenth_ws/install/key_teleop:/opt/ros/foxy /usr/bin/cmake --build /home/super/f1tenth_ws/build/vesc_msgs -- -j6 -l6
[1.785s] Invoking command in '/home/super/f1tenth_ws/build/vesc_msgs': CMAKE_PREFIX_PATH=${CMAKE_PREFIX_PATH}:/home/super/f1tenth_ws/install/f1tenth_stack:/home/super/f1tenth_ws/install/joy_teleop:/home/super/f1tenth_ws/install/mouse_teleop:/home/super/f1tenth_ws/install/key_teleop:/opt/ros/foxy /usr/bin/cmake --install /home/super/f1tenth_ws/build/vesc_msgs
[1.830s] -- Install configuration: ""
[1.831s] -- Up-to-date: /home/super/f1tenth_ws/install/vesc_msgs/share/ament_index/resource_index/rosidl_interfaces/vesc_msgs
[1.831s] -- Up-to-date: /home/super/f1tenth_ws/install/vesc_msgs/include/vesc_msgs
[1.831s] -- Up-to-date: /home/super/f1tenth_ws/install/vesc_msgs/include/vesc_msgs/msg
[1.832s] -- Up-to-date: /home/super/f1tenth_ws/install/vesc_msgs/include/vesc_msgs/msg/rosidl_generator_c__visibility_control.h
[1.832s] -- Up-to-date: /home/super/f1tenth_ws/install/vesc_msgs/include/vesc_msgs/msg/vesc_imu_stamped.h
[1.832s] -- Up-to-date: /home/super/f1tenth_ws/install/vesc_msgs/include/vesc_msgs/msg/vesc_imu.h
[1.832s] -- Up-to-date: /home/super/f1tenth_ws/install/vesc_msgs/include/vesc_msgs/msg/detail
[1.846s] -- Up-to-date: /home/super/f1tenth_ws/install/vesc_msgs/include/vesc_msgs/msg/detail/vesc_imu__type_support.h
[1.848s] -- Up-to-date: /home/super/f1tenth_ws/install/vesc_msgs/include/vesc_msgs/msg/detail/vesc_state__type_support.h
[1.849s] -- Up-to-date: /home/super/f1tenth_ws/install/vesc_msgs/include/vesc_msgs/msg/detail/vesc_state__struct.h
[1.850s] -- Up-to-date: /home/super/f1tenth_ws/install/vesc_msgs/include/vesc_msgs/msg/detail/vesc_imu__struct.h
[1.850s] -- Up-to-date: /home/super/f1tenth_ws/install/vesc_msgs/include/vesc_msgs/msg/detail/vesc_state_stamped__type_support.h
[1.850s] -- Up-to-date: /home/super/f1tenth_ws/install/vesc_msgs/include/vesc_msgs/msg/detail/vesc_state_stamped__functions.h
[1.850s] -- Up-to-date: /home/super/f1tenth_ws/install/vesc_msgs/include/vesc_msgs/msg/detail/vesc_state__functions.c
[1.850s] -- Up-to-date: /home/super/f1tenth_ws/install/vesc_msgs/include/vesc_msgs/msg/detail/vesc_imu_stamped__struct.h
[1.850s] -- Up-to-date: /home/super/f1tenth_ws/install/vesc_msgs/include/vesc_msgs/msg/detail/vesc_imu_stamped__type_support.h
[1.851s] -- Up-to-date: /home/super/f1tenth_ws/install/vesc_msgs/include/vesc_msgs/msg/detail/vesc_state_stamped__functions.c
[1.851s] -- Up-to-date: /home/super/f1tenth_ws/install/vesc_msgs/include/vesc_msgs/msg/detail/vesc_imu__functions.c
[1.851s] -- Up-to-date: /home/super/f1tenth_ws/install/vesc_msgs/include/vesc_msgs/msg/detail/vesc_state__functions.h
[1.851s] -- Up-to-date: /home/super/f1tenth_ws/install/vesc_msgs/include/vesc_msgs/msg/detail/vesc_imu_stamped__functions.h
[1.851s] -- Up-to-date: /home/super/f1tenth_ws/install/vesc_msgs/include/vesc_msgs/msg/detail/vesc_imu__functions.h
[1.851s] -- Up-to-date: /home/super/f1tenth_ws/install/vesc_msgs/include/vesc_msgs/msg/detail/vesc_imu_stamped__functions.c
[1.852s] -- Up-to-date: /home/super/f1tenth_ws/install/vesc_msgs/include/vesc_msgs/msg/detail/vesc_state_stamped__struct.h
[1.852s] -- Up-to-date: /home/super/f1tenth_ws/install/vesc_msgs/include/vesc_msgs/msg/vesc_state.h
[1.852s] -- Up-to-date: /home/super/f1tenth_ws/install/vesc_msgs/include/vesc_msgs/msg/vesc_state_stamped.h
[1.852s] -- Up-to-date: /home/super/f1tenth_ws/install/vesc_msgs/share/vesc_msgs/environment/library_path.sh
[1.852s] -- Up-to-date: /home/super/f1tenth_ws/install/vesc_msgs/share/vesc_msgs/environment/library_path.dsv
[1.852s] -- Up-to-date: /home/super/f1tenth_ws/install/vesc_msgs/lib/libvesc_msgs__rosidl_generator_c.so
[1.852s] -- Up-to-date: /home/super/f1tenth_ws/install/vesc_msgs/include/vesc_msgs
[1.852s] -- Up-to-date: /home/super/f1tenth_ws/install/vesc_msgs/include/vesc_msgs/msg
[1.853s] -- Up-to-date: /home/super/f1tenth_ws/install/vesc_msgs/include/vesc_msgs/msg/detail
[1.853s] -- Up-to-date: /home/super/f1tenth_ws/install/vesc_msgs/include/vesc_msgs/msg/detail/vesc_imu__rosidl_typesupport_fastrtps_c.h
[1.853s] -- Up-to-date: /home/super/f1tenth_ws/install/vesc_msgs/include/vesc_msgs/msg/detail/vesc_state_stamped__rosidl_typesupport_fastrtps_c.h
[1.853s] -- Up-to-date: /home/super/f1tenth_ws/install/vesc_msgs/include/vesc_msgs/msg/detail/vesc_state__rosidl_typesupport_fastrtps_c.h
[1.853s] -- Up-to-date: /home/super/f1tenth_ws/install/vesc_msgs/include/vesc_msgs/msg/detail/vesc_imu_stamped__rosidl_typesupport_fastrtps_c.h
[1.853s] -- Up-to-date: /home/super/f1tenth_ws/install/vesc_msgs/include/vesc_msgs/msg/rosidl_typesupport_fastrtps_c__visibility_control.h
[1.853s] -- Up-to-date: /home/super/f1tenth_ws/install/vesc_msgs/lib/libvesc_msgs__rosidl_typesupport_fastrtps_c.so
[1.854s] -- Up-to-date: /home/super/f1tenth_ws/install/vesc_msgs/include/vesc_msgs
[1.854s] -- Up-to-date: /home/super/f1tenth_ws/install/vesc_msgs/include/vesc_msgs/msg
[1.854s] -- Up-to-date: /home/super/f1tenth_ws/install/vesc_msgs/include/vesc_msgs/msg/detail
[1.854s] -- Up-to-date: /home/super/f1tenth_ws/install/vesc_msgs/include/vesc_msgs/msg/detail/vesc_state__rosidl_typesupport_fastrtps_cpp.hpp
[1.854s] -- Up-to-date: /home/super/f1tenth_ws/install/vesc_msgs/include/vesc_msgs/msg/detail/vesc_imu__rosidl_typesupport_fastrtps_cpp.hpp
[1.854s] -- Up-to-date: /home/super/f1tenth_ws/install/vesc_msgs/include/vesc_msgs/msg/detail/dds_fastrtps
[1.854s] -- Up-to-date: /home/super/f1tenth_ws/install/vesc_msgs/include/vesc_msgs/msg/detail/vesc_imu_stamped__rosidl_typesupport_fastrtps_cpp.hpp
[1.855s] -- Up-to-date: /home/super/f1tenth_ws/install/vesc_msgs/include/vesc_msgs/msg/detail/vesc_state_stamped__rosidl_typesupport_fastrtps_cpp.hpp
[1.855s] -- Up-to-date: /home/super/f1tenth_ws/install/vesc_msgs/include/vesc_msgs/msg/rosidl_typesupport_fastrtps_cpp__visibility_control.h
[1.855s] -- Up-to-date: /home/super/f1tenth_ws/install/vesc_msgs/lib/libvesc_msgs__rosidl_typesupport_fastrtps_cpp.so
[1.855s] -- Up-to-date: /home/super/f1tenth_ws/install/vesc_msgs/include/vesc_msgs
[1.855s] -- Up-to-date: /home/super/f1tenth_ws/install/vesc_msgs/include/vesc_msgs/msg
[1.862s] -- Up-to-date: /home/super/f1tenth_ws/install/vesc_msgs/include/vesc_msgs/msg/rosidl_typesupport_introspection_c__visibility_control.h
[1.881s] -- Up-to-date: /home/super/f1tenth_ws/install/vesc_msgs/include/vesc_msgs/msg/detail
[1.881s] -- Up-to-date: /home/super/f1tenth_ws/install/vesc_msgs/include/vesc_msgs/msg/detail/vesc_state_stamped__type_support.c
[1.881s] -- Up-to-date: /home/super/f1tenth_ws/install/vesc_msgs/include/vesc_msgs/msg/detail/vesc_state__rosidl_typesupport_introspection_c.h
[1.881s] -- Up-to-date: /home/super/f1tenth_ws/install/vesc_msgs/include/vesc_msgs/msg/detail/vesc_state__type_support.c
[1.881s] -- Up-to-date: /home/super/f1tenth_ws/install/vesc_msgs/include/vesc_msgs/msg/detail/vesc_imu_stamped__rosidl_typesupport_introspection_c.h
[1.882s] -- Up-to-date: /home/super/f1tenth_ws/install/vesc_msgs/include/vesc_msgs/msg/detail/vesc_imu__rosidl_typesupport_introspection_c.h
[1.882s] -- Up-to-date: /home/super/f1tenth_ws/install/vesc_msgs/include/vesc_msgs/msg/detail/vesc_state_stamped__rosidl_typesupport_introspection_c.h
[1.882s] -- Up-to-date: /home/super/f1tenth_ws/install/vesc_msgs/include/vesc_msgs/msg/detail/vesc_imu__type_support.c
[1.882s] -- Up-to-date: /home/super/f1tenth_ws/install/vesc_msgs/include/vesc_msgs/msg/detail/vesc_imu_stamped__type_support.c
[1.882s] -- Up-to-date: /home/super/f1tenth_ws/install/vesc_msgs/lib/libvesc_msgs__rosidl_typesupport_introspection_c.so
[1.882s] -- Up-to-date: /home/super/f1tenth_ws/install/vesc_msgs/lib/libvesc_msgs__rosidl_typesupport_c.so
[1.882s] -- Up-to-date: /home/super/f1tenth_ws/install/vesc_msgs/include/vesc_msgs
[1.883s] -- Up-to-date: /home/super/f1tenth_ws/install/vesc_msgs/include/vesc_msgs/msg
[1.883s] -- Up-to-date: /home/super/f1tenth_ws/install/vesc_msgs/include/vesc_msgs/msg/vesc_state.hpp
[1.883s] -- Up-to-date: /home/super/f1tenth_ws/install/vesc_msgs/include/vesc_msgs/msg/vesc_imu.hpp
[1.883s] -- Up-to-date: /home/super/f1tenth_ws/install/vesc_msgs/include/vesc_msgs/msg/vesc_state_stamped.hpp
[1.883s] -- Up-to-date: /home/super/f1tenth_ws/install/vesc_msgs/include/vesc_msgs/msg/vesc_imu_stamped.hpp
[1.883s] -- Up-to-date: /home/super/f1tenth_ws/install/vesc_msgs/include/vesc_msgs/msg/detail
[1.883s] -- Up-to-date: /home/super/f1tenth_ws/install/vesc_msgs/include/vesc_msgs/msg/detail/vesc_state__type_support.hpp
[1.884s] -- Up-to-date: /home/super/f1tenth_ws/install/vesc_msgs/include/vesc_msgs/msg/detail/vesc_state__builder.hpp
[1.884s] -- Up-to-date: /home/super/f1tenth_ws/install/vesc_msgs/include/vesc_msgs/msg/detail/vesc_state__traits.hpp
[1.884s] -- Up-to-date: /home/super/f1tenth_ws/install/vesc_msgs/include/vesc_msgs/msg/detail/vesc_imu_stamped__type_support.hpp
[1.884s] -- Up-to-date: /home/super/f1tenth_ws/install/vesc_msgs/include/vesc_msgs/msg/detail/vesc_imu_stamped__struct.hpp
[1.884s] -- Up-to-date: /home/super/f1tenth_ws/install/vesc_msgs/include/vesc_msgs/msg/detail/vesc_imu_stamped__traits.hpp
[1.884s] -- Up-to-date: /home/super/f1tenth_ws/install/vesc_msgs/include/vesc_msgs/msg/detail/vesc_imu__builder.hpp
[1.884s] -- Up-to-date: /home/super/f1tenth_ws/install/vesc_msgs/include/vesc_msgs/msg/detail/vesc_state_stamped__traits.hpp
[1.885s] -- Up-to-date: /home/super/f1tenth_ws/install/vesc_msgs/include/vesc_msgs/msg/detail/vesc_state_stamped__builder.hpp
[1.885s] -- Up-to-date: /home/super/f1tenth_ws/install/vesc_msgs/include/vesc_msgs/msg/detail/vesc_imu_stamped__builder.hpp
[1.885s] -- Up-to-date: /home/super/f1tenth_ws/install/vesc_msgs/include/vesc_msgs/msg/detail/vesc_imu__traits.hpp
[1.885s] -- Up-to-date: /home/super/f1tenth_ws/install/vesc_msgs/include/vesc_msgs/msg/detail/vesc_state_stamped__type_support.hpp
[1.885s] -- Up-to-date: /home/super/f1tenth_ws/install/vesc_msgs/include/vesc_msgs/msg/detail/vesc_state_stamped__struct.hpp
[1.885s] -- Up-to-date: /home/super/f1tenth_ws/install/vesc_msgs/include/vesc_msgs/msg/detail/vesc_state__struct.hpp
[1.885s] -- Up-to-date: /home/super/f1tenth_ws/install/vesc_msgs/include/vesc_msgs/msg/detail/vesc_imu__type_support.hpp
[1.886s] -- Up-to-date: /home/super/f1tenth_ws/install/vesc_msgs/include/vesc_msgs/msg/detail/vesc_imu__struct.hpp
[1.886s] -- Up-to-date: /home/super/f1tenth_ws/install/vesc_msgs/include/vesc_msgs/msg/rosidl_generator_cpp__visibility_control.hpp
[1.886s] -- Up-to-date: /home/super/f1tenth_ws/install/vesc_msgs/include/vesc_msgs
[1.886s] -- Up-to-date: /home/super/f1tenth_ws/install/vesc_msgs/include/vesc_msgs/msg
[1.886s] -- Up-to-date: /home/super/f1tenth_ws/install/vesc_msgs/include/vesc_msgs/msg/detail
[1.886s] -- Up-to-date: /home/super/f1tenth_ws/install/vesc_msgs/include/vesc_msgs/msg/detail/vesc_state__type_support.cpp
[1.886s] -- Up-to-date: /home/super/f1tenth_ws/install/vesc_msgs/include/vesc_msgs/msg/detail/vesc_state_stamped__type_support.cpp
[1.886s] -- Up-to-date: /home/super/f1tenth_ws/install/vesc_msgs/include/vesc_msgs/msg/detail/vesc_imu__rosidl_typesupport_introspection_cpp.hpp
[1.887s] -- Up-to-date: /home/super/f1tenth_ws/install/vesc_msgs/include/vesc_msgs/msg/detail/vesc_imu_stamped__rosidl_typesupport_introspection_cpp.hpp
[1.887s] -- Up-to-date: /home/super/f1tenth_ws/install/vesc_msgs/include/vesc_msgs/msg/detail/vesc_imu_stamped__type_support.cpp
[1.887s] -- Up-to-date: /home/super/f1tenth_ws/install/vesc_msgs/include/vesc_msgs/msg/detail/vesc_state_stamped__rosidl_typesupport_introspection_cpp.hpp
[1.887s] -- Up-to-date: /home/super/f1tenth_ws/install/vesc_msgs/include/vesc_msgs/msg/detail/vesc_state__rosidl_typesupport_introspection_cpp.hpp
[1.887s] -- Up-to-date: /home/super/f1tenth_ws/install/vesc_msgs/include/vesc_msgs/msg/detail/vesc_imu__type_support.cpp
[1.887s] -- Up-to-date: /home/super/f1tenth_ws/install/vesc_msgs/lib/libvesc_msgs__rosidl_typesupport_introspection_cpp.so
[1.887s] -- Up-to-date: /home/super/f1tenth_ws/install/vesc_msgs/lib/libvesc_msgs__rosidl_typesupport_cpp.so
[1.888s] -- Up-to-date: /home/super/f1tenth_ws/install/vesc_msgs/share/vesc_msgs/environment/pythonpath.sh
[1.888s] -- Up-to-date: /home/super/f1tenth_ws/install/vesc_msgs/share/vesc_msgs/environment/pythonpath.dsv
[1.888s] -- Up-to-date: /home/super/f1tenth_ws/install/vesc_msgs/lib/python3.8/site-packages/vesc_msgs/__init__.py
[1.951s] -- Up-to-date: /home/super/f1tenth_ws/install/vesc_msgs/lib/python3.8/site-packages/vesc_msgs/msg
[1.952s] -- Up-to-date: /home/super/f1tenth_ws/install/vesc_msgs/lib/python3.8/site-packages/vesc_msgs/msg/_vesc_imu_s.c
[1.953s] -- Up-to-date: /home/super/f1tenth_ws/install/vesc_msgs/lib/python3.8/site-packages/vesc_msgs/msg/_vesc_imu_stamped_s.c
[1.953s] -- Up-to-date: /home/super/f1tenth_ws/install/vesc_msgs/lib/python3.8/site-packages/vesc_msgs/msg/_vesc_state_stamped.py
[1.953s] -- Up-to-date: /home/super/f1tenth_ws/install/vesc_msgs/lib/python3.8/site-packages/vesc_msgs/msg/__init__.py
[1.953s] -- Up-to-date: /home/super/f1tenth_ws/install/vesc_msgs/lib/python3.8/site-packages/vesc_msgs/msg/_vesc_state.py
[1.954s] -- Up-to-date: /home/super/f1tenth_ws/install/vesc_msgs/lib/python3.8/site-packages/vesc_msgs/msg/_vesc_imu_stamped.py
[1.954s] -- Up-to-date: /home/super/f1tenth_ws/install/vesc_msgs/lib/python3.8/site-packages/vesc_msgs/msg/_vesc_imu.py
[1.954s] -- Up-to-date: /home/super/f1tenth_ws/install/vesc_msgs/lib/python3.8/site-packages/vesc_msgs/msg/_vesc_state_stamped_s.c
[1.957s] -- Up-to-date: /home/super/f1tenth_ws/install/vesc_msgs/lib/python3.8/site-packages/vesc_msgs/msg/_vesc_state_s.c
[1.958s] -- Up-to-date: /home/super/f1tenth_ws/install/vesc_msgs/lib/python3.8/site-packages/vesc_msgs/vesc_msgs_s__rosidl_typesupport_fastrtps_c.cpython-38-aarch64-linux-gnu.so
[1.959s] -- Up-to-date: /home/super/f1tenth_ws/install/vesc_msgs/lib/python3.8/site-packages/vesc_msgs/vesc_msgs_s__rosidl_typesupport_introspection_c.cpython-38-aarch64-linux-gnu.so
[1.962s] -- Up-to-date: /home/super/f1tenth_ws/install/vesc_msgs/lib/python3.8/site-packages/vesc_msgs/vesc_msgs_s__rosidl_typesupport_c.cpython-38-aarch64-linux-gnu.so
[1.963s] -- Up-to-date: /home/super/f1tenth_ws/install/vesc_msgs/lib/libvesc_msgs__python.so
[1.964s] -- Up-to-date: /home/super/f1tenth_ws/install/vesc_msgs/share/vesc_msgs/msg/VescState.idl
[1.964s] -- Up-to-date: /home/super/f1tenth_ws/install/vesc_msgs/share/vesc_msgs/msg/VescStateStamped.idl
[1.965s] -- Up-to-date: /home/super/f1tenth_ws/install/vesc_msgs/share/vesc_msgs/msg/VescImu.idl
[1.966s] -- Up-to-date: /home/super/f1tenth_ws/install/vesc_msgs/share/vesc_msgs/msg/VescImuStamped.idl
[1.966s] -- Up-to-date: /home/super/f1tenth_ws/install/vesc_msgs/share/vesc_msgs/msg/VescState.msg
[1.966s] -- Up-to-date: /home/super/f1tenth_ws/install/vesc_msgs/share/vesc_msgs/msg/VescStateStamped.msg
[1.967s] -- Up-to-date: /home/super/f1tenth_ws/install/vesc_msgs/share/vesc_msgs/msg/VescImu.msg
[1.968s] -- Up-to-date: /home/super/f1tenth_ws/install/vesc_msgs/share/vesc_msgs/msg/VescImuStamped.msg
[1.968s] -- Up-to-date: /home/super/f1tenth_ws/install/vesc_msgs/share/ament_index/resource_index/package_run_dependencies/vesc_msgs
[1.968s] -- Up-to-date: /home/super/f1tenth_ws/install/vesc_msgs/share/ament_index/resource_index/parent_prefix_path/vesc_msgs
[1.974s] -- Up-to-date: /home/super/f1tenth_ws/install/vesc_msgs/share/vesc_msgs/environment/ament_prefix_path.sh
[1.975s] -- Up-to-date: /home/super/f1tenth_ws/install/vesc_msgs/share/vesc_msgs/environment/ament_prefix_path.dsv
[1.975s] -- Up-to-date: /home/super/f1tenth_ws/install/vesc_msgs/share/vesc_msgs/environment/path.sh
[1.975s] -- Up-to-date: /home/super/f1tenth_ws/install/vesc_msgs/share/vesc_msgs/environment/path.dsv
[1.976s] -- Up-to-date: /home/super/f1tenth_ws/install/vesc_msgs/share/vesc_msgs/local_setup.bash
[1.977s] -- Up-to-date: /home/super/f1tenth_ws/install/vesc_msgs/share/vesc_msgs/local_setup.sh
[1.978s] -- Up-to-date: /home/super/f1tenth_ws/install/vesc_msgs/share/vesc_msgs/local_setup.zsh
[1.979s] -- Up-to-date: /home/super/f1tenth_ws/install/vesc_msgs/share/vesc_msgs/local_setup.dsv
[1.979s] -- Installing: /home/super/f1tenth_ws/install/vesc_msgs/share/vesc_msgs/package.dsv
[1.980s] -- Up-to-date: /home/super/f1tenth_ws/install/vesc_msgs/share/ament_index/resource_index/packages/vesc_msgs
[1.981s] -- Up-to-date: /home/super/f1tenth_ws/install/vesc_msgs/share/vesc_msgs/cmake/vesc_msgs__rosidl_generator_cExport.cmake
[1.981s] -- Up-to-date: /home/super/f1tenth_ws/install/vesc_msgs/share/vesc_msgs/cmake/vesc_msgs__rosidl_generator_cExport-noconfig.cmake
[1.982s] -- Up-to-date: /home/super/f1tenth_ws/install/vesc_msgs/share/vesc_msgs/cmake/vesc_msgs__rosidl_typesupport_introspection_cExport.cmake
[1.982s] -- Up-to-date: /home/super/f1tenth_ws/install/vesc_msgs/share/vesc_msgs/cmake/vesc_msgs__rosidl_typesupport_introspection_cExport-noconfig.cmake
[1.983s] -- Up-to-date: /home/super/f1tenth_ws/install/vesc_msgs/share/vesc_msgs/cmake/vesc_msgs__rosidl_typesupport_cExport.cmake
[1.983s] -- Up-to-date: /home/super/f1tenth_ws/install/vesc_msgs/share/vesc_msgs/cmake/vesc_msgs__rosidl_typesupport_cExport-noconfig.cmake
[1.986s] -- Up-to-date: /home/super/f1tenth_ws/install/vesc_msgs/share/vesc_msgs/cmake/vesc_msgs__rosidl_generator_cppExport.cmake
[1.987s] -- Up-to-date: /home/super/f1tenth_ws/install/vesc_msgs/share/vesc_msgs/cmake/vesc_msgs__rosidl_typesupport_introspection_cppExport.cmake
[1.987s] -- Up-to-date: /home/super/f1tenth_ws/install/vesc_msgs/share/vesc_msgs/cmake/vesc_msgs__rosidl_typesupport_introspection_cppExport-noconfig.cmake
[1.988s] -- Up-to-date: /home/super/f1tenth_ws/install/vesc_msgs/share/vesc_msgs/cmake/vesc_msgs__rosidl_typesupport_cppExport.cmake
[1.989s] -- Up-to-date: /home/super/f1tenth_ws/install/vesc_msgs/share/vesc_msgs/cmake/vesc_msgs__rosidl_typesupport_cppExport-noconfig.cmake
[1.989s] -- Up-to-date: /home/super/f1tenth_ws/install/vesc_msgs/share/vesc_msgs/cmake/rosidl_cmake-extras.cmake
[1.990s] -- Up-to-date: /home/super/f1tenth_ws/install/vesc_msgs/share/vesc_msgs/cmake/ament_cmake_export_dependencies-extras.cmake
[1.990s] -- Up-to-date: /home/super/f1tenth_ws/install/vesc_msgs/share/vesc_msgs/cmake/ament_cmake_export_libraries-extras.cmake
[1.990s] -- Up-to-date: /home/super/f1tenth_ws/install/vesc_msgs/share/vesc_msgs/cmake/ament_cmake_export_targets-extras.cmake
[1.990s] -- Up-to-date: /home/super/f1tenth_ws/install/vesc_msgs/share/vesc_msgs/cmake/ament_cmake_export_include_directories-extras.cmake
[1.990s] -- Up-to-date: /home/super/f1tenth_ws/install/vesc_msgs/share/vesc_msgs/cmake/rosidl_cmake_export_typesupport_libraries-extras.cmake
[1.991s] -- Up-to-date: /home/super/f1tenth_ws/install/vesc_msgs/share/vesc_msgs/cmake/rosidl_cmake_export_typesupport_targets-extras.cmake
[1.991s] -- Up-to-date: /home/super/f1tenth_ws/install/vesc_msgs/share/vesc_msgs/cmake/vesc_msgsConfig.cmake
[1.992s] -- Up-to-date: /home/super/f1tenth_ws/install/vesc_msgs/share/vesc_msgs/cmake/vesc_msgsConfig-version.cmake
[1.993s] -- Up-to-date: /home/super/f1tenth_ws/install/vesc_msgs/share/vesc_msgs/package.xml
[2.011s] Invoked command in '/home/super/f1tenth_ws/build/vesc_msgs' returned '0': CMAKE_PREFIX_PATH=${CMAKE_PREFIX_PATH}:/home/super/f1tenth_ws/install/f1tenth_stack:/home/super/f1tenth_ws/install/joy_teleop:/home/super/f1tenth_ws/install/mouse_teleop:/home/super/f1tenth_ws/install/key_teleop:/opt/ros/foxy /usr/bin/cmake --install /home/super/f1tenth_ws/build/vesc_msgs
