[0.059s] Invoking command in '/home/super/f1tenth_ws/build/vesc_ackermann': AMENT_PREFIX_PATH=/home/super/f1tenth_ws/install/vesc_msgs:${AMENT_PREFIX_PATH} CMAKE_PREFIX_PATH=/home/super/f1tenth_ws/install/vesc_msgs:/opt/ros/foxy LD_LIBRARY_PATH=/home/super/f1tenth_ws/install/vesc_msgs/lib:${LD_LIBRARY_PATH} PYTHONPATH=/home/super/f1tenth_ws/install/vesc_msgs/lib/python3.8/site-packages:${PYTHONPATH} /usr/bin/cmake /home/super/f1tenth_ws/src/f1tenth_system/vesc/vesc_ackermann -DCMAKE_INSTALL_PREFIX=/home/super/f1tenth_ws/install/vesc_ackermann
[0.342s] -- The C compiler identification is GNU 9.4.0
[0.553s] -- The CXX compiler identification is GNU 9.4.0
[0.566s] -- Check for working C compiler: /usr/bin/cc
[0.835s] -- Check for working C compiler: /usr/bin/cc -- works
[0.835s] -- Detecting C compiler ABI info
[1.352s] -- Detecting C compiler ABI info - done
[1.373s] -- Detecting C compile features
[1.373s] -- Detecting C compile features - done
[1.379s] -- Check for working CXX compiler: /usr/bin/c++
[1.643s] -- Check for working CXX compiler: /usr/bin/c++ -- works
[1.646s] -- Detecting CXX compiler ABI info
[1.924s] -- Detecting CXX compiler ABI info - done
[1.944s] -- Detecting CXX compile features
[1.946s] -- Detecting CXX compile features - done
[1.950s] -- Found ament_cmake_auto: 0.9.12 (/opt/ros/foxy/share/ament_cmake_auto/cmake)
[2.009s] -- Found PythonInterp: /usr/bin/python3 (found suitable version "3.8.10", minimum required is "3") 
[2.010s] -- Using PYTHON_EXECUTABLE: /usr/bin/python3
[2.620s] -- Using all available rosidl_typesupport_c: rosidl_typesupport_fastrtps_c;rosidl_typesupport_introspection_c
[2.632s] -- Found rosidl_adapter: 1.3.1 (/opt/ros/foxy/share/rosidl_adapter/cmake)
[2.793s] -- Found OpenSSL: /usr/lib/aarch64-linux-gnu/libcrypto.so (found version "1.1.1f")  
[2.851s] -- Found FastRTPS: /opt/ros/foxy/include  
[3.007s] -- Using all available rosidl_typesupport_cpp: rosidl_typesupport_fastrtps_cpp;rosidl_typesupport_introspection_cpp
[3.813s] -- Found rmw_implementation_cmake: 1.0.4 (/opt/ros/foxy/share/rmw_implementation_cmake/cmake)
[3.815s] -- Using RMW implementation 'rmw_fastrtps_cpp' as default
[3.817s] -- Looking for pthread.h
[4.031s] -- Looking for pthread.h - found
[4.031s] -- Performing Test CMAKE_HAVE_LIBC_PTHREAD
[4.369s] -- Performing Test CMAKE_HAVE_LIBC_PTHREAD - Failed
[4.370s] -- Looking for pthread_create in pthreads
[4.727s] -- Looking for pthread_create in pthreads - not found
[4.727s] -- Looking for pthread_create in pthread
[4.971s] -- Looking for pthread_create in pthread - found
[4.973s] -- Found Threads: TRUE  
[7.544s] -- Found ament_lint_auto: 0.9.8 (/opt/ros/foxy/share/ament_lint_auto/cmake)
[7.742s] -- Added test 'copyright' to check source files copyright and LICENSE
[7.745s] -- Added test 'cppcheck' to perform static code analysis on C / C++ code
[7.745s] -- Configured cppcheck include dirs: /home/super/f1tenth_ws/src/f1tenth_system/vesc/vesc_ackermann/include
[7.745s] -- Configured cppcheck exclude dirs and/or files: 
[7.747s] -- Added test 'cpplint' to check C / C++ code against the Google style
[7.747s] -- Configured cpplint exclude dirs and/or files: 
[7.748s] -- Added test 'lint_cmake' to check CMake code style
[7.750s] -- Added test 'uncrustify' to check C / C++ code style
[7.751s] -- Configured uncrustify additional arguments: 
[7.751s] -- Added test 'xmllint' to check XML markup files
[7.763s] -- Configuring done
[7.802s] -- Generating done
[7.806s] -- Build files have been written to: /home/super/f1tenth_ws/build/vesc_ackermann
[7.835s] Invoked command in '/home/super/f1tenth_ws/build/vesc_ackermann' returned '0': AMENT_PREFIX_PATH=/home/super/f1tenth_ws/install/vesc_msgs:${AMENT_PREFIX_PATH} CMAKE_PREFIX_PATH=/home/super/f1tenth_ws/install/vesc_msgs:/opt/ros/foxy LD_LIBRARY_PATH=/home/super/f1tenth_ws/install/vesc_msgs/lib:${LD_LIBRARY_PATH} PYTHONPATH=/home/super/f1tenth_ws/install/vesc_msgs/lib/python3.8/site-packages:${PYTHONPATH} /usr/bin/cmake /home/super/f1tenth_ws/src/f1tenth_system/vesc/vesc_ackermann -DCMAKE_INSTALL_PREFIX=/home/super/f1tenth_ws/install/vesc_ackermann
[7.842s] Invoking command in '/home/super/f1tenth_ws/build/vesc_ackermann': AMENT_PREFIX_PATH=/home/super/f1tenth_ws/install/vesc_msgs:${AMENT_PREFIX_PATH} CMAKE_PREFIX_PATH=/home/super/f1tenth_ws/install/vesc_msgs:/opt/ros/foxy LD_LIBRARY_PATH=/home/super/f1tenth_ws/install/vesc_msgs/lib:${LD_LIBRARY_PATH} PYTHONPATH=/home/super/f1tenth_ws/install/vesc_msgs/lib/python3.8/site-packages:${PYTHONPATH} /usr/bin/cmake --build /home/super/f1tenth_ws/build/vesc_ackermann -- -j6 -l6
[7.930s] [35m[1mScanning dependencies of target ackermann_to_vesc_node[0m
[7.930s] [35m[1mScanning dependencies of target vesc_ackermann[0m
[7.931s] [35m[1mScanning dependencies of target vesc_to_odom_node[0m
[8.053s] [ 28%] [32mBuilding CXX object CMakeFiles/vesc_to_odom_node.dir/rclcpp_components/node_main_vesc_to_odom_node.cpp.o[0m
[8.053s] [ 28%] [32mBuilding CXX object CMakeFiles/ackermann_to_vesc_node.dir/rclcpp_components/node_main_ackermann_to_vesc_node.cpp.o[0m
[8.254s] [ 57%] [32mBuilding CXX object CMakeFiles/vesc_ackermann.dir/src/ackermann_to_vesc.cpp.o[0m
[8.255s] [ 57%] [32mBuilding CXX object CMakeFiles/vesc_ackermann.dir/src/vesc_to_odom.cpp.o[0m
[15.868s] [ 71%] [32m[1mLinking CXX executable ackermann_to_vesc_node[0m
[16.363s] [ 85%] [32m[1mLinking CXX executable vesc_to_odom_node[0m
[16.723s] [ 85%] Built target ackermann_to_vesc_node
[16.776s] [ 85%] Built target vesc_to_odom_node
[27.492s] [100%] [32m[1mLinking CXX shared library libvesc_ackermann.so[0m
[29.569s] [100%] Built target vesc_ackermann
[29.743s] Invoked command in '/home/super/f1tenth_ws/build/vesc_ackermann' returned '0': AMENT_PREFIX_PATH=/home/super/f1tenth_ws/install/vesc_msgs:${AMENT_PREFIX_PATH} CMAKE_PREFIX_PATH=/home/super/f1tenth_ws/install/vesc_msgs:/opt/ros/foxy LD_LIBRARY_PATH=/home/super/f1tenth_ws/install/vesc_msgs/lib:${LD_LIBRARY_PATH} PYTHONPATH=/home/super/f1tenth_ws/install/vesc_msgs/lib/python3.8/site-packages:${PYTHONPATH} /usr/bin/cmake --build /home/super/f1tenth_ws/build/vesc_ackermann -- -j6 -l6
[29.849s] Invoking command in '/home/super/f1tenth_ws/build/vesc_ackermann': AMENT_PREFIX_PATH=/home/super/f1tenth_ws/install/vesc_msgs:${AMENT_PREFIX_PATH} CMAKE_PREFIX_PATH=/home/super/f1tenth_ws/install/vesc_msgs:/opt/ros/foxy LD_LIBRARY_PATH=/home/super/f1tenth_ws/install/vesc_msgs/lib:${LD_LIBRARY_PATH} PYTHONPATH=/home/super/f1tenth_ws/install/vesc_msgs/lib/python3.8/site-packages:${PYTHONPATH} /usr/bin/cmake --install /home/super/f1tenth_ws/build/vesc_ackermann
[29.870s] -- Install configuration: ""
[29.870s] -- Installing: /home/super/f1tenth_ws/install/vesc_ackermann/lib/vesc_ackermann/ackermann_to_vesc_node
[29.872s] -- Set runtime path of "/home/super/f1tenth_ws/install/vesc_ackermann/lib/vesc_ackermann/ackermann_to_vesc_node" to ""
[29.873s] -- Installing: /home/super/f1tenth_ws/install/vesc_ackermann/lib/vesc_ackermann/vesc_to_odom_node
[29.875s] -- Set runtime path of "/home/super/f1tenth_ws/install/vesc_ackermann/lib/vesc_ackermann/vesc_to_odom_node" to ""
[29.876s] -- Installing: /home/super/f1tenth_ws/install/vesc_ackermann/include
[29.877s] -- Installing: /home/super/f1tenth_ws/install/vesc_ackermann/include/vesc_ackermann
[29.878s] -- Installing: /home/super/f1tenth_ws/install/vesc_ackermann/include/vesc_ackermann/ackermann_to_vesc.hpp
[29.878s] -- Installing: /home/super/f1tenth_ws/install/vesc_ackermann/include/vesc_ackermann/vesc_to_odom.hpp
[29.878s] -- Installing: /home/super/f1tenth_ws/install/vesc_ackermann/share/vesc_ackermann/environment/library_path.sh
[29.879s] -- Installing: /home/super/f1tenth_ws/install/vesc_ackermann/share/vesc_ackermann/environment/library_path.dsv
[29.879s] -- Installing: /home/super/f1tenth_ws/install/vesc_ackermann/lib/libvesc_ackermann.so
[29.889s] -- Set runtime path of "/home/super/f1tenth_ws/install/vesc_ackermann/lib/libvesc_ackermann.so" to ""
[29.889s] -- Installing: /home/super/f1tenth_ws/install/vesc_ackermann/share/vesc_ackermann/launch
[29.889s] -- Installing: /home/super/f1tenth_ws/install/vesc_ackermann/share/vesc_ackermann/launch/vesc_to_odom_node.launch.xml
[29.900s] -- Installing: /home/super/f1tenth_ws/install/vesc_ackermann/share/vesc_ackermann/launch/ackermann_to_vesc_node.launch.xml
[29.901s] -- Installing: /home/super/f1tenth_ws/install/vesc_ackermann/share/ament_index/resource_index/package_run_dependencies/vesc_ackermann
[29.901s] -- Installing: /home/super/f1tenth_ws/install/vesc_ackermann/share/ament_index/resource_index/parent_prefix_path/vesc_ackermann
[29.901s] -- Installing: /home/super/f1tenth_ws/install/vesc_ackermann/share/vesc_ackermann/environment/ament_prefix_path.sh
[29.902s] -- Installing: /home/super/f1tenth_ws/install/vesc_ackermann/share/vesc_ackermann/environment/ament_prefix_path.dsv
[29.902s] -- Installing: /home/super/f1tenth_ws/install/vesc_ackermann/share/vesc_ackermann/environment/path.sh
[29.902s] -- Installing: /home/super/f1tenth_ws/install/vesc_ackermann/share/vesc_ackermann/environment/path.dsv
[29.902s] -- Installing: /home/super/f1tenth_ws/install/vesc_ackermann/share/vesc_ackermann/local_setup.bash
[29.903s] -- Installing: /home/super/f1tenth_ws/install/vesc_ackermann/share/vesc_ackermann/local_setup.sh
[29.903s] -- Installing: /home/super/f1tenth_ws/install/vesc_ackermann/share/vesc_ackermann/local_setup.zsh
[29.903s] -- Installing: /home/super/f1tenth_ws/install/vesc_ackermann/share/vesc_ackermann/local_setup.dsv
[29.903s] -- Installing: /home/super/f1tenth_ws/install/vesc_ackermann/share/vesc_ackermann/package.dsv
[29.904s] -- Installing: /home/super/f1tenth_ws/install/vesc_ackermann/share/ament_index/resource_index/packages/vesc_ackermann
[29.904s] -- Installing: /home/super/f1tenth_ws/install/vesc_ackermann/share/ament_index/resource_index/rclcpp_components/vesc_ackermann
[29.905s] -- Installing: /home/super/f1tenth_ws/install/vesc_ackermann/share/vesc_ackermann/cmake/ament_cmake_export_dependencies-extras.cmake
[29.905s] -- Installing: /home/super/f1tenth_ws/install/vesc_ackermann/share/vesc_ackermann/cmake/ament_cmake_export_include_directories-extras.cmake
[29.905s] -- Installing: /home/super/f1tenth_ws/install/vesc_ackermann/share/vesc_ackermann/cmake/ament_cmake_export_libraries-extras.cmake
[29.905s] -- Installing: /home/super/f1tenth_ws/install/vesc_ackermann/share/vesc_ackermann/cmake/vesc_ackermannConfig.cmake
[29.906s] -- Installing: /home/super/f1tenth_ws/install/vesc_ackermann/share/vesc_ackermann/cmake/vesc_ackermannConfig-version.cmake
[29.906s] -- Installing: /home/super/f1tenth_ws/install/vesc_ackermann/share/vesc_ackermann/package.xml
[29.912s] Invoked command in '/home/super/f1tenth_ws/build/vesc_ackermann' returned '0': AMENT_PREFIX_PATH=/home/super/f1tenth_ws/install/vesc_msgs:${AMENT_PREFIX_PATH} CMAKE_PREFIX_PATH=/home/super/f1tenth_ws/install/vesc_msgs:/opt/ros/foxy LD_LIBRARY_PATH=/home/super/f1tenth_ws/install/vesc_msgs/lib:${LD_LIBRARY_PATH} PYTHONPATH=/home/super/f1tenth_ws/install/vesc_msgs/lib/python3.8/site-packages:${PYTHONPATH} /usr/bin/cmake --install /home/super/f1tenth_ws/build/vesc_ackermann
