[3.025s] Invoking command in '/home/super/f1tenth_ws/src/f1tenth_system/teleop_tools/key_teleop': PYTHONPATH=/home/super/f1tenth_ws/build/key_teleop/prefix_override:/home/super/f1tenth_ws/install/key_teleop/lib/python3.8/site-packages:${PYTHONPATH} /usr/bin/python3 -W ignore:setup.py install is deprecated setup.py egg_info --egg-base ../../../../build/key_teleop build --build-base /home/super/f1tenth_ws/build/key_teleop/build install --record /home/super/f1tenth_ws/build/key_teleop/install.log --install-scripts $base/lib/key_teleop --single-version-externally-managed install_data
[3.783s] running egg_info
[3.783s] writing ../../../../build/key_teleop/key_teleop.egg-info/PKG-INFO
[3.785s] writing dependency_links to ../../../../build/key_teleop/key_teleop.egg-info/dependency_links.txt
[3.785s] writing entry points to ../../../../build/key_teleop/key_teleop.egg-info/entry_points.txt
[3.785s] writing requirements to ../../../../build/key_teleop/key_teleop.egg-info/requires.txt
[3.786s] writing top-level names to ../../../../build/key_teleop/key_teleop.egg-info/top_level.txt
[3.865s] reading manifest file '../../../../build/key_teleop/key_teleop.egg-info/SOURCES.txt'
[3.998s] writing manifest file '../../../../build/key_teleop/key_teleop.egg-info/SOURCES.txt'
[3.999s] running build
[4.002s] running build_py
[4.002s] running install
[4.004s] running install_lib
[4.007s] running install_data
[4.007s] running install_egg_info
[4.011s] removing '/home/super/f1tenth_ws/install/key_teleop/lib/python3.8/site-packages/key_teleop-0.3.0-py3.8.egg-info' (and everything under it)
[4.022s] Copying ../../../../build/key_teleop/key_teleop.egg-info to /home/super/f1tenth_ws/install/key_teleop/lib/python3.8/site-packages/key_teleop-0.3.0-py3.8.egg-info
[4.025s] running install_scripts
[4.166s] Installing key_teleop script to /home/super/f1tenth_ws/install/key_teleop/lib/key_teleop
[4.171s] writing list of installed files to '/home/super/f1tenth_ws/build/key_teleop/install.log'
[4.233s] Invoked command in '/home/super/f1tenth_ws/src/f1tenth_system/teleop_tools/key_teleop' returned '0': PYTHONPATH=/home/super/f1tenth_ws/build/key_teleop/prefix_override:/home/super/f1tenth_ws/install/key_teleop/lib/python3.8/site-packages:${PYTHONPATH} /usr/bin/python3 -W ignore:setup.py install is deprecated setup.py egg_info --egg-base ../../../../build/key_teleop build --build-base /home/super/f1tenth_ws/build/key_teleop/build install --record /home/super/f1tenth_ws/build/key_teleop/install.log --install-scripts $base/lib/key_teleop --single-version-externally-managed install_data
