[1.784s] Invoking command in '/home/super/f1tenth_ws/src/f1tenth_system/teleop_tools/joy_teleop': CMAKE_PREFIX_PATH=/home/super/f1tenth_ws/install/teleop_tools_msgs:/home/super/f1tenth_ws/install/vesc:/home/super/f1tenth_ws/install/vesc_driver:/home/super/f1tenth_ws/install/vesc_ackermann:/home/super/f1tenth_ws/install/vesc_msgs:/home/super/f1tenth_ws/install/teleop_tools:/home/super/f1tenth_ws/install/ackermann_mux LD_LIBRARY_PATH=/home/super/f1tenth_ws/install/teleop_tools_msgs/lib:/home/super/f1tenth_ws/install/vesc_driver/lib:/home/super/f1tenth_ws/install/vesc_ackermann/lib:/home/super/f1tenth_ws/install/vesc_msgs/lib:/opt/ros/foxy/opt/yaml_cpp_vendor/lib:/opt/ros/foxy/opt/rviz_ogre_vendor/lib:/opt/ros/foxy/lib/aarch64-linux-gnu:/opt/ros/foxy/lib PYTHONPATH=/home/super/f1tenth_ws/build/joy_teleop/prefix_override:/home/super/f1tenth_ws/install/joy_teleop/lib/python3.8/site-packages:/home/super/f1tenth_ws/install/teleop_tools_msgs/lib/python3.8/site-packages:/home/super/f1tenth_ws/install/f1tenth_stack/lib/python3.8/site-packages:/home/super/f1tenth_ws/install/vesc_msgs/lib/python3.8/site-packages:/home/super/f1tenth_ws/install/joy_teleop/lib/python3.8/site-packages:/home/super/f1tenth_ws/install/mouse_teleop/lib/python3.8/site-packages:/home/super/f1tenth_ws/install/key_teleop/lib/python3.8/site-packages:/opt/ros/foxy/lib/python3.8/site-packages /usr/bin/python3 -W ignore:setup.py install is deprecated setup.py egg_info --egg-base ../../../../build/joy_teleop build --build-base /home/super/f1tenth_ws/build/joy_teleop/build install --record /home/super/f1tenth_ws/build/joy_teleop/install.log --install-scripts $base/lib/joy_teleop --single-version-externally-managed install_data
[2.236s] running egg_info
[2.237s] writing ../../../../build/joy_teleop/joy_teleop.egg-info/PKG-INFO
[2.238s] writing dependency_links to ../../../../build/joy_teleop/joy_teleop.egg-info/dependency_links.txt
[2.239s] writing entry points to ../../../../build/joy_teleop/joy_teleop.egg-info/entry_points.txt
[2.239s] writing requirements to ../../../../build/joy_teleop/joy_teleop.egg-info/requires.txt
[2.239s] writing top-level names to ../../../../build/joy_teleop/joy_teleop.egg-info/top_level.txt
[2.318s] reading manifest file '../../../../build/joy_teleop/joy_teleop.egg-info/SOURCES.txt'
[2.320s] writing manifest file '../../../../build/joy_teleop/joy_teleop.egg-info/SOURCES.txt'
[2.320s] running build
[2.320s] running build_py
[2.321s] running install
[2.322s] running install_lib
[2.325s] running install_data
[2.326s] running install_egg_info
[2.331s] removing '/home/super/f1tenth_ws/install/joy_teleop/lib/python3.8/site-packages/joy_teleop-0.3.0-py3.8.egg-info' (and everything under it)
[2.331s] Copying ../../../../build/joy_teleop/joy_teleop.egg-info to /home/super/f1tenth_ws/install/joy_teleop/lib/python3.8/site-packages/joy_teleop-0.3.0-py3.8.egg-info
[2.334s] running install_scripts
[2.378s] Installing incrementer_server script to /home/super/f1tenth_ws/install/joy_teleop/lib/joy_teleop
[2.379s] Installing joy_teleop script to /home/super/f1tenth_ws/install/joy_teleop/lib/joy_teleop
[2.379s] writing list of installed files to '/home/super/f1tenth_ws/build/joy_teleop/install.log'
[2.439s] Invoked command in '/home/super/f1tenth_ws/src/f1tenth_system/teleop_tools/joy_teleop' returned '0': CMAKE_PREFIX_PATH=/home/super/f1tenth_ws/install/teleop_tools_msgs:/home/super/f1tenth_ws/install/vesc:/home/super/f1tenth_ws/install/vesc_driver:/home/super/f1tenth_ws/install/vesc_ackermann:/home/super/f1tenth_ws/install/vesc_msgs:/home/super/f1tenth_ws/install/teleop_tools:/home/super/f1tenth_ws/install/ackermann_mux LD_LIBRARY_PATH=/home/super/f1tenth_ws/install/teleop_tools_msgs/lib:/home/super/f1tenth_ws/install/vesc_driver/lib:/home/super/f1tenth_ws/install/vesc_ackermann/lib:/home/super/f1tenth_ws/install/vesc_msgs/lib:/opt/ros/foxy/opt/yaml_cpp_vendor/lib:/opt/ros/foxy/opt/rviz_ogre_vendor/lib:/opt/ros/foxy/lib/aarch64-linux-gnu:/opt/ros/foxy/lib PYTHONPATH=/home/super/f1tenth_ws/build/joy_teleop/prefix_override:/home/super/f1tenth_ws/install/joy_teleop/lib/python3.8/site-packages:/home/super/f1tenth_ws/install/teleop_tools_msgs/lib/python3.8/site-packages:/home/super/f1tenth_ws/install/f1tenth_stack/lib/python3.8/site-packages:/home/super/f1tenth_ws/install/vesc_msgs/lib/python3.8/site-packages:/home/super/f1tenth_ws/install/joy_teleop/lib/python3.8/site-packages:/home/super/f1tenth_ws/install/mouse_teleop/lib/python3.8/site-packages:/home/super/f1tenth_ws/install/key_teleop/lib/python3.8/site-packages:/opt/ros/foxy/lib/python3.8/site-packages /usr/bin/python3 -W ignore:setup.py install is deprecated setup.py egg_info --egg-base ../../../../build/joy_teleop build --build-base /home/super/f1tenth_ws/build/joy_teleop/build install --record /home/super/f1tenth_ws/build/joy_teleop/install.log --install-scripts $base/lib/joy_teleop --single-version-externally-managed install_data
