[0.156s] Invoking command in '/home/super/f1tenth_ws/build/ackermann_mux': CMAKE_PREFIX_PATH=${CMAKE_PREFIX_PATH}:/home/super/f1tenth_ws/install/f1tenth_stack:/home/super/f1tenth_ws/install/joy_teleop:/home/super/f1tenth_ws/install/particle_filter:/home/super/f1tenth_ws/install/mouse_teleop:/home/super/f1tenth_ws/install/key_teleop:/opt/ros/foxy /usr/bin/cmake --build /home/super/f1tenth_ws/build/ackermann_mux -- -j6 -l6
[2.091s] [100%] Built target ackermann_mux
[2.094s] Invoked command in '/home/super/f1tenth_ws/build/ackermann_mux' returned '0': CMAKE_PREFIX_PATH=${CMAKE_PREFIX_PATH}:/home/super/f1tenth_ws/install/f1tenth_stack:/home/super/f1tenth_ws/install/joy_teleop:/home/super/f1tenth_ws/install/particle_filter:/home/super/f1tenth_ws/install/mouse_teleop:/home/super/f1tenth_ws/install/key_teleop:/opt/ros/foxy /usr/bin/cmake --build /home/super/f1tenth_ws/build/ackermann_mux -- -j6 -l6
[2.175s] Invoking command in '/home/super/f1tenth_ws/build/ackermann_mux': CMAKE_PREFIX_PATH=${CMAKE_PREFIX_PATH}:/home/super/f1tenth_ws/install/f1tenth_stack:/home/super/f1tenth_ws/install/joy_teleop:/home/super/f1tenth_ws/install/particle_filter:/home/super/f1tenth_ws/install/mouse_teleop:/home/super/f1tenth_ws/install/key_teleop:/opt/ros/foxy /usr/bin/cmake --install /home/super/f1tenth_ws/build/ackermann_mux
[2.311s] -- Install configuration: ""
[2.311s] -- Up-to-date: /home/super/f1tenth_ws/install/ackermann_mux/lib/ackermann_mux/ackermann_mux
[2.312s] -- Up-to-date: /home/super/f1tenth_ws/install/ackermann_mux/share/ackermann_mux/launch
[2.312s] -- Up-to-date: /home/super/f1tenth_ws/install/ackermann_mux/share/ackermann_mux/launch/ackermann_mux_launch.py
[2.312s] -- Up-to-date: /home/super/f1tenth_ws/install/ackermann_mux/share/ackermann_mux/config
[2.312s] -- Up-to-date: /home/super/f1tenth_ws/install/ackermann_mux/share/ackermann_mux/config/ackermann_mux_locks.yaml
[2.313s] -- Up-to-date: /home/super/f1tenth_ws/install/ackermann_mux/share/ackermann_mux/config/ackermann_mux_topics.yaml
[2.313s] -- Up-to-date: /home/super/f1tenth_ws/install/ackermann_mux/share/ackermann_mux/config/joystick.yaml
[2.313s] -- Up-to-date: /home/super/f1tenth_ws/install/ackermann_mux/include
[2.313s] -- Up-to-date: /home/super/f1tenth_ws/install/ackermann_mux/include/ackermann_mux
[2.313s] -- Up-to-date: /home/super/f1tenth_ws/install/ackermann_mux/include/ackermann_mux/utils.hpp
[2.313s] -- Up-to-date: /home/super/f1tenth_ws/install/ackermann_mux/include/ackermann_mux/ackermann_mux.hpp
[2.313s] -- Up-to-date: /home/super/f1tenth_ws/install/ackermann_mux/include/ackermann_mux/params_helpers.hpp
[2.314s] -- Up-to-date: /home/super/f1tenth_ws/install/ackermann_mux/include/ackermann_mux/topic_handle.hpp
[2.314s] -- Up-to-date: /home/super/f1tenth_ws/install/ackermann_mux/include/ackermann_mux/ackermann_mux_diagnostics_status.hpp
[2.314s] -- Up-to-date: /home/super/f1tenth_ws/install/ackermann_mux/include/ackermann_mux/ackermann_mux_diagnostics.hpp
[2.314s] -- Up-to-date: /home/super/f1tenth_ws/install/ackermann_mux/share/ament_index/resource_index/package_run_dependencies/ackermann_mux
[2.314s] -- Up-to-date: /home/super/f1tenth_ws/install/ackermann_mux/share/ament_index/resource_index/parent_prefix_path/ackermann_mux
[2.323s] -- Up-to-date: /home/super/f1tenth_ws/install/ackermann_mux/share/ackermann_mux/environment/ament_prefix_path.sh
[2.324s] -- Up-to-date: /home/super/f1tenth_ws/install/ackermann_mux/share/ackermann_mux/environment/ament_prefix_path.dsv
[2.324s] -- Up-to-date: /home/super/f1tenth_ws/install/ackermann_mux/share/ackermann_mux/environment/path.sh
[2.324s] -- Up-to-date: /home/super/f1tenth_ws/install/ackermann_mux/share/ackermann_mux/environment/path.dsv
[2.324s] -- Up-to-date: /home/super/f1tenth_ws/install/ackermann_mux/share/ackermann_mux/local_setup.bash
[2.325s] -- Up-to-date: /home/super/f1tenth_ws/install/ackermann_mux/share/ackermann_mux/local_setup.sh
[2.325s] -- Up-to-date: /home/super/f1tenth_ws/install/ackermann_mux/share/ackermann_mux/local_setup.zsh
[2.325s] -- Up-to-date: /home/super/f1tenth_ws/install/ackermann_mux/share/ackermann_mux/local_setup.dsv
[2.325s] -- Installing: /home/super/f1tenth_ws/install/ackermann_mux/share/ackermann_mux/package.dsv
[2.326s] -- Up-to-date: /home/super/f1tenth_ws/install/ackermann_mux/share/ament_index/resource_index/packages/ackermann_mux
[2.326s] -- Up-to-date: /home/super/f1tenth_ws/install/ackermann_mux/share/ackermann_mux/cmake/ament_cmake_export_include_directories-extras.cmake
[2.327s] -- Up-to-date: /home/super/f1tenth_ws/install/ackermann_mux/share/ackermann_mux/cmake/ament_cmake_export_dependencies-extras.cmake
[2.327s] -- Up-to-date: /home/super/f1tenth_ws/install/ackermann_mux/share/ackermann_mux/cmake/ackermann_muxConfig.cmake
[2.327s] -- Up-to-date: /home/super/f1tenth_ws/install/ackermann_mux/share/ackermann_mux/cmake/ackermann_muxConfig-version.cmake
[2.327s] -- Up-to-date: /home/super/f1tenth_ws/install/ackermann_mux/share/ackermann_mux/package.xml
[2.533s] Invoked command in '/home/super/f1tenth_ws/build/ackermann_mux' returned '0': CMAKE_PREFIX_PATH=${CMAKE_PREFIX_PATH}:/home/super/f1tenth_ws/install/f1tenth_stack:/home/super/f1tenth_ws/install/joy_teleop:/home/super/f1tenth_ws/install/particle_filter:/home/super/f1tenth_ws/install/mouse_teleop:/home/super/f1tenth_ws/install/key_teleop:/opt/ros/foxy /usr/bin/cmake --install /home/super/f1tenth_ws/build/ackermann_mux
