[3.084s] Invoking command in '/home/super/f1tenth_ws/src/f1tenth_system/teleop_tools/key_teleop': PYTHONPATH=/home/super/f1tenth_ws/build/key_teleop/prefix_override:/home/super/f1tenth_ws/install/key_teleop/lib/python3.8/site-packages: /usr/bin/python3 -W ignore:setup.py install is deprecated setup.py egg_info --egg-base ../../../../build/key_teleop build --build-base /home/super/f1tenth_ws/build/key_teleop/build install --record /home/super/f1tenth_ws/build/key_teleop/install.log --install-scripts $base/lib/key_teleop --single-version-externally-managed install_data
[3.494s] running egg_info
[3.496s] creating ../../../../build/key_teleop/key_teleop.egg-info
[3.496s] writing ../../../../build/key_teleop/key_teleop.egg-info/PKG-INFO
[3.497s] writing dependency_links to ../../../../build/key_teleop/key_teleop.egg-info/dependency_links.txt
[3.498s] writing entry points to ../../../../build/key_teleop/key_teleop.egg-info/entry_points.txt
[3.498s] writing requirements to ../../../../build/key_teleop/key_teleop.egg-info/requires.txt
[3.498s] writing top-level names to ../../../../build/key_teleop/key_teleop.egg-info/top_level.txt
[3.502s] writing manifest file '../../../../build/key_teleop/key_teleop.egg-info/SOURCES.txt'
[3.691s] reading manifest file '../../../../build/key_teleop/key_teleop.egg-info/SOURCES.txt'
[3.692s] writing manifest file '../../../../build/key_teleop/key_teleop.egg-info/SOURCES.txt'
[3.692s] running build
[3.692s] running build_py
[3.692s] creating /home/super/f1tenth_ws/build/key_teleop/build
[3.693s] creating /home/super/f1tenth_ws/build/key_teleop/build/lib
[3.693s] creating /home/super/f1tenth_ws/build/key_teleop/build/lib/key_teleop
[3.693s] copying key_teleop/__init__.py -> /home/super/f1tenth_ws/build/key_teleop/build/lib/key_teleop
[3.693s] copying key_teleop/key_teleop.py -> /home/super/f1tenth_ws/build/key_teleop/build/lib/key_teleop
[3.694s] running install
[3.709s] running install_lib
[3.709s] creating /home/super/f1tenth_ws/install/key_teleop/lib/python3.8/site-packages/key_teleop
[3.709s] copying /home/super/f1tenth_ws/build/key_teleop/build/lib/key_teleop/__init__.py -> /home/super/f1tenth_ws/install/key_teleop/lib/python3.8/site-packages/key_teleop
[3.710s] copying /home/super/f1tenth_ws/build/key_teleop/build/lib/key_teleop/key_teleop.py -> /home/super/f1tenth_ws/install/key_teleop/lib/python3.8/site-packages/key_teleop
[3.710s] byte-compiling /home/super/f1tenth_ws/install/key_teleop/lib/python3.8/site-packages/key_teleop/__init__.py to __init__.cpython-38.pyc
[3.710s] byte-compiling /home/super/f1tenth_ws/install/key_teleop/lib/python3.8/site-packages/key_teleop/key_teleop.py to key_teleop.cpython-38.pyc
[3.710s] running install_data
[3.710s] copying package.xml -> /home/super/f1tenth_ws/install/key_teleop/share/key_teleop
[3.710s] creating /home/super/f1tenth_ws/install/key_teleop/share/key_teleop/config
[3.710s] copying config/key_teleop.yaml -> /home/super/f1tenth_ws/install/key_teleop/share/key_teleop/config
[3.710s] creating /home/super/f1tenth_ws/install/key_teleop/share/ament_index
[3.711s] creating /home/super/f1tenth_ws/install/key_teleop/share/ament_index/resource_index
[3.711s] creating /home/super/f1tenth_ws/install/key_teleop/share/ament_index/resource_index/packages
[3.711s] copying resource/key_teleop -> /home/super/f1tenth_ws/install/key_teleop/share/ament_index/resource_index/packages
[3.711s] running install_egg_info
[3.716s] Copying ../../../../build/key_teleop/key_teleop.egg-info to /home/super/f1tenth_ws/install/key_teleop/lib/python3.8/site-packages/key_teleop-0.3.0-py3.8.egg-info
[3.717s] running install_scripts
[3.760s] Installing key_teleop script to /home/super/f1tenth_ws/install/key_teleop/lib/key_teleop
[3.761s] writing list of installed files to '/home/super/f1tenth_ws/build/key_teleop/install.log'
[3.862s] Invoked command in '/home/super/f1tenth_ws/src/f1tenth_system/teleop_tools/key_teleop' returned '0': PYTHONPATH=/home/super/f1tenth_ws/build/key_teleop/prefix_override:/home/super/f1tenth_ws/install/key_teleop/lib/python3.8/site-packages: /usr/bin/python3 -W ignore:setup.py install is deprecated setup.py egg_info --egg-base ../../../../build/key_teleop build --build-base /home/super/f1tenth_ws/build/key_teleop/build install --record /home/super/f1tenth_ws/build/key_teleop/install.log --install-scripts $base/lib/key_teleop --single-version-externally-managed install_data
