[4.071s] Invoking command in '/home/super/f1tenth_ws/src/f1tenth_system/teleop_tools/mouse_teleop': PYTHONPATH=/home/super/f1tenth_ws/build/mouse_teleop/prefix_override:/home/super/f1tenth_ws/install/mouse_teleop/lib/python3.8/site-packages:${PYTHONPATH} /usr/bin/python3 -W ignore:setup.py install is deprecated setup.py egg_info --egg-base ../../../../build/mouse_teleop build --build-base /home/super/f1tenth_ws/build/mouse_teleop/build install --record /home/super/f1tenth_ws/build/mouse_teleop/install.log --install-scripts $base/lib/mouse_teleop --single-version-externally-managed install_data
[4.620s] running egg_info
[4.622s] writing ../../../../build/mouse_teleop/mouse_teleop.egg-info/PKG-INFO
[4.634s] writing dependency_links to ../../../../build/mouse_teleop/mouse_teleop.egg-info/dependency_links.txt
[4.634s] writing entry points to ../../../../build/mouse_teleop/mouse_teleop.egg-info/entry_points.txt
[4.634s] writing requirements to ../../../../build/mouse_teleop/mouse_teleop.egg-info/requires.txt
[4.634s] writing top-level names to ../../../../build/mouse_teleop/mouse_teleop.egg-info/top_level.txt
[4.700s] reading manifest file '../../../../build/mouse_teleop/mouse_teleop.egg-info/SOURCES.txt'
[4.702s] writing manifest file '../../../../build/mouse_teleop/mouse_teleop.egg-info/SOURCES.txt'
[4.702s] running build
[4.703s] running build_py
[4.703s] running install
[4.704s] running install_lib
[4.711s] running install_data
[4.711s] running install_egg_info
[4.712s] removing '/home/super/f1tenth_ws/install/mouse_teleop/lib/python3.8/site-packages/mouse_teleop-0.3.0-py3.8.egg-info' (and everything under it)
[4.712s] Copying ../../../../build/mouse_teleop/mouse_teleop.egg-info to /home/super/f1tenth_ws/install/mouse_teleop/lib/python3.8/site-packages/mouse_teleop-0.3.0-py3.8.egg-info
[4.714s] running install_scripts
[4.758s] Installing mouse_teleop script to /home/super/f1tenth_ws/install/mouse_teleop/lib/mouse_teleop
[4.759s] writing list of installed files to '/home/super/f1tenth_ws/build/mouse_teleop/install.log'
[4.843s] Invoked command in '/home/super/f1tenth_ws/src/f1tenth_system/teleop_tools/mouse_teleop' returned '0': PYTHONPATH=/home/super/f1tenth_ws/build/mouse_teleop/prefix_override:/home/super/f1tenth_ws/install/mouse_teleop/lib/python3.8/site-packages:${PYTHONPATH} /usr/bin/python3 -W ignore:setup.py install is deprecated setup.py egg_info --egg-base ../../../../build/mouse_teleop build --build-base /home/super/f1tenth_ws/build/mouse_teleop/build install --record /home/super/f1tenth_ws/build/mouse_teleop/install.log --install-scripts $base/lib/mouse_teleop --single-version-externally-managed install_data
