[0.118s] Invoking command in '/home/super/f1tenth_ws/build/vesc_driver': CMAKE_PREFIX_PATH=/home/super/f1tenth_ws/install/vesc_msgs:/home/super/f1tenth_ws/install/vesc:/home/super/f1tenth_ws/install/vesc_driver:/home/super/f1tenth_ws/install/vesc_ackermann:/home/super/f1tenth_ws/install/teleop_tools:/home/super/f1tenth_ws/install/teleop_tools_msgs:/home/super/f1tenth_ws/install/ackermann_mux:/home/super/f1tenth_ws/install/f1tenth_stack:/home/super/f1tenth_ws/install/joy_teleop:/home/super/f1tenth_ws/install/mouse_teleop:/home/super/f1tenth_ws/install/key_teleop:/opt/ros/foxy LD_LIBRARY_PATH=/home/super/f1tenth_ws/install/vesc_msgs/lib:/home/super/f1tenth_ws/install/vesc_driver/lib:/home/super/f1tenth_ws/install/vesc_ackermann/lib:/home/super/f1tenth_ws/install/teleop_tools_msgs/lib:/opt/ros/foxy/opt/yaml_cpp_vendor/lib:/opt/ros/foxy/opt/rviz_ogre_vendor/lib:/opt/ros/foxy/lib/aarch64-linux-gnu:/opt/ros/foxy/lib PYTHONPATH=/home/super/f1tenth_ws/install/vesc_msgs/lib/python3.8/site-packages:/home/super/f1tenth_ws/install/f1tenth_stack/lib/python3.8/site-packages:/home/super/f1tenth_ws/install/joy_teleop/lib/python3.8/site-packages:/home/super/f1tenth_ws/install/teleop_tools_msgs/lib/python3.8/site-packages:/home/super/f1tenth_ws/install/mouse_teleop/lib/python3.8/site-packages:/home/super/f1tenth_ws/install/key_teleop/lib/python3.8/site-packages:/opt/ros/foxy/lib/python3.8/site-packages /usr/bin/cmake --build /home/super/f1tenth_ws/build/vesc_driver -- -j6 -l6
[0.332s] [ 20%] Built target vesc_driver_node
[0.371s] [ 70%] Built target vesc_driver
[0.438s] [100%] Built target vesc_device_namer
[0.477s] Invoked command in '/home/super/f1tenth_ws/build/vesc_driver' returned '0': CMAKE_PREFIX_PATH=/home/super/f1tenth_ws/install/vesc_msgs:/home/super/f1tenth_ws/install/vesc:/home/super/f1tenth_ws/install/vesc_driver:/home/super/f1tenth_ws/install/vesc_ackermann:/home/super/f1tenth_ws/install/teleop_tools:/home/super/f1tenth_ws/install/teleop_tools_msgs:/home/super/f1tenth_ws/install/ackermann_mux:/home/super/f1tenth_ws/install/f1tenth_stack:/home/super/f1tenth_ws/install/joy_teleop:/home/super/f1tenth_ws/install/mouse_teleop:/home/super/f1tenth_ws/install/key_teleop:/opt/ros/foxy LD_LIBRARY_PATH=/home/super/f1tenth_ws/install/vesc_msgs/lib:/home/super/f1tenth_ws/install/vesc_driver/lib:/home/super/f1tenth_ws/install/vesc_ackermann/lib:/home/super/f1tenth_ws/install/teleop_tools_msgs/lib:/opt/ros/foxy/opt/yaml_cpp_vendor/lib:/opt/ros/foxy/opt/rviz_ogre_vendor/lib:/opt/ros/foxy/lib/aarch64-linux-gnu:/opt/ros/foxy/lib PYTHONPATH=/home/super/f1tenth_ws/install/vesc_msgs/lib/python3.8/site-packages:/home/super/f1tenth_ws/install/f1tenth_stack/lib/python3.8/site-packages:/home/super/f1tenth_ws/install/joy_teleop/lib/python3.8/site-packages:/home/super/f1tenth_ws/install/teleop_tools_msgs/lib/python3.8/site-packages:/home/super/f1tenth_ws/install/mouse_teleop/lib/python3.8/site-packages:/home/super/f1tenth_ws/install/key_teleop/lib/python3.8/site-packages:/opt/ros/foxy/lib/python3.8/site-packages /usr/bin/cmake --build /home/super/f1tenth_ws/build/vesc_driver -- -j6 -l6
[0.699s] Invoking command in '/home/super/f1tenth_ws/build/vesc_driver': CMAKE_PREFIX_PATH=/home/super/f1tenth_ws/install/vesc_msgs:/home/super/f1tenth_ws/install/vesc:/home/super/f1tenth_ws/install/vesc_driver:/home/super/f1tenth_ws/install/vesc_ackermann:/home/super/f1tenth_ws/install/teleop_tools:/home/super/f1tenth_ws/install/teleop_tools_msgs:/home/super/f1tenth_ws/install/ackermann_mux:/home/super/f1tenth_ws/install/f1tenth_stack:/home/super/f1tenth_ws/install/joy_teleop:/home/super/f1tenth_ws/install/mouse_teleop:/home/super/f1tenth_ws/install/key_teleop:/opt/ros/foxy LD_LIBRARY_PATH=/home/super/f1tenth_ws/install/vesc_msgs/lib:/home/super/f1tenth_ws/install/vesc_driver/lib:/home/super/f1tenth_ws/install/vesc_ackermann/lib:/home/super/f1tenth_ws/install/teleop_tools_msgs/lib:/opt/ros/foxy/opt/yaml_cpp_vendor/lib:/opt/ros/foxy/opt/rviz_ogre_vendor/lib:/opt/ros/foxy/lib/aarch64-linux-gnu:/opt/ros/foxy/lib PYTHONPATH=/home/super/f1tenth_ws/install/vesc_msgs/lib/python3.8/site-packages:/home/super/f1tenth_ws/install/f1tenth_stack/lib/python3.8/site-packages:/home/super/f1tenth_ws/install/joy_teleop/lib/python3.8/site-packages:/home/super/f1tenth_ws/install/teleop_tools_msgs/lib/python3.8/site-packages:/home/super/f1tenth_ws/install/mouse_teleop/lib/python3.8/site-packages:/home/super/f1tenth_ws/install/key_teleop/lib/python3.8/site-packages:/opt/ros/foxy/lib/python3.8/site-packages /usr/bin/cmake --install /home/super/f1tenth_ws/build/vesc_driver
[0.726s] -- Install configuration: ""
[0.726s] -- Up-to-date: /home/super/f1tenth_ws/install/vesc_driver/lib/vesc_driver/vesc_driver_node
[0.727s] -- Up-to-date: /home/super/f1tenth_ws/install/vesc_driver/include
[0.728s] -- Up-to-date: /home/super/f1tenth_ws/install/vesc_driver/include/vesc_driver
[0.728s] -- Up-to-date: /home/super/f1tenth_ws/install/vesc_driver/include/vesc_driver/vesc_packet.hpp
[0.729s] -- Up-to-date: /home/super/f1tenth_ws/install/vesc_driver/include/vesc_driver/datatypes.hpp
[0.729s] -- Up-to-date: /home/super/f1tenth_ws/install/vesc_driver/include/vesc_driver/vesc_device_uuid_lookup.hpp
[0.730s] -- Up-to-date: /home/super/f1tenth_ws/install/vesc_driver/include/vesc_driver/vesc_packet_factory.hpp
[0.730s] -- Up-to-date: /home/super/f1tenth_ws/install/vesc_driver/include/vesc_driver/vesc_interface.hpp
[0.731s] -- Up-to-date: /home/super/f1tenth_ws/install/vesc_driver/include/vesc_driver/crc.hpp
[0.731s] -- Up-to-date: /home/super/f1tenth_ws/install/vesc_driver/include/vesc_driver/vesc_driver.hpp
[0.731s] -- Up-to-date: /home/super/f1tenth_ws/install/vesc_driver/share/vesc_driver/environment/library_path.sh
[0.731s] -- Up-to-date: /home/super/f1tenth_ws/install/vesc_driver/share/vesc_driver/environment/library_path.dsv
[0.731s] -- Up-to-date: /home/super/f1tenth_ws/install/vesc_driver/lib/libvesc_driver.so
[0.731s] -- Up-to-date: /home/super/f1tenth_ws/install/vesc_driver/lib/vesc_driver/vesc_device_namer
[0.732s] -- Up-to-date: /home/super/f1tenth_ws/install/vesc_driver/share/vesc_driver/launch
[0.732s] -- Up-to-date: /home/super/f1tenth_ws/install/vesc_driver/share/vesc_driver/launch/vesc_driver_node.launch.py
[0.732s] -- Up-to-date: /home/super/f1tenth_ws/install/vesc_driver/share/vesc_driver/params
[0.732s] -- Up-to-date: /home/super/f1tenth_ws/install/vesc_driver/share/vesc_driver/params/vesc_config.yaml
[0.732s] -- Up-to-date: /home/super/f1tenth_ws/install/vesc_driver/share/ament_index/resource_index/package_run_dependencies/vesc_driver
[0.732s] -- Up-to-date: /home/super/f1tenth_ws/install/vesc_driver/share/ament_index/resource_index/parent_prefix_path/vesc_driver
[0.732s] -- Up-to-date: /home/super/f1tenth_ws/install/vesc_driver/share/vesc_driver/environment/ament_prefix_path.sh
[0.732s] -- Up-to-date: /home/super/f1tenth_ws/install/vesc_driver/share/vesc_driver/environment/ament_prefix_path.dsv
[0.733s] -- Up-to-date: /home/super/f1tenth_ws/install/vesc_driver/share/vesc_driver/environment/path.sh
[0.733s] -- Up-to-date: /home/super/f1tenth_ws/install/vesc_driver/share/vesc_driver/environment/path.dsv
[0.733s] -- Up-to-date: /home/super/f1tenth_ws/install/vesc_driver/share/vesc_driver/local_setup.bash
[0.733s] -- Up-to-date: /home/super/f1tenth_ws/install/vesc_driver/share/vesc_driver/local_setup.sh
[0.733s] -- Up-to-date: /home/super/f1tenth_ws/install/vesc_driver/share/vesc_driver/local_setup.zsh
[0.734s] -- Up-to-date: /home/super/f1tenth_ws/install/vesc_driver/share/vesc_driver/local_setup.dsv
[0.734s] -- Installing: /home/super/f1tenth_ws/install/vesc_driver/share/vesc_driver/package.dsv
[0.734s] -- Up-to-date: /home/super/f1tenth_ws/install/vesc_driver/share/ament_index/resource_index/packages/vesc_driver
[0.735s] -- Up-to-date: /home/super/f1tenth_ws/install/vesc_driver/share/ament_index/resource_index/rclcpp_components/vesc_driver
[0.735s] -- Up-to-date: /home/super/f1tenth_ws/install/vesc_driver/share/vesc_driver/cmake/ament_cmake_export_dependencies-extras.cmake
[0.735s] -- Up-to-date: /home/super/f1tenth_ws/install/vesc_driver/share/vesc_driver/cmake/ament_cmake_export_include_directories-extras.cmake
[0.735s] -- Up-to-date: /home/super/f1tenth_ws/install/vesc_driver/share/vesc_driver/cmake/ament_cmake_export_libraries-extras.cmake
[0.737s] -- Up-to-date: /home/super/f1tenth_ws/install/vesc_driver/share/vesc_driver/cmake/vesc_driverConfig.cmake
[0.737s] -- Up-to-date: /home/super/f1tenth_ws/install/vesc_driver/share/vesc_driver/cmake/vesc_driverConfig-version.cmake
[0.738s] -- Up-to-date: /home/super/f1tenth_ws/install/vesc_driver/share/vesc_driver/package.xml
[0.756s] Invoked command in '/home/super/f1tenth_ws/build/vesc_driver' returned '0': CMAKE_PREFIX_PATH=/home/super/f1tenth_ws/install/vesc_msgs:/home/super/f1tenth_ws/install/vesc:/home/super/f1tenth_ws/install/vesc_driver:/home/super/f1tenth_ws/install/vesc_ackermann:/home/super/f1tenth_ws/install/teleop_tools:/home/super/f1tenth_ws/install/teleop_tools_msgs:/home/super/f1tenth_ws/install/ackermann_mux:/home/super/f1tenth_ws/install/f1tenth_stack:/home/super/f1tenth_ws/install/joy_teleop:/home/super/f1tenth_ws/install/mouse_teleop:/home/super/f1tenth_ws/install/key_teleop:/opt/ros/foxy LD_LIBRARY_PATH=/home/super/f1tenth_ws/install/vesc_msgs/lib:/home/super/f1tenth_ws/install/vesc_driver/lib:/home/super/f1tenth_ws/install/vesc_ackermann/lib:/home/super/f1tenth_ws/install/teleop_tools_msgs/lib:/opt/ros/foxy/opt/yaml_cpp_vendor/lib:/opt/ros/foxy/opt/rviz_ogre_vendor/lib:/opt/ros/foxy/lib/aarch64-linux-gnu:/opt/ros/foxy/lib PYTHONPATH=/home/super/f1tenth_ws/install/vesc_msgs/lib/python3.8/site-packages:/home/super/f1tenth_ws/install/f1tenth_stack/lib/python3.8/site-packages:/home/super/f1tenth_ws/install/joy_teleop/lib/python3.8/site-packages:/home/super/f1tenth_ws/install/teleop_tools_msgs/lib/python3.8/site-packages:/home/super/f1tenth_ws/install/mouse_teleop/lib/python3.8/site-packages:/home/super/f1tenth_ws/install/key_teleop/lib/python3.8/site-packages:/opt/ros/foxy/lib/python3.8/site-packages /usr/bin/cmake --install /home/super/f1tenth_ws/build/vesc_driver
