[4.154s] Invoking command in '/home/super/f1tenth_ws/src/f1tenth_system/teleop_tools/mouse_teleop': PYTHONPATH=/home/super/f1tenth_ws/build/mouse_teleop/prefix_override:/home/super/f1tenth_ws/install/mouse_teleop/lib/python3.8/site-packages:${PYTHONPATH} /usr/bin/python3 -W ignore:setup.py install is deprecated setup.py egg_info --egg-base ../../../../build/mouse_teleop build --build-base /home/super/f1tenth_ws/build/mouse_teleop/build install --record /home/super/f1tenth_ws/build/mouse_teleop/install.log --install-scripts $base/lib/mouse_teleop --single-version-externally-managed install_data
[5.199s] running egg_info
[5.203s] writing ../../../../build/mouse_teleop/mouse_teleop.egg-info/PKG-INFO
[5.204s] writing dependency_links to ../../../../build/mouse_teleop/mouse_teleop.egg-info/dependency_links.txt
[5.205s] writing entry points to ../../../../build/mouse_teleop/mouse_teleop.egg-info/entry_points.txt
[5.207s] writing requirements to ../../../../build/mouse_teleop/mouse_teleop.egg-info/requires.txt
[5.209s] writing top-level names to ../../../../build/mouse_teleop/mouse_teleop.egg-info/top_level.txt
[5.505s] reading manifest file '../../../../build/mouse_teleop/mouse_teleop.egg-info/SOURCES.txt'
[5.510s] writing manifest file '../../../../build/mouse_teleop/mouse_teleop.egg-info/SOURCES.txt'
[5.510s] running build
[5.511s] running build_py
[5.511s] running install
[5.518s] running install_lib
[5.520s] running install_data
[5.521s] running install_egg_info
[5.528s] removing '/home/super/f1tenth_ws/install/mouse_teleop/lib/python3.8/site-packages/mouse_teleop-0.3.0-py3.8.egg-info' (and everything under it)
[5.529s] Copying ../../../../build/mouse_teleop/mouse_teleop.egg-info to /home/super/f1tenth_ws/install/mouse_teleop/lib/python3.8/site-packages/mouse_teleop-0.3.0-py3.8.egg-info
[5.529s] running install_scripts
[5.603s] Installing mouse_teleop script to /home/super/f1tenth_ws/install/mouse_teleop/lib/mouse_teleop
[5.604s] writing list of installed files to '/home/super/f1tenth_ws/build/mouse_teleop/install.log'
[5.724s] Invoked command in '/home/super/f1tenth_ws/src/f1tenth_system/teleop_tools/mouse_teleop' returned '0': PYTHONPATH=/home/super/f1tenth_ws/build/mouse_teleop/prefix_override:/home/super/f1tenth_ws/install/mouse_teleop/lib/python3.8/site-packages:${PYTHONPATH} /usr/bin/python3 -W ignore:setup.py install is deprecated setup.py egg_info --egg-base ../../../../build/mouse_teleop build --build-base /home/super/f1tenth_ws/build/mouse_teleop/build install --record /home/super/f1tenth_ws/build/mouse_teleop/install.log --install-scripts $base/lib/mouse_teleop --single-version-externally-managed install_data
