[0.315s] Invoking command in '/home/super/f1tenth_ws/build/vesc_ackermann': CMAKE_PREFIX_PATH=/home/super/f1tenth_ws/install/vesc_msgs:/home/super/f1tenth_ws/install/vesc:/home/super/f1tenth_ws/install/vesc_driver:/home/super/f1tenth_ws/install/vesc_ackermann:/home/super/f1tenth_ws/install/teleop_tools:/home/super/f1tenth_ws/install/teleop_tools_msgs:/home/super/f1tenth_ws/install/ackermann_mux:/home/super/f1tenth_ws/install/f1tenth_stack:/home/super/f1tenth_ws/install/joy_teleop:/home/super/f1tenth_ws/install/mouse_teleop:/home/super/f1tenth_ws/install/key_teleop:/opt/ros/foxy LD_LIBRARY_PATH=/home/super/f1tenth_ws/install/vesc_msgs/lib:/home/super/f1tenth_ws/install/vesc_driver/lib:/home/super/f1tenth_ws/install/vesc_ackermann/lib:/home/super/f1tenth_ws/install/teleop_tools_msgs/lib:/opt/ros/foxy/opt/yaml_cpp_vendor/lib:/opt/ros/foxy/opt/rviz_ogre_vendor/lib:/opt/ros/foxy/lib/aarch64-linux-gnu:/opt/ros/foxy/lib PYTHONPATH=/home/super/f1tenth_ws/install/vesc_msgs/lib/python3.8/site-packages:/home/super/f1tenth_ws/install/f1tenth_stack/lib/python3.8/site-packages:/home/super/f1tenth_ws/install/joy_teleop/lib/python3.8/site-packages:/home/super/f1tenth_ws/install/teleop_tools_msgs/lib/python3.8/site-packages:/home/super/f1tenth_ws/install/mouse_teleop/lib/python3.8/site-packages:/home/super/f1tenth_ws/install/key_teleop/lib/python3.8/site-packages:/opt/ros/foxy/lib/python3.8/site-packages /usr/bin/cmake --build /home/super/f1tenth_ws/build/vesc_ackermann -- -j6 -l6
[1.071s] [ 57%] Built target vesc_ackermann
[1.072s] [ 85%] Built target vesc_to_odom_node
[1.076s] [100%] Built target ackermann_to_vesc_node
[1.146s] Invoked command in '/home/super/f1tenth_ws/build/vesc_ackermann' returned '0': CMAKE_PREFIX_PATH=/home/super/f1tenth_ws/install/vesc_msgs:/home/super/f1tenth_ws/install/vesc:/home/super/f1tenth_ws/install/vesc_driver:/home/super/f1tenth_ws/install/vesc_ackermann:/home/super/f1tenth_ws/install/teleop_tools:/home/super/f1tenth_ws/install/teleop_tools_msgs:/home/super/f1tenth_ws/install/ackermann_mux:/home/super/f1tenth_ws/install/f1tenth_stack:/home/super/f1tenth_ws/install/joy_teleop:/home/super/f1tenth_ws/install/mouse_teleop:/home/super/f1tenth_ws/install/key_teleop:/opt/ros/foxy LD_LIBRARY_PATH=/home/super/f1tenth_ws/install/vesc_msgs/lib:/home/super/f1tenth_ws/install/vesc_driver/lib:/home/super/f1tenth_ws/install/vesc_ackermann/lib:/home/super/f1tenth_ws/install/teleop_tools_msgs/lib:/opt/ros/foxy/opt/yaml_cpp_vendor/lib:/opt/ros/foxy/opt/rviz_ogre_vendor/lib:/opt/ros/foxy/lib/aarch64-linux-gnu:/opt/ros/foxy/lib PYTHONPATH=/home/super/f1tenth_ws/install/vesc_msgs/lib/python3.8/site-packages:/home/super/f1tenth_ws/install/f1tenth_stack/lib/python3.8/site-packages:/home/super/f1tenth_ws/install/joy_teleop/lib/python3.8/site-packages:/home/super/f1tenth_ws/install/teleop_tools_msgs/lib/python3.8/site-packages:/home/super/f1tenth_ws/install/mouse_teleop/lib/python3.8/site-packages:/home/super/f1tenth_ws/install/key_teleop/lib/python3.8/site-packages:/opt/ros/foxy/lib/python3.8/site-packages /usr/bin/cmake --build /home/super/f1tenth_ws/build/vesc_ackermann -- -j6 -l6
[1.275s] Invoking command in '/home/super/f1tenth_ws/build/vesc_ackermann': CMAKE_PREFIX_PATH=/home/super/f1tenth_ws/install/vesc_msgs:/home/super/f1tenth_ws/install/vesc:/home/super/f1tenth_ws/install/vesc_driver:/home/super/f1tenth_ws/install/vesc_ackermann:/home/super/f1tenth_ws/install/teleop_tools:/home/super/f1tenth_ws/install/teleop_tools_msgs:/home/super/f1tenth_ws/install/ackermann_mux:/home/super/f1tenth_ws/install/f1tenth_stack:/home/super/f1tenth_ws/install/joy_teleop:/home/super/f1tenth_ws/install/mouse_teleop:/home/super/f1tenth_ws/install/key_teleop:/opt/ros/foxy LD_LIBRARY_PATH=/home/super/f1tenth_ws/install/vesc_msgs/lib:/home/super/f1tenth_ws/install/vesc_driver/lib:/home/super/f1tenth_ws/install/vesc_ackermann/lib:/home/super/f1tenth_ws/install/teleop_tools_msgs/lib:/opt/ros/foxy/opt/yaml_cpp_vendor/lib:/opt/ros/foxy/opt/rviz_ogre_vendor/lib:/opt/ros/foxy/lib/aarch64-linux-gnu:/opt/ros/foxy/lib PYTHONPATH=/home/super/f1tenth_ws/install/vesc_msgs/lib/python3.8/site-packages:/home/super/f1tenth_ws/install/f1tenth_stack/lib/python3.8/site-packages:/home/super/f1tenth_ws/install/joy_teleop/lib/python3.8/site-packages:/home/super/f1tenth_ws/install/teleop_tools_msgs/lib/python3.8/site-packages:/home/super/f1tenth_ws/install/mouse_teleop/lib/python3.8/site-packages:/home/super/f1tenth_ws/install/key_teleop/lib/python3.8/site-packages:/opt/ros/foxy/lib/python3.8/site-packages /usr/bin/cmake --install /home/super/f1tenth_ws/build/vesc_ackermann
[1.460s] -- Install configuration: ""
[1.461s] -- Up-to-date: /home/super/f1tenth_ws/install/vesc_ackermann/lib/vesc_ackermann/ackermann_to_vesc_node
[1.461s] -- Up-to-date: /home/super/f1tenth_ws/install/vesc_ackermann/lib/vesc_ackermann/vesc_to_odom_node
[1.463s] -- Up-to-date: /home/super/f1tenth_ws/install/vesc_ackermann/include
[1.463s] -- Up-to-date: /home/super/f1tenth_ws/install/vesc_ackermann/include/vesc_ackermann
[1.464s] -- Up-to-date: /home/super/f1tenth_ws/install/vesc_ackermann/include/vesc_ackermann/ackermann_to_vesc.hpp
[1.465s] -- Up-to-date: /home/super/f1tenth_ws/install/vesc_ackermann/include/vesc_ackermann/vesc_to_odom.hpp
[1.465s] -- Up-to-date: /home/super/f1tenth_ws/install/vesc_ackermann/share/vesc_ackermann/environment/library_path.sh
[1.466s] -- Up-to-date: /home/super/f1tenth_ws/install/vesc_ackermann/share/vesc_ackermann/environment/library_path.dsv
[1.466s] -- Up-to-date: /home/super/f1tenth_ws/install/vesc_ackermann/lib/libvesc_ackermann.so
[1.467s] -- Up-to-date: /home/super/f1tenth_ws/install/vesc_ackermann/share/vesc_ackermann/launch
[1.468s] -- Up-to-date: /home/super/f1tenth_ws/install/vesc_ackermann/share/vesc_ackermann/launch/vesc_to_odom_node.launch.xml
[1.468s] -- Up-to-date: /home/super/f1tenth_ws/install/vesc_ackermann/share/vesc_ackermann/launch/ackermann_to_vesc_node.launch.xml
[1.468s] -- Up-to-date: /home/super/f1tenth_ws/install/vesc_ackermann/share/ament_index/resource_index/package_run_dependencies/vesc_ackermann
[1.468s] -- Up-to-date: /home/super/f1tenth_ws/install/vesc_ackermann/share/ament_index/resource_index/parent_prefix_path/vesc_ackermann
[1.468s] -- Up-to-date: /home/super/f1tenth_ws/install/vesc_ackermann/share/vesc_ackermann/environment/ament_prefix_path.sh
[1.469s] -- Up-to-date: /home/super/f1tenth_ws/install/vesc_ackermann/share/vesc_ackermann/environment/ament_prefix_path.dsv
[1.469s] -- Up-to-date: /home/super/f1tenth_ws/install/vesc_ackermann/share/vesc_ackermann/environment/path.sh
[1.469s] -- Up-to-date: /home/super/f1tenth_ws/install/vesc_ackermann/share/vesc_ackermann/environment/path.dsv
[1.469s] -- Up-to-date: /home/super/f1tenth_ws/install/vesc_ackermann/share/vesc_ackermann/local_setup.bash
[1.469s] -- Up-to-date: /home/super/f1tenth_ws/install/vesc_ackermann/share/vesc_ackermann/local_setup.sh
[1.469s] -- Up-to-date: /home/super/f1tenth_ws/install/vesc_ackermann/share/vesc_ackermann/local_setup.zsh
[1.470s] -- Up-to-date: /home/super/f1tenth_ws/install/vesc_ackermann/share/vesc_ackermann/local_setup.dsv
[1.470s] -- Installing: /home/super/f1tenth_ws/install/vesc_ackermann/share/vesc_ackermann/package.dsv
[1.470s] -- Up-to-date: /home/super/f1tenth_ws/install/vesc_ackermann/share/ament_index/resource_index/packages/vesc_ackermann
[1.470s] -- Up-to-date: /home/super/f1tenth_ws/install/vesc_ackermann/share/ament_index/resource_index/rclcpp_components/vesc_ackermann
[1.470s] -- Up-to-date: /home/super/f1tenth_ws/install/vesc_ackermann/share/vesc_ackermann/cmake/ament_cmake_export_dependencies-extras.cmake
[1.470s] -- Up-to-date: /home/super/f1tenth_ws/install/vesc_ackermann/share/vesc_ackermann/cmake/ament_cmake_export_include_directories-extras.cmake
[1.470s] -- Up-to-date: /home/super/f1tenth_ws/install/vesc_ackermann/share/vesc_ackermann/cmake/ament_cmake_export_libraries-extras.cmake
[1.471s] -- Up-to-date: /home/super/f1tenth_ws/install/vesc_ackermann/share/vesc_ackermann/cmake/vesc_ackermannConfig.cmake
[1.471s] -- Up-to-date: /home/super/f1tenth_ws/install/vesc_ackermann/share/vesc_ackermann/cmake/vesc_ackermannConfig-version.cmake
[1.471s] -- Up-to-date: /home/super/f1tenth_ws/install/vesc_ackermann/share/vesc_ackermann/package.xml
[1.478s] Invoked command in '/home/super/f1tenth_ws/build/vesc_ackermann' returned '0': CMAKE_PREFIX_PATH=/home/super/f1tenth_ws/install/vesc_msgs:/home/super/f1tenth_ws/install/vesc:/home/super/f1tenth_ws/install/vesc_driver:/home/super/f1tenth_ws/install/vesc_ackermann:/home/super/f1tenth_ws/install/teleop_tools:/home/super/f1tenth_ws/install/teleop_tools_msgs:/home/super/f1tenth_ws/install/ackermann_mux:/home/super/f1tenth_ws/install/f1tenth_stack:/home/super/f1tenth_ws/install/joy_teleop:/home/super/f1tenth_ws/install/mouse_teleop:/home/super/f1tenth_ws/install/key_teleop:/opt/ros/foxy LD_LIBRARY_PATH=/home/super/f1tenth_ws/install/vesc_msgs/lib:/home/super/f1tenth_ws/install/vesc_driver/lib:/home/super/f1tenth_ws/install/vesc_ackermann/lib:/home/super/f1tenth_ws/install/teleop_tools_msgs/lib:/opt/ros/foxy/opt/yaml_cpp_vendor/lib:/opt/ros/foxy/opt/rviz_ogre_vendor/lib:/opt/ros/foxy/lib/aarch64-linux-gnu:/opt/ros/foxy/lib PYTHONPATH=/home/super/f1tenth_ws/install/vesc_msgs/lib/python3.8/site-packages:/home/super/f1tenth_ws/install/f1tenth_stack/lib/python3.8/site-packages:/home/super/f1tenth_ws/install/joy_teleop/lib/python3.8/site-packages:/home/super/f1tenth_ws/install/teleop_tools_msgs/lib/python3.8/site-packages:/home/super/f1tenth_ws/install/mouse_teleop/lib/python3.8/site-packages:/home/super/f1tenth_ws/install/key_teleop/lib/python3.8/site-packages:/opt/ros/foxy/lib/python3.8/site-packages /usr/bin/cmake --install /home/super/f1tenth_ws/build/vesc_ackermann
