[0.229s] Invoking command in '/home/super/f1tenth_ws/build/vesc_driver': CMAKE_PREFIX_PATH=/home/super/f1tenth_ws/install/vesc_msgs:/home/super/f1tenth_ws/install/pure_pursuit:/home/super/f1tenth_ws/install/vesc:/home/super/f1tenth_ws/install/vesc_driver:/home/super/f1tenth_ws/install/vesc_ackermann:/home/super/f1tenth_ws/install/teleop_tools:/home/super/f1tenth_ws/install/teleop_tools_msgs:/home/super/f1tenth_ws/install/ackermann_mux:/home/super/f1tenth_ws/install/particle_filter:/home/super/f1tenth_ws/install/f1tenth_stack:/home/super/f1tenth_ws/install/joy_teleop:/home/super/f1tenth_ws/install/mouse_teleop:/home/super/f1tenth_ws/install/key_teleop:/opt/ros/foxy LD_LIBRARY_PATH=/home/super/f1tenth_ws/install/vesc_msgs/lib:/home/super/f1tenth_ws/install/vesc_driver/lib:/home/super/f1tenth_ws/install/vesc_ackermann/lib:/home/super/f1tenth_ws/install/teleop_tools_msgs/lib:/opt/ros/foxy/opt/yaml_cpp_vendor/lib:/opt/ros/foxy/opt/rviz_ogre_vendor/lib:/opt/ros/foxy/lib/aarch64-linux-gnu:/opt/ros/foxy/lib PYTHONPATH=/home/super/f1tenth_ws/install/vesc_msgs/lib/python3.8/site-packages:/home/super/f1tenth_ws/install/pure_pursuit/lib/python3.8/site-packages:/home/super/f1tenth_ws/install/particle_filter/lib/python3.8/site-packages:/home/super/f1tenth_ws/install/f1tenth_stack/lib/python3.8/site-packages:/home/super/f1tenth_ws/install/joy_teleop/lib/python3.8/site-packages:/home/super/f1tenth_ws/install/teleop_tools_msgs/lib/python3.8/site-packages:/home/super/f1tenth_ws/install/mouse_teleop/lib/python3.8/site-packages:/home/super/f1tenth_ws/install/key_teleop/lib/python3.8/site-packages:/opt/ros/foxy/lib/python3.8/site-packages /usr/bin/cmake --build /home/super/f1tenth_ws/build/vesc_driver -- -j6 -l6
[1.092s] [ 20%] Built target vesc_driver_node
[1.094s] [ 70%] Built target vesc_driver
[1.158s] [100%] Built target vesc_device_namer
[1.187s] Invoked command in '/home/super/f1tenth_ws/build/vesc_driver' returned '0': CMAKE_PREFIX_PATH=/home/super/f1tenth_ws/install/vesc_msgs:/home/super/f1tenth_ws/install/pure_pursuit:/home/super/f1tenth_ws/install/vesc:/home/super/f1tenth_ws/install/vesc_driver:/home/super/f1tenth_ws/install/vesc_ackermann:/home/super/f1tenth_ws/install/teleop_tools:/home/super/f1tenth_ws/install/teleop_tools_msgs:/home/super/f1tenth_ws/install/ackermann_mux:/home/super/f1tenth_ws/install/particle_filter:/home/super/f1tenth_ws/install/f1tenth_stack:/home/super/f1tenth_ws/install/joy_teleop:/home/super/f1tenth_ws/install/mouse_teleop:/home/super/f1tenth_ws/install/key_teleop:/opt/ros/foxy LD_LIBRARY_PATH=/home/super/f1tenth_ws/install/vesc_msgs/lib:/home/super/f1tenth_ws/install/vesc_driver/lib:/home/super/f1tenth_ws/install/vesc_ackermann/lib:/home/super/f1tenth_ws/install/teleop_tools_msgs/lib:/opt/ros/foxy/opt/yaml_cpp_vendor/lib:/opt/ros/foxy/opt/rviz_ogre_vendor/lib:/opt/ros/foxy/lib/aarch64-linux-gnu:/opt/ros/foxy/lib PYTHONPATH=/home/super/f1tenth_ws/install/vesc_msgs/lib/python3.8/site-packages:/home/super/f1tenth_ws/install/pure_pursuit/lib/python3.8/site-packages:/home/super/f1tenth_ws/install/particle_filter/lib/python3.8/site-packages:/home/super/f1tenth_ws/install/f1tenth_stack/lib/python3.8/site-packages:/home/super/f1tenth_ws/install/joy_teleop/lib/python3.8/site-packages:/home/super/f1tenth_ws/install/teleop_tools_msgs/lib/python3.8/site-packages:/home/super/f1tenth_ws/install/mouse_teleop/lib/python3.8/site-packages:/home/super/f1tenth_ws/install/key_teleop/lib/python3.8/site-packages:/opt/ros/foxy/lib/python3.8/site-packages /usr/bin/cmake --build /home/super/f1tenth_ws/build/vesc_driver -- -j6 -l6
[1.296s] Invoking command in '/home/super/f1tenth_ws/build/vesc_driver': CMAKE_PREFIX_PATH=/home/super/f1tenth_ws/install/vesc_msgs:/home/super/f1tenth_ws/install/pure_pursuit:/home/super/f1tenth_ws/install/vesc:/home/super/f1tenth_ws/install/vesc_driver:/home/super/f1tenth_ws/install/vesc_ackermann:/home/super/f1tenth_ws/install/teleop_tools:/home/super/f1tenth_ws/install/teleop_tools_msgs:/home/super/f1tenth_ws/install/ackermann_mux:/home/super/f1tenth_ws/install/particle_filter:/home/super/f1tenth_ws/install/f1tenth_stack:/home/super/f1tenth_ws/install/joy_teleop:/home/super/f1tenth_ws/install/mouse_teleop:/home/super/f1tenth_ws/install/key_teleop:/opt/ros/foxy LD_LIBRARY_PATH=/home/super/f1tenth_ws/install/vesc_msgs/lib:/home/super/f1tenth_ws/install/vesc_driver/lib:/home/super/f1tenth_ws/install/vesc_ackermann/lib:/home/super/f1tenth_ws/install/teleop_tools_msgs/lib:/opt/ros/foxy/opt/yaml_cpp_vendor/lib:/opt/ros/foxy/opt/rviz_ogre_vendor/lib:/opt/ros/foxy/lib/aarch64-linux-gnu:/opt/ros/foxy/lib PYTHONPATH=/home/super/f1tenth_ws/install/vesc_msgs/lib/python3.8/site-packages:/home/super/f1tenth_ws/install/pure_pursuit/lib/python3.8/site-packages:/home/super/f1tenth_ws/install/particle_filter/lib/python3.8/site-packages:/home/super/f1tenth_ws/install/f1tenth_stack/lib/python3.8/site-packages:/home/super/f1tenth_ws/install/joy_teleop/lib/python3.8/site-packages:/home/super/f1tenth_ws/install/teleop_tools_msgs/lib/python3.8/site-packages:/home/super/f1tenth_ws/install/mouse_teleop/lib/python3.8/site-packages:/home/super/f1tenth_ws/install/key_teleop/lib/python3.8/site-packages:/opt/ros/foxy/lib/python3.8/site-packages /usr/bin/cmake --install /home/super/f1tenth_ws/build/vesc_driver
[1.319s] -- Install configuration: ""
[1.321s] -- Up-to-date: /home/super/f1tenth_ws/install/vesc_driver/lib/vesc_driver/vesc_driver_node
[1.321s] -- Up-to-date: /home/super/f1tenth_ws/install/vesc_driver/include
[1.321s] -- Up-to-date: /home/super/f1tenth_ws/install/vesc_driver/include/vesc_driver
[1.322s] -- Up-to-date: /home/super/f1tenth_ws/install/vesc_driver/include/vesc_driver/vesc_packet.hpp
[1.322s] -- Up-to-date: /home/super/f1tenth_ws/install/vesc_driver/include/vesc_driver/datatypes.hpp
[1.322s] -- Up-to-date: /home/super/f1tenth_ws/install/vesc_driver/include/vesc_driver/vesc_device_uuid_lookup.hpp
[1.323s] -- Up-to-date: /home/super/f1tenth_ws/install/vesc_driver/include/vesc_driver/vesc_packet_factory.hpp
[1.323s] -- Up-to-date: /home/super/f1tenth_ws/install/vesc_driver/include/vesc_driver/vesc_interface.hpp
[1.324s] -- Up-to-date: /home/super/f1tenth_ws/install/vesc_driver/include/vesc_driver/crc.hpp
[1.324s] -- Up-to-date: /home/super/f1tenth_ws/install/vesc_driver/include/vesc_driver/vesc_driver.hpp
[1.324s] -- Up-to-date: /home/super/f1tenth_ws/install/vesc_driver/share/vesc_driver/environment/library_path.sh
[1.324s] -- Up-to-date: /home/super/f1tenth_ws/install/vesc_driver/share/vesc_driver/environment/library_path.dsv
[1.324s] -- Up-to-date: /home/super/f1tenth_ws/install/vesc_driver/lib/libvesc_driver.so
[1.324s] -- Up-to-date: /home/super/f1tenth_ws/install/vesc_driver/lib/vesc_driver/vesc_device_namer
[1.325s] -- Up-to-date: /home/super/f1tenth_ws/install/vesc_driver/share/vesc_driver/launch
[1.325s] -- Up-to-date: /home/super/f1tenth_ws/install/vesc_driver/share/vesc_driver/launch/vesc_driver_node.launch.py
[1.325s] -- Up-to-date: /home/super/f1tenth_ws/install/vesc_driver/share/vesc_driver/params
[1.325s] -- Up-to-date: /home/super/f1tenth_ws/install/vesc_driver/share/vesc_driver/params/vesc_config.yaml
[1.325s] -- Up-to-date: /home/super/f1tenth_ws/install/vesc_driver/share/ament_index/resource_index/package_run_dependencies/vesc_driver
[1.326s] -- Up-to-date: /home/super/f1tenth_ws/install/vesc_driver/share/ament_index/resource_index/parent_prefix_path/vesc_driver
[1.326s] -- Up-to-date: /home/super/f1tenth_ws/install/vesc_driver/share/vesc_driver/environment/ament_prefix_path.sh
[1.326s] -- Up-to-date: /home/super/f1tenth_ws/install/vesc_driver/share/vesc_driver/environment/ament_prefix_path.dsv
[1.327s] -- Up-to-date: /home/super/f1tenth_ws/install/vesc_driver/share/vesc_driver/environment/path.sh
[1.327s] -- Up-to-date: /home/super/f1tenth_ws/install/vesc_driver/share/vesc_driver/environment/path.dsv
[1.328s] -- Up-to-date: /home/super/f1tenth_ws/install/vesc_driver/share/vesc_driver/local_setup.bash
[1.328s] -- Up-to-date: /home/super/f1tenth_ws/install/vesc_driver/share/vesc_driver/local_setup.sh
[1.329s] -- Up-to-date: /home/super/f1tenth_ws/install/vesc_driver/share/vesc_driver/local_setup.zsh
[1.330s] -- Up-to-date: /home/super/f1tenth_ws/install/vesc_driver/share/vesc_driver/local_setup.dsv
[1.331s] -- Installing: /home/super/f1tenth_ws/install/vesc_driver/share/vesc_driver/package.dsv
[1.331s] -- Up-to-date: /home/super/f1tenth_ws/install/vesc_driver/share/ament_index/resource_index/packages/vesc_driver
[1.331s] -- Up-to-date: /home/super/f1tenth_ws/install/vesc_driver/share/ament_index/resource_index/rclcpp_components/vesc_driver
[1.331s] -- Up-to-date: /home/super/f1tenth_ws/install/vesc_driver/share/vesc_driver/cmake/ament_cmake_export_dependencies-extras.cmake
[1.332s] -- Up-to-date: /home/super/f1tenth_ws/install/vesc_driver/share/vesc_driver/cmake/ament_cmake_export_include_directories-extras.cmake
[1.332s] -- Up-to-date: /home/super/f1tenth_ws/install/vesc_driver/share/vesc_driver/cmake/ament_cmake_export_libraries-extras.cmake
[1.332s] -- Up-to-date: /home/super/f1tenth_ws/install/vesc_driver/share/vesc_driver/cmake/vesc_driverConfig.cmake
[1.332s] -- Up-to-date: /home/super/f1tenth_ws/install/vesc_driver/share/vesc_driver/cmake/vesc_driverConfig-version.cmake
[1.333s] -- Up-to-date: /home/super/f1tenth_ws/install/vesc_driver/share/vesc_driver/package.xml
[1.368s] Invoked command in '/home/super/f1tenth_ws/build/vesc_driver' returned '0': CMAKE_PREFIX_PATH=/home/super/f1tenth_ws/install/vesc_msgs:/home/super/f1tenth_ws/install/pure_pursuit:/home/super/f1tenth_ws/install/vesc:/home/super/f1tenth_ws/install/vesc_driver:/home/super/f1tenth_ws/install/vesc_ackermann:/home/super/f1tenth_ws/install/teleop_tools:/home/super/f1tenth_ws/install/teleop_tools_msgs:/home/super/f1tenth_ws/install/ackermann_mux:/home/super/f1tenth_ws/install/particle_filter:/home/super/f1tenth_ws/install/f1tenth_stack:/home/super/f1tenth_ws/install/joy_teleop:/home/super/f1tenth_ws/install/mouse_teleop:/home/super/f1tenth_ws/install/key_teleop:/opt/ros/foxy LD_LIBRARY_PATH=/home/super/f1tenth_ws/install/vesc_msgs/lib:/home/super/f1tenth_ws/install/vesc_driver/lib:/home/super/f1tenth_ws/install/vesc_ackermann/lib:/home/super/f1tenth_ws/install/teleop_tools_msgs/lib:/opt/ros/foxy/opt/yaml_cpp_vendor/lib:/opt/ros/foxy/opt/rviz_ogre_vendor/lib:/opt/ros/foxy/lib/aarch64-linux-gnu:/opt/ros/foxy/lib PYTHONPATH=/home/super/f1tenth_ws/install/vesc_msgs/lib/python3.8/site-packages:/home/super/f1tenth_ws/install/pure_pursuit/lib/python3.8/site-packages:/home/super/f1tenth_ws/install/particle_filter/lib/python3.8/site-packages:/home/super/f1tenth_ws/install/f1tenth_stack/lib/python3.8/site-packages:/home/super/f1tenth_ws/install/joy_teleop/lib/python3.8/site-packages:/home/super/f1tenth_ws/install/teleop_tools_msgs/lib/python3.8/site-packages:/home/super/f1tenth_ws/install/mouse_teleop/lib/python3.8/site-packages:/home/super/f1tenth_ws/install/key_teleop/lib/python3.8/site-packages:/opt/ros/foxy/lib/python3.8/site-packages /usr/bin/cmake --install /home/super/f1tenth_ws/build/vesc_driver
